[2016.04.21-09.08.10:224][  0]Log file open, 04/21/16 18:08:10
[2016.04.21-09.08.10:224][  0]LogInit:Display: Running engine for game: Genie
[2016.04.21-09.08.10:224][  0]LogInit:Display: RandInit(2007544948) SRandInit(2007544949).
[2016.04.21-09.08.10:224][  0]LogTaskGraph: Started task graph with 4 named threads and 7 total threads.
[2016.04.21-09.08.10:224][  0]LogStats: Stats thread started
[2016.04.21-09.08.10:224][  0]LogInit: Version: 4.8.3-2634408+++depot+UE4-Releases+4.8
[2016.04.21-09.08.10:224][  0]LogInit: API Version: 2579680
[2016.04.21-09.08.10:224][  0]LogInit: Compiled (64-bit): Jul 27 2015 16:24:33
[2016.04.21-09.08.10:224][  0]LogInit: Compiled with Visual C++: 18.00.21005.01
[2016.04.21-09.08.10:224][  0]LogInit: Build Configuration: Development
[2016.04.21-09.08.10:224][  0]LogInit: Branch Name: ++depot+UE4-Releases+4.8
[2016.04.21-09.08.10:224][  0]LogInit: Command line:  
[2016.04.21-09.08.10:224][  0]LogInit: Base directory: C:/Program Files (x86)/Epic Games/4.8/Engine/Binaries/Win64/
[2016.04.21-09.08.10:224][  0]LogInit: Rocket: 1
[2016.04.21-09.08.10:238][  0]LogInit: Using libcurl 7.41.0
[2016.04.21-09.08.10:238][  0]LogInit:  - built for x86_64-pc-win32
[2016.04.21-09.08.10:238][  0]LogInit:  - supports SSL with WinSSL
[2016.04.21-09.08.10:238][  0]LogInit:  - other features:
[2016.04.21-09.08.10:238][  0]LogInit:      CURL_VERSION_SSL
[2016.04.21-09.08.10:238][  0]LogInit:      CURL_VERSION_IPV6
[2016.04.21-09.08.10:238][  0]LogInit:      CURL_VERSION_ASYNCHDNS
[2016.04.21-09.08.10:238][  0]LogInit:      CURL_VERSION_LARGEFILE
[2016.04.21-09.08.10:238][  0]LogInit:      CURL_VERSION_IDN
[2016.04.21-09.08.10:238][  0]LogInit:  CurlRequestOptions (configurable via config and command line):
[2016.04.21-09.08.10:238][  0]LogInit:  - bVerifyPeer = true  - Libcurl will verify peer certificate
[2016.04.21-09.08.10:238][  0]LogInit:  - bUseHttpProxy = false  - Libcurl will NOT use HTTP proxy
[2016.04.21-09.08.10:238][  0]LogInit:  - bDontReuseConnections = false  - Libcurl will reuse connections
[2016.04.21-09.08.10:238][  0]LogInit:  - CertBundlePath = nullptr  - Libcurl will use whatever was configured at build time.
[2016.04.21-09.08.10:252][  0]LogOnline:Warning: No default platform service specified for OnlineSubsystem
[2016.04.21-09.08.10:309][  0]LogInit: Presizing for 0 objects not considered by GC, pre-allocating 0 bytes.
[2016.04.21-09.08.10:316][  0]LogInit: Object subsystem initialized
[2016.04.21-09.08.10:317][  0]LogConsoleResponse:Warning: Skipping Unknown console variable: 'TranslucentSortAxis = (X=0.000000,Y=-1.000000,Z=0.000000)'
[2016.04.21-09.08.10:317][  0]LogConsoleResponse:Warning:   Found in ini file 'C:/Users/TheState/Desktop/Genie/src/unrealEngineProject/Genie/Saved/Config/Windows/Engine.ini', in section '[/Script/Engine.RendererSettings]'
[2016.04.21-09.08.10:317][  0]LogConsoleResponse:Warning: Skipping Unknown console variable: 'UIScaleRule = ShortestSide'
[2016.04.21-09.08.10:317][  0]LogConsoleResponse:Warning:   Found in ini file 'C:/Users/TheState/Desktop/Genie/src/unrealEngineProject/Genie/Saved/Config/Windows/Engine.ini', in section '[/Script/Engine.RendererSettings]'
[2016.04.21-09.08.10:317][  0]LogConsoleResponse:Warning: Skipping Unknown console variable: 'UIScaleCurve = (EditorCurveData=(Keys=),ExternalCurve=None)'
[2016.04.21-09.08.10:317][  0]LogConsoleResponse:Warning:   Found in ini file 'C:/Users/TheState/Desktop/Genie/src/unrealEngineProject/Genie/Saved/Config/Windows/Engine.ini', in section '[/Script/Engine.RendererSettings]'
[2016.04.21-09.08.10:318][  0]LogInit: Selected Device Profile: [Windows]
[2016.04.21-09.08.10:318][  0]LogInit: Applying CVar settings loaded from the selected device profile: [Windows]
[2016.04.21-09.08.10:333][  0]LogInit: Computer: DESKTOP-CG5GROG
[2016.04.21-09.08.10:333][  0]LogInit: User: TheState
[2016.04.21-09.08.10:333][  0]LogInit: CPU Page size=4096, Cores=4
[2016.04.21-09.08.10:333][  0]LogInit: High frequency timer resolution =3.312787 MHz
[2016.04.21-09.08.10:333][  0]LogMemory: Memory total: Physical=8.0GB (8GB approx)
[2016.04.21-09.08.10:333][  0]LogMemory: Platform Memory Stats for Windows
[2016.04.21-09.08.10:333][  0]LogMemory: Process Physical Memory: 49.84 MB used, 49.84 MB peak
[2016.04.21-09.08.10:333][  0]LogMemory: Process Virtual Memory: 22.49 MB used, 23.41 MB peak
[2016.04.21-09.08.10:333][  0]LogMemory: Physical Memory: 2654.35 MB used, 8156.15 MB total
[2016.04.21-09.08.10:333][  0]LogMemory: Virtual Memory: 313.80 MB used, 134217728.00 MB total
[2016.04.21-09.08.10:540][  0]LogTextLocalizationManager: The requested culture ('ko_KR') has no localization data; parent culture's ('ko') localization data will be used.
[2016.04.21-09.08.10:608][  0]LogTextLocalizationManager:Warning: Loaded localization resources contain conflicting entries for (Namespace:ContentBrowser, Key:ImportAssetToolTip):
Localization Resource: (C:/Program Files (x86)/Epic Games/4.8/Engine/Content/Localization/Editor/ko/Editor.locres) Source String Hash: (-630476809) Localized String: ({0} 에 임포트...)
Localization Resource: (C:/Program Files (x86)/Epic Games/4.8/Engine/Content/Localization/Editor/ko/Editor.locres) Source String Hash: (1271782899) Localized String: (파일에서 이 폴더로 애셋을 임포트합니다.)
[2016.04.21-09.08.10:896][  0]LogD3D11RHI: Found D3D11 adapter 0: NVIDIA GeForce GTX 650 (Feature Level 11_0)
[2016.04.21-09.08.10:896][  0]LogD3D11RHI: Adapter has 970MB of dedicated video memory, 0MB of dedicated system memory, and 4078MB of shared system memory, 1 output[s]
[2016.04.21-09.08.10:898][  0]LogD3D11RHI: Found D3D11 adapter 1: Microsoft Basic Render Driver (Feature Level 11_0)
[2016.04.21-09.08.10:898][  0]LogD3D11RHI: Adapter has 0MB of dedicated video memory, 0MB of dedicated system memory, and 4078MB of shared system memory, 0 output[s]
[2016.04.21-09.08.10:898][  0]LogD3D11RHI: Chosen D3D11 Adapter Id = 0
[2016.04.21-09.08.10:901][  0]LogD3D11RHI: InitD3DDevice
[2016.04.21-09.08.10:901][  0]LogD3D11RHI: !Direct3DDevice
[2016.04.21-09.08.10:901][  0]LogRHI: Texture pool is 679 MB (70% of 970 MB)
[2016.04.21-09.08.10:911][  0]LogD3D11RHI: Async texture creation enabled
[2016.04.21-09.08.10:927][  0]LogShaderCompilers:Display: Using Local Shader Compiler.
[2016.04.21-09.08.12:514][  0]LogTemp:Display: Loaded TP DesktopTargetPlatform
[2016.04.21-09.08.12:532][  0]LogTemp:Display: Loaded TP WindowsClientTargetPlatform
[2016.04.21-09.08.12:550][  0]LogTemp:Display: Loaded TP WindowsNoEditorTargetPlatform
[2016.04.21-09.08.12:568][  0]LogTemp:Display: Loaded TP WindowsServerTargetPlatform
[2016.04.21-09.08.12:587][  0]LogTemp:Display: Loaded TP WindowsTargetPlatform
[2016.04.21-09.08.12:604][  0]LogTemp:Display: Loaded TP AndroidTargetPlatform
[2016.04.21-09.08.12:620][  0]LogTemp:Display: Loaded TP Android_ASTCTargetPlatform
[2016.04.21-09.08.12:635][  0]LogTemp:Display: Loaded TP Android_ATCTargetPlatform
[2016.04.21-09.08.12:650][  0]LogTemp:Display: Loaded TP Android_DXTTargetPlatform
[2016.04.21-09.08.12:666][  0]LogTemp:Display: Loaded TP Android_ETC1TargetPlatform
[2016.04.21-09.08.12:681][  0]LogTemp:Display: Loaded TP Android_ETC2TargetPlatform
[2016.04.21-09.08.12:696][  0]LogTemp:Display: Loaded TP Android_PVRTCTargetPlatform
[2016.04.21-09.08.12:776][  0]LogTemp:Display: Loaded TP IOSTargetPlatform
[2016.04.21-09.08.12:791][  0]LogTemp:Display: Loaded TP LinuxNoEditorTargetPlatform
[2016.04.21-09.08.12:806][  0]LogTemp:Display: Loaded TP LinuxServerTargetPlatform
[2016.04.21-09.08.12:825][  0]LogTemp:Display: Loaded TP LinuxTargetPlatform
[2016.04.21-09.08.12:825][  0]LogTargetPlatformManager:Display: Building Assets For Windows
[2016.04.21-09.08.13:339][  0]LogDerivedDataCache:Display: Max Cache Size: 512 MB
[2016.04.21-09.08.13:388][  0]LogDerivedDataCache: Loaded boot cache 0.05s 53MB C:/Users/TheState/AppData/Local/UnrealEngine/4.8/DerivedDataCache/Boot.ddc.
[2016.04.21-09.08.13:388][  0]LogDerivedDataCache:Display: Loaded Boot cache: C:/Users/TheState/AppData/Local/UnrealEngine/4.8/DerivedDataCache/Boot.ddc
[2016.04.21-09.08.13:388][  0]LogDerivedDataCache: FDerivedDataBackendGraph:  Pak pak cache file ../../../../../../Users/TheState/Desktop/Genie/src/unrealEngineProject/Genie/DerivedDataCache/DDC.ddp not found, will not use a pak cache.
[2016.04.21-09.08.13:388][  0]LogDerivedDataCache: Unable to find inner node Pak for hierarchical cache Hierarchy.
[2016.04.21-09.08.13:388][  0]LogDerivedDataCache: FDerivedDataBackendGraph:  CompressedPak pak cache file ../../../../../../Users/TheState/Desktop/Genie/src/unrealEngineProject/Genie/DerivedDataCache/Compressed.ddp not found, will not use a pak cache.
[2016.04.21-09.08.13:388][  0]LogDerivedDataCache: Unable to find inner node CompressedPak for hierarchical cache Hierarchy.
[2016.04.21-09.08.13:538][  0]LogDerivedDataCache:Display: Pak cache opened for reading ../../../Engine/DerivedDataCache/Compressed.ddp.
[2016.04.21-09.08.13:551][  0]LogDerivedDataCache: Using Local data cache path C:/Users/TheState/AppData/Local/UnrealEngine/Common/DerivedDataCache: Writable
[2016.04.21-09.08.15:960][  0]LogInit: Selected Device Profile: [Windows]
[2016.04.21-09.08.16:055][  0]ImportText (ComponentSweepMultiTests): Missing closing parenthesis: (RootShapeAsset="/Engine/BasicShapes/Cube.Cube",ShapeType="TriggerCapsule",HitResult=(Time=0.50,Location=(X=-100.000015,Y=0.0,Z=100.000015),ImpactPoint=(X=-50.0,Y=0.0,Z=50.0),Normal=(X=-1.0,Y=-0.0,Z=0.0),ImpactNormal=(X=0.0,Y=0.0,Z=1.0),TraceStart=(X=-200.0,Y=0.0,Z=200.0),TraceEnd=(X=0.0,Y=0.0,Z=0.0))
[2016.04.21-09.08.16:055][  0]ImportText (LineTraceSingleByChannelTests): Missing closing parenthesis: (RootShapeAsset="/Engine/BasicShapes/Cube.Cube",HitResult=(Time=0.50,Location=(X=-100.000015,Y=0.0,Z=100.000015),ImpactPoint=(X=-50.0,Y=0.0,Z=50.0),Normal=(X=-1.0,Y=-0.0,Z=0.0),ImpactNormal=(X=0.0,Y=0.0,Z=1.0),TraceStart=(X=-200.0,Y=0.0,Z=200.0),TraceEnd=(X=0.0,Y=0.0,Z=0.0))
[2016.04.21-09.08.16:099][  0]LogMeshUtilities: No automatic mesh reduction module available
[2016.04.21-09.08.16:099][  0]LogMeshUtilities: No automatic mesh merging module available
[2016.04.21-09.08.16:653][  0]LogInit: WinSock: version 1.1 (2.2), MaxSocks=32767, MaxUdp=65467
[2016.04.21-09.08.18:200][  0]UdpMessaging: Initializing bridge on interface 0.0.0.0:0 to multicast group 230.0.0.1:6666.
[2016.04.21-09.08.18:679][  0]SourceControl: 정보 소스 콘트롤이 꺼졌습니다.
[2016.04.21-09.08.18:679][  0]SourceControl: 정보 소스 콘트롤이 꺼졌습니다.
[2016.04.21-09.08.18:692][  0]SourceControl: 정보 소스 콘트롤이 꺼졌습니다.
[2016.04.21-09.08.18:706][  0]SourceControl: 정보 소스 콘트롤이 꺼졌습니다.
[2016.04.21-09.08.19:021][  0]LogObj: 26280 objects as part of root set at end of initial load.
[2016.04.21-09.08.19:021][  0]LogUObjectAllocator: 5413744 out of 0 bytes used by permanent object pool.
[2016.04.21-09.08.19:128][  0]LogEngine: Initializing Engine...
[2016.04.21-09.08.19:130][  0]LogHMD: Can't find Oculus library dev build: is proper Runtime installed? Version: 0.6.0.0
[2016.04.21-09.08.19:140][  0]LogHMD:Warning: SteamVR failed to initialize.  Error: 110
[2016.04.21-09.08.19:401][  0]LogAIModule: Creating AISystem for world NewWorld
[2016.04.21-09.08.19:404][  0]LogInit: XAudio2 using '디지털 오디오(S/PDIF)(High Definition Audio 장치)' : 2 channels at 44.1 kHz using 16 bits per sample (channel mask 0x3)
[2016.04.21-09.08.19:442][  0]LogInit: FAudioDevice initialized.
[2016.04.21-09.08.19:466][  0]LogDerivedDataCache: Saved boot cache 0.02s 53MB C:/Users/TheState/AppData/Local/UnrealEngine/4.8/DerivedDataCache/Boot.ddc.
[2016.04.21-09.08.19:471][  0]LogInit: Texture streaming: Disabled
[2016.04.21-09.08.19:501][  0]LogAnalytics: Creating configured Analytics provider AnalyticsET
[2016.04.21-09.08.19:501][  0]LogAnalytics: [UEEditor.Rocket.Release] APIServer = http://et2.epicgames.com/ET2/. AppVersion = 4.8.3-2634408+++depot+UE4-Releases+4.8
[2016.04.21-09.08.19:501][  0]LogAnalytics: [UEEditor.Rocket.Release] SetUserId 6699dfa843a377ae06dd1bb681eb3295|42e094618d374ae48b60eaacf8489ca6|baa9596c-b818-4765-acd2-33e596186b5b
[2016.04.21-09.08.19:501][  0]LogAnalytics: [UEEditor.Rocket.Release] AnalyticsET::StartSession
[2016.04.21-09.08.19:556][  0]LogInit: Transaction tracking system initialized
[2016.04.21-09.08.19:719][  0]BlueprintLog: New page: 에디터 로드
[2016.04.21-09.08.19:761][  0]LogAssetRegistry: FAssetRegistry took 0.0105 seconds to start up
[2016.04.21-09.08.19:761][  0]LogDirectoryWatcher:Warning: Failed to begin reading directory changes for ../../../Engine/Plugins/Experimental/CharacterAI/Content/. Error: 0
[2016.04.21-09.08.20:953][  0]LogConsoleManager:Warning: Console variable 'r.VSync' wasn't set ('GameSetting' has a lower priority than 'SystemSettingsIni')
[2016.04.21-09.08.20:953][  0]LogConsoleResponse:Display: 
[2016.04.21-09.08.21:266][  0]LogCook:Display: Done creating registry. It took  0.00s.
[2016.04.21-09.08.21:534][  0]SourceControl: 정보 소스 콘트롤이 꺼졌습니다.
[2016.04.21-09.08.21:534][  0]Cmd: MAP LOAD FILE="../../../Engine/Content/Maps/Templates/Template_Default.umap" TEMPLATE=1 SHOWPROGRESS=1 FEATURELEVEL=3
[2016.04.21-09.08.21:537][  0]LightingResults: New page: 라이팅 빌드
[2016.04.21-09.08.21:552][  0]MapCheck: New page: 맵 체크
[2016.04.21-09.08.21:552][  0]LightingResults: New page: 라이팅 빌드
[2016.04.21-09.08.21:560][  0]LogParticles: Destroying 0 GPU particle simulations for FXSystem 0x000001BDAD1A9300
[2016.04.21-09.08.22:328][  0]LogAIModule: Creating AISystem for world Untitled_1
[2016.04.21-09.08.22:338][  0]LogEditorServer: Finished looking for orphan Actors (0.000 secs)
[2016.04.21-09.08.22:345][  0]Cmd: MAP CHECKDEP NOCLEARLOG
[2016.04.21-09.08.22:384][  0]MapCheck: 정보 맵 체크 완료: 오류 0 회, 경고 0 회, 소요 시간 38.834ms.
[2016.04.21-09.08.22:384][  0]LogFileHelpers: Loading map 'Template_Default' took 0.849
[2016.04.21-09.08.22:568][  0]LogCollectionManager: Loaded 0 collections in 0.002137 seconds
[2016.04.21-09.08.22:576][  0]LogContentBrowser: Native class hierarchy populated in 0.0073 seconds. Added 1794 classes and 303 folders.
[2016.04.21-09.08.22:656][  0]LogContentBrowser: Native class hierarchy updated for 'WidgetCarousel' in 0.0014 seconds. Added 0 classes and 0 folders.
[2016.04.21-09.08.22:789][  0]LogContentBrowser: Native class hierarchy updated for 'AddContentDialog' in 0.0014 seconds. Added 0 classes and 0 folders.
[2016.04.21-09.08.22:810][  0]LogContentBrowser: Native class hierarchy updated for 'SceneOutliner' in 0.0018 seconds. Added 1 classes and 2 folders.
[2016.04.21-09.08.22:890][  0]LogCrashTracker: Crashtracker disabled due to settings.
[2016.04.21-09.08.22:891][  0]LogD3D11RHI: InitD3DDevice
[2016.04.21-09.08.22:914][  0]LogD3D11RHI: InitD3DDevice
[2016.04.21-09.08.22:962][  0]LogLoad: Full Startup: 15.45 seconds (BP compile: 0.13 seconds)
[2016.04.21-09.08.23:221][  0]LogContentStreaming: Texture pool size is 0.000000MB
[2016.04.21-09.08.23:240][  0]LogContentStreaming: Texture pool size now 1000 MB
[2016.04.21-09.08.23:477][  0]LogRenderer: Reallocating scene render targets to support 1056x560 (Frame:2).
[2016.04.21-09.08.23:571][  1]LogEditorViewport: Clicking on Actor (LMB): BP_Sky_Sphere_C (Sky Sphere)
[2016.04.21-09.08.23:923][  2]LogEditorViewport: Clicking on Actor (LMB): BP_Sky_Sphere_C (Sky Sphere)
[2016.04.21-09.08.24:278][  6]LogAssetRegistry: Asset discovery search completed in 4.5274 seconds
[2016.04.21-09.08.28:131][267]LogD3D11RHI: InitD3DDevice
[2016.04.21-09.08.29:210][339]LogD3D11RHI: InitD3DDevice
[2016.04.21-09.08.37:326][308]LogD3D11RHI: InitD3DDevice
[2016.04.21-09.08.39:208][529]LogD3D11RHI: InitD3DDevice
[2016.04.21-09.08.39:895][609]LogD3D11RHI: InitD3DDevice
[2016.04.21-09.08.40:499][677]LogD3D11RHI: InitD3DDevice
[2016.04.21-09.08.44:071][104]LogD3D11RHI: InitD3DDevice
[2016.04.21-09.08.44:480][152]LogD3D11RHI: InitD3DDevice
[2016.04.21-09.08.44:559][159]LogD3D11RHI: InitD3DDevice
[2016.04.21-09.08.48:515][627]LogD3D11RHI: InitD3DDevice
[2016.04.21-09.08.51:179][945]LogD3D11RHI: InitD3DDevice
[2016.04.21-09.29.01:449][204]LogWindowsTextInputMethodSystem:Display: IME system now activated using TSF (Microsoft 입력기).
[2016.04.21-09.29.01:688][205]Cmd: QUIT_EDITOR
[2016.04.21-09.29.01:906][205]LogExit: Preparing to exit.
[2016.04.21-09.29.02:630][205]LogExit: Editor shut down
[2016.04.21-09.29.02:630][205]LogExit: Transaction tracking system shut down
[2016.04.21-09.29.02:632][205]LogParticles: Destroying 0 GPU particle simulations for FXSystem 0x000001BDAD87F880
[2016.04.21-09.29.02:632][205]LogParticles: Destroying 0 GPU particle simulations for FXSystem 0x000001BDBB6CF380
[2016.04.21-09.29.02:748][205]LogExit: Object subsystem successfully closed.
[2016.04.21-09.29.02:765][205]LogD3D11RHI: Shutdown
[2016.04.21-09.29.02:765][205]LogD3D11RHI: CleanupD3DDevice
[2016.04.21-09.29.02:806][205]LogD3D11RHI: ~FD3D11DynamicRHI
[2016.04.21-09.29.02:824][205]LogModuleManager: Shutting down and abandoning module ExternalImagePicker (190)
[2016.04.21-09.29.02:824][205]LogModuleManager: Shutting down and abandoning module CrashTracker (189)
[2016.04.21-09.29.02:824][205]LogModuleManager: Shutting down and abandoning module SceneOutliner (188)
[2016.04.21-09.29.02:824][205]LogModuleManager: Shutting down and abandoning module SuperSearch (187)
[2016.04.21-09.29.02:824][205]LogModuleManager: Shutting down and abandoning module WidgetCarousel (186)
[2016.04.21-09.29.02:824][205]LogModuleManager: Shutting down and abandoning module AddContentDialog (185)
[2016.04.21-09.29.02:826][205]LogModuleManager: Shutting down and abandoning module EditorWidgets (184)
[2016.04.21-09.29.02:826][205]LogModuleManager: Shutting down and abandoning module CollectionManager (183)
[2016.04.21-09.29.02:826][205]LogModuleManager: Shutting down and abandoning module StatsViewer (182)
[2016.04.21-09.29.02:826][205]LogModuleManager: Shutting down and abandoning module FoliageEdit (181)
[2016.04.21-09.29.02:826][205]LogModuleManager: Shutting down and abandoning module LandscapeEditor (180)
[2016.04.21-09.29.02:826][205]LogModuleManager: Shutting down and abandoning module ActorPickerMode (179)
[2016.04.21-09.29.02:826][205]LogModuleManager: Shutting down and abandoning module GeometryMode (178)
[2016.04.21-09.29.02:826][205]LogModuleManager: Shutting down and abandoning module TextureAlignMode (177)
[2016.04.21-09.29.02:826][205]LogModuleManager: Shutting down and abandoning module BspMode (176)
[2016.04.21-09.29.02:826][205]LogModuleManager: Shutting down and abandoning module PlacementMode (175)
[2016.04.21-09.29.02:826][205]LogModuleManager: Shutting down and abandoning module AutomationWorker (174)
[2016.04.21-09.29.02:826][205]LogModuleManager: Shutting down and abandoning module CharacterAI (173)
[2016.04.21-09.29.02:826][205]LogModuleManager: Shutting down and abandoning module SmartSnapping (172)
[2016.04.21-09.29.02:826][205]LogModuleManager: Shutting down and abandoning module ViewportSnapping (171)
[2016.04.21-09.29.02:826][205]LogModuleManager: Shutting down and abandoning module LogVisualizer (170)
[2016.04.21-09.29.02:826][205]LogModuleManager: Shutting down and abandoning module GameProjectGeneration (169)
[2016.04.21-09.29.02:826][205]LogModuleManager: Shutting down and abandoning module IntroTutorials (168)
[2016.04.21-09.29.02:826][205]LogModuleManager: Shutting down and abandoning module EditorLiveStreaming (167)
[2016.04.21-09.29.02:826][205]LogModuleManager: Shutting down and abandoning module IOSPlatformEditor (166)
[2016.04.21-09.29.02:826][205]LogModuleManager: Shutting down and abandoning module HTML5PlatformEditor (165)
[2016.04.21-09.29.02:826][205]LogModuleManager: Shutting down and abandoning module AndroidDeviceDetection (164)
[2016.04.21-09.29.03:074][205]LogModuleManager: Shutting down and abandoning module AndroidPlatformEditor (163)
[2016.04.21-09.29.03:074][205]LogModuleManager: Shutting down and abandoning module IOSRuntimeSettings (162)
[2016.04.21-09.29.03:074][205]LogModuleManager: Shutting down and abandoning module AndroidRuntimeSettings (161)
[2016.04.21-09.29.03:074][205]LogModuleManager: Shutting down and abandoning module MergeActors (160)
[2016.04.21-09.29.03:074][205]LogModuleManager: Shutting down and abandoning module SizeMap (159)
[2016.04.21-09.29.03:074][205]LogModuleManager: Shutting down and abandoning module TreeMap (158)
[2016.04.21-09.29.03:074][205]LogModuleManager: Shutting down and abandoning module ReferenceViewer (157)
[2016.04.21-09.29.03:074][205]LogModuleManager: Shutting down and abandoning module LocalizationDashboard (156)
[2016.04.21-09.29.03:074][205]LogModuleManager: Shutting down and abandoning module HardwareTargeting (155)
[2016.04.21-09.29.03:074][205]LogModuleManager: Shutting down and abandoning module DeviceProfileEditor (154)
[2016.04.21-09.29.03:074][205]LogModuleManager: Shutting down and abandoning module UndoHistory (153)
[2016.04.21-09.29.03:074][205]LogModuleManager: Shutting down and abandoning module GameplayTagsEditor (152)
[2016.04.21-09.29.03:074][205]LogModuleManager: Shutting down and abandoning module UserFeedback (151)
[2016.04.21-09.29.03:074][205]LogModuleManager: Shutting down and abandoning module XmlParser (150)
[2016.04.21-09.29.03:074][205]LogModuleManager: Shutting down and abandoning module Blutility (149)
[2016.04.21-09.29.03:074][205]LogModuleManager: Shutting down and abandoning module ProjectTargetPlatformEditor (148)
[2016.04.21-09.29.03:074][205]LogModuleManager: Shutting down and abandoning module ProjectSettingsViewer (147)
[2016.04.21-09.29.03:074][205]LogModuleManager: Shutting down and abandoning module InputBindingEditor (146)
[2016.04.21-09.29.03:074][205]LogModuleManager: Shutting down and abandoning module EditorSettingsViewer (145)
[2016.04.21-09.29.03:074][205]LogModuleManager: Shutting down and abandoning module SettingsEditor (144)
[2016.04.21-09.29.03:074][205]LogModuleManager: Shutting down and abandoning module ProjectLauncher (143)
[2016.04.21-09.29.03:074][205]LogModuleManager: Shutting down and abandoning module SessionFrontend (142)
[2016.04.21-09.29.03:074][205]LogModuleManager: Shutting down and abandoning module ProfilerClient (141)
[2016.04.21-09.29.03:074][205]LogModuleManager: Shutting down and abandoning module TargetDeviceServices (140)
[2016.04.21-09.29.03:074][205]LogModuleManager: Shutting down and abandoning module DeviceManager (139)
[2016.04.21-09.29.03:074][205]LogModuleManager: Shutting down and abandoning module AutomationController (138)
[2016.04.21-09.29.03:074][205]LogModuleManager: Shutting down and abandoning module AutomationWindow (137)
[2016.04.21-09.29.03:074][205]LogModuleManager: Shutting down and abandoning module Layers (136)
[2016.04.21-09.29.03:074][205]LogModuleManager: Shutting down and abandoning module ComponentVisualizers (135)
[2016.04.21-09.29.03:075][205]LogModuleManager: Shutting down and abandoning module DetailCustomizations (134)
[2016.04.21-09.29.03:075][205]LogModuleManager: Shutting down and abandoning module PackagesDialog (133)
[2016.04.21-09.29.03:075][205]LogModuleManager: Shutting down and abandoning module AssetRegistry (132)
[2016.04.21-09.29.04:149][205]LogModuleManager: Shutting down and abandoning module Persona (131)
[2016.04.21-09.29.04:149][205]LogModuleManager: Shutting down and abandoning module Kismet (130)
[2016.04.21-09.29.04:149][205]LogModuleManager: Shutting down and abandoning module GraphEditor (129)
[2016.04.21-09.29.04:149][205]LogModuleManager: Shutting down and abandoning module ClassViewer (128)
[2016.04.21-09.29.04:149][205]LogModuleManager: Shutting down and abandoning module Toolbox (127)
[2016.04.21-09.29.04:149][205]LogModuleManager: Shutting down and abandoning module ModuleUI (126)
[2016.04.21-09.29.04:149][205]LogModuleManager: Shutting down and abandoning module MovieSceneTools (125)
[2016.04.21-09.29.04:150][205]LogModuleManager: Shutting down and abandoning module OutputLog (124)
[2016.04.21-09.29.04:150][205]LogModuleManager: Shutting down and abandoning module GammaUI (123)
[2016.04.21-09.29.04:150][205]LogModuleManager: Shutting down and abandoning module Documentation (122)
[2016.04.21-09.29.04:150][205]LogModuleManager: Shutting down and abandoning module GameLiveStreaming (121)
[2016.04.21-09.29.04:150][205]LogModuleManager: Shutting down and abandoning module StreamingPauseRendering (120)
[2016.04.21-09.29.04:150][205]LogModuleManager: Shutting down and abandoning module AnalyticsET (119)
[2016.04.21-09.29.04:150][205]LogModuleManager: Shutting down and abandoning module Analytics (118)
[2016.04.21-09.29.04:150][205]LogModuleManager: Shutting down and abandoning module AITestSuite (117)
[2016.04.21-09.29.04:150][205]LogModuleManager: Shutting down and abandoning module GameplayDebugger (116)
[2016.04.21-09.29.04:150][205]LogModuleManager: Shutting down and abandoning module AIModule (115)
[2016.04.21-09.29.04:150][205]LogModuleManager: Shutting down and abandoning module ProfilerService (114)
[2016.04.21-09.29.04:331][205]LogModuleManager: Shutting down and abandoning module TaskGraph (113)
[2016.04.21-09.29.04:331][205]LogModuleManager: Shutting down and abandoning module SlateRemote (112)
[2016.04.21-09.29.04:331][205]LogModuleManager: Shutting down and abandoning module SteamVRController (111)
[2016.04.21-09.29.04:331][205]LogModuleManager: Shutting down and abandoning module SteamVR (110)
[2016.04.21-09.29.04:331][205]LogModuleManager: Shutting down and abandoning module ProceduralMeshComponent (109)
[2016.04.21-09.29.04:331][205]LogModuleManager: Shutting down and abandoning module OculusRift (108)
[2016.04.21-09.29.04:331][205]LogModuleManager: Shutting down and abandoning module LeapMotionController (107)
[2016.04.21-09.29.04:348][205]LogModuleManager: Shutting down and abandoning module CustomMeshComponent (106)
[2016.04.21-09.29.04:348][205]LogModuleManager: Shutting down and abandoning module CableComponent (105)
[2016.04.21-09.29.04:348][205]LogModuleManager: Shutting down and abandoning module MessagingDebugger (104)
[2016.04.21-09.29.04:348][205]LogModuleManager: Shutting down and abandoning module MediaPlayerEditor (103)
[2016.04.21-09.29.04:348][205]LogModuleManager: Shutting down and abandoning module SpeedTreeImporter (102)
[2016.04.21-09.29.04:348][205]LogModuleManager: Shutting down and abandoning module PluginBrowser (101)
[2016.04.21-09.29.04:348][205]LogModuleManager: Shutting down and abandoning module EpicSurvey (100)
[2016.04.21-09.29.04:348][205]LogModuleManager: Shutting down and abandoning module DesktopPlatform (99)
[2016.04.21-09.29.04:348][205]LogModuleManager: Shutting down and abandoning module VisualStudioSourceCodeAccess (98)
[2016.04.21-09.29.04:348][205]LogModuleManager: Shutting down and abandoning module UObjectPlugin (97)
[2016.04.21-09.29.04:348][205]LogModuleManager: Shutting down and abandoning module SubversionSourceControl (96)
[2016.04.21-09.29.04:348][205]LogModuleManager: Shutting down and abandoning module PerforceSourceControl (95)
[2016.04.21-09.29.04:348][205]LogModuleManager: Shutting down and abandoning module SourceControl (94)
[2016.04.21-09.29.04:348][205]LogModuleManager: Shutting down and abandoning module GitSourceControl (93)
[2016.04.21-09.29.04:348][205]LogModuleManager: Shutting down and abandoning module BlankPlugin (92)
[2016.04.21-09.29.04:348][205]LogModuleManager: Shutting down and abandoning module PaperTiledImporter (91)
[2016.04.21-09.29.04:348][205]LogModuleManager: Shutting down and abandoning module PaperSpriteSheetImporter (90)
[2016.04.21-09.29.04:348][205]LogModuleManager: Shutting down and abandoning module MeshPaint (89)
[2016.04.21-09.29.04:348][205]LogModuleManager: Shutting down and abandoning module SlateReflector (88)
[2016.04.21-09.29.04:348][205]LogModuleManager: Shutting down and abandoning module DirectoryWatcher (87)
[2016.04.21-09.29.04:351][205]LogModuleManager: Shutting down and abandoning module HotReload (86)
[2016.04.21-09.29.04:351][205]LogModuleManager: Shutting down and abandoning module MainFrame (85)
[2016.04.21-09.29.04:351][205]LogModuleManager: Shutting down and abandoning module LevelEditor (84)
[2016.04.21-09.29.04:352][205]LogModuleManager: Shutting down and abandoning module ContentBrowser (83)
[2016.04.21-09.29.04:353][205]LogModuleManager: Shutting down and abandoning module Paper2DEditor (82)
[2016.04.21-09.29.04:353][205]LogModuleManager: Shutting down and abandoning module Genie (81)
[2016.04.21-09.29.04:353][205]LogModuleManager: Shutting down and abandoning module UdpMessaging (80)
[2016.04.21-09.29.04:454][205]LogModuleManager: Shutting down and abandoning module Paper2D (79)
[2016.04.21-09.29.04:454][205]LogModuleManager: Shutting down and abandoning module WindowsMoviePlayer (78)
[2016.04.21-09.29.04:458][205]LogModuleManager: Shutting down and abandoning module Media (77)
[2016.04.21-09.29.04:458][205]LogModuleManager: Shutting down and abandoning module WmfMedia (76)
[2016.04.21-09.29.04:458][205]LogModuleManager: Shutting down and abandoning module OnlineBlueprintSupport (75)
[2016.04.21-09.29.04:458][205]LogModuleManager: Shutting down and abandoning module PropertyEditor (74)
[2016.04.21-09.29.04:458][205]LogModuleManager: Shutting down and abandoning module BehaviorTreeEditor (73)
[2016.04.21-09.29.04:458][205]LogModuleManager: Shutting down and abandoning module FunctionalTesting (72)
[2016.04.21-09.29.04:458][205]LogModuleManager: Shutting down and abandoning module CollisionAnalyzer (71)
[2016.04.21-09.29.04:458][205]LogModuleManager: Shutting down and abandoning module WorkspaceMenuStructure (70)
[2016.04.21-09.29.04:458][205]LogModuleManager: Shutting down and abandoning module MessageLog (69)
[2016.04.21-09.29.04:459][205]LogModuleManager: Shutting down and abandoning module Sequencer (68)
[2016.04.21-09.29.04:459][205]LogModuleManager: Shutting down and abandoning module AssetTools (67)
[2016.04.21-09.29.04:459][205]LogModuleManager: Shutting down and abandoning module UMGEditor (66)
[2016.04.21-09.29.04:459][205]LogModuleManager: Shutting down and abandoning module UMG (65)
[2016.04.21-09.29.04:459][205]LogModuleManager: Shutting down and abandoning module Slate (64)
[2016.04.21-09.29.04:459][205]LogModuleManager: Shutting down and abandoning module EditorStyle (63)
[2016.04.21-09.29.04:464][205]LogModuleManager: Shutting down and abandoning module SessionServices (62)
[2016.04.21-09.29.04:464][205]LogModuleManager: Shutting down and abandoning module SourceCodeAccess (61)
[2016.04.21-09.29.04:464][205]LogModuleManager: Shutting down and abandoning module HeadMountedDisplay (60)
[2016.04.21-09.29.04:464][205]LogModuleManager: Shutting down and abandoning module XAudio2 (59)
[2016.04.21-09.29.04:464][205]LogModuleManager: Shutting down and abandoning module Networking (57)
[2016.04.21-09.29.04:464][205]LogModuleManager: Shutting down and abandoning module Core (56)
[2016.04.21-09.29.04:464][205]LogModuleManager: Shutting down and abandoning module KismetCompiler (55)
[2016.04.21-09.29.04:464][205]LogModuleManager: Shutting down and abandoning module PhysXFormats (54)
[2016.04.21-09.29.04:464][205]LogModuleManager: Shutting down and abandoning module MeshUtilities (53)
[2016.04.21-09.29.04:464][205]LogModuleManager: Shutting down and abandoning module DerivedDataCache (52)
[2016.04.21-09.29.04:479][205]LogDerivedDataCache: Shutdown
[2016.04.21-09.29.04:479][205]LogModuleManager: Shutting down and abandoning module ShaderFormatOpenGL (51)
[2016.04.21-09.29.04:479][205]LogModuleManager: Shutting down and abandoning module ShaderFormatD3D (50)
[2016.04.21-09.29.04:479][205]LogModuleManager: Shutting down and abandoning module MetalShaderFormat (49)
[2016.04.21-09.29.04:479][205]LogModuleManager: Shutting down and abandoning module TextureFormatUncompressed (48)
[2016.04.21-09.29.04:479][205]LogModuleManager: Shutting down and abandoning module TextureFormatPVR (47)
[2016.04.21-09.29.04:479][205]LogModuleManager: Shutting down and abandoning module TextureFormatIntelISPCTexComp (46)
[2016.04.21-09.29.04:479][205]LogModuleManager: Shutting down and abandoning module TextureFormatDXT (45)
[2016.04.21-09.29.04:479][205]LogModuleManager: Shutting down and abandoning module ImageWrapper (44)
[2016.04.21-09.29.04:479][205]LogModuleManager: Shutting down and abandoning module TextureFormatASTC (43)
[2016.04.21-09.29.04:479][205]LogModuleManager: Shutting down and abandoning module TextureFormatAndroid (42)
[2016.04.21-09.29.04:479][205]LogModuleManager: Shutting down and abandoning module AudioFormatOpus (41)
[2016.04.21-09.29.04:479][205]LogModuleManager: Shutting down and abandoning module AudioFormatOgg (40)
[2016.04.21-09.29.04:479][205]LogModuleManager: Shutting down and abandoning module AudioFormatADPCM (39)
[2016.04.21-09.29.04:479][205]LogModuleManager: Shutting down and abandoning module LinuxTargetPlatform (38)
[2016.04.21-09.29.04:479][205]LogModuleManager: Shutting down and abandoning module LinuxServerTargetPlatform (37)
[2016.04.21-09.29.04:479][205]LogModuleManager: Shutting down and abandoning module LinuxNoEditorTargetPlatform (36)
[2016.04.21-09.29.04:479][205]LogModuleManager: Shutting down and abandoning module Messaging (35)
[2016.04.21-09.29.04:479][205]LogModuleManager: Shutting down and abandoning module IOSTargetPlatform (34)
[2016.04.21-09.29.04:479][205]LogModuleManager: Shutting down and abandoning module HTML5TargetPlatform (33)
[2016.04.21-09.29.04:479][205]LogModuleManager: Shutting down and abandoning module Android_PVRTCTargetPlatform (32)
[2016.04.21-09.29.04:479][205]LogModuleManager: Shutting down and abandoning module Android_ETC2TargetPlatform (31)
[2016.04.21-09.29.04:479][205]LogModuleManager: Shutting down and abandoning module Android_ETC1TargetPlatform (30)
[2016.04.21-09.29.04:479][205]LogModuleManager: Shutting down and abandoning module Android_DXTTargetPlatform (29)
[2016.04.21-09.29.04:479][205]LogModuleManager: Shutting down and abandoning module Android_ATCTargetPlatform (28)
[2016.04.21-09.29.04:479][205]LogModuleManager: Shutting down and abandoning module Android_ASTCTargetPlatform (27)
[2016.04.21-09.29.04:479][205]LogModuleManager: Shutting down and abandoning module AndroidTargetPlatform (26)
[2016.04.21-09.29.04:480][205]LogModuleManager: Shutting down and abandoning module WindowsTargetPlatform (25)
[2016.04.21-09.29.04:480][205]LogModuleManager: Shutting down and abandoning module WindowsServerTargetPlatform (24)
[2016.04.21-09.29.04:480][205]LogModuleManager: Shutting down and abandoning module WindowsNoEditorTargetPlatform (23)
[2016.04.21-09.29.04:480][205]LogModuleManager: Shutting down and abandoning module WindowsClientTargetPlatform (22)
[2016.04.21-09.29.04:480][205]LogModuleManager: Shutting down and abandoning module DesktopTargetPlatform (21)
[2016.04.21-09.29.04:480][205]LogModuleManager: Shutting down and abandoning module TargetPlatform (20)
[2016.04.21-09.29.04:480][205]LogModuleManager: Shutting down and abandoning module InputCore (19)
[2016.04.21-09.29.04:480][205]LogModuleManager: Shutting down and abandoning module Settings (18)
[2016.04.21-09.29.04:480][205]LogModuleManager: Shutting down and abandoning module OnlineSubsystem (16)
[2016.04.21-09.29.04:480][205]LogModuleManager: Shutting down and abandoning module HTTP (15)
[2016.04.21-09.29.04:480][205]LogModuleManager: Shutting down and abandoning module ExampleDeviceProfileSelector (14)
[2016.04.21-09.29.04:480][205]LogModuleManager: Shutting down and abandoning module TextureCompressor (13)
[2016.04.21-09.29.04:480][205]LogModuleManager: Shutting down and abandoning module ShaderCore (12)
[2016.04.21-09.29.04:480][205]LogModuleManager: Shutting down and abandoning module Landscape (11)
[2016.04.21-09.29.04:480][205]LogModuleManager: Shutting down and abandoning module SlateRHIRenderer (10)
[2016.04.21-09.29.04:489][205]LogModuleManager: Shutting down and abandoning module OpenGLDrv (9)
[2016.04.21-09.29.04:489][205]LogModuleManager: Shutting down and abandoning module D3D11RHI (8)
[2016.04.21-09.29.04:489][205]LogModuleManager: Shutting down and abandoning module Renderer (7)
[2016.04.21-09.29.04:489][205]LogModuleManager: Shutting down and abandoning module Engine (6)
[2016.04.21-09.29.04:489][205]LogModuleManager: Shutting down and abandoning module CoreUObject (5)
[2016.04.21-09.29.04:489][205]LogModuleManager: Shutting down and abandoning module NetworkFile (4)
[2016.04.21-09.29.04:489][205]LogModuleManager: Shutting down and abandoning module StreamingFile (3)
[2016.04.21-09.29.04:489][205]LogModuleManager: Shutting down and abandoning module SandboxFile (2)
[2016.04.21-09.29.04:489][205]LogModuleManager: Shutting down and abandoning module PakFile (1)
[2016.04.21-09.29.04:490][205]LogExit: Exiting.
[2016.04.21-09.29.04:514][205]Log file closed, 04/21/16 18:29:04
