[2016.05.10-13.23.59:489][  0]Log file open, 05/10/16 22:23:59
[2016.05.10-13.23.59:489][  0]LogInit:Display: Running engine for game: unrealEngineProject
[2016.05.10-13.23.59:489][  0]LogInit:Display: RandInit(1379049639) SRandInit(1379049639).
[2016.05.10-13.23.59:489][  0]LogTaskGraph: Started task graph with 4 named threads and 5 total threads.
[2016.05.10-13.23.59:489][  0]LogStats: Stats thread started
[2016.05.10-13.23.59:489][  0]LogInit:Warning: Incompatible or missing module: UE4Editor-unrealEngineProject.dll
[2016.05.10-13.24.10:144][  0]Running C:/Program Files (x86)/Epic Games/4.8/Engine/Binaries/DotNET/UnrealBuildTool.exe unrealEngineProject Development Win64 -project="C:/Users/jjudy/Desktop/Genie/src/unrealEngineProject/unrealEngineProject.uproject" -rocket -editorrecompile -progress -noubtmakefiles
[2016.05.10-13.24.25:374][  0]Parsing headers for unrealEngineProjectEditor
[2016.05.10-13.24.42:035][  0]Reflection code generated for unrealEngineProjectEditor
[2016.05.10-13.24.45:144][  0]Deleting old hot reload file: "C:\Users\jjudy\Desktop\Genie\src\unrealEngineProject\Binaries\Win64\UE4Editor-unrealEngineProject-7311.dll".
[2016.05.10-13.24.45:144][  0]Deleting old hot reload file: "C:\Users\jjudy\Desktop\Genie\src\unrealEngineProject\Binaries\Win64\UE4Editor-unrealEngineProject-7311.pdb".
[2016.05.10-13.24.45:144][  0]Deleting old hot reload file: "C:\Users\jjudy\Desktop\Genie\src\unrealEngineProject\Binaries\Win64\UE4Editor-unrealEngineProject-744.dll".
[2016.05.10-13.24.45:144][  0]Deleting old hot reload file: "C:\Users\jjudy\Desktop\Genie\src\unrealEngineProject\Binaries\Win64\UE4Editor-unrealEngineProject-744.pdb".
[2016.05.10-13.24.47:859][  0]Performing 2 actions (2 in parallel)
[2016.05.10-13.24.50:272][  0]unrealEngineProject.generated.cpp
[2016.05.10-13.25.51:277][  0][2/2] Link UE4Editor-unrealEngineProject.dll
[2016.05.10-13.25.52:181][  0]   Creating library C:\Users\jjudy\Desktop\Genie\src\unrealEngineProject\Intermediate/Build/Win64\UE4Editor\Development\UE4Editor-unrealEngineProject.lib and object C:\Users\jjudy\Desktop\Genie\src\unrealEngineProject\Intermediate/Build/Win64\UE4Editor\Development\UE4Editor-unrealEngineProject.exp
[2016.05.10-13.25.53:790][  0]-------- End Detailed Actions Stats -----------------------------------------------------------
[2016.05.10-13.25.54:192][  0]Total build time: 102.76 seconds
[2016.05.10-13.25.54:991][  0]LogInit: Version: 4.8.3-2634408+++depot+UE4-Releases+4.8
[2016.05.10-13.25.54:991][  0]LogInit: API Version: 2579680
[2016.05.10-13.25.54:992][  0]LogInit: Compiled (64-bit): Jul 27 2015 16:24:33
[2016.05.10-13.25.54:992][  0]LogInit: Compiled with Visual C++: 18.00.21005.01
[2016.05.10-13.25.54:992][  0]LogInit: Build Configuration: Development
[2016.05.10-13.25.54:992][  0]LogInit: Branch Name: ++depot+UE4-Releases+4.8
[2016.05.10-13.25.54:992][  0]LogInit: Command line:  
[2016.05.10-13.25.54:992][  0]LogInit: Base directory: C:/Program Files (x86)/Epic Games/4.8/Engine/Binaries/Win64/
[2016.05.10-13.25.54:992][  0]LogInit: Rocket: 1
[2016.05.10-13.25.55:034][  0]LogInit: Using libcurl 7.41.0
[2016.05.10-13.25.55:034][  0]LogInit:  - built for x86_64-pc-win32
[2016.05.10-13.25.55:034][  0]LogInit:  - supports SSL with WinSSL
[2016.05.10-13.25.55:034][  0]LogInit:  - other features:
[2016.05.10-13.25.55:034][  0]LogInit:      CURL_VERSION_SSL
[2016.05.10-13.25.55:034][  0]LogInit:      CURL_VERSION_IPV6
[2016.05.10-13.25.55:034][  0]LogInit:      CURL_VERSION_ASYNCHDNS
[2016.05.10-13.25.55:034][  0]LogInit:      CURL_VERSION_LARGEFILE
[2016.05.10-13.25.55:034][  0]LogInit:      CURL_VERSION_IDN
[2016.05.10-13.25.55:034][  0]LogInit:  CurlRequestOptions (configurable via config and command line):
[2016.05.10-13.25.55:034][  0]LogInit:  - bVerifyPeer = true  - Libcurl will verify peer certificate
[2016.05.10-13.25.55:034][  0]LogInit:  - bUseHttpProxy = false  - Libcurl will NOT use HTTP proxy
[2016.05.10-13.25.55:034][  0]LogInit:  - bDontReuseConnections = false  - Libcurl will reuse connections
[2016.05.10-13.25.55:034][  0]LogInit:  - CertBundlePath = nullptr  - Libcurl will use whatever was configured at build time.
[2016.05.10-13.25.55:048][  0]LogOnline:Warning: No default platform service specified for OnlineSubsystem
[2016.05.10-13.25.55:191][  0]LogInit: Presizing for 0 objects not considered by GC, pre-allocating 0 bytes.
[2016.05.10-13.25.55:210][  0]LogInit: Object subsystem initialized
[2016.05.10-13.25.55:212][  0]LogConsoleResponse:Warning: Skipping Unknown console variable: 'TranslucentSortAxis = (X=0.000000,Y=-1.000000,Z=0.000000)'
[2016.05.10-13.25.55:212][  0]LogConsoleResponse:Warning:   Found in ini file 'C:/Users/jjudy/Desktop/Genie/src/unrealEngineProject/Saved/Config/Windows/Engine.ini', in section '[/Script/Engine.RendererSettings]'
[2016.05.10-13.25.55:212][  0]LogConsoleResponse:Warning: Skipping Unknown console variable: 'UIScaleRule = ShortestSide'
[2016.05.10-13.25.55:212][  0]LogConsoleResponse:Warning:   Found in ini file 'C:/Users/jjudy/Desktop/Genie/src/unrealEngineProject/Saved/Config/Windows/Engine.ini', in section '[/Script/Engine.RendererSettings]'
[2016.05.10-13.25.55:212][  0]LogConsoleResponse:Warning: Skipping Unknown console variable: 'UIScaleCurve = (EditorCurveData=(Keys=),ExternalCurve=None)'
[2016.05.10-13.25.55:212][  0]LogConsoleResponse:Warning:   Found in ini file 'C:/Users/jjudy/Desktop/Genie/src/unrealEngineProject/Saved/Config/Windows/Engine.ini', in section '[/Script/Engine.RendererSettings]'
[2016.05.10-13.25.55:222][  0]LogInit: Selected Device Profile: [Windows]
[2016.05.10-13.25.55:222][  0]LogInit: Applying CVar settings loaded from the selected device profile: [Windows]
[2016.05.10-13.25.55:281][  0]LogInit: Computer: JUDY
[2016.05.10-13.25.55:281][  0]LogInit: User: jjudy
[2016.05.10-13.25.55:281][  0]LogInit: CPU Page size=4096, Cores=2
[2016.05.10-13.25.55:281][  0]LogInit: High frequency timer resolution =2.533196 MHz
[2016.05.10-13.25.55:281][  0]LogMemory: Memory total: Physical=3.7GB (4GB approx)
[2016.05.10-13.25.55:282][  0]LogMemory: Platform Memory Stats for Windows
[2016.05.10-13.25.55:282][  0]LogMemory: Process Physical Memory: 54.25 MB used, 54.25 MB peak
[2016.05.10-13.25.55:282][  0]LogMemory: Process Virtual Memory: 22.98 MB used, 23.01 MB peak
[2016.05.10-13.25.55:282][  0]LogMemory: Physical Memory: 1669.42 MB used, 3799.78 MB total
[2016.05.10-13.25.55:282][  0]LogMemory: Virtual Memory: 346.18 MB used, 134217728.00 MB total
[2016.05.10-13.25.55:607][  0]LogTextLocalizationManager: The requested culture ('ko_KR') has no localization data; parent culture's ('ko') localization data will be used.
[2016.05.10-13.25.55:704][  0]LogTextLocalizationManager:Warning: Loaded localization resources contain conflicting entries for (Namespace:ContentBrowser, Key:ImportAssetToolTip):
Localization Resource: (C:/Program Files (x86)/Epic Games/4.8/Engine/Content/Localization/Editor/ko/Editor.locres) Source String Hash: (-630476809) Localized String: ({0} 에 임포트...)
Localization Resource: (C:/Program Files (x86)/Epic Games/4.8/Engine/Content/Localization/Editor/ko/Editor.locres) Source String Hash: (1271782899) Localized String: (파일에서 이 폴더로 애셋을 임포트합니다.)
[2016.05.10-13.25.56:181][  0]LogD3D11RHI: Found D3D11 adapter 0: NVIDIA GeForce GT 720M  (Feature Level 11_0)
[2016.05.10-13.25.56:181][  0]LogD3D11RHI: Adapter has 973MB of dedicated video memory, 0MB of dedicated system memory, and 1899MB of shared system memory, 2 output[s]
[2016.05.10-13.25.56:260][  0]LogD3D11RHI: Found D3D11 adapter 1: Intel(R) HD Graphics Family (Feature Level 11_0)
[2016.05.10-13.25.56:260][  0]LogD3D11RHI: Adapter has 112MB of dedicated video memory, 0MB of dedicated system memory, and 1899MB of shared system memory, 0 output[s]
[2016.05.10-13.25.56:271][  0]LogD3D11RHI: Found D3D11 adapter 2: Microsoft Basic Render Driver (Feature Level 11_0)
[2016.05.10-13.25.56:271][  0]LogD3D11RHI: Adapter has 0MB of dedicated video memory, 0MB of dedicated system memory, and 1899MB of shared system memory, 0 output[s]
[2016.05.10-13.25.56:271][  0]LogD3D11RHI: Chosen D3D11 Adapter Id = 0
[2016.05.10-13.25.56:283][  0]LogD3D11RHI: InitD3DDevice
[2016.05.10-13.25.56:283][  0]LogD3D11RHI: !Direct3DDevice
[2016.05.10-13.25.56:283][  0]LogRHI: Texture pool is 681 MB (70% of 973 MB)
[2016.05.10-13.25.56:307][  0]LogD3D11RHI: Async texture creation enabled
[2016.05.10-13.25.56:325][  0]LogShaderCompilers:Display: Using Local Shader Compiler.
[2016.05.10-13.25.58:431][  0]LogTemp:Display: Loaded TP DesktopTargetPlatform
[2016.05.10-13.25.58:456][  0]LogTemp:Display: Loaded TP WindowsClientTargetPlatform
[2016.05.10-13.25.58:475][  0]LogTemp:Display: Loaded TP WindowsNoEditorTargetPlatform
[2016.05.10-13.25.58:494][  0]LogTemp:Display: Loaded TP WindowsServerTargetPlatform
[2016.05.10-13.25.58:513][  0]LogTemp:Display: Loaded TP WindowsTargetPlatform
[2016.05.10-13.25.58:530][  0]LogTemp:Display: Loaded TP AndroidTargetPlatform
[2016.05.10-13.25.58:547][  0]LogTemp:Display: Loaded TP Android_ASTCTargetPlatform
[2016.05.10-13.25.58:565][  0]LogTemp:Display: Loaded TP Android_ATCTargetPlatform
[2016.05.10-13.25.58:581][  0]LogTemp:Display: Loaded TP Android_DXTTargetPlatform
[2016.05.10-13.25.58:598][  0]LogTemp:Display: Loaded TP Android_ETC1TargetPlatform
[2016.05.10-13.25.58:616][  0]LogTemp:Display: Loaded TP Android_ETC2TargetPlatform
[2016.05.10-13.25.58:632][  0]LogTemp:Display: Loaded TP Android_PVRTCTargetPlatform
[2016.05.10-13.25.58:730][  0]LogTemp:Display: Loaded TP IOSTargetPlatform
[2016.05.10-13.25.58:746][  0]LogTemp:Display: Loaded TP LinuxNoEditorTargetPlatform
[2016.05.10-13.25.58:762][  0]LogTemp:Display: Loaded TP LinuxServerTargetPlatform
[2016.05.10-13.25.58:797][  0]LogTemp:Display: Loaded TP LinuxTargetPlatform
[2016.05.10-13.25.58:797][  0]LogTargetPlatformManager:Display: Building Assets For Windows
[2016.05.10-13.25.59:284][  0]LogDerivedDataCache:Display: Max Cache Size: 512 MB
[2016.05.10-13.25.59:806][  0]LogDerivedDataCache: Loaded boot cache 0.52s 53MB C:/Users/jjudy/AppData/Local/UnrealEngine/4.8/DerivedDataCache/Boot.ddc.
[2016.05.10-13.25.59:806][  0]LogDerivedDataCache:Display: Loaded Boot cache: C:/Users/jjudy/AppData/Local/UnrealEngine/4.8/DerivedDataCache/Boot.ddc
[2016.05.10-13.25.59:806][  0]LogDerivedDataCache: FDerivedDataBackendGraph:  Pak pak cache file ../../../../../../Users/jjudy/Desktop/Genie/src/unrealEngineProject/DerivedDataCache/DDC.ddp not found, will not use a pak cache.
[2016.05.10-13.25.59:806][  0]LogDerivedDataCache: Unable to find inner node Pak for hierarchical cache Hierarchy.
[2016.05.10-13.25.59:807][  0]LogDerivedDataCache: FDerivedDataBackendGraph:  CompressedPak pak cache file ../../../../../../Users/jjudy/Desktop/Genie/src/unrealEngineProject/DerivedDataCache/Compressed.ddp not found, will not use a pak cache.
[2016.05.10-13.25.59:807][  0]LogDerivedDataCache: Unable to find inner node CompressedPak for hierarchical cache Hierarchy.
[2016.05.10-13.26.00:023][  0]LogDerivedDataCache:Display: Pak cache opened for reading ../../../Engine/DerivedDataCache/Compressed.ddp.
[2016.05.10-13.26.00:035][  0]LogDerivedDataCache: Using Local data cache path C:/Users/jjudy/AppData/Local/UnrealEngine/Common/DerivedDataCache: Writable
[2016.05.10-13.26.02:410][  0]LogInit: Selected Device Profile: [Windows]
[2016.05.10-13.26.02:513][  0]ImportText (ComponentSweepMultiTests): Missing closing parenthesis: (RootShapeAsset="/Engine/BasicShapes/Cube.Cube",ShapeType="TriggerCapsule",HitResult=(Time=0.50,Location=(X=-100.000015,Y=0.0,Z=100.000015),ImpactPoint=(X=-50.0,Y=0.0,Z=50.0),Normal=(X=-1.0,Y=-0.0,Z=0.0),ImpactNormal=(X=0.0,Y=0.0,Z=1.0),TraceStart=(X=-200.0,Y=0.0,Z=200.0),TraceEnd=(X=0.0,Y=0.0,Z=0.0))
[2016.05.10-13.26.02:513][  0]ImportText (LineTraceSingleByChannelTests): Missing closing parenthesis: (RootShapeAsset="/Engine/BasicShapes/Cube.Cube",HitResult=(Time=0.50,Location=(X=-100.000015,Y=0.0,Z=100.000015),ImpactPoint=(X=-50.0,Y=0.0,Z=50.0),Normal=(X=-1.0,Y=-0.0,Z=0.0),ImpactNormal=(X=0.0,Y=0.0,Z=1.0),TraceStart=(X=-200.0,Y=0.0,Z=200.0),TraceEnd=(X=0.0,Y=0.0,Z=0.0))
[2016.05.10-13.26.02:572][  0]LogMeshUtilities: No automatic mesh reduction module available
[2016.05.10-13.26.02:572][  0]LogMeshUtilities: No automatic mesh merging module available
[2016.05.10-13.26.03:300][  0]LogInit: WinSock: version 1.1 (2.2), MaxSocks=32767, MaxUdp=65467
[2016.05.10-13.26.10:447][  0]UdpMessaging: Initializing bridge on interface 0.0.0.0:0 to multicast group 230.0.0.1:6666.
[2016.05.10-13.26.10:448][  0]FUdpSocketBuilder: Failed to create the socket UdpMessageMulticastSocket as configured
[2016.05.10-13.26.10:448][  0]UdpMessageTransport.StartTransport: Failed to create multicast socket on 0.0.0.0:0, joined to 230.0.0.1:6666 with TTL 1
[2016.05.10-13.26.11:450][  0]SourceControl: 정보 소스 콘트롤이 꺼졌습니다.
[2016.05.10-13.26.11:468][  0]SourceControl: 정보 소스 콘트롤이 꺼졌습니다.
[2016.05.10-13.26.11:499][  0]SourceControl: 정보 소스 콘트롤이 꺼졌습니다.
[2016.05.10-13.26.11:530][  0]SourceControl: 정보 소스 콘트롤이 꺼졌습니다.
[2016.05.10-13.26.12:260][  0]LogObj: 26283 objects as part of root set at end of initial load.
[2016.05.10-13.26.12:260][  0]LogUObjectAllocator: 5415280 out of 0 bytes used by permanent object pool.
[2016.05.10-13.26.12:428][  0]LogEngine: Initializing Engine...
[2016.05.10-13.26.12:447][  0]LogHMD: Can't find Oculus library dev build: is proper Runtime installed? Version: 0.6.0.0
[2016.05.10-13.26.12:525][  0]LogHMD:Warning: SteamVR failed to initialize.  Error: 110
[2016.05.10-13.26.12:772][  0]LogAIModule: Creating AISystem for world NewWorld
[2016.05.10-13.26.12:798][  0]LogInit: XAudio2 using '스피커/헤드폰(Realtek High Definition Audio)' : 2 channels at 48 kHz using 32 bits per sample (channel mask 0x3)
[2016.05.10-13.26.13:362][  0]LogInit: FAudioDevice initialized.
[2016.05.10-13.26.13:398][  0]LogDerivedDataCache: Saved boot cache 0.04s 53MB C:/Users/jjudy/AppData/Local/UnrealEngine/4.8/DerivedDataCache/Boot.ddc.
[2016.05.10-13.26.13:405][  0]LogInit: Texture streaming: Disabled
[2016.05.10-13.26.13:469][  0]LogAnalytics: Creating configured Analytics provider AnalyticsET
[2016.05.10-13.26.13:469][  0]LogAnalytics: [UEEditor.Rocket.Release] APIServer = http://et2.epicgames.com/ET2/. AppVersion = 4.8.3-2634408+++depot+UE4-Releases+4.8
[2016.05.10-13.26.13:469][  0]LogAnalytics: [UEEditor.Rocket.Release] SetUserId f1732f304bfe0c511e505491d9dc7863|42e094618d374ae48b60eaacf8489ca6|5a9a5a05-d2f7-4f14-8a0b-a00ba482fbc2
[2016.05.10-13.26.13:469][  0]LogAnalytics: [UEEditor.Rocket.Release] AnalyticsET::StartSession
[2016.05.10-13.26.13:550][  0]LogInit: Transaction tracking system initialized
[2016.05.10-13.26.13:831][  0]BlueprintLog: New page: 에디터 로드
[2016.05.10-13.26.13:901][  0]LogAssetRegistry: FAssetRegistry took 0.0108 seconds to start up
[2016.05.10-13.26.13:903][  0]LogDirectoryWatcher:Warning: Failed to begin reading directory changes for ../../../Engine/Plugins/Experimental/CharacterAI/Content/. Error: 0
[2016.05.10-13.26.19:574][  0]LogConsoleManager:Warning: Console variable 'r.VSync' wasn't set ('GameSetting' has a lower priority than 'SystemSettingsIni')
[2016.05.10-13.26.19:575][  0]LogConsoleResponse:Display: 
[2016.05.10-13.26.20:710][  0]LogCook:Display: Done creating registry. It took  0.00s.
[2016.05.10-13.26.21:391][  0]SourceControl: 정보 소스 콘트롤이 꺼졌습니다.
[2016.05.10-13.26.21:392][  0]Cmd: MAP LOAD FILE="../../../Engine/Content/Maps/Templates/Template_Default.umap" TEMPLATE=1 SHOWPROGRESS=1 FEATURELEVEL=3
[2016.05.10-13.26.21:419][  0]LightingResults: New page: 라이팅 빌드
[2016.05.10-13.26.21:443][  0]MapCheck: New page: 맵 체크
[2016.05.10-13.26.21:443][  0]LightingResults: New page: 라이팅 빌드
[2016.05.10-13.26.21:468][  0]LogParticles: Destroying 0 GPU particle simulations for FXSystem 0x000002CCDEB462A0
[2016.05.10-13.26.22:935][  0]LogAIModule: Creating AISystem for world Untitled_1
[2016.05.10-13.26.22:943][  0]LogEditorServer: Finished looking for orphan Actors (0.000 secs)
[2016.05.10-13.26.22:954][  0]Cmd: MAP CHECKDEP NOCLEARLOG
[2016.05.10-13.26.23:038][  0]MapCheck: 정보 맵 체크 완료: 오류 0 회, 경고 0 회, 소요 시간 83.553ms.
[2016.05.10-13.26.23:038][  0]LogFileHelpers: Loading map 'Template_Default' took 1.647
[2016.05.10-13.26.23:297][  0]LogCollectionManager: Loaded 0 collections in 0.004715 seconds
[2016.05.10-13.26.23:305][  0]LogContentBrowser: Native class hierarchy populated in 0.0077 seconds. Added 1795 classes and 303 folders.
[2016.05.10-13.26.23:474][  0]LogContentBrowser: Native class hierarchy updated for 'WidgetCarousel' in 0.0040 seconds. Added 0 classes and 0 folders.
[2016.05.10-13.26.24:158][  0]LogContentBrowser: Native class hierarchy updated for 'AddContentDialog' in 0.0018 seconds. Added 0 classes and 0 folders.
[2016.05.10-13.26.24:234][  0]LogContentBrowser: Native class hierarchy updated for 'SceneOutliner' in 0.0013 seconds. Added 1 classes and 2 folders.
[2016.05.10-13.26.24:327][  0]LogCrashTracker: Crashtracker disabled due to settings.
[2016.05.10-13.26.24:331][  0]LogD3D11RHI: InitD3DDevice
[2016.05.10-13.26.24:355][  0]LogD3D11RHI: InitD3DDevice
[2016.05.10-13.26.24:429][  0]LogLoad: Full Startup: 147.21 seconds (BP compile: 0.26 seconds)
[2016.05.10-13.26.24:728][  0]LogContentStreaming: Texture pool size is 0.000000MB
[2016.05.10-13.26.24:807][  0]LogContentStreaming: Texture pool size now 400 MB
[2016.05.10-13.26.25:054][  0]LogRenderer: Reallocating scene render targets to support 1056x560 (Frame:2).
[2016.05.10-13.26.25:865][  6]LogAssetRegistry: Asset discovery search completed in 11.9743 seconds
[2016.05.10-13.26.29:092][197]LogD3D11RHI: InitD3DDevice
[2016.05.10-13.26.50:638][485]LogD3D11RHI: InitD3DDevice
[2016.05.10-13.26.52:027][563]LogD3D11RHI: InitD3DDevice
[2016.05.10-13.26.52:090][563]LogD3D11RHI: InitD3DDevice
[2016.05.10-13.27.03:975][183]LogD3D11RHI: InitD3DDevice
[2016.05.10-13.27.04:116][183]Running C:/Program Files (x86)/Epic Games/4.8/Engine/Binaries/DotNET/UnrealBuildTool.exe  -projectfiles -project="C:/Users/jjudy/Desktop/Genie/src/unrealEngineProject/unrealEngineProject.uproject" -game -rocket -progress
[2016.05.10-13.27.04:519][183]Discovering modules, targets and source code for game...
[2016.05.10-13.27.10:659][183]LogVSAccessor:Warning: Couldn't access Visual Studio
[2016.05.10-13.27.10:698][183]LogD3D11RHI: InitD3DDevice
[2016.05.10-13.27.10:701][183]Recompiling unrealEngineProject...
[2016.05.10-13.27.10:703][183]Launching UnrealBuildTool... [C:/Program Files (x86)/Epic Games/4.8/Engine/Binaries/DotNET/UnrealBuildTool.exe unrealEngineProject -ModuleWithSuffix unrealEngineProject 4112 Win64 Development -editorrecompile -canskiplink "C:/Users/jjudy/Desktop/Genie/src/unrealEngineProject/unrealEngineProject.uproject" -rocket  -rocket]
[2016.05.10-13.27.35:426][183]CompilerResultsLog: New page: 컴파일 - 2016. 5. 11. 오전 7:27:35
[2016.05.10-13.27.35:426][183]CompilerResultsLog: 정보 Compiling game modules for hot reload
[2016.05.10-13.27.35:426][183]CompilerResultsLog: 정보 Parsing headers for unrealEngineProjectEditor
[2016.05.10-13.27.35:426][183]CompilerResultsLog: 정보 Reflection code generated for unrealEngineProjectEditor
[2016.05.10-13.27.35:426][183]CompilerResultsLog: 정보 Performing 3 actions (2 in parallel)
[2016.05.10-13.27.35:426][183]CompilerResultsLog: 정보 GenieCharacter.cpp
[2016.05.10-13.27.35:426][183]CompilerResultsLog: 정보 unrealEngineProject.generated.cpp
[2016.05.10-13.27.35:427][183]CompilerResultsLog: 정보 [3/3] Link UE4Editor-unrealEngineProject-4112.dll
[2016.05.10-13.27.35:427][183]CompilerResultsLog: 정보    Creating library C:\Users\jjudy\Desktop\Genie\src\unrealEngineProject\Intermediate/Build/Win64\UE4Editor\Development\UE4Editor-unrealEngineProject-4112.lib and object C:\Users\jjudy\Desktop\Genie\src\unrealEngineProject\Intermediate/Build/Win64\UE4Editor\Development\UE4Editor-unrealEngineProject-4112.exp
[2016.05.10-13.27.35:427][183]CompilerResultsLog: 정보 -------- End Detailed Actions Stats -----------------------------------------------------------
[2016.05.10-13.27.35:427][183]CompilerResultsLog: 정보 Total build time: 24.48 seconds
[2016.05.10-13.27.35:427][183]LogMainFrame: MainFrame: Module compiling took 24.768 seconds
[2016.05.10-13.27.35:943][183]LogClass: Could not find existing class GenieCharacter in package /Script/unrealEngineProject for HotReload, assuming new class
[2016.05.10-13.27.35:962][183]LogContentBrowser: Native class hierarchy updated for 'unrealEngineProject' in 0.0056 seconds. Added 4 classes and 2 folders.
[2016.05.10-13.27.35:965][183]Warning: HotReload successful (0 functions remapped  0 scriptstructs remapped)
[2016.05.10-13.27.35:990][183]LogContentBrowser: Native class hierarchy populated in 0.0092 seconds. Added 1797 classes and 305 folders.
[2016.05.10-13.27.35:990][183]Warning: HotReload operation took 25.3s.
[2016.05.10-13.27.36:012][183]LogD3D11RHI: InitD3DDevice
[2016.05.10-13.27.36:066][183]LogD3D11RHI: InitD3DDevice
[2016.05.10-13.27.36:097][183]LogHotReload: New module detected: UE4Editor-unrealEngineProject-4112.dll
[2016.05.10-13.27.36:141][184]LogHotReload: Starting Hot-Reload from IDE
[2016.05.10-13.27.36:151][184]LogD3D11RHI: InitD3DDevice
[2016.05.10-13.27.36:455][184]LogContentBrowser: Native class hierarchy updated for 'unrealEngineProject' in 0.0018 seconds. Added 4 classes and 2 folders.
[2016.05.10-13.27.36:456][184]Warning: HotReload successful (0 functions remapped  0 scriptstructs remapped)
[2016.05.10-13.27.36:614][184]LogContentBrowser: Native class hierarchy populated in 0.0084 seconds. Added 1797 classes and 305 folders.
[2016.05.10-13.27.36:620][184]LogD3D11RHI: InitD3DDevice
[2016.05.10-13.28.01:013][238]LogVSAccessor:Warning: Visual Studio is open but could not be queried - it may be blocked by a modal operation
[2016.05.10-13.28.07:643][239]LogVSAccessor:Warning: Visual Studio is open but could not be queried - it may be blocked by a modal operation
[2016.05.10-13.28.10:683][240]LogVSAccessor:Warning: Visual Studio is open but could not be queried - it may be blocked by a modal operation
[2016.05.10-13.28.10:704][241]LogVSAccessor:Warning: Visual Studio is open but could not be queried - it may be blocked by a modal operation
[2016.05.10-13.28.29:611][242]LogVSAccessor:Warning: Couldn't goto line number '0' in 'C:/Users/jjudy/Desktop/Genie/src/unrealEngineProject/Source/unrealEngineProject/GenieCharacter.h'
[2016.05.10-13.28.30:516][242]LogVSAccessor:Warning: Couldn't goto line number '0' in 'C:/Users/jjudy/Desktop/Genie/src/unrealEngineProject/Source/unrealEngineProject/GenieCharacter.cpp'
[2016.05.10-13.30.38:021][651]LogWindowsTextInputMethodSystem:Display: IME system now activated using TSF (Microsoft 입력기).
[2016.05.10-13.30.39:353][652]Cmd: QUIT_EDITOR
[2016.05.10-13.30.40:069][652]LogExit: Preparing to exit.
[2016.05.10-13.30.41:113][652]LogExit: Editor shut down
[2016.05.10-13.30.41:117][652]LogExit: Transaction tracking system shut down
[2016.05.10-13.30.41:121][652]LogParticles: Destroying 0 GPU particle simulations for FXSystem 0x000002CCD8F27060
[2016.05.10-13.30.42:260][652]LogParticles: Destroying 0 GPU particle simulations for FXSystem 0x000002CCE654D4E0
[2016.05.10-13.30.42:260][652]LogExit: Object subsystem successfully closed.
[2016.05.10-13.30.42:581][652]LogD3D11RHI: Shutdown
[2016.05.10-13.30.42:581][652]LogD3D11RHI: CleanupD3DDevice
[2016.05.10-13.30.42:737][652]LogD3D11RHI: ~FD3D11DynamicRHI
[2016.05.10-13.30.42:838][652]LogModuleManager: Shutting down and abandoning module CrashTracker (189)
[2016.05.10-13.30.42:838][652]LogModuleManager: Shutting down and abandoning module SceneOutliner (188)
[2016.05.10-13.30.42:848][652]LogModuleManager: Shutting down and abandoning module SuperSearch (187)
[2016.05.10-13.30.42:848][652]LogModuleManager: Shutting down and abandoning module WidgetCarousel (186)
[2016.05.10-13.30.42:862][652]LogModuleManager: Shutting down and abandoning module AddContentDialog (185)
[2016.05.10-13.30.42:889][652]LogModuleManager: Shutting down and abandoning module EditorWidgets (184)
[2016.05.10-13.30.42:889][652]LogModuleManager: Shutting down and abandoning module CollectionManager (183)
[2016.05.10-13.30.42:900][652]LogModuleManager: Shutting down and abandoning module StatsViewer (182)
[2016.05.10-13.30.42:909][652]LogModuleManager: Shutting down and abandoning module FoliageEdit (181)
[2016.05.10-13.30.42:930][652]LogModuleManager: Shutting down and abandoning module LandscapeEditor (180)
[2016.05.10-13.30.42:935][652]LogModuleManager: Shutting down and abandoning module ActorPickerMode (179)
[2016.05.10-13.30.42:935][652]LogModuleManager: Shutting down and abandoning module GeometryMode (178)
[2016.05.10-13.30.42:935][652]LogModuleManager: Shutting down and abandoning module TextureAlignMode (177)
[2016.05.10-13.30.42:935][652]LogModuleManager: Shutting down and abandoning module BspMode (176)
[2016.05.10-13.30.42:935][652]LogModuleManager: Shutting down and abandoning module PlacementMode (175)
[2016.05.10-13.30.42:945][652]LogModuleManager: Shutting down and abandoning module AutomationWorker (174)
[2016.05.10-13.30.42:945][652]LogModuleManager: Shutting down and abandoning module CharacterAI (173)
[2016.05.10-13.30.42:945][652]LogModuleManager: Shutting down and abandoning module SmartSnapping (172)
[2016.05.10-13.30.42:946][652]LogModuleManager: Shutting down and abandoning module ViewportSnapping (171)
[2016.05.10-13.30.42:946][652]LogModuleManager: Shutting down and abandoning module LogVisualizer (170)
[2016.05.10-13.30.42:961][652]LogModuleManager: Shutting down and abandoning module GameProjectGeneration (169)
[2016.05.10-13.30.42:961][652]LogModuleManager: Shutting down and abandoning module IntroTutorials (168)
[2016.05.10-13.30.42:988][652]LogModuleManager: Shutting down and abandoning module EditorLiveStreaming (167)
[2016.05.10-13.30.42:988][652]LogModuleManager: Shutting down and abandoning module IOSPlatformEditor (166)
[2016.05.10-13.30.42:998][652]LogModuleManager: Shutting down and abandoning module HTML5PlatformEditor (165)
[2016.05.10-13.30.42:999][652]LogModuleManager: Shutting down and abandoning module AndroidDeviceDetection (164)
[2016.05.10-13.30.43:426][652]LogModuleManager: Shutting down and abandoning module AndroidPlatformEditor (163)
[2016.05.10-13.30.43:426][652]LogModuleManager: Shutting down and abandoning module IOSRuntimeSettings (162)
[2016.05.10-13.30.43:426][652]LogModuleManager: Shutting down and abandoning module AndroidRuntimeSettings (161)
[2016.05.10-13.30.43:426][652]LogModuleManager: Shutting down and abandoning module MergeActors (160)
[2016.05.10-13.30.43:448][652]LogModuleManager: Shutting down and abandoning module SizeMap (159)
[2016.05.10-13.30.43:448][652]LogModuleManager: Shutting down and abandoning module TreeMap (158)
[2016.05.10-13.30.43:460][652]LogModuleManager: Shutting down and abandoning module ReferenceViewer (157)
[2016.05.10-13.30.43:460][652]LogModuleManager: Shutting down and abandoning module LocalizationDashboard (156)
[2016.05.10-13.30.43:470][652]LogModuleManager: Shutting down and abandoning module HardwareTargeting (155)
[2016.05.10-13.30.43:470][652]LogModuleManager: Shutting down and abandoning module DeviceProfileEditor (154)
[2016.05.10-13.30.43:480][652]LogModuleManager: Shutting down and abandoning module UndoHistory (153)
[2016.05.10-13.30.43:486][652]LogModuleManager: Shutting down and abandoning module GameplayTagsEditor (152)
[2016.05.10-13.30.43:495][652]LogModuleManager: Shutting down and abandoning module UserFeedback (151)
[2016.05.10-13.30.43:495][652]LogModuleManager: Shutting down and abandoning module XmlParser (150)
[2016.05.10-13.30.43:502][652]LogModuleManager: Shutting down and abandoning module Blutility (149)
[2016.05.10-13.30.43:502][652]LogModuleManager: Shutting down and abandoning module ProjectTargetPlatformEditor (148)
[2016.05.10-13.30.43:503][652]LogModuleManager: Shutting down and abandoning module ProjectSettingsViewer (147)
[2016.05.10-13.30.43:504][652]LogModuleManager: Shutting down and abandoning module InputBindingEditor (146)
[2016.05.10-13.30.43:515][652]LogModuleManager: Shutting down and abandoning module EditorSettingsViewer (145)
[2016.05.10-13.30.43:515][652]LogModuleManager: Shutting down and abandoning module SettingsEditor (144)
[2016.05.10-13.30.43:533][652]LogModuleManager: Shutting down and abandoning module ProjectLauncher (143)
[2016.05.10-13.30.43:541][652]LogModuleManager: Shutting down and abandoning module SessionFrontend (142)
[2016.05.10-13.30.43:546][652]LogModuleManager: Shutting down and abandoning module ProfilerClient (141)
[2016.05.10-13.30.43:552][652]LogModuleManager: Shutting down and abandoning module TargetDeviceServices (140)
[2016.05.10-13.30.43:552][652]LogModuleManager: Shutting down and abandoning module DeviceManager (139)
[2016.05.10-13.30.43:557][652]LogModuleManager: Shutting down and abandoning module AutomationController (138)
[2016.05.10-13.30.43:564][652]LogModuleManager: Shutting down and abandoning module AutomationWindow (137)
[2016.05.10-13.30.43:573][652]LogModuleManager: Shutting down and abandoning module Layers (136)
[2016.05.10-13.30.43:590][652]LogModuleManager: Shutting down and abandoning module ComponentVisualizers (135)
[2016.05.10-13.30.43:590][652]LogModuleManager: Shutting down and abandoning module DetailCustomizations (134)
[2016.05.10-13.30.43:615][652]LogModuleManager: Shutting down and abandoning module PackagesDialog (133)
[2016.05.10-13.30.43:617][652]LogModuleManager: Shutting down and abandoning module AssetRegistry (132)
[2016.05.10-13.30.44:331][652]LogModuleManager: Shutting down and abandoning module Persona (131)
[2016.05.10-13.30.44:366][652]LogModuleManager: Shutting down and abandoning module Kismet (130)
[2016.05.10-13.30.44:375][652]LogModuleManager: Shutting down and abandoning module GraphEditor (129)
[2016.05.10-13.30.44:398][652]LogModuleManager: Shutting down and abandoning module ClassViewer (128)
[2016.05.10-13.30.44:399][652]LogModuleManager: Shutting down and abandoning module Toolbox (127)
[2016.05.10-13.30.44:399][652]LogModuleManager: Shutting down and abandoning module ModuleUI (126)
[2016.05.10-13.30.44:406][652]LogModuleManager: Shutting down and abandoning module MovieSceneTools (125)
[2016.05.10-13.30.44:427][652]LogModuleManager: Shutting down and abandoning module OutputLog (124)
[2016.05.10-13.30.44:427][652]LogModuleManager: Shutting down and abandoning module GammaUI (123)
[2016.05.10-13.30.44:437][652]LogModuleManager: Shutting down and abandoning module Documentation (122)
[2016.05.10-13.30.44:437][652]LogModuleManager: Shutting down and abandoning module GameLiveStreaming (121)
[2016.05.10-13.30.44:438][652]LogModuleManager: Shutting down and abandoning module StreamingPauseRendering (120)
[2016.05.10-13.30.44:438][652]LogModuleManager: Shutting down and abandoning module AnalyticsET (119)
[2016.05.10-13.30.44:438][652]LogModuleManager: Shutting down and abandoning module Analytics (118)
[2016.05.10-13.30.44:438][652]LogModuleManager: Shutting down and abandoning module AITestSuite (117)
[2016.05.10-13.30.44:451][652]LogModuleManager: Shutting down and abandoning module GameplayDebugger (116)
[2016.05.10-13.30.44:462][652]LogModuleManager: Shutting down and abandoning module AIModule (115)
[2016.05.10-13.30.44:466][652]LogModuleManager: Shutting down and abandoning module ProfilerService (114)
[2016.05.10-13.30.44:482][652]LogModuleManager: Shutting down and abandoning module TaskGraph (113)
[2016.05.10-13.30.44:495][652]LogModuleManager: Shutting down and abandoning module SlateRemote (112)
[2016.05.10-13.30.44:495][652]LogModuleManager: Shutting down and abandoning module SteamVRController (111)
[2016.05.10-13.30.44:495][652]LogModuleManager: Shutting down and abandoning module SteamVR (110)
[2016.05.10-13.30.44:495][652]LogModuleManager: Shutting down and abandoning module ProceduralMeshComponent (109)
[2016.05.10-13.30.44:495][652]LogModuleManager: Shutting down and abandoning module OculusRift (108)
[2016.05.10-13.30.44:495][652]LogModuleManager: Shutting down and abandoning module LeapMotionController (107)
[2016.05.10-13.30.44:588][652]LogModuleManager: Shutting down and abandoning module CustomMeshComponent (106)
[2016.05.10-13.30.44:588][652]LogModuleManager: Shutting down and abandoning module CableComponent (105)
[2016.05.10-13.30.44:595][652]LogModuleManager: Shutting down and abandoning module MessagingDebugger (104)
[2016.05.10-13.30.44:612][652]LogModuleManager: Shutting down and abandoning module MediaPlayerEditor (103)
[2016.05.10-13.30.44:623][652]LogModuleManager: Shutting down and abandoning module SpeedTreeImporter (102)
[2016.05.10-13.30.44:623][652]LogModuleManager: Shutting down and abandoning module PluginBrowser (101)
[2016.05.10-13.30.44:627][652]LogModuleManager: Shutting down and abandoning module EpicSurvey (100)
[2016.05.10-13.30.44:632][652]LogModuleManager: Shutting down and abandoning module VisualStudioSourceCodeAccess (99)
[2016.05.10-13.30.44:632][652]LogModuleManager: Shutting down and abandoning module UObjectPlugin (98)
[2016.05.10-13.30.44:632][652]LogModuleManager: Shutting down and abandoning module SubversionSourceControl (97)
[2016.05.10-13.30.44:644][652]LogModuleManager: Shutting down and abandoning module PerforceSourceControl (96)
[2016.05.10-13.30.44:654][652]LogModuleManager: Shutting down and abandoning module SourceControl (95)
[2016.05.10-13.30.44:666][652]LogModuleManager: Shutting down and abandoning module GitSourceControl (94)
[2016.05.10-13.30.44:689][652]LogModuleManager: Shutting down and abandoning module BlankPlugin (93)
[2016.05.10-13.30.44:689][652]LogModuleManager: Shutting down and abandoning module PaperTiledImporter (92)
[2016.05.10-13.30.44:689][652]LogModuleManager: Shutting down and abandoning module PaperSpriteSheetImporter (91)
[2016.05.10-13.30.44:689][652]LogModuleManager: Shutting down and abandoning module MeshPaint (90)
[2016.05.10-13.30.44:694][652]LogModuleManager: Shutting down and abandoning module SlateReflector (89)
[2016.05.10-13.30.44:704][652]LogModuleManager: Shutting down and abandoning module DirectoryWatcher (88)
[2016.05.10-13.30.44:713][652]LogModuleManager: Shutting down and abandoning module HotReload (87)
[2016.05.10-13.30.44:713][652]LogModuleManager: Shutting down and abandoning module MainFrame (86)
[2016.05.10-13.30.44:720][652]LogModuleManager: Shutting down and abandoning module LevelEditor (85)
[2016.05.10-13.30.44:738][652]LogModuleManager: Shutting down and abandoning module ContentBrowser (84)
[2016.05.10-13.30.44:740][652]LogModuleManager: Shutting down and abandoning module Paper2DEditor (83)
[2016.05.10-13.30.44:757][652]LogModuleManager: Shutting down and abandoning module unrealEngineProject (82)
[2016.05.10-13.30.44:758][652]LogModuleManager: Shutting down and abandoning module UdpMessaging (81)
[2016.05.10-13.30.44:858][652]LogModuleManager: Shutting down and abandoning module Paper2D (80)
[2016.05.10-13.30.44:881][652]LogModuleManager: Shutting down and abandoning module WindowsMoviePlayer (79)
[2016.05.10-13.30.44:895][652]LogModuleManager: Shutting down and abandoning module Media (78)
[2016.05.10-13.30.44:896][652]LogModuleManager: Shutting down and abandoning module WmfMedia (77)
[2016.05.10-13.30.44:902][652]LogModuleManager: Shutting down and abandoning module OnlineBlueprintSupport (76)
[2016.05.10-13.30.44:902][652]LogModuleManager: Shutting down and abandoning module PropertyEditor (75)
[2016.05.10-13.30.44:907][652]LogModuleManager: Shutting down and abandoning module BehaviorTreeEditor (74)
[2016.05.10-13.30.44:927][652]LogModuleManager: Shutting down and abandoning module FunctionalTesting (73)
[2016.05.10-13.30.44:933][652]LogModuleManager: Shutting down and abandoning module CollisionAnalyzer (72)
[2016.05.10-13.30.44:941][652]LogModuleManager: Shutting down and abandoning module WorkspaceMenuStructure (71)
[2016.05.10-13.30.44:941][652]LogModuleManager: Shutting down and abandoning module MessageLog (70)
[2016.05.10-13.30.44:942][652]LogModuleManager: Shutting down and abandoning module Sequencer (69)
[2016.05.10-13.30.44:955][652]LogModuleManager: Shutting down and abandoning module AssetTools (68)
[2016.05.10-13.30.44:959][652]LogModuleManager: Shutting down and abandoning module UMGEditor (67)
[2016.05.10-13.30.44:972][652]LogModuleManager: Shutting down and abandoning module UMG (66)
[2016.05.10-13.30.44:985][652]LogModuleManager: Shutting down and abandoning module Slate (65)
[2016.05.10-13.30.44:985][652]LogModuleManager: Shutting down and abandoning module EditorStyle (64)
[2016.05.10-13.30.45:002][652]LogModuleManager: Shutting down and abandoning module SessionServices (63)
[2016.05.10-13.30.45:002][652]LogModuleManager: Shutting down and abandoning module SourceCodeAccess (62)
[2016.05.10-13.30.45:002][652]LogModuleManager: Shutting down and abandoning module HeadMountedDisplay (61)
[2016.05.10-13.30.45:002][652]LogModuleManager: Shutting down and abandoning module XAudio2 (60)
[2016.05.10-13.30.45:002][652]LogModuleManager: Shutting down and abandoning module Networking (58)
[2016.05.10-13.30.45:002][652]LogModuleManager: Shutting down and abandoning module Core (57)
[2016.05.10-13.30.45:002][652]LogModuleManager: Shutting down and abandoning module KismetCompiler (56)
[2016.05.10-13.30.45:006][652]LogModuleManager: Shutting down and abandoning module PhysXFormats (55)
[2016.05.10-13.30.45:009][652]LogModuleManager: Shutting down and abandoning module MeshUtilities (54)
[2016.05.10-13.30.45:020][652]LogModuleManager: Shutting down and abandoning module DerivedDataCache (53)
[2016.05.10-13.30.45:093][652]LogDerivedDataCache: Shutdown
[2016.05.10-13.30.45:093][652]LogModuleManager: Shutting down and abandoning module ShaderFormatOpenGL (52)
[2016.05.10-13.30.45:102][652]LogModuleManager: Shutting down and abandoning module ShaderFormatD3D (51)
[2016.05.10-13.30.45:113][652]LogModuleManager: Shutting down and abandoning module MetalShaderFormat (50)
[2016.05.10-13.30.45:114][652]LogModuleManager: Shutting down and abandoning module TextureFormatUncompressed (49)
[2016.05.10-13.30.45:115][652]LogModuleManager: Shutting down and abandoning module TextureFormatPVR (48)
[2016.05.10-13.30.45:124][652]LogModuleManager: Shutting down and abandoning module TextureFormatIntelISPCTexComp (47)
[2016.05.10-13.30.45:125][652]LogModuleManager: Shutting down and abandoning module TextureFormatDXT (46)
[2016.05.10-13.30.45:128][652]LogModuleManager: Shutting down and abandoning module ImageWrapper (45)
[2016.05.10-13.30.45:128][652]LogModuleManager: Shutting down and abandoning module TextureFormatASTC (44)
[2016.05.10-13.30.45:128][652]LogModuleManager: Shutting down and abandoning module TextureFormatAndroid (43)
[2016.05.10-13.30.45:128][652]LogModuleManager: Shutting down and abandoning module AudioFormatOpus (42)
[2016.05.10-13.30.45:133][652]LogModuleManager: Shutting down and abandoning module AudioFormatOgg (41)
[2016.05.10-13.30.45:139][652]LogModuleManager: Shutting down and abandoning module AudioFormatADPCM (40)
[2016.05.10-13.30.45:139][652]LogModuleManager: Shutting down and abandoning module LinuxTargetPlatform (39)
[2016.05.10-13.30.45:140][652]LogModuleManager: Shutting down and abandoning module LinuxServerTargetPlatform (38)
[2016.05.10-13.30.45:149][652]LogModuleManager: Shutting down and abandoning module LinuxNoEditorTargetPlatform (37)
[2016.05.10-13.30.45:155][652]LogModuleManager: Shutting down and abandoning module Messaging (36)
[2016.05.10-13.30.45:155][652]LogModuleManager: Shutting down and abandoning module IOSTargetPlatform (35)
[2016.05.10-13.30.45:155][652]LogModuleManager: Shutting down and abandoning module HTML5TargetPlatform (34)
[2016.05.10-13.30.45:155][652]LogModuleManager: Shutting down and abandoning module Android_PVRTCTargetPlatform (33)
[2016.05.10-13.30.45:155][652]LogModuleManager: Shutting down and abandoning module Android_ETC2TargetPlatform (32)
[2016.05.10-13.30.45:155][652]LogModuleManager: Shutting down and abandoning module Android_ETC1TargetPlatform (31)
[2016.05.10-13.30.45:155][652]LogModuleManager: Shutting down and abandoning module Android_DXTTargetPlatform (30)
[2016.05.10-13.30.45:155][652]LogModuleManager: Shutting down and abandoning module Android_ATCTargetPlatform (29)
[2016.05.10-13.30.45:155][652]LogModuleManager: Shutting down and abandoning module Android_ASTCTargetPlatform (28)
[2016.05.10-13.30.45:155][652]LogModuleManager: Shutting down and abandoning module AndroidTargetPlatform (27)
[2016.05.10-13.30.45:155][652]LogModuleManager: Shutting down and abandoning module WindowsTargetPlatform (26)
[2016.05.10-13.30.45:156][652]LogModuleManager: Shutting down and abandoning module WindowsServerTargetPlatform (25)
[2016.05.10-13.30.45:156][652]LogModuleManager: Shutting down and abandoning module WindowsNoEditorTargetPlatform (24)
[2016.05.10-13.30.45:156][652]LogModuleManager: Shutting down and abandoning module WindowsClientTargetPlatform (23)
[2016.05.10-13.30.45:156][652]LogModuleManager: Shutting down and abandoning module DesktopTargetPlatform (22)
[2016.05.10-13.30.45:156][652]LogModuleManager: Shutting down and abandoning module TargetPlatform (21)
[2016.05.10-13.30.45:156][652]LogModuleManager: Shutting down and abandoning module InputCore (20)
[2016.05.10-13.30.45:156][652]LogModuleManager: Shutting down and abandoning module Settings (19)
[2016.05.10-13.30.45:156][652]LogModuleManager: Shutting down and abandoning module OnlineSubsystem (17)
[2016.05.10-13.30.45:156][652]LogModuleManager: Shutting down and abandoning module HTTP (16)
[2016.05.10-13.30.45:166][652]LogModuleManager: Shutting down and abandoning module ExampleDeviceProfileSelector (15)
[2016.05.10-13.30.45:166][652]LogModuleManager: Shutting down and abandoning module DesktopPlatform (14)
[2016.05.10-13.30.45:166][652]LogModuleManager: Shutting down and abandoning module TextureCompressor (13)
[2016.05.10-13.30.45:175][652]LogModuleManager: Shutting down and abandoning module ShaderCore (12)
[2016.05.10-13.30.45:175][652]LogModuleManager: Shutting down and abandoning module Landscape (11)
[2016.05.10-13.30.45:175][652]LogModuleManager: Shutting down and abandoning module SlateRHIRenderer (10)
[2016.05.10-13.30.45:224][652]LogModuleManager: Shutting down and abandoning module OpenGLDrv (9)
[2016.05.10-13.30.45:230][652]LogModuleManager: Shutting down and abandoning module D3D11RHI (8)
[2016.05.10-13.30.45:230][652]LogModuleManager: Shutting down and abandoning module Renderer (7)
[2016.05.10-13.30.45:230][652]LogModuleManager: Shutting down and abandoning module Engine (6)
[2016.05.10-13.30.45:230][652]LogModuleManager: Shutting down and abandoning module CoreUObject (5)
[2016.05.10-13.30.45:230][652]LogModuleManager: Shutting down and abandoning module NetworkFile (4)
[2016.05.10-13.30.45:240][652]LogModuleManager: Shutting down and abandoning module StreamingFile (3)
[2016.05.10-13.30.45:248][652]LogModuleManager: Shutting down and abandoning module SandboxFile (2)
[2016.05.10-13.30.45:251][652]LogModuleManager: Shutting down and abandoning module PakFile (1)
[2016.05.10-13.30.45:260][652]LogExit: Exiting.
[2016.05.10-13.30.45:275][652]Log file closed, 05/10/16 22:30:45
