[2016.05.10-16.41.59:297][  0]Log file open, 05/11/16 01:41:59
[2016.05.10-16.41.59:297][  0]LogInit:Display: Running engine for game: unrealEngineProject
[2016.05.10-16.41.59:297][  0]LogInit:Display: RandInit(1407661412) SRandInit(1407661412).
[2016.05.10-16.41.59:297][  0]LogTaskGraph: Started task graph with 4 named threads and 5 total threads.
[2016.05.10-16.41.59:297][  0]LogStats: Stats thread started
[2016.05.10-16.41.59:297][  0]LogInit: Version: 4.8.3-2634408+++depot+UE4-Releases+4.8
[2016.05.10-16.41.59:297][  0]LogInit: API Version: 2579680
[2016.05.10-16.41.59:297][  0]LogInit: Compiled (64-bit): Jul 27 2015 16:24:33
[2016.05.10-16.41.59:297][  0]LogInit: Compiled with Visual C++: 18.00.21005.01
[2016.05.10-16.41.59:297][  0]LogInit: Build Configuration: Development
[2016.05.10-16.41.59:297][  0]LogInit: Branch Name: ++depot+UE4-Releases+4.8
[2016.05.10-16.41.59:297][  0]LogInit: Command line:  
[2016.05.10-16.41.59:297][  0]LogInit: Base directory: C:/Program Files (x86)/Epic Games/4.8/Engine/Binaries/Win64/
[2016.05.10-16.41.59:297][  0]LogInit: Rocket: 1
[2016.05.10-16.41.59:427][  0]LogInit: Using libcurl 7.41.0
[2016.05.10-16.41.59:427][  0]LogInit:  - built for x86_64-pc-win32
[2016.05.10-16.41.59:427][  0]LogInit:  - supports SSL with WinSSL
[2016.05.10-16.41.59:427][  0]LogInit:  - other features:
[2016.05.10-16.41.59:427][  0]LogInit:      CURL_VERSION_SSL
[2016.05.10-16.41.59:427][  0]LogInit:      CURL_VERSION_IPV6
[2016.05.10-16.41.59:427][  0]LogInit:      CURL_VERSION_ASYNCHDNS
[2016.05.10-16.41.59:427][  0]LogInit:      CURL_VERSION_LARGEFILE
[2016.05.10-16.41.59:427][  0]LogInit:      CURL_VERSION_IDN
[2016.05.10-16.41.59:427][  0]LogInit:  CurlRequestOptions (configurable via config and command line):
[2016.05.10-16.41.59:428][  0]LogInit:  - bVerifyPeer = true  - Libcurl will verify peer certificate
[2016.05.10-16.41.59:428][  0]LogInit:  - bUseHttpProxy = false  - Libcurl will NOT use HTTP proxy
[2016.05.10-16.41.59:428][  0]LogInit:  - bDontReuseConnections = false  - Libcurl will reuse connections
[2016.05.10-16.41.59:428][  0]LogInit:  - CertBundlePath = nullptr  - Libcurl will use whatever was configured at build time.
[2016.05.10-16.41.59:476][  0]LogOnline:Warning: No default platform service specified for OnlineSubsystem
[2016.05.10-16.41.59:504][  0]LogInit: Presizing for 0 objects not considered by GC, pre-allocating 0 bytes.
[2016.05.10-16.41.59:511][  0]LogInit: Object subsystem initialized
[2016.05.10-16.41.59:512][  0]LogConsoleResponse:Warning: Skipping Unknown console variable: 'TranslucentSortAxis = (X=0.000000,Y=-1.000000,Z=0.000000)'
[2016.05.10-16.41.59:512][  0]LogConsoleResponse:Warning:   Found in ini file 'C:/Users/jjudy/Desktop/Genie/src/unrealEngineProject/Saved/Config/Windows/Engine.ini', in section '[/Script/Engine.RendererSettings]'
[2016.05.10-16.41.59:512][  0]LogConsoleResponse:Warning: Skipping Unknown console variable: 'UIScaleRule = ShortestSide'
[2016.05.10-16.41.59:512][  0]LogConsoleResponse:Warning:   Found in ini file 'C:/Users/jjudy/Desktop/Genie/src/unrealEngineProject/Saved/Config/Windows/Engine.ini', in section '[/Script/Engine.RendererSettings]'
[2016.05.10-16.41.59:512][  0]LogConsoleResponse:Warning: Skipping Unknown console variable: 'UIScaleCurve = (EditorCurveData=(Keys=),ExternalCurve=None)'
[2016.05.10-16.41.59:512][  0]LogConsoleResponse:Warning:   Found in ini file 'C:/Users/jjudy/Desktop/Genie/src/unrealEngineProject/Saved/Config/Windows/Engine.ini', in section '[/Script/Engine.RendererSettings]'
[2016.05.10-16.41.59:512][  0]LogInit: Selected Device Profile: [Windows]
[2016.05.10-16.41.59:512][  0]LogInit: Applying CVar settings loaded from the selected device profile: [Windows]
[2016.05.10-16.41.59:531][  0]LogInit: Computer: JUDY
[2016.05.10-16.41.59:531][  0]LogInit: User: jjudy
[2016.05.10-16.41.59:531][  0]LogInit: CPU Page size=4096, Cores=2
[2016.05.10-16.41.59:531][  0]LogInit: High frequency timer resolution =2.533196 MHz
[2016.05.10-16.41.59:532][  0]LogMemory: Memory total: Physical=3.7GB (4GB approx)
[2016.05.10-16.41.59:532][  0]LogMemory: Platform Memory Stats for Windows
[2016.05.10-16.41.59:532][  0]LogMemory: Process Physical Memory: 49.93 MB used, 49.93 MB peak
[2016.05.10-16.41.59:532][  0]LogMemory: Process Virtual Memory: 22.36 MB used, 22.36 MB peak
[2016.05.10-16.41.59:532][  0]LogMemory: Physical Memory: 2983.36 MB used, 3799.78 MB total
[2016.05.10-16.41.59:532][  0]LogMemory: Virtual Memory: 313.18 MB used, 134217728.00 MB total
[2016.05.10-16.41.59:610][  0]LogTextLocalizationManager: The requested culture ('ko_KR') has no localization data; parent culture's ('ko') localization data will be used.
[2016.05.10-16.41.59:676][  0]LogTextLocalizationManager:Warning: Loaded localization resources contain conflicting entries for (Namespace:ContentBrowser, Key:ImportAssetToolTip):
Localization Resource: (C:/Program Files (x86)/Epic Games/4.8/Engine/Content/Localization/Editor/ko/Editor.locres) Source String Hash: (-630476809) Localized String: ({0} 에 임포트...)
Localization Resource: (C:/Program Files (x86)/Epic Games/4.8/Engine/Content/Localization/Editor/ko/Editor.locres) Source String Hash: (1271782899) Localized String: (파일에서 이 폴더로 애셋을 임포트합니다.)
[2016.05.10-16.41.59:940][  0]LogD3D11RHI: Found D3D11 adapter 0: NVIDIA GeForce GT 720M  (Feature Level 11_0)
[2016.05.10-16.41.59:940][  0]LogD3D11RHI: Adapter has 973MB of dedicated video memory, 0MB of dedicated system memory, and 1899MB of shared system memory, 2 output[s]
[2016.05.10-16.41.59:950][  0]LogD3D11RHI: Found D3D11 adapter 1: Intel(R) HD Graphics Family (Feature Level 11_0)
[2016.05.10-16.41.59:950][  0]LogD3D11RHI: Adapter has 112MB of dedicated video memory, 0MB of dedicated system memory, and 1899MB of shared system memory, 0 output[s]
[2016.05.10-16.41.59:954][  0]LogD3D11RHI: Found D3D11 adapter 2: Microsoft Basic Render Driver (Feature Level 11_0)
[2016.05.10-16.41.59:954][  0]LogD3D11RHI: Adapter has 0MB of dedicated video memory, 0MB of dedicated system memory, and 1899MB of shared system memory, 0 output[s]
[2016.05.10-16.41.59:954][  0]LogD3D11RHI: Chosen D3D11 Adapter Id = 0
[2016.05.10-16.41.59:961][  0]LogD3D11RHI: InitD3DDevice
[2016.05.10-16.41.59:961][  0]LogD3D11RHI: !Direct3DDevice
[2016.05.10-16.41.59:961][  0]LogRHI: Texture pool is 681 MB (70% of 973 MB)
[2016.05.10-16.41.59:978][  0]LogD3D11RHI: Async texture creation enabled
[2016.05.10-16.41.59:997][  0]LogShaderCompilers:Display: Using Local Shader Compiler.
[2016.05.10-16.42.01:153][  0]LogTemp:Display: Loaded TP DesktopTargetPlatform
[2016.05.10-16.42.01:179][  0]LogTemp:Display: Loaded TP WindowsClientTargetPlatform
[2016.05.10-16.42.01:210][  0]LogTemp:Display: Loaded TP WindowsNoEditorTargetPlatform
[2016.05.10-16.42.01:242][  0]LogTemp:Display: Loaded TP WindowsServerTargetPlatform
[2016.05.10-16.42.01:277][  0]LogTemp:Display: Loaded TP WindowsTargetPlatform
[2016.05.10-16.42.01:300][  0]LogTemp:Display: Loaded TP AndroidTargetPlatform
[2016.05.10-16.42.01:320][  0]LogTemp:Display: Loaded TP Android_ASTCTargetPlatform
[2016.05.10-16.42.01:340][  0]LogTemp:Display: Loaded TP Android_ATCTargetPlatform
[2016.05.10-16.42.01:357][  0]LogTemp:Display: Loaded TP Android_DXTTargetPlatform
[2016.05.10-16.42.01:374][  0]LogTemp:Display: Loaded TP Android_ETC1TargetPlatform
[2016.05.10-16.42.01:391][  0]LogTemp:Display: Loaded TP Android_ETC2TargetPlatform
[2016.05.10-16.42.01:411][  0]LogTemp:Display: Loaded TP Android_PVRTCTargetPlatform
[2016.05.10-16.42.01:470][  0]LogTemp:Display: Loaded TP IOSTargetPlatform
[2016.05.10-16.42.01:487][  0]LogTemp:Display: Loaded TP LinuxNoEditorTargetPlatform
[2016.05.10-16.42.01:503][  0]LogTemp:Display: Loaded TP LinuxServerTargetPlatform
[2016.05.10-16.42.01:521][  0]LogTemp:Display: Loaded TP LinuxTargetPlatform
[2016.05.10-16.42.01:521][  0]LogTargetPlatformManager:Display: Building Assets For Windows
[2016.05.10-16.42.01:804][  0]LogDerivedDataCache:Display: Max Cache Size: 512 MB
[2016.05.10-16.42.01:902][  0]LogDerivedDataCache: Loaded boot cache 0.08s 53MB C:/Users/jjudy/AppData/Local/UnrealEngine/4.8/DerivedDataCache/Boot.ddc.
[2016.05.10-16.42.01:974][  0]LogDerivedDataCache:Display: Loaded Boot cache: C:/Users/jjudy/AppData/Local/UnrealEngine/4.8/DerivedDataCache/Boot.ddc
[2016.05.10-16.42.01:975][  0]LogDerivedDataCache: FDerivedDataBackendGraph:  Pak pak cache file ../../../../../../Users/jjudy/Desktop/Genie/src/unrealEngineProject/DerivedDataCache/DDC.ddp not found, will not use a pak cache.
[2016.05.10-16.42.01:975][  0]LogDerivedDataCache: Unable to find inner node Pak for hierarchical cache Hierarchy.
[2016.05.10-16.42.01:975][  0]LogDerivedDataCache: FDerivedDataBackendGraph:  CompressedPak pak cache file ../../../../../../Users/jjudy/Desktop/Genie/src/unrealEngineProject/DerivedDataCache/Compressed.ddp not found, will not use a pak cache.
[2016.05.10-16.42.01:975][  0]LogDerivedDataCache: Unable to find inner node CompressedPak for hierarchical cache Hierarchy.
[2016.05.10-16.42.02:147][  0]LogDerivedDataCache:Display: Pak cache opened for reading ../../../Engine/DerivedDataCache/Compressed.ddp.
[2016.05.10-16.42.02:159][  0]LogDerivedDataCache: Using Local data cache path C:/Users/jjudy/AppData/Local/UnrealEngine/Common/DerivedDataCache: Writable
[2016.05.10-16.42.02:416][  0]LogInit: Selected Device Profile: [Windows]
[2016.05.10-16.42.02:508][  0]ImportText (ComponentSweepMultiTests): Missing closing parenthesis: (RootShapeAsset="/Engine/BasicShapes/Cube.Cube",ShapeType="TriggerCapsule",HitResult=(Time=0.50,Location=(X=-100.000015,Y=0.0,Z=100.000015),ImpactPoint=(X=-50.0,Y=0.0,Z=50.0),Normal=(X=-1.0,Y=-0.0,Z=0.0),ImpactNormal=(X=0.0,Y=0.0,Z=1.0),TraceStart=(X=-200.0,Y=0.0,Z=200.0),TraceEnd=(X=0.0,Y=0.0,Z=0.0))
[2016.05.10-16.42.02:509][  0]ImportText (LineTraceSingleByChannelTests): Missing closing parenthesis: (RootShapeAsset="/Engine/BasicShapes/Cube.Cube",HitResult=(Time=0.50,Location=(X=-100.000015,Y=0.0,Z=100.000015),ImpactPoint=(X=-50.0,Y=0.0,Z=50.0),Normal=(X=-1.0,Y=-0.0,Z=0.0),ImpactNormal=(X=0.0,Y=0.0,Z=1.0),TraceStart=(X=-200.0,Y=0.0,Z=200.0),TraceEnd=(X=0.0,Y=0.0,Z=0.0))
[2016.05.10-16.42.02:549][  0]LogMeshUtilities: No automatic mesh reduction module available
[2016.05.10-16.42.02:549][  0]LogMeshUtilities: No automatic mesh merging module available
[2016.05.10-16.42.02:985][  0]LogInit: WinSock: version 1.1 (2.2), MaxSocks=32767, MaxUdp=65467
[2016.05.10-16.42.04:353][  0]UdpMessaging: Initializing bridge on interface 0.0.0.0:0 to multicast group 230.0.0.1:6666.
[2016.05.10-16.42.04:916][  0]SourceControl: 정보 소스 콘트롤이 꺼졌습니다.
[2016.05.10-16.42.04:917][  0]SourceControl: 정보 소스 콘트롤이 꺼졌습니다.
[2016.05.10-16.42.04:930][  0]SourceControl: 정보 소스 콘트롤이 꺼졌습니다.
[2016.05.10-16.42.04:944][  0]SourceControl: 정보 소스 콘트롤이 꺼졌습니다.
[2016.05.10-16.42.05:306][  0]LogObj: 26289 objects as part of root set at end of initial load.
[2016.05.10-16.42.05:306][  0]LogUObjectAllocator: 5423376 out of 0 bytes used by permanent object pool.
[2016.05.10-16.42.05:400][  0]LogEngine: Initializing Engine...
[2016.05.10-16.42.05:415][  0]LogHMD: Can't find Oculus library dev build: is proper Runtime installed? Version: 0.6.0.0
[2016.05.10-16.42.05:420][  0]LogHMD:Warning: SteamVR failed to initialize.  Error: 110
[2016.05.10-16.42.05:605][  0]LogAIModule: Creating AISystem for world NewWorld
[2016.05.10-16.42.05:623][  0]LogInit: XAudio2 using '스피커/헤드폰(Realtek High Definition Audio)' : 2 channels at 48 kHz using 32 bits per sample (channel mask 0x3)
[2016.05.10-16.42.05:688][  0]LogInit: FAudioDevice initialized.
[2016.05.10-16.42.06:008][  0]LogDerivedDataCache: Saved boot cache 0.32s 53MB C:/Users/jjudy/AppData/Local/UnrealEngine/4.8/DerivedDataCache/Boot.ddc.
[2016.05.10-16.42.06:127][  0]LogInit: Texture streaming: Disabled
[2016.05.10-16.42.06:161][  0]LogAnalytics: Creating configured Analytics provider AnalyticsET
[2016.05.10-16.42.06:161][  0]LogAnalytics: [UEEditor.Rocket.Release] APIServer = http://et2.epicgames.com/ET2/. AppVersion = 4.8.3-2634408+++depot+UE4-Releases+4.8
[2016.05.10-16.42.06:162][  0]LogAnalytics: [UEEditor.Rocket.Release] SetUserId f1732f304bfe0c511e505491d9dc7863|42e094618d374ae48b60eaacf8489ca6|5a9a5a05-d2f7-4f14-8a0b-a00ba482fbc2
[2016.05.10-16.42.06:162][  0]LogAnalytics: [UEEditor.Rocket.Release] AnalyticsET::StartSession
[2016.05.10-16.42.06:209][  0]LogInit: Transaction tracking system initialized
[2016.05.10-16.42.06:415][  0]BlueprintLog: New page: 에디터 로드
[2016.05.10-16.42.06:462][  0]LogAssetRegistry: FAssetRegistry took 0.0107 seconds to start up
[2016.05.10-16.42.06:463][  0]LogDirectoryWatcher:Warning: Failed to begin reading directory changes for ../../../Engine/Plugins/Experimental/CharacterAI/Content/. Error: 0
[2016.05.10-16.42.07:722][  0]LogConsoleManager:Warning: Console variable 'r.VSync' wasn't set ('GameSetting' has a lower priority than 'SystemSettingsIni')
[2016.05.10-16.42.07:723][  0]LogConsoleResponse:Display: 
[2016.05.10-16.42.07:912][  0]LogCook:Display: Done creating registry. It took  0.00s.
[2016.05.10-16.42.08:245][  0]SourceControl: 정보 소스 콘트롤이 꺼졌습니다.
[2016.05.10-16.42.08:245][  0]Cmd: MAP LOAD FILE="../../../Engine/Content/Maps/Templates/Template_Default.umap" TEMPLATE=1 SHOWPROGRESS=1 FEATURELEVEL=3
[2016.05.10-16.42.08:246][  0]LightingResults: New page: 라이팅 빌드
[2016.05.10-16.42.08:269][  0]MapCheck: New page: 맵 체크
[2016.05.10-16.42.08:269][  0]LightingResults: New page: 라이팅 빌드
[2016.05.10-16.42.08:288][  0]LogParticles: Destroying 0 GPU particle simulations for FXSystem 0x00000228FD41A2A0
[2016.05.10-16.42.09:319][  0]LogAIModule: Creating AISystem for world Untitled_1
[2016.05.10-16.42.09:328][  0]LogEditorServer: Finished looking for orphan Actors (0.000 secs)
[2016.05.10-16.42.09:338][  0]Cmd: MAP CHECKDEP NOCLEARLOG
[2016.05.10-16.42.09:399][  0]MapCheck: 정보 맵 체크 완료: 오류 0 회, 경고 0 회, 소요 시간 61.073ms.
[2016.05.10-16.42.09:399][  0]LogFileHelpers: Loading map 'Template_Default' took 1.154
[2016.05.10-16.42.09:564][  0]LogCollectionManager: Loaded 0 collections in 0.003048 seconds
[2016.05.10-16.42.09:575][  0]LogContentBrowser: Native class hierarchy populated in 0.0099 seconds. Added 1796 classes and 303 folders.
[2016.05.10-16.42.09:650][  0]LogContentBrowser: Native class hierarchy updated for 'WidgetCarousel' in 0.0015 seconds. Added 0 classes and 0 folders.
[2016.05.10-16.42.09:696][  0]LogContentBrowser: Native class hierarchy updated for 'AddContentDialog' in 0.0031 seconds. Added 0 classes and 0 folders.
[2016.05.10-16.42.09:722][  0]LogContentBrowser: Native class hierarchy updated for 'SceneOutliner' in 0.0025 seconds. Added 1 classes and 2 folders.
[2016.05.10-16.42.09:783][  0]LogCrashTracker: Crashtracker disabled due to settings.
[2016.05.10-16.42.09:790][  0]LogD3D11RHI: InitD3DDevice
[2016.05.10-16.42.09:886][  0]LogWindowsTextInputMethodSystem:Display: IME system now activated using TSF (Microsoft 입력기).
[2016.05.10-16.42.09:897][  0]LogD3D11RHI: InitD3DDevice
[2016.05.10-16.42.10:003][  0]LogLoad: Full Startup: 13.23 seconds (BP compile: 0.14 seconds)
[2016.05.10-16.42.10:167][  0]LogContentStreaming: Texture pool size is 0.000000MB
[2016.05.10-16.42.10:197][  0]LogContentStreaming: Texture pool size now 400 MB
[2016.05.10-16.42.10:375][  0]LogRenderer: Reallocating scene render targets to support 1208x576 (Frame:2).
[2016.05.10-16.42.12:263][  7]LogAssetRegistry: Asset discovery search completed in 5.8112 seconds
[2016.05.10-16.43.10:805][455]LogD3D11RHI: InitD3DDevice
[2016.05.10-16.43.20:837][485]LogD3D11RHI: InitD3DDevice
[2016.05.10-16.43.21:904][545]LogD3D11RHI: InitD3DDevice
[2016.05.10-16.50.18:296][636]LogD3D11RHI: InitD3DDevice
[2016.05.10-16.50.18:606][636]Recompiling unrealEngineProject...
[2016.05.10-16.50.18:664][636]Launching UnrealBuildTool... [C:/Program Files (x86)/Epic Games/4.8/Engine/Binaries/DotNET/UnrealBuildTool.exe unrealEngineProject -ModuleWithSuffix unrealEngineProject 3787 Win64 Development -editorrecompile -canskiplink "C:/Users/jjudy/Desktop/Genie/src/unrealEngineProject/unrealEngineProject.uproject" -rocket  -rocket]
[2016.05.10-16.50.18:804][636]Warning: Starting HotReload took  3.2s.
[2016.05.10-16.54.45:124][630]CompilerResultsLog: New page: 컴파일 - 2016. 5. 11. 오전 10:54:43
[2016.05.10-16.54.45:185][630]CompilerResultsLog: 정보 Compiling game modules for hot reload
[2016.05.10-16.54.45:185][630]CompilerResultsLog: 정보 Parsing headers for unrealEngineProjectEditor
[2016.05.10-16.54.45:185][630]CompilerResultsLog: 정보 Reflection code generated for unrealEngineProjectEditor
[2016.05.10-16.54.45:185][630]CompilerResultsLog: 정보 Performing 3 actions (2 in parallel)
[2016.05.10-16.54.45:185][630]CompilerResultsLog: 정보 GenieCharacter.cpp
[2016.05.10-16.54.45:185][630]CompilerResultsLog: 정보 unrealEngineProject.generated.cpp
[2016.05.10-16.54.45:185][630]CompilerResultsLog: 정보 [3/3] Link UE4Editor-unrealEngineProject-3787.dll
[2016.05.10-16.54.45:185][630]CompilerResultsLog: 정보    Creating library C:\Users\jjudy\Desktop\Genie\src\unrealEngineProject\Intermediate/Build/Win64\UE4Editor\Development\UE4Editor-unrealEngineProject-3787.lib and object C:\Users\jjudy\Desktop\Genie\src\unrealEngineProject\Intermediate/Build/Win64\UE4Editor\Development\UE4Editor-unrealEngineProject-3787.exp
[2016.05.10-16.54.45:185][630]CompilerResultsLog: 정보 -------- End Detailed Actions Stats -----------------------------------------------------------
[2016.05.10-16.54.45:185][630]CompilerResultsLog: 정보 Total build time: 262.52 seconds
[2016.05.10-16.54.45:249][630]LogMainFrame: MainFrame: Module compiling took 268.601 seconds
[2016.05.10-16.55.06:648][630]LogClass: Could not find existing class GenieCharacter in package /Script/unrealEngineProject for HotReload, assuming new class
[2016.05.10-16.55.07:526][630]LogHotReload: Re-instancing GenieCharacter after hot-reload.
[2016.05.10-16.55.17:263][630]LogContentBrowser: Native class hierarchy updated for 'unrealEngineProject' in 0.5149 seconds. Added 4 classes and 2 folders.
[2016.05.10-16.55.17:267][630]Warning: HotReload successful (0 functions remapped  0 scriptstructs remapped)
[2016.05.10-16.55.21:391][630]LogContentBrowser: Native class hierarchy populated in 0.9208 seconds. Added 1797 classes and 305 folders.
[2016.05.10-16.57.33:494][ 71]LogD3D11RHI: InitD3DDevice
[2016.05.10-16.57.34:299][115]LogD3D11RHI: InitD3DDevice
[2016.05.10-16.57.35:268][155]LogD3D11RHI: InitD3DDevice
[2016.05.10-16.57.35:671][155]LogD3D11RHI: InitD3DDevice
[2016.05.10-16.58.03:448][783]LogD3D11RHI: InitD3DDevice
[2016.05.10-16.58.04:002][783]LogD3D11RHI: InitD3DDevice
[2016.05.10-16.58.05:207][783]LogLinker:Warning: Asset '../../../Engine/Content/ArtTools/RenderToTexture/Macros/RenderToTextureMacros.uasset' has been saved with empty engine version. The asset will be loaded but may be incompatible.
[2016.05.10-16.58.05:703][783]LogLinker:Warning: Asset '../../../Engine/Content/ArtTools/RenderToTexture/Enums/RenderToTexture_Enum.uasset' has been saved with empty engine version. The asset will be loaded but may be incompatible.
[2016.05.10-16.58.10:592][783]LogActor:Warning: Natively added component (GenieCharacter_BP_C_0.RootComponent) was left unattached from the actor's root.
[2016.05.10-16.58.12:166][783]LogRenderer: Reallocating scene render targets to support 1208x712 (Frame:6).
[2016.05.10-16.58.22:221][ 10]LogD3D11RHI: InitD3DDevice
[2016.05.10-16.58.28:397][110]LogActorComponent: UnregisterComponent: (/Engine/Transient.CharMoveComp) Not registered. Aborting.
[2016.05.10-16.58.30:643][144]LogActorComponent: UnregisterComponent: (/Engine/Transient.CharacterMovementComponent_0) Not registered. Aborting.
[2016.05.10-16.58.34:223][215]LogActorComponent: UnregisterComponent: (/Engine/Transient.CharacterMovementComponent_1) Not registered. Aborting.
[2016.05.10-16.58.39:601][302]LogD3D11RHI: InitD3DDevice
[2016.05.10-16.58.47:721][514]LogSlate:Warning: Prevented a slow task dialog from being summoned while a context menu was open
[2016.05.10-16.58.47:970][514]LogActorComponent: UnregisterComponent: (/Engine/Transient.CharacterMovementComponent_2) Not registered. Aborting.
[2016.05.10-16.59.40:991][438]LogActorComponent: UnregisterComponent: (/Engine/Transient.CharacterMovementComponent_3) Not registered. Aborting.
[2016.05.10-16.59.43:641][497]LogActorComponent: UnregisterComponent: (/Engine/Transient.CharacterMovementComponent_4) Not registered. Aborting.
[2016.05.10-16.59.46:321][550]LogActorComponent: UnregisterComponent: (/Engine/Transient.CharacterMovementComponent_5) Not registered. Aborting.
[2016.05.10-16.59.52:471][677]LogD3D11RHI: InitD3DDevice
[2016.05.10-16.59.55:567][729]BlueprintLog: New page: GenieCharacter_BP 컴파일
[2016.05.10-16.59.55:745][729]LogActor:Warning: Natively added component (GenieCharacter_BP_C_1.RootComponent) was left unattached from the actor's root.
[2016.05.10-16.59.55:976][729]LogActorComponent: UnregisterComponent: (/Engine/Transient.CharacterMovementComponent_6) Not registered. Aborting.
[2016.05.10-16.59.56:210][729]BlueprintEditorCompileResults: 정보 [1079.43] GenieCharacter_BP 컴파일에 성공했습니다! [소요시간 642 ms]
[2016.05.10-16.59.57:711][756]LogD3D11RHI: InitD3DDevice
[2016.05.10-16.59.57:836][756]Cmd: OBJ SAVEPACKAGE PACKAGE="/Game/BP/GenieCharacter_BP" FILE="../../../../../../Users/jjudy/Desktop/Genie/src/unrealEngineProject/Content/BP/GenieCharacter_BP.uasset" SILENT=true
[2016.05.10-16.59.58:019][756]LogSavePackage: Save=173.334396ms
[2016.05.10-16.59.58:020][756]LogSavePackage: Moving '../../../../../../Users/jjudy/Desktop/Genie/src/unrealEngineProject/Saved/GenieCharacter_BP667020C0499BBC715D108C8B8EB65933.tmp' to '../../../../../../Users/jjudy/Desktop/Genie/src/unrealEngineProject/Content/BP/GenieCharacter_BP.uasset'
[2016.05.10-17.00.19:136][  8]LogD3D11RHI: InitD3DDevice
[2016.05.10-17.00.19:568][ 33]LogD3D11RHI: InitD3DDevice
[2016.05.10-17.00.20:736][105]LogD3D11RHI: InitD3DDevice
[2016.05.10-17.00.20:762][105]LogD3D11RHI: InitD3DDevice
[2016.05.10-17.00.35:028][564]LogD3D11RHI: InitD3DDevice
[2016.05.10-17.00.35:121][564]LogD3D11RHI: InitD3DDevice
[2016.05.10-17.00.35:626][564]LogActor:Warning: GameNetworkManager /Engine/Transient.World_5:PersistentLevel.GameNetworkManager_0 has natively added scene component(s), but none of them were set as the actor's RootComponent - picking one arbitrarily
[2016.05.10-17.00.37:422][588]LogD3D11RHI: InitD3DDevice
[2016.05.10-17.00.43:918][749]BlueprintLog: New page: GenieMode_BP 컴파일
[2016.05.10-17.00.44:016][749]LogActorComponent: UnregisterComponent: (/Engine/Transient.CharMoveComp) Not registered. Aborting.
[2016.05.10-17.00.44:212][749]BlueprintEditorCompileResults: 정보 [1127.43] GenieMode_BP 컴파일에 성공했습니다! [소요시간 292 ms]
[2016.05.10-17.00.44:981][773]LogD3D11RHI: InitD3DDevice
[2016.05.10-17.00.45:025][773]Cmd: OBJ SAVEPACKAGE PACKAGE="/Game/BP/GenieMode_BP" FILE="../../../../../../Users/jjudy/Desktop/Genie/src/unrealEngineProject/Content/BP/GenieMode_BP.uasset" SILENT=true
[2016.05.10-17.00.45:043][773]LogSavePackage: Save=15.056869ms
[2016.05.10-17.00.45:043][773]LogSavePackage: Moving '../../../../../../Users/jjudy/Desktop/Genie/src/unrealEngineProject/Saved/GenieMode_BP6141D64F46E515D580E37C957AC0E348.tmp' to '../../../../../../Users/jjudy/Desktop/Genie/src/unrealEngineProject/Content/BP/GenieMode_BP.uasset'
[2016.05.10-17.00.49:293][934]LogD3D11RHI: InitD3DDevice
[2016.05.10-17.00.49:459][934]LogUObjectGlobals:Warning: Guid is in use by ArrowComponent /Temp/Untitled_1.Untitled_1:PersistentLevel.LightSource.ArrowComponent0 and ArrowComponent /Game/Map/GenieStart.GenieStart:PersistentLevel.LightSource.ArrowComponent0, which should never happen in the editor but could happen at runtime with duplicate level loading or PIE
[2016.05.10-17.00.49:459][934]LogUObjectGlobals:Warning: Guid is in use by ArrowComponent /Temp/Untitled_1.Untitled_1:PersistentLevel.PlayerStart.Arrow and ArrowComponent /Game/Map/GenieStart.GenieStart:PersistentLevel.PlayerStart.Arrow, which should never happen in the editor but could happen at runtime with duplicate level loading or PIE
[2016.05.10-17.00.49:459][934]LogUObjectGlobals:Warning: Guid is in use by BillboardComponent /Temp/Untitled_1.Untitled_1:PersistentLevel.PlayerStart.Sprite and BillboardComponent /Game/Map/GenieStart.GenieStart:PersistentLevel.PlayerStart.Sprite, which should never happen in the editor but could happen at runtime with duplicate level loading or PIE
[2016.05.10-17.00.49:459][934]LogUObjectGlobals:Warning: Guid is in use by BillboardComponent /Temp/Untitled_1.Untitled_1:PersistentLevel.PlayerStart.Sprite2 and BillboardComponent /Game/Map/GenieStart.GenieStart:PersistentLevel.PlayerStart.Sprite2, which should never happen in the editor but could happen at runtime with duplicate level loading or PIE
[2016.05.10-17.00.49:459][934]LogUObjectGlobals:Warning: Guid is in use by BillboardComponent /Temp/Untitled_1.Untitled_1:PersistentLevel.SkyLight_1.Sprite and BillboardComponent /Game/Map/GenieStart.GenieStart:PersistentLevel.SkyLight_1.Sprite, which should never happen in the editor but could happen at runtime with duplicate level loading or PIE
[2016.05.10-17.00.49:459][934]LogUObjectGlobals:Warning: Guid is in use by CapsuleComponent /Temp/Untitled_1.Untitled_1:PersistentLevel.PlayerStart.CollisionCapsule and CapsuleComponent /Game/Map/GenieStart.GenieStart:PersistentLevel.PlayerStart.CollisionCapsule, which should never happen in the editor but could happen at runtime with duplicate level loading or PIE
[2016.05.10-17.00.49:460][934]LogUObjectGlobals:Warning: Guid is in use by DirectionalLightComponent /Temp/Untitled_1.Untitled_1:PersistentLevel.LightSource.LightComponent0 and DirectionalLightComponent /Game/Map/GenieStart.GenieStart:PersistentLevel.LightSource.LightComponent0, which should never happen in the editor but could happen at runtime with duplicate level loading or PIE
[2016.05.10-17.00.49:478][934]LogUObjectGlobals:Warning: Guid is in use by SkyLightComponent /Temp/Untitled_1.Untitled_1:PersistentLevel.SkyLight_1.SkyLightComponent0 and SkyLightComponent /Game/Map/GenieStart.GenieStart:PersistentLevel.SkyLight_1.SkyLightComponent0, which should never happen in the editor but could happen at runtime with duplicate level loading or PIE
[2016.05.10-17.00.49:561][934]LogAIModule: Creating AISystem for world GenieStart
[2016.05.10-17.00.49:623][934]LogActorComponent: UnregisterComponent: (/Engine/Transient.CharMoveComp) Not registered. Aborting.
[2016.05.10-17.00.49:805][934]Cmd: MAP LOAD FILE="../../../../../../Users/jjudy/Desktop/Genie/src/unrealEngineProject/Content/Map/GenieStart.umap" TEMPLATE=0 SHOWPROGRESS=1 FEATURELEVEL=3
[2016.05.10-17.00.49:825][934]LightingResults: New page: 라이팅 빌드
[2016.05.10-17.00.50:090][934]LoadErrors: New page: 맵 로드중: GenieStart.umap
[2016.05.10-17.00.50:209][934]MapCheck: New page: 맵 체크
[2016.05.10-17.00.50:209][934]LightingResults: New page: 라이팅 빌드
[2016.05.10-17.00.50:395][934]LogParticles: Destroying 0 GPU particle simulations for FXSystem 0x00000228F2A4BB00
[2016.05.10-17.00.50:420][934]LogParticles: Destroying 0 GPU particle simulations for FXSystem 0x00000228F1F732E0
[2016.05.10-17.00.50:521][934]LogParticles: Destroying 0 GPU particle simulations for FXSystem 0x00000228EFF6D9E0
[2016.05.10-17.00.50:751][934]LogAIModule: Creating AISystem for world GenieStart
[2016.05.10-17.00.50:838][934]LogEditorServer: Finished looking for orphan Actors (0.000 secs)
[2016.05.10-17.00.51:219][934]Cmd: MAP CHECKDEP NOCLEARLOG
[2016.05.10-17.00.51:810][934]MapCheck: 정보 맵 체크 완료: 오류 0 회, 경고 0 회, 소요 시간 590.339ms.
[2016.05.10-17.00.51:818][934]LogFileHelpers: Loading map 'GenieStart' took 2.143
[2016.05.10-17.01.01:180][394]LogD3D11RHI: InitD3DDevice
[2016.05.10-17.01.01:255][394]LogAIModule: Creating AISystem for world Genie
[2016.05.10-17.01.01:567][394]LogD3D11RHI: InitD3DDevice
[2016.05.10-17.01.02:518][457]LogD3D11RHI: InitD3DDevice
[2016.05.10-17.01.03:430][487]LogD3D11RHI: InitD3DDevice
[2016.05.10-17.01.05:652][487]LogD3D11RHI: InitD3DDevice
[2016.05.10-17.01.05:807][487]LogD3D11RHI: InitD3DDevice
[2016.05.10-17.01.05:848][487]LogD3D11RHI: InitD3DDevice
[2016.05.10-17.01.13:227][850]LogD3D11RHI: InitD3DDevice
[2016.05.10-17.01.14:335][910]LogD3D11RHI: InitD3DDevice
[2016.05.10-17.01.20:671][ 88]LogD3D11RHI: InitD3DDevice
[2016.05.10-17.01.20:694][ 88]LogSlate:Warning: Prevented a slow task dialog from being summoned while a context menu was open
[2016.05.10-17.01.36:543][442]LogD3D11RHI: InitD3DDevice
[2016.05.10-17.01.36:593][442]Cmd: OBJ SAVEPACKAGE PACKAGE="/Game/Map/GenieStart" FILE="../../../../../../Users/jjudy/Desktop/Genie/src/unrealEngineProject/Content/Map/GenieStart.umap" SILENT=true AUTOSAVING=false KEEPDIRTY=false
[2016.05.10-17.01.36:808][442]LogSavePackage: Save=60.521965ms
[2016.05.10-17.01.36:808][442]LogSavePackage: Moving '../../../../../../Users/jjudy/Desktop/Genie/src/unrealEngineProject/Saved/GenieStart6958623C41F9206971C44A9852FA12EE.tmp' to '../../../../../../Users/jjudy/Desktop/Genie/src/unrealEngineProject/Content/Map/GenieStart.umap'
[2016.05.10-17.01.39:550][527]LogPlayLevel: PIE:  No blueprints needed recompiling
[2016.05.10-17.01.39:580][527]PIE: New page: PIE 세션: GenieStart (2016. 5. 11. 오전 11:01:39)
[2016.05.10-17.01.39:599][527]LogPlayLevel: Creating play world package: /Game/Map/UEDPIE_0_GenieStart
[2016.05.10-17.01.39:635][527]LogPlayLevel: PIE: StaticDuplicateObject took: (0.035423s)
[2016.05.10-17.01.39:636][527]LogAIModule: Creating AISystem for world GenieStart
[2016.05.10-17.01.39:641][527]LogPlayLevel: PIE: World Init took: (0.001476s)
[2016.05.10-17.01.39:641][527]LogPlayLevel: PIE: Created PIE world by copying editor world from /Game/Map/GenieStart.GenieStart to /Game/Map/UEDPIE_0_GenieStart.GenieStart (0.053361s)
[2016.05.10-17.01.39:772][527]LogInit: XAudio2 using '스피커/헤드폰(Realtek High Definition Audio)' : 2 channels at 48 kHz using 32 bits per sample (channel mask 0x3)
[2016.05.10-17.01.39:860][527]LogInit: FAudioDevice initialized.
[2016.05.10-17.01.40:365][527]LogWorld: Game class is 'GenieMode_BP_C'
[2016.05.10-17.01.40:603][527]LogWorld: Bringing World /Game/Map/UEDPIE_0_GenieStart.GenieStart up for play (max tick rate 0) at 2016.05.11-02.01.40
[2016.05.10-17.01.40:603][527]LogActor:Warning: GameSession /Game/Map/UEDPIE_0_GenieStart.GenieStart:PersistentLevel.GameSession_0 has natively added scene component(s), but none of them were set as the actor's RootComponent - picking one arbitrarily
[2016.05.10-17.01.40:604][527]LogActor:Warning: GameNetworkManager /Game/Map/UEDPIE_0_GenieStart.GenieStart:PersistentLevel.GameNetworkManager_1 has natively added scene component(s), but none of them were set as the actor's RootComponent - picking one arbitrarily
[2016.05.10-17.01.40:636][527]LogWorld: Bringing up level for play took: 0.035244
[2016.05.10-17.01.40:862][527]LogActor:Warning: Natively added component (GenieCharacter_BP_C_2.RootComponent) was left unattached from the actor's root.
[2016.05.10-17.01.40:909][527]PIE: 정보 /Game/Map/UEDPIE_0_GenieStart 에 대한 에디터에서 플레이 시작 시간: 1.07
[2016.05.10-17.01.44:426][713]LogParticles: Destroying 0 GPU particle simulations for FXSystem 0x00000228EAA9A980
[2016.05.10-17.01.58:559][390]LogD3D11RHI: InitD3DDevice
[2016.05.10-17.01.59:407][444]LogD3D11RHI: InitD3DDevice
[2016.05.10-17.02.00:229][478]LogD3D11RHI: InitD3DDevice
[2016.05.10-17.02.05:440][478]LogD3D11RHI: InitD3DDevice
[2016.05.10-17.02.05:448][478]LightingResults: New page: 라이팅 빌드
[2016.05.10-17.02.05:457][478]MapCheck: New page: 맵 체크
[2016.05.10-17.02.05:457][478]LightingResults: New page: 라이팅 빌드
[2016.05.10-17.02.05:506][478]LogParticles: Destroying 0 GPU particle simulations for FXSystem 0x00000228F37A1E40
[2016.05.10-17.02.05:533][478]LogAIModule: Creating AISystem for world NewWorld
[2016.05.10-17.02.05:593][478]LoadErrors: New page: 새 맵
[2016.05.10-17.02.05:658][478]LogAIModule: Creating AISystem for world GenieStart
[2016.05.10-17.02.10:976][646]LogD3D11RHI: InitD3DDevice
[2016.05.10-17.02.15:153][862]LogD3D11RHI: InitD3DDevice
[2016.05.10-17.02.16:404][862]LogD3D11RHI: InitD3DDevice
[2016.05.10-17.02.19:180][862]Cmd: MAP LOAD FILE="../../../Engine/Content/Maps/Templates/Template_Default.umap" TEMPLATE=1 SHOWPROGRESS=1 FEATURELEVEL=3
[2016.05.10-17.02.19:230][862]LogD3D11RHI: InitD3DDevice
[2016.05.10-17.02.19:271][862]LightingResults: New page: 라이팅 빌드
[2016.05.10-17.02.19:464][862]LoadErrors: New page: 맵 로드중: Template_Default.umap
[2016.05.10-17.02.19:464][862]MapCheck: New page: 맵 체크
[2016.05.10-17.02.19:464][862]LightingResults: New page: 라이팅 빌드
[2016.05.10-17.02.19:534][862]LogParticles: Destroying 0 GPU particle simulations for FXSystem 0x00000228A28513A0
[2016.05.10-17.02.19:711][862]LogAIModule: Creating AISystem for world Untitled_3
[2016.05.10-17.02.19:843][862]LogEditorServer: Finished looking for orphan Actors (0.000 secs)
[2016.05.10-17.02.19:868][862]Cmd: MAP CHECKDEP NOCLEARLOG
[2016.05.10-17.02.19:946][862]MapCheck: 정보 맵 체크 완료: 오류 0 회, 경고 0 회, 소요 시간 78.09ms.
[2016.05.10-17.02.19:946][862]LogFileHelpers: Loading map 'Template_Default' took 0.769
[2016.05.10-17.02.24:050][127]LogD3D11RHI: InitD3DDevice
[2016.05.10-17.02.25:502][168]LogD3D11RHI: InitD3DDevice
[2016.05.10-17.02.30:510][322]LogD3D11RHI: InitD3DDevice
[2016.05.10-17.02.30:536][322]LogSlate:Warning: Prevented a slow task dialog from being summoned while a context menu was open
[2016.05.10-17.02.36:202][527]LogPlayLevel: PIE:  No blueprints needed recompiling
[2016.05.10-17.02.36:202][527]PIE: New page: PIE 세션: Untitled_3 (2016. 5. 11. 오전 11:02:36)
[2016.05.10-17.02.36:203][527]LogPlayLevel: Creating play world package: /Temp/UEDPIE_0_Untitled_3
[2016.05.10-17.02.36:216][527]LogPlayLevel: PIE: StaticDuplicateObject took: (0.012956s)
[2016.05.10-17.02.36:217][527]LogAIModule: Creating AISystem for world Untitled_3
[2016.05.10-17.02.36:218][527]LogPlayLevel: PIE: World Init took: (0.001673s)
[2016.05.10-17.02.36:218][527]LogPlayLevel: PIE: Created PIE world by copying editor world from /Temp/Untitled_3.Untitled_3 to /Temp/UEDPIE_0_Untitled_3.Untitled_3 (0.014838s)
[2016.05.10-17.02.36:281][527]LogInit: XAudio2 using '스피커/헤드폰(Realtek High Definition Audio)' : 2 channels at 48 kHz using 32 bits per sample (channel mask 0x3)
[2016.05.10-17.02.36:320][527]LogInit: FAudioDevice initialized.
[2016.05.10-17.02.36:382][527]LogWorld: Game class is 'GenieMode_BP_C'
[2016.05.10-17.02.36:385][527]LogWorld: Bringing World /Temp/UEDPIE_0_Untitled_3.Untitled_3 up for play (max tick rate 0) at 2016.05.11-02.02.36
[2016.05.10-17.02.36:385][527]LogActor:Warning: GameSession /Temp/UEDPIE_0_Untitled_3.Untitled_3:PersistentLevel.GameSession_1 has natively added scene component(s), but none of them were set as the actor's RootComponent - picking one arbitrarily
[2016.05.10-17.02.36:385][527]LogActor:Warning: GameNetworkManager /Temp/UEDPIE_0_Untitled_3.Untitled_3:PersistentLevel.GameNetworkManager_2 has natively added scene component(s), but none of them were set as the actor's RootComponent - picking one arbitrarily
[2016.05.10-17.02.36:386][527]LogWorld: Bringing up level for play took: 0.002591
[2016.05.10-17.02.36:410][527]LogActor:Warning: Natively added component (GenieCharacter_BP_C_3.RootComponent) was left unattached from the actor's root.
[2016.05.10-17.02.36:563][527]PIE: 정보 /Temp/UEDPIE_0_Untitled_3 에 대한 에디터에서 플레이 시작 시간: 0.724
[2016.05.10-17.02.39:861][640]LogParticles: Destroying 0 GPU particle simulations for FXSystem 0x00000228EF85F7E0
[2016.05.10-17.02.43:136][770]LogD3D11RHI: InitD3DDevice
[2016.05.10-17.02.43:198][770]LogD3D11RHI: InitD3DDevice
[2016.05.10-17.02.43:383][770]LogLinker:Warning: Asset '../../../Engine/Content/ArtTools/RenderToTexture/Macros/RenderToTextureMacros.uasset' has been saved with empty engine version. The asset will be loaded but may be incompatible.
[2016.05.10-17.02.43:416][770]LogLinker:Warning: Asset '../../../Engine/Content/ArtTools/RenderToTexture/Enums/RenderToTexture_Enum.uasset' has been saved with empty engine version. The asset will be loaded but may be incompatible.
[2016.05.10-17.02.43:857][770]LogActor:Warning: Natively added component (GenieCharacter_BP_C_4.RootComponent) was left unattached from the actor's root.
[2016.05.10-17.02.49:164][885]LogD3D11RHI: InitD3DDevice
[2016.05.10-17.02.49:238][885]LogD3D11RHI: InitD3DDevice
[2016.05.10-17.02.49:849][885]LogActor:Warning: Natively added component (GenieCharacter_BP_C_5.RootComponent) was left unattached from the actor's root.
[2016.05.10-17.03.08:863][325]LogActorComponent: UnregisterComponent: (/Engine/Transient.CharMoveComp) Not registered. Aborting.
[2016.05.10-17.03.12:307][392]LogActorComponent: UnregisterComponent: (/Engine/Transient.CharacterMovementComponent_7) Not registered. Aborting.
[2016.05.10-17.03.21:270][583]BlueprintLog: New page: GenieCharacter_BP 컴파일
[2016.05.10-17.03.21:355][583]LogActor:Warning: Natively added component (GenieCharacter_BP_C_0.RootComponent) was left unattached from the actor's root.
[2016.05.10-17.03.21:425][583]LogActorComponent: UnregisterComponent: (/Engine/Transient.CharacterMovementComponent_8) Not registered. Aborting.
[2016.05.10-17.03.21:468][583]LogParticles: Destroying 0 GPU particle simulations for FXSystem 0x00000228EAA98E00
[2016.05.10-17.03.21:513][583]BlueprintEditorCompileResults: 정보 [1284.74] GenieCharacter_BP 컴파일에 성공했습니다! [소요시간 243 ms]
[2016.05.10-17.03.22:210][591]LogD3D11RHI: InitD3DDevice
[2016.05.10-17.03.22:276][591]Cmd: OBJ SAVEPACKAGE PACKAGE="/Game/BP/GenieCharacter_BP" FILE="../../../../../../Users/jjudy/Desktop/Genie/src/unrealEngineProject/Content/BP/GenieCharacter_BP.uasset" SILENT=true
[2016.05.10-17.03.22:314][591]LogSavePackage: Save=30.395596ms
[2016.05.10-17.03.22:314][591]LogSavePackage: Moving '../../../../../../Users/jjudy/Desktop/Genie/src/unrealEngineProject/Saved/GenieCharacter_BP12974F404FC94AC2DABE61A2F6051C5D.tmp' to '../../../../../../Users/jjudy/Desktop/Genie/src/unrealEngineProject/Content/BP/GenieCharacter_BP.uasset'
[2016.05.10-17.03.24:942][658]LogPlayLevel: PIE:  No blueprints needed recompiling
[2016.05.10-17.03.24:942][658]PIE: New page: PIE 세션: Untitled_3 (2016. 5. 11. 오전 11:03:24)
[2016.05.10-17.03.24:943][658]LogPlayLevel: Creating play world package: /Temp/UEDPIE_0_Untitled_3
[2016.05.10-17.03.24:945][658]LogPlayLevel: PIE: StaticDuplicateObject took: (0.002422s)
[2016.05.10-17.03.24:946][658]LogAIModule: Creating AISystem for world Untitled_3
[2016.05.10-17.03.24:947][658]LogPlayLevel: PIE: World Init took: (0.001783s)
[2016.05.10-17.03.24:947][658]LogPlayLevel: PIE: Created PIE world by copying editor world from /Temp/Untitled_3.Untitled_3 to /Temp/UEDPIE_0_Untitled_3.Untitled_3 (0.004472s)
[2016.05.10-17.03.24:947][658]LogActorComponent: UnregisterComponent: (/Engine/Transient.CharMoveComp) Not registered. Aborting.
[2016.05.10-17.03.25:013][658]LogInit: XAudio2 using '스피커/헤드폰(Realtek High Definition Audio)' : 2 channels at 48 kHz using 32 bits per sample (channel mask 0x3)
[2016.05.10-17.03.25:056][658]LogInit: FAudioDevice initialized.
[2016.05.10-17.03.25:096][658]LogWorld: Game class is 'GenieMode_BP_C'
[2016.05.10-17.03.25:100][658]LogWorld: Bringing World /Temp/UEDPIE_0_Untitled_3.Untitled_3 up for play (max tick rate 0) at 2016.05.11-02.03.25
[2016.05.10-17.03.25:100][658]LogActor:Warning: GameSession /Temp/UEDPIE_0_Untitled_3.Untitled_3:PersistentLevel.GameSession_2 has natively added scene component(s), but none of them were set as the actor's RootComponent - picking one arbitrarily
[2016.05.10-17.03.25:101][658]LogActor:Warning: GameNetworkManager /Temp/UEDPIE_0_Untitled_3.Untitled_3:PersistentLevel.GameNetworkManager_3 has natively added scene component(s), but none of them were set as the actor's RootComponent - picking one arbitrarily
[2016.05.10-17.03.25:101][658]LogWorld: Bringing up level for play took: 0.002577
[2016.05.10-17.03.25:103][658]LogActor:Warning: Natively added component (GenieCharacter_BP_C_1.RootComponent) was left unattached from the actor's root.
[2016.05.10-17.03.25:106][658]PIE: 정보 /Temp/UEDPIE_0_Untitled_3 에 대한 에디터에서 플레이 시작 시간: -0.733
[2016.05.10-17.03.26:359][707]LogParticles: Destroying 0 GPU particle simulations for FXSystem 0x00000228F37A0360
[2016.05.10-17.07.12:622][287]LogD3D11RHI: InitD3DDevice
[2016.05.10-17.07.12:623][287]Recompiling unrealEngineProject...
[2016.05.10-17.07.12:624][287]Launching UnrealBuildTool... [C:/Program Files (x86)/Epic Games/4.8/Engine/Binaries/DotNET/UnrealBuildTool.exe unrealEngineProject -ModuleWithSuffix unrealEngineProject 5620 Win64 Development -editorrecompile -canskiplink "C:/Users/jjudy/Desktop/Genie/src/unrealEngineProject/unrealEngineProject.uproject" -rocket  -rocket]
[2016.05.10-17.07.12:693][287]Warning: Starting HotReload took  0.2s.
[2016.05.10-17.11.08:648][929]CompilerResultsLog: New page: 컴파일 - 2016. 5. 11. 오전 11:11:08
[2016.05.10-17.11.08:650][929]CompilerResultsLog: 정보 Compiling game modules for hot reload
[2016.05.10-17.11.08:650][929]CompilerResultsLog: 정보 Parsing headers for unrealEngineProjectEditor
[2016.05.10-17.11.08:650][929]CompilerResultsLog: 정보 Reflection code generated for unrealEngineProjectEditor
[2016.05.10-17.11.08:650][929]CompilerResultsLog: 정보 Performing 4 actions (2 in parallel)
[2016.05.10-17.11.08:650][929]CompilerResultsLog: 정보 unrealEngineProject.generated.cpp
[2016.05.10-17.11.08:650][929]CompilerResultsLog: 정보 GenieAnimInstance.cpp
[2016.05.10-17.11.08:650][929]CompilerResultsLog: 정보 GenieCharacter.cpp
[2016.05.10-17.11.08:650][929]CompilerResultsLog: 정보 [4/4] Link UE4Editor-unrealEngineProject-5620.dll
[2016.05.10-17.11.08:650][929]CompilerResultsLog: 정보    Creating library C:\Users\jjudy\Desktop\Genie\src\unrealEngineProject\Intermediate/Build/Win64\UE4Editor\Development\UE4Editor-unrealEngineProject-5620.lib and object C:\Users\jjudy\Desktop\Genie\src\unrealEngineProject\Intermediate/Build/Win64\UE4Editor\Development\UE4Editor-unrealEngineProject-5620.exp
[2016.05.10-17.11.08:650][929]CompilerResultsLog: 정보 -------- End Detailed Actions Stats -----------------------------------------------------------
[2016.05.10-17.11.08:650][929]CompilerResultsLog: 정보 Total build time: 233.90 seconds
[2016.05.10-17.11.08:650][929]LogMainFrame: MainFrame: Module compiling took 236.058 seconds
[2016.05.10-17.11.08:705][929]LogActorComponent: UnregisterComponent: (/Engine/Transient.CharMoveComp) Not registered. Aborting.
[2016.05.10-17.11.15:973][929]LogClass: Could not find existing class GenieAnimInstance in package /Script/unrealEngineProject for HotReload, assuming new class
[2016.05.10-17.11.15:978][929]LogClass: Could not find existing class GenieCharacter in package /Script/unrealEngineProject for HotReload, assuming new class
[2016.05.10-17.11.16:018][929]LogClass: Function IsHappy is new.
[2016.05.10-17.11.16:072][929]LogWindows:Error: Windows GetLastError: 작업을 완료했습니다. (0)
[2016.05.10-17.11.16:393][929]LogCrashTracker: 


