[2016.05.11-04.31.46:696][  0]Log file open, 05/11/16 13:31:46
[2016.05.11-04.31.46:696][  0]LogInit:Display: Running engine for game: unrealEngineProject
[2016.05.11-04.31.46:696][  0]LogInit:Display: RandInit(1935676516) SRandInit(1935676517).
[2016.05.11-04.31.46:696][  0]LogTaskGraph: Started task graph with 4 named threads and 5 total threads.
[2016.05.11-04.31.46:696][  0]LogStats: Stats thread started
[2016.05.11-04.31.46:696][  0]LogInit: Version: 4.8.3-2634408+++depot+UE4-Releases+4.8
[2016.05.11-04.31.46:696][  0]LogInit: API Version: 2579680
[2016.05.11-04.31.46:696][  0]LogInit: Compiled (64-bit): Jul 27 2015 16:24:33
[2016.05.11-04.31.46:696][  0]LogInit: Compiled with Visual C++: 18.00.21005.01
[2016.05.11-04.31.46:696][  0]LogInit: Build Configuration: Development
[2016.05.11-04.31.46:696][  0]LogInit: Branch Name: ++depot+UE4-Releases+4.8
[2016.05.11-04.31.46:696][  0]LogInit: Command line:  
[2016.05.11-04.31.46:696][  0]LogInit: Base directory: C:/Program Files (x86)/Epic Games/4.8/Engine/Binaries/Win64/
[2016.05.11-04.31.46:696][  0]LogInit: Rocket: 1
[2016.05.11-04.31.46:727][  0]LogInit: Using libcurl 7.41.0
[2016.05.11-04.31.46:727][  0]LogInit:  - built for x86_64-pc-win32
[2016.05.11-04.31.46:727][  0]LogInit:  - supports SSL with WinSSL
[2016.05.11-04.31.46:727][  0]LogInit:  - other features:
[2016.05.11-04.31.46:727][  0]LogInit:      CURL_VERSION_SSL
[2016.05.11-04.31.46:727][  0]LogInit:      CURL_VERSION_IPV6
[2016.05.11-04.31.46:727][  0]LogInit:      CURL_VERSION_ASYNCHDNS
[2016.05.11-04.31.46:727][  0]LogInit:      CURL_VERSION_LARGEFILE
[2016.05.11-04.31.46:727][  0]LogInit:      CURL_VERSION_IDN
[2016.05.11-04.31.46:727][  0]LogInit:  CurlRequestOptions (configurable via config and command line):
[2016.05.11-04.31.46:727][  0]LogInit:  - bVerifyPeer = true  - Libcurl will verify peer certificate
[2016.05.11-04.31.46:727][  0]LogInit:  - bUseHttpProxy = false  - Libcurl will NOT use HTTP proxy
[2016.05.11-04.31.46:727][  0]LogInit:  - bDontReuseConnections = false  - Libcurl will reuse connections
[2016.05.11-04.31.46:727][  0]LogInit:  - CertBundlePath = nullptr  - Libcurl will use whatever was configured at build time.
[2016.05.11-04.31.46:749][  0]LogOnline:Warning: No default platform service specified for OnlineSubsystem
[2016.05.11-04.31.46:765][  0]LogInit: Presizing for 0 objects not considered by GC, pre-allocating 0 bytes.
[2016.05.11-04.31.46:771][  0]LogInit: Object subsystem initialized
[2016.05.11-04.31.46:772][  0]LogConsoleResponse:Warning: Skipping Unknown console variable: 'TranslucentSortAxis = (X=0.000000,Y=-1.000000,Z=0.000000)'
[2016.05.11-04.31.46:772][  0]LogConsoleResponse:Warning:   Found in ini file 'C:/Users/jjudy/Desktop/Genie/src/unrealEngineProject/Saved/Config/Windows/Engine.ini', in section '[/Script/Engine.RendererSettings]'
[2016.05.11-04.31.46:772][  0]LogConsoleResponse:Warning: Skipping Unknown console variable: 'UIScaleRule = ShortestSide'
[2016.05.11-04.31.46:772][  0]LogConsoleResponse:Warning:   Found in ini file 'C:/Users/jjudy/Desktop/Genie/src/unrealEngineProject/Saved/Config/Windows/Engine.ini', in section '[/Script/Engine.RendererSettings]'
[2016.05.11-04.31.46:772][  0]LogConsoleResponse:Warning: Skipping Unknown console variable: 'UIScaleCurve = (EditorCurveData=(Keys=),ExternalCurve=None)'
[2016.05.11-04.31.46:772][  0]LogConsoleResponse:Warning:   Found in ini file 'C:/Users/jjudy/Desktop/Genie/src/unrealEngineProject/Saved/Config/Windows/Engine.ini', in section '[/Script/Engine.RendererSettings]'
[2016.05.11-04.31.46:791][  0]LogInit: Selected Device Profile: [Windows]
[2016.05.11-04.31.46:791][  0]LogInit: Applying CVar settings loaded from the selected device profile: [Windows]
[2016.05.11-04.31.46:822][  0]LogInit: Computer: JUDY
[2016.05.11-04.31.46:822][  0]LogInit: User: jjudy
[2016.05.11-04.31.46:822][  0]LogInit: CPU Page size=4096, Cores=2
[2016.05.11-04.31.46:822][  0]LogInit: High frequency timer resolution =2.533196 MHz
[2016.05.11-04.31.46:822][  0]LogMemory: Memory total: Physical=3.7GB (4GB approx)
[2016.05.11-04.31.46:822][  0]LogMemory: Platform Memory Stats for Windows
[2016.05.11-04.31.46:822][  0]LogMemory: Process Physical Memory: 50.12 MB used, 50.12 MB peak
[2016.05.11-04.31.46:822][  0]LogMemory: Process Virtual Memory: 21.34 MB used, 22.12 MB peak
[2016.05.11-04.31.46:822][  0]LogMemory: Physical Memory: 2039.62 MB used, 3799.78 MB total
[2016.05.11-04.31.46:822][  0]LogMemory: Virtual Memory: 312.18 MB used, 134217728.00 MB total
[2016.05.11-04.31.46:893][  0]LogTextLocalizationManager: The requested culture ('ko_KR') has no localization data; parent culture's ('ko') localization data will be used.
[2016.05.11-04.31.46:952][  0]LogTextLocalizationManager:Warning: Loaded localization resources contain conflicting entries for (Namespace:ContentBrowser, Key:ImportAssetToolTip):
Localization Resource: (C:/Program Files (x86)/Epic Games/4.8/Engine/Content/Localization/Editor/ko/Editor.locres) Source String Hash: (-630476809) Localized String: ({0} 에 임포트...)
Localization Resource: (C:/Program Files (x86)/Epic Games/4.8/Engine/Content/Localization/Editor/ko/Editor.locres) Source String Hash: (1271782899) Localized String: (파일에서 이 폴더로 애셋을 임포트합니다.)
[2016.05.11-04.31.47:767][  0]LogD3D11RHI: Found D3D11 adapter 0: NVIDIA GeForce GT 720M  (Feature Level 11_0)
[2016.05.11-04.31.47:768][  0]LogD3D11RHI: Adapter has 973MB of dedicated video memory, 0MB of dedicated system memory, and 1899MB of shared system memory, 2 output[s]
[2016.05.11-04.31.47:790][  0]LogD3D11RHI: Found D3D11 adapter 1: Intel(R) HD Graphics Family (Feature Level 11_0)
[2016.05.11-04.31.47:791][  0]LogD3D11RHI: Adapter has 112MB of dedicated video memory, 0MB of dedicated system memory, and 1899MB of shared system memory, 0 output[s]
[2016.05.11-04.31.47:797][  0]LogD3D11RHI: Found D3D11 adapter 2: Microsoft Basic Render Driver (Feature Level 11_0)
[2016.05.11-04.31.47:797][  0]LogD3D11RHI: Adapter has 0MB of dedicated video memory, 0MB of dedicated system memory, and 1899MB of shared system memory, 0 output[s]
[2016.05.11-04.31.47:797][  0]LogD3D11RHI: Chosen D3D11 Adapter Id = 0
[2016.05.11-04.31.47:811][  0]LogD3D11RHI: InitD3DDevice
[2016.05.11-04.31.47:811][  0]LogD3D11RHI: !Direct3DDevice
[2016.05.11-04.31.47:811][  0]LogRHI: Texture pool is 681 MB (70% of 973 MB)
[2016.05.11-04.31.47:848][  0]LogD3D11RHI: Async texture creation enabled
[2016.05.11-04.31.47:869][  0]LogShaderCompilers:Display: Using Local Shader Compiler.
[2016.05.11-04.31.50:808][  0]LogTemp:Display: Loaded TP DesktopTargetPlatform
[2016.05.11-04.31.50:902][  0]LogTemp:Display: Loaded TP WindowsClientTargetPlatform
[2016.05.11-04.31.50:963][  0]LogTemp:Display: Loaded TP WindowsNoEditorTargetPlatform
[2016.05.11-04.31.51:019][  0]LogTemp:Display: Loaded TP WindowsServerTargetPlatform
[2016.05.11-04.31.51:058][  0]LogTemp:Display: Loaded TP WindowsTargetPlatform
[2016.05.11-04.31.51:085][  0]LogTemp:Display: Loaded TP AndroidTargetPlatform
[2016.05.11-04.31.51:113][  0]LogTemp:Display: Loaded TP Android_ASTCTargetPlatform
[2016.05.11-04.31.51:141][  0]LogTemp:Display: Loaded TP Android_ATCTargetPlatform
[2016.05.11-04.31.51:170][  0]LogTemp:Display: Loaded TP Android_DXTTargetPlatform
[2016.05.11-04.31.51:200][  0]LogTemp:Display: Loaded TP Android_ETC1TargetPlatform
[2016.05.11-04.31.51:228][  0]LogTemp:Display: Loaded TP Android_ETC2TargetPlatform
[2016.05.11-04.31.51:298][  0]LogTemp:Display: Loaded TP Android_PVRTCTargetPlatform
[2016.05.11-04.31.51:450][  0]LogTemp:Display: Loaded TP IOSTargetPlatform
[2016.05.11-04.31.51:467][  0]LogTemp:Display: Loaded TP LinuxNoEditorTargetPlatform
[2016.05.11-04.31.51:508][  0]LogTemp:Display: Loaded TP LinuxServerTargetPlatform
[2016.05.11-04.31.51:547][  0]LogTemp:Display: Loaded TP LinuxTargetPlatform
[2016.05.11-04.31.51:547][  0]LogTargetPlatformManager:Display: Building Assets For Windows
[2016.05.11-04.31.52:621][  0]LogDerivedDataCache:Display: Max Cache Size: 512 MB
[2016.05.11-04.31.53:213][  0]LogDerivedDataCache: Loaded boot cache 0.58s 53MB C:/Users/jjudy/AppData/Local/UnrealEngine/4.8/DerivedDataCache/Boot.ddc.
[2016.05.11-04.31.53:214][  0]LogDerivedDataCache:Display: Loaded Boot cache: C:/Users/jjudy/AppData/Local/UnrealEngine/4.8/DerivedDataCache/Boot.ddc
[2016.05.11-04.31.53:214][  0]LogDerivedDataCache: FDerivedDataBackendGraph:  Pak pak cache file ../../../../../../Users/jjudy/Desktop/Genie/src/unrealEngineProject/DerivedDataCache/DDC.ddp not found, will not use a pak cache.
[2016.05.11-04.31.53:214][  0]LogDerivedDataCache: Unable to find inner node Pak for hierarchical cache Hierarchy.
[2016.05.11-04.31.53:214][  0]LogDerivedDataCache: FDerivedDataBackendGraph:  CompressedPak pak cache file ../../../../../../Users/jjudy/Desktop/Genie/src/unrealEngineProject/DerivedDataCache/Compressed.ddp not found, will not use a pak cache.
[2016.05.11-04.31.53:214][  0]LogDerivedDataCache: Unable to find inner node CompressedPak for hierarchical cache Hierarchy.
[2016.05.11-04.31.53:501][  0]LogDerivedDataCache:Display: Pak cache opened for reading ../../../Engine/DerivedDataCache/Compressed.ddp.
[2016.05.11-04.31.53:526][  0]LogDerivedDataCache: Using Local data cache path C:/Users/jjudy/AppData/Local/UnrealEngine/Common/DerivedDataCache: Writable
[2016.05.11-04.31.58:840][  0]LogInit: Selected Device Profile: [Windows]
[2016.05.11-04.32.00:029][  0]ImportText (ComponentSweepMultiTests): Missing closing parenthesis: (RootShapeAsset="/Engine/BasicShapes/Cube.Cube",ShapeType="TriggerCapsule",HitResult=(Time=0.50,Location=(X=-100.000015,Y=0.0,Z=100.000015),ImpactPoint=(X=-50.0,Y=0.0,Z=50.0),Normal=(X=-1.0,Y=-0.0,Z=0.0),ImpactNormal=(X=0.0,Y=0.0,Z=1.0),TraceStart=(X=-200.0,Y=0.0,Z=200.0),TraceEnd=(X=0.0,Y=0.0,Z=0.0))
[2016.05.11-04.32.00:030][  0]ImportText (LineTraceSingleByChannelTests): Missing closing parenthesis: (RootShapeAsset="/Engine/BasicShapes/Cube.Cube",HitResult=(Time=0.50,Location=(X=-100.000015,Y=0.0,Z=100.000015),ImpactPoint=(X=-50.0,Y=0.0,Z=50.0),Normal=(X=-1.0,Y=-0.0,Z=0.0),ImpactNormal=(X=0.0,Y=0.0,Z=1.0),TraceStart=(X=-200.0,Y=0.0,Z=200.0),TraceEnd=(X=0.0,Y=0.0,Z=0.0))
[2016.05.11-04.32.00:361][  0]LogMeshUtilities: No automatic mesh reduction module available
[2016.05.11-04.32.00:361][  0]LogMeshUtilities: No automatic mesh merging module available
[2016.05.11-04.32.03:489][  0]LogInit: WinSock: version 1.1 (2.2), MaxSocks=32767, MaxUdp=65467
[2016.05.11-04.32.12:489][  0]UdpMessaging: Initializing bridge on interface 0.0.0.0:0 to multicast group 230.0.0.1:6666.
[2016.05.11-04.32.14:709][  0]SourceControl: 정보 소스 콘트롤이 꺼졌습니다.
[2016.05.11-04.32.14:721][  0]SourceControl: 정보 소스 콘트롤이 꺼졌습니다.
[2016.05.11-04.32.14:780][  0]SourceControl: 정보 소스 콘트롤이 꺼졌습니다.
[2016.05.11-04.32.14:839][  0]SourceControl: 정보 소스 콘트롤이 꺼졌습니다.
[2016.05.11-04.32.16:273][  0]LogObj: 26299 objects as part of root set at end of initial load.
[2016.05.11-04.32.16:273][  0]LogUObjectAllocator: 5426944 out of 0 bytes used by permanent object pool.
[2016.05.11-04.32.17:031][  0]LogEngine: Initializing Engine...
[2016.05.11-04.32.17:093][  0]LogHMD: Can't find Oculus library dev build: is proper Runtime installed? Version: 0.6.0.0
[2016.05.11-04.32.17:198][  0]LogHMD:Warning: SteamVR failed to initialize.  Error: 110
[2016.05.11-04.32.18:238][  0]LogAIModule: Creating AISystem for world NewWorld
[2016.05.11-04.32.18:427][  0]LogInit: XAudio2 using '스피커/헤드폰(Realtek High Definition Audio)' : 2 channels at 48 kHz using 32 bits per sample (channel mask 0x3)
[2016.05.11-04.32.18:991][  0]LogInit: FAudioDevice initialized.
[2016.05.11-04.32.19:046][  0]LogDerivedDataCache: Saved boot cache 0.06s 53MB C:/Users/jjudy/AppData/Local/UnrealEngine/4.8/DerivedDataCache/Boot.ddc.
[2016.05.11-04.32.19:069][  0]LogInit: Texture streaming: Disabled
[2016.05.11-04.32.19:265][  0]LogAnalytics: Creating configured Analytics provider AnalyticsET
[2016.05.11-04.32.19:267][  0]LogAnalytics: [UEEditor.Rocket.Release] APIServer = http://et2.epicgames.com/ET2/. AppVersion = 4.8.3-2634408+++depot+UE4-Releases+4.8
[2016.05.11-04.32.19:269][  0]LogAnalytics: [UEEditor.Rocket.Release] SetUserId f1732f304bfe0c511e505491d9dc7863|42e094618d374ae48b60eaacf8489ca6|5a9a5a05-d2f7-4f14-8a0b-a00ba482fbc2
[2016.05.11-04.32.19:269][  0]LogAnalytics: [UEEditor.Rocket.Release] AnalyticsET::StartSession
[2016.05.11-04.32.19:795][  0]LogInit: Transaction tracking system initialized
[2016.05.11-04.32.24:465][  0]BlueprintLog: New page: 에디터 로드
[2016.05.11-04.32.24:579][  0]LogAssetRegistry: FAssetRegistry took 0.0144 seconds to start up
[2016.05.11-04.32.24:601][  0]LogDirectoryWatcher:Warning: Failed to begin reading directory changes for ../../../Engine/Plugins/Experimental/CharacterAI/Content/. Error: 0
[2016.05.11-04.32.30:395][  0]LogConsoleManager:Warning: Console variable 'r.VSync' wasn't set ('GameSetting' has a lower priority than 'SystemSettingsIni')
[2016.05.11-04.32.30:395][  0]LogConsoleResponse:Display: 
[2016.05.11-04.32.33:575][  0]LogCook:Display: Done creating registry. It took  0.00s.
[2016.05.11-04.32.35:905][  0]SourceControl: 정보 소스 콘트롤이 꺼졌습니다.
[2016.05.11-04.32.35:970][  0]Cmd: MAP LOAD FILE="../../../Engine/Content/Maps/Templates/Template_Default.umap" TEMPLATE=1 SHOWPROGRESS=1 FEATURELEVEL=3
[2016.05.11-04.32.36:026][  0]LightingResults: New page: 라이팅 빌드
[2016.05.11-04.32.36:335][  0]MapCheck: New page: 맵 체크
[2016.05.11-04.32.36:336][  0]LightingResults: New page: 라이팅 빌드
[2016.05.11-04.32.36:633][  0]LogParticles: Destroying 0 GPU particle simulations for FXSystem 0x00000265D382D940
[2016.05.11-04.32.40:577][  0]LogAIModule: Creating AISystem for world Untitled_1
[2016.05.11-04.32.41:745][  0]LogEditorServer: Finished looking for orphan Actors (0.000 secs)
[2016.05.11-04.32.41:834][  0]Cmd: MAP CHECKDEP NOCLEARLOG
[2016.05.11-04.32.41:962][  0]MapCheck: 정보 맵 체크 완료: 오류 0 회, 경고 0 회, 소요 시간 128.038ms.
[2016.05.11-04.32.41:962][  0]LogFileHelpers: Loading map 'Template_Default' took 6.012
[2016.05.11-04.32.43:970][  0]LogCollectionManager: Loaded 0 collections in 0.008785 seconds
[2016.05.11-04.32.44:047][  0]LogContentBrowser: Native class hierarchy populated in 0.0762 seconds. Added 1796 classes and 303 folders.
[2016.05.11-04.32.44:374][  0]LogContentBrowser: Native class hierarchy updated for 'WidgetCarousel' in 0.0018 seconds. Added 0 classes and 0 folders.
[2016.05.11-04.32.44:874][  0]LogContentBrowser: Native class hierarchy updated for 'AddContentDialog' in 0.0049 seconds. Added 0 classes and 0 folders.
[2016.05.11-04.32.45:006][  0]LogContentBrowser: Native class hierarchy updated for 'SceneOutliner' in 0.0029 seconds. Added 1 classes and 2 folders.
[2016.05.11-04.32.45:473][  0]LogCrashTracker: Crashtracker disabled due to settings.
[2016.05.11-04.32.45:533][  0]LogD3D11RHI: InitD3DDevice
[2016.05.11-04.32.45:606][  0]LogUObjectGlobals:Warning: 'Class 없음.' 오브젝트를 찾는 데 실패했습니다.
[2016.05.11-04.32.45:673][  0]LogLoad: Full Startup: 61.30 seconds (BP compile: 0.78 seconds)
[2016.05.11-04.32.45:706][  0]LogWindowsTextInputMethodSystem:Display: IME system now activated using TSF (Microsoft 입력기).
[2016.05.11-04.32.46:070][  0]LogContentStreaming: Texture pool size is 0.000000MB
[2016.05.11-04.32.46:235][  0]LogContentStreaming: Texture pool size now 400 MB
[2016.05.11-04.32.47:087][  0]LogRenderer: Reallocating scene render targets to support 1056x560 (Frame:2).
[2016.05.11-04.32.48:881][  8]LogAssetRegistry: Asset discovery search completed in 24.3143 seconds
[2016.05.11-04.33.00:465][722]LogD3D11RHI: InitD3DDevice
[2016.05.11-04.33.02:061][797]LogD3D11RHI: InitD3DDevice
[2016.05.11-04.33.03:020][830]LogD3D11RHI: InitD3DDevice
[2016.05.11-04.33.04:711][898]LogD3D11RHI: InitD3DDevice
[2016.05.11-04.33.06:633][978]LogD3D11RHI: InitD3DDevice
[2016.05.11-04.33.07:996][ 37]LogD3D11RHI: InitD3DDevice
[2016.05.11-04.33.14:751][166]LogD3D11RHI: InitD3DDevice
[2016.05.11-04.33.14:827][166]LogD3D11RHI: InitD3DDevice
[2016.05.11-04.33.22:827][431]LogPlayLevel: PIE:  No blueprints needed recompiling
[2016.05.11-04.33.22:980][431]PIE: New page: PIE 세션: Untitled_1 (2016. 5. 11. 오후 10:33:22)
[2016.05.11-04.33.22:980][431]LogPlayLevel: Creating play world package: /Temp/UEDPIE_0_Untitled_1
[2016.05.11-04.33.23:045][431]LogPlayLevel: PIE: StaticDuplicateObject took: (0.064840s)
[2016.05.11-04.33.23:047][431]LogAIModule: Creating AISystem for world Untitled_1
[2016.05.11-04.33.23:049][431]LogPlayLevel: PIE: World Init took: (0.003290s)
[2016.05.11-04.33.23:050][431]LogPlayLevel: PIE: Created PIE world by copying editor world from /Temp/Untitled_1.Untitled_1 to /Temp/UEDPIE_0_Untitled_1.Untitled_1 (0.069654s)
[2016.05.11-04.33.23:536][431]LogInit: XAudio2 using '스피커/헤드폰(Realtek High Definition Audio)' : 2 channels at 48 kHz using 32 bits per sample (channel mask 0x3)
[2016.05.11-04.33.23:572][431]LogInit: FAudioDevice initialized.
[2016.05.11-04.33.23:759][431]LogWorld: Game class is 'GameMode'
[2016.05.11-04.33.23:833][431]LogWorld: Bringing World /Temp/UEDPIE_0_Untitled_1.Untitled_1 up for play (max tick rate 0) at 2016.05.11-13.33.23
[2016.05.11-04.33.23:833][431]LogActor:Warning: GameSession /Temp/UEDPIE_0_Untitled_1.Untitled_1:PersistentLevel.GameSession_0 has natively added scene component(s), but none of them were set as the actor's RootComponent - picking one arbitrarily
[2016.05.11-04.33.23:838][431]LogActor:Warning: GameNetworkManager /Temp/UEDPIE_0_Untitled_1.Untitled_1:PersistentLevel.GameNetworkManager_0 has natively added scene component(s), but none of them were set as the actor's RootComponent - picking one arbitrarily
[2016.05.11-04.33.23:855][431]LogWorld: Bringing up level for play took: 0.029303
[2016.05.11-04.33.24:131][431]PIE: 정보 /Temp/UEDPIE_0_Untitled_1 에 대한 에디터에서 플레이 시작 시간: 1.751
[2016.05.11-04.33.26:922][502]LogParticles: Destroying 0 GPU particle simulations for FXSystem 0x00000265CAAEAE80
[2016.05.11-04.33.27:997][543]LogD3D11RHI: InitD3DDevice
[2016.05.11-04.33.28:053][543]LogUObjectGlobals:Warning: Guid is in use by ArrowComponent /Temp/Untitled_1.Untitled_1:PersistentLevel.LightSource.ArrowComponent0 and ArrowComponent /Game/Map/Loading.Loading:PersistentLevel.LightSource.ArrowComponent0, which should never happen in the editor but could happen at runtime with duplicate level loading or PIE
[2016.05.11-04.33.28:053][543]LogUObjectGlobals:Warning: Guid is in use by ArrowComponent /Temp/Untitled_1.Untitled_1:PersistentLevel.PlayerStart.Arrow and ArrowComponent /Game/Map/Loading.Loading:PersistentLevel.PlayerStart.Arrow, which should never happen in the editor but could happen at runtime with duplicate level loading or PIE
[2016.05.11-04.33.28:053][543]LogUObjectGlobals:Warning: Guid is in use by BillboardComponent /Temp/Untitled_1.Untitled_1:PersistentLevel.PlayerStart.Sprite and BillboardComponent /Game/Map/Loading.Loading:PersistentLevel.PlayerStart.Sprite, which should never happen in the editor but could happen at runtime with duplicate level loading or PIE
[2016.05.11-04.33.28:054][543]LogUObjectGlobals:Warning: Guid is in use by BillboardComponent /Temp/Untitled_1.Untitled_1:PersistentLevel.PlayerStart.Sprite2 and BillboardComponent /Game/Map/Loading.Loading:PersistentLevel.PlayerStart.Sprite2, which should never happen in the editor but could happen at runtime with duplicate level loading or PIE
[2016.05.11-04.33.28:054][543]LogUObjectGlobals:Warning: Guid is in use by BillboardComponent /Temp/Untitled_1.Untitled_1:PersistentLevel.SkyLight_1.Sprite and BillboardComponent /Game/Map/Loading.Loading:PersistentLevel.SkyLight_1.Sprite, which should never happen in the editor but could happen at runtime with duplicate level loading or PIE
[2016.05.11-04.33.28:054][543]LogUObjectGlobals:Warning: Guid is in use by CapsuleComponent /Temp/Untitled_1.Untitled_1:PersistentLevel.PlayerStart.CollisionCapsule and CapsuleComponent /Game/Map/Loading.Loading:PersistentLevel.PlayerStart.CollisionCapsule, which should never happen in the editor but could happen at runtime with duplicate level loading or PIE
[2016.05.11-04.33.28:054][543]LogUObjectGlobals:Warning: Guid is in use by DirectionalLightComponent /Temp/Untitled_1.Untitled_1:PersistentLevel.LightSource.LightComponent0 and DirectionalLightComponent /Game/Map/Loading.Loading:PersistentLevel.LightSource.LightComponent0, which should never happen in the editor but could happen at runtime with duplicate level loading or PIE
[2016.05.11-04.33.28:054][543]LogUObjectGlobals:Warning: Guid is in use by SkyLightComponent /Temp/Untitled_1.Untitled_1:PersistentLevel.SkyLight_1.SkyLightComponent0 and SkyLightComponent /Game/Map/Loading.Loading:PersistentLevel.SkyLight_1.SkyLightComponent0, which should never happen in the editor but could happen at runtime with duplicate level loading or PIE
[2016.05.11-04.33.28:054][543]LogAIModule: Creating AISystem for world Loading
[2016.05.11-04.33.28:132][543]Cmd: MAP LOAD FILE="../../../../../../Users/jjudy/Desktop/Genie/src/unrealEngineProject/Content/Map/Loading.umap" TEMPLATE=0 SHOWPROGRESS=1 FEATURELEVEL=3
[2016.05.11-04.33.28:132][543]LightingResults: New page: 라이팅 빌드
[2016.05.11-04.33.28:152][543]LoadErrors: New page: 맵 로드중: Loading.umap
[2016.05.11-04.33.28:153][543]MapCheck: New page: 맵 체크
[2016.05.11-04.33.28:153][543]LightingResults: New page: 라이팅 빌드
[2016.05.11-04.33.28:170][543]LogParticles: Destroying 0 GPU particle simulations for FXSystem 0x00000265CDE76480
[2016.05.11-04.33.28:240][543]LogAIModule: Creating AISystem for world Loading
[2016.05.11-04.33.28:275][543]LogEditorServer: Finished looking for orphan Actors (0.000 secs)
[2016.05.11-04.33.28:318][543]Cmd: MAP CHECKDEP NOCLEARLOG
[2016.05.11-04.33.28:384][543]MapCheck: 정보 맵 체크 완료: 오류 0 회, 경고 0 회, 소요 시간 66.449ms.
[2016.05.11-04.33.28:384][543]LogFileHelpers: Loading map 'Loading' took 0.255
[2016.05.11-04.33.29:682][593]LogPlayLevel: PIE:  No blueprints needed recompiling
[2016.05.11-04.33.29:682][593]PIE: New page: PIE 세션: Loading (2016. 5. 11. 오후 10:33:29)
[2016.05.11-04.33.29:683][593]LogPlayLevel: Creating play world package: /Game/Map/UEDPIE_0_Loading
[2016.05.11-04.33.29:684][593]LogPlayLevel: PIE: StaticDuplicateObject took: (0.001071s)
[2016.05.11-04.33.29:684][593]LogAIModule: Creating AISystem for world Loading
[2016.05.11-04.33.29:685][593]LogPlayLevel: PIE: World Init took: (0.001648s)
[2016.05.11-04.33.29:686][593]LogPlayLevel: PIE: Created PIE world by copying editor world from /Game/Map/Loading.Loading to /Game/Map/UEDPIE_0_Loading.Loading (0.002958s)
[2016.05.11-04.33.29:746][593]LogInit: XAudio2 using '스피커/헤드폰(Realtek High Definition Audio)' : 2 channels at 48 kHz using 32 bits per sample (channel mask 0x3)
[2016.05.11-04.33.29:789][593]LogInit: FAudioDevice initialized.
[2016.05.11-04.33.29:825][593]LogWorld: Game class is 'GameMode'
[2016.05.11-04.33.29:828][593]LogWorld: Bringing World /Game/Map/UEDPIE_0_Loading.Loading up for play (max tick rate 0) at 2016.05.11-13.33.29
[2016.05.11-04.33.29:828][593]LogActor:Warning: GameSession /Game/Map/UEDPIE_0_Loading.Loading:PersistentLevel.GameSession_1 has natively added scene component(s), but none of them were set as the actor's RootComponent - picking one arbitrarily
[2016.05.11-04.33.29:828][593]LogActor:Warning: GameNetworkManager /Game/Map/UEDPIE_0_Loading.Loading:PersistentLevel.GameNetworkManager_1 has natively added scene component(s), but none of them were set as the actor's RootComponent - picking one arbitrarily
[2016.05.11-04.33.29:829][593]LogWorld: Bringing up level for play took: 0.002105
[2016.05.11-04.33.29:831][593]PIE: 정보 /Game/Map/UEDPIE_0_Loading 에 대한 에디터에서 플레이 시작 시간: -0.549
[2016.05.11-04.33.38:893][967]LogParticles: Destroying 0 GPU particle simulations for FXSystem 0x00000265CDFA1E40
[2016.05.11-04.33.41:070][ 62]LogD3D11RHI: InitD3DDevice
[2016.05.11-04.41.58:766][323]LogD3D11RHI: InitD3DDevice
[2016.05.11-04.41.59:444][323]Cmd: MAP LOAD FILE="../../../../../../Users/jjudy/Desktop/Genie/src/unrealEngineProject/Content/Map/Loading.umap" TEMPLATE=0 SHOWPROGRESS=1 FEATURELEVEL=3
[2016.05.11-04.41.59:451][323]LightingResults: New page: 라이팅 빌드
[2016.05.11-04.41.59:905][323]LoadErrors: New page: 맵 로드중: Loading.umap
[2016.05.11-04.42.00:031][323]MapCheck: New page: 맵 체크
[2016.05.11-04.42.00:031][323]LightingResults: New page: 라이팅 빌드
[2016.05.11-04.42.00:176][323]LogParticles: Destroying 0 GPU particle simulations for FXSystem 0x00000265CDFD8AE0
[2016.05.11-04.42.00:642][323]LogAIModule: Creating AISystem for world Loading
[2016.05.11-04.42.00:855][323]LogEditorServer: Finished looking for orphan Actors (0.000 secs)
[2016.05.11-04.42.01:944][323]Cmd: MAP CHECKDEP NOCLEARLOG
[2016.05.11-04.42.03:434][323]MapCheck: 정보 맵 체크 완료: 오류 0 회, 경고 0 회, 소요 시간 1,466.784ms.
[2016.05.11-04.42.03:435][323]LogFileHelpers: Loading map 'Loading' took 4.038
[2016.05.11-04.42.05:280][362]LogPlayLevel: PIE:  No blueprints needed recompiling
[2016.05.11-04.42.05:355][362]PIE: New page: PIE 세션: Loading (2016. 5. 11. 오후 10:42:05)
[2016.05.11-04.42.05:373][362]LogPlayLevel: Creating play world package: /Game/Map/UEDPIE_0_Loading
[2016.05.11-04.42.05:443][362]LogPlayLevel: PIE: StaticDuplicateObject took: (0.068234s)
[2016.05.11-04.42.05:449][362]LogAIModule: Creating AISystem for world Loading
[2016.05.11-04.42.05:451][362]LogPlayLevel: PIE: World Init took: (0.008168s)
[2016.05.11-04.42.05:451][362]LogPlayLevel: PIE: Created PIE world by copying editor world from /Game/Map/Loading.Loading to /Game/Map/UEDPIE_0_Loading.Loading (0.079720s)
[2016.05.11-04.42.05:634][362]LogInit: XAudio2 using '스피커/헤드폰(Realtek High Definition Audio)' : 2 channels at 48 kHz using 32 bits per sample (channel mask 0x3)
[2016.05.11-04.42.05:693][362]LogInit: FAudioDevice initialized.
[2016.05.11-04.42.05:975][362]LogWorld: Game class is 'GameMode'
[2016.05.11-04.42.06:014][362]LogWorld: Bringing World /Game/Map/UEDPIE_0_Loading.Loading up for play (max tick rate 60) at 2016.05.11-13.42.06
[2016.05.11-04.42.06:014][362]LogActor:Warning: GameSession /Game/Map/UEDPIE_0_Loading.Loading:PersistentLevel.GameSession_2 has natively added scene component(s), but none of them were set as the actor's RootComponent - picking one arbitrarily
[2016.05.11-04.42.06:029][362]LogActor:Warning: GameNetworkManager /Game/Map/UEDPIE_0_Loading.Loading:PersistentLevel.GameNetworkManager_2 has natively added scene component(s), but none of them were set as the actor's RootComponent - picking one arbitrarily
[2016.05.11-04.42.06:039][362]LogWorld: Bringing up level for play took: 0.026895
[2016.05.11-04.42.06:223][362]PIE: 정보 /Game/Map/UEDPIE_0_Loading 에 대한 에디터에서 플레이 시작 시간: 1.843
[2016.05.11-04.42.18:196][ 48]LogParticles: Destroying 0 GPU particle simulations for FXSystem 0x00000265DADFC680
[2016.05.11-04.42.29:633][165]LogD3D11RHI: InitD3DDevice
[2016.05.11-04.42.29:681][165]Recompiling unrealEngineProject...
[2016.05.11-04.42.29:717][165]Launching UnrealBuildTool... [C:/Program Files (x86)/Epic Games/4.8/Engine/Binaries/DotNET/UnrealBuildTool.exe unrealEngineProject -ModuleWithSuffix unrealEngineProject 5876 Win64 Development -editorrecompile -canskiplink "C:/Users/jjudy/Desktop/Genie/src/unrealEngineProject/unrealEngineProject.uproject" -rocket  -rocket]
[2016.05.11-04.42.29:852][165]Warning: Starting HotReload took  0.8s.
[2016.05.11-04.48.34:345][ 28]CompilerResultsLog: New page: 컴파일 - 2016. 5. 11. 오후 10:48:34
[2016.05.11-04.48.34:373][ 28]CompilerResultsLog: 정보 Compiling game modules for hot reload
[2016.05.11-04.48.34:373][ 28]CompilerResultsLog: 정보 Parsing headers for unrealEngineProjectEditor
[2016.05.11-04.48.34:373][ 28]CompilerResultsLog: 정보 Reflection code generated for unrealEngineProjectEditor
[2016.05.11-04.48.34:373][ 28]CompilerResultsLog: 정보 Performing 2 actions (2 in parallel)
[2016.05.11-04.48.34:373][ 28]CompilerResultsLog: 정보 LoadingFile.cpp
[2016.05.11-04.48.34:373][ 28]CompilerResultsLog:Error: 오류 C:\Users\jjudy\Desktop\Genie\src\unrealEngineProject\Source\unrealEngineProject\LoadingFile.cpp(43)  : warning C4996: 'UTextRenderComponent::SetText': Passing text as FString is deprecated, please use FText instead (likely via a LOCTEXT). Please update your code to the new API before upgrading to the next release, otherwise your project will no longer compile.
[2016.05.11-04.48.34:399][ 28]CompilerResultsLog: 정보         C:\Program Files (x86)\Epic Games\4.8\Engine\Source\Runtime\Engine\Classes\Components/TextRenderComponent.h(96) : see declaration of 'UTextRenderComponent::SetText'
[2016.05.11-04.48.34:399][ 28]CompilerResultsLog: 정보 [2/2] Link UE4Editor-unrealEngineProject-5876.dll
[2016.05.11-04.48.34:399][ 28]CompilerResultsLog: 정보    Creating library C:\Users\jjudy\Desktop\Genie\src\unrealEngineProject\Intermediate/Build/Win64\UE4Editor\Development\UE4Editor-unrealEngineProject-5876.lib and object C:\Users\jjudy\Desktop\Genie\src\unrealEngineProject\Intermediate/Build/Win64\UE4Editor\Development\UE4Editor-unrealEngineProject-5876.exp
[2016.05.11-04.48.34:399][ 28]CompilerResultsLog: 정보 -------- End Detailed Actions Stats -----------------------------------------------------------
[2016.05.11-04.48.34:399][ 28]CompilerResultsLog: 정보 Total build time: 359.08 seconds
[2016.05.11-04.48.34:399][ 28]LogMainFrame: MainFrame: Module compiling took 364.792 seconds
[2016.05.11-04.48.39:680][ 28]LogContentBrowser: Native class hierarchy updated for 'unrealEngineProject' in 0.2157 seconds. Added 4 classes and 2 folders.
[2016.05.11-04.48.39:681][ 28]Warning: HotReload successful (1 functions remapped  0 scriptstructs remapped)
[2016.05.11-04.48.44:230][ 28]LogContentBrowser: Native class hierarchy populated in 1.9113 seconds. Added 1797 classes and 305 folders.
[2016.05.11-04.49.12:644][412]LogPlayLevel: PIE:  No blueprints needed recompiling
[2016.05.11-04.49.12:644][412]PIE: New page: PIE 세션: Loading (2016. 5. 11. 오후 10:49:12)
[2016.05.11-04.49.12:645][412]LogPlayLevel: Creating play world package: /Game/Map/UEDPIE_0_Loading
[2016.05.11-04.49.12:726][412]LogPlayLevel: PIE: StaticDuplicateObject took: (0.081064s)
[2016.05.11-04.49.12:743][412]LogAIModule: Creating AISystem for world Loading
[2016.05.11-04.49.12:747][412]LogPlayLevel: PIE: World Init took: (0.021455s)
[2016.05.11-04.49.12:747][412]LogPlayLevel: PIE: Created PIE world by copying editor world from /Game/Map/Loading.Loading to /Game/Map/UEDPIE_0_Loading.Loading (0.102750s)
[2016.05.11-04.49.12:868][412]LogInit: XAudio2 using '스피커/헤드폰(Realtek High Definition Audio)' : 2 channels at 48 kHz using 32 bits per sample (channel mask 0x3)
[2016.05.11-04.49.12:954][412]LogInit: FAudioDevice initialized.
[2016.05.11-04.49.12:999][412]LogWorld: Game class is 'GameMode'
[2016.05.11-04.49.13:004][412]LogWorld: Bringing World /Game/Map/UEDPIE_0_Loading.Loading up for play (max tick rate 0) at 2016.05.11-13.49.13
[2016.05.11-04.49.13:004][412]LogActor:Warning: GameSession /Game/Map/UEDPIE_0_Loading.Loading:PersistentLevel.GameSession_3 has natively added scene component(s), but none of them were set as the actor's RootComponent - picking one arbitrarily
[2016.05.11-04.49.13:005][412]LogActor:Warning: GameNetworkManager /Game/Map/UEDPIE_0_Loading.Loading:PersistentLevel.GameNetworkManager_3 has natively added scene component(s), but none of them were set as the actor's RootComponent - picking one arbitrarily
[2016.05.11-04.49.13:005][412]LogWorld: Bringing up level for play took: 0.003953
[2016.05.11-04.49.13:071][412]PIE: 정보 /Game/Map/UEDPIE_0_Loading 에 대한 에디터에서 플레이 시작 시간: 0.691
[2016.05.11-04.49.15:844][455]LogPackageName: SearchForPackageOnDisk took   1.576s to resolve GenieStart.umap
[2016.05.11-04.49.15:961][456]LogPackageName: SearchForPackageOnDisk took   0.088s to resolve GenieStart.umap
[2016.05.11-04.49.15:961][456]LogNet: Browse: /Game/Map/GenieStart
[2016.05.11-04.49.15:994][456]LogLoad: LoadMap: /Game/Map/GenieStart
[2016.05.11-04.49.16:103][456]LogParticles: Destroying 0 GPU particle simulations for FXSystem 0x00000265C1E69120
[2016.05.11-04.49.16:162][456]Cmd: MEM
[2016.05.11-04.49.16:526][456]LogMemory: Platform Memory Stats for Windows
[2016.05.11-04.49.16:526][456]LogMemory: Process Physical Memory: 287.97 MB used, 514.56 MB peak
[2016.05.11-04.49.16:526][456]LogMemory: Process Virtual Memory: 716.18 MB used, 728.56 MB peak
[2016.05.11-04.49.16:526][456]LogMemory: Physical Memory: 3086.14 MB used, 3799.78 MB total
[2016.05.11-04.49.16:526][456]LogMemory: Virtual Memory: 1353.82 MB used, 134217728.00 MB total
[2016.05.11-04.49.16:526][456]LogMemory: 
[2016.05.11-04.49.16:526][456]Allocator Stats for TBB: (not implemented)
[2016.05.11-04.49.22:176][456]LogAIModule: Creating AISystem for world GenieStart
[2016.05.11-04.49.22:725][456]LogWorld: Game class is 'GameMode'
[2016.05.11-04.49.23:236][456]LogWorld: Bringing World /Game/Map/UEDPIE_0_GenieStart.GenieStart up for play (max tick rate 0) at 2016.05.11-13.49.23
[2016.05.11-04.49.23:237][456]LogActor:Warning: GameSession /Game/Map/UEDPIE_0_GenieStart.GenieStart:PersistentLevel.GameSession_4 has natively added scene component(s), but none of them were set as the actor's RootComponent - picking one arbitrarily
[2016.05.11-04.49.23:238][456]LogActor:Warning: GameNetworkManager /Game/Map/UEDPIE_0_GenieStart.GenieStart:PersistentLevel.GameNetworkManager_4 has natively added scene component(s), but none of them were set as the actor's RootComponent - picking one arbitrarily
[2016.05.11-04.49.23:239][456]LogWorld: Bringing up level for play took: 0.305576
[2016.05.11-04.49.31:158][932]LogParticles: Destroying 0 GPU particle simulations for FXSystem 0x00000265CDFDBC40
[2016.05.11-04.49.33:094][ 98]LogD3D11RHI: InitD3DDevice
[2016.05.11-04.49.33:877][ 98]LogUObjectGlobals:Warning: Guid is in use by ArrowComponent /Game/Map/Loading.Loading:PersistentLevel.LightSource.ArrowComponent0 and ArrowComponent /Game/Map/GenieStart.GenieStart:PersistentLevel.LightSource.ArrowComponent0, which should never happen in the editor but could happen at runtime with duplicate level loading or PIE
[2016.05.11-04.49.33:877][ 98]LogUObjectGlobals:Warning: Guid is in use by ArrowComponent /Game/Map/Loading.Loading:PersistentLevel.PlayerStart.Arrow and ArrowComponent /Game/Map/GenieStart.GenieStart:PersistentLevel.PlayerStart.Arrow, which should never happen in the editor but could happen at runtime with duplicate level loading or PIE
[2016.05.11-04.49.33:877][ 98]LogUObjectGlobals:Warning: Guid is in use by BillboardComponent /Game/Map/Loading.Loading:PersistentLevel.PlayerStart.Sprite and BillboardComponent /Game/Map/GenieStart.GenieStart:PersistentLevel.PlayerStart.Sprite, which should never happen in the editor but could happen at runtime with duplicate level loading or PIE
[2016.05.11-04.49.33:877][ 98]LogUObjectGlobals:Warning: Guid is in use by BillboardComponent /Game/Map/Loading.Loading:PersistentLevel.PlayerStart.Sprite2 and BillboardComponent /Game/Map/GenieStart.GenieStart:PersistentLevel.PlayerStart.Sprite2, which should never happen in the editor but could happen at runtime with duplicate level loading or PIE
[2016.05.11-04.49.33:877][ 98]LogUObjectGlobals:Warning: Guid is in use by BillboardComponent /Game/Map/Loading.Loading:PersistentLevel.SkyLight_1.Sprite and BillboardComponent /Game/Map/GenieStart.GenieStart:PersistentLevel.SkyLight_1.Sprite, which should never happen in the editor but could happen at runtime with duplicate level loading or PIE
[2016.05.11-04.49.33:877][ 98]LogUObjectGlobals:Warning: Guid is in use by CapsuleComponent /Game/Map/Loading.Loading:PersistentLevel.PlayerStart.CollisionCapsule and CapsuleComponent /Game/Map/GenieStart.GenieStart:PersistentLevel.PlayerStart.CollisionCapsule, which should never happen in the editor but could happen at runtime with duplicate level loading or PIE
[2016.05.11-04.49.33:877][ 98]LogUObjectGlobals:Warning: Guid is in use by DirectionalLightComponent /Game/Map/Loading.Loading:PersistentLevel.LightSource.LightComponent0 and DirectionalLightComponent /Game/Map/GenieStart.GenieStart:PersistentLevel.LightSource.LightComponent0, which should never happen in the editor but could happen at runtime with duplicate level loading or PIE
[2016.05.11-04.49.33:878][ 98]LogUObjectGlobals:Warning: Guid is in use by SkyLightComponent /Game/Map/Loading.Loading:PersistentLevel.SkyLight_1.SkyLightComponent0 and SkyLightComponent /Game/Map/GenieStart.GenieStart:PersistentLevel.SkyLight_1.SkyLightComponent0, which should never happen in the editor but could happen at runtime with duplicate level loading or PIE
[2016.05.11-04.49.33:881][ 98]LogAIModule: Creating AISystem for world GenieStart
[2016.05.11-04.49.34:142][ 98]Cmd: MAP LOAD FILE="../../../../../../Users/jjudy/Desktop/Genie/src/unrealEngineProject/Content/Map/GenieStart.umap" TEMPLATE=0 SHOWPROGRESS=1 FEATURELEVEL=3
[2016.05.11-04.49.34:142][ 98]LightingResults: New page: 라이팅 빌드
[2016.05.11-04.49.34:488][ 98]LoadErrors: New page: 맵 로드중: GenieStart.umap
[2016.05.11-04.49.34:489][ 98]MapCheck: New page: 맵 체크
[2016.05.11-04.49.34:489][ 98]LightingResults: New page: 라이팅 빌드
[2016.05.11-04.49.34:528][ 98]LogParticles: Destroying 0 GPU particle simulations for FXSystem 0x00000265DAF5CAE0
[2016.05.11-04.49.34:661][ 98]LogAIModule: Creating AISystem for world GenieStart
[2016.05.11-04.49.34:684][ 98]LogEditorServer: Finished looking for orphan Actors (0.000 secs)
[2016.05.11-04.49.35:479][ 98]Cmd: MAP CHECKDEP NOCLEARLOG
[2016.05.11-04.49.35:560][ 98]MapCheck: 정보 맵 체크 완료: 오류 0 회, 경고 0 회, 소요 시간 81.641ms.
[2016.05.11-04.49.35:560][ 98]LogFileHelpers: Loading map 'GenieStart' took 1.450
[2016.05.11-04.49.39:741][403]LogD3D11RHI: InitD3DDevice
[2016.05.11-04.49.40:685][403]LogEditor: Attempting to add actor of class 'GenieCharacter' to level at -150.00,0.00,20.00
[2016.05.11-04.49.40:949][403]LogActor:Warning: Natively added component (GenieCharacter_3.RootComponent) was left unattached from the actor's root.
[2016.05.11-04.49.48:631][403]LogEditor: Attempting to add actor of class 'GenieCharacter' to level at -10.00,-470.00,150.00
[2016.05.11-04.49.48:632][403]LogActor:Warning: Natively added component (GenieCharacter_4.RootComponent) was left unattached from the actor's root.
[2016.05.11-04.49.56:917][739]LogPlayLevel: PIE:  No blueprints needed recompiling
[2016.05.11-04.49.56:917][739]PIE: New page: PIE 세션: GenieStart (2016. 5. 11. 오후 10:49:56)
[2016.05.11-04.49.56:918][739]LogPlayLevel: Creating play world package: /Game/Map/UEDPIE_0_GenieStart
[2016.05.11-04.49.56:936][739]LogPlayLevel: PIE: StaticDuplicateObject took: (0.017829s)
[2016.05.11-04.49.56:983][739]LogAIModule: Creating AISystem for world GenieStart
[2016.05.11-04.49.56:984][739]LogPlayLevel: PIE: World Init took: (0.047296s)
[2016.05.11-04.49.56:984][739]LogPlayLevel: PIE: Created PIE world by copying editor world from /Game/Map/GenieStart.GenieStart to /Game/Map/UEDPIE_0_GenieStart.GenieStart (0.065555s)
[2016.05.11-04.49.57:101][739]LogInit: XAudio2 using '스피커/헤드폰(Realtek High Definition Audio)' : 2 channels at 48 kHz using 32 bits per sample (channel mask 0x3)
[2016.05.11-04.49.57:142][739]LogInit: FAudioDevice initialized.
[2016.05.11-04.49.57:318][739]LogWorld: Game class is 'GameMode'
[2016.05.11-04.49.57:322][739]LogWorld: Bringing World /Game/Map/UEDPIE_0_GenieStart.GenieStart up for play (max tick rate 0) at 2016.05.11-13.49.57
[2016.05.11-04.49.57:322][739]LogActor:Warning: GameSession /Game/Map/UEDPIE_0_GenieStart.GenieStart:PersistentLevel.GameSession_5 has natively added scene component(s), but none of them were set as the actor's RootComponent - picking one arbitrarily
[2016.05.11-04.49.57:323][739]LogActor:Warning: GameNetworkManager /Game/Map/UEDPIE_0_GenieStart.GenieStart:PersistentLevel.GameNetworkManager_5 has natively added scene component(s), but none of them were set as the actor's RootComponent - picking one arbitrarily
[2016.05.11-04.49.57:756][739]LogWorld: Bringing up level for play took: 0.436300
[2016.05.11-04.49.57:760][739]PIE: 정보 /Game/Map/UEDPIE_0_GenieStart 에 대한 에디터에서 플레이 시작 시간: 1.379
[2016.05.11-04.50.00:341][878]LogParticles: Destroying 0 GPU particle simulations for FXSystem 0x00000265BF2C00E0
[2016.05.11-04.50.04:586][103]LogD3D11RHI: InitD3DDevice
[2016.05.11-04.50.17:646][687]LogPlayLevel: PIE:  No blueprints needed recompiling
[2016.05.11-04.50.17:646][687]PIE: New page: PIE 세션: GenieStart (2016. 5. 11. 오후 10:50:17)
[2016.05.11-04.50.17:647][687]LogPlayLevel: Creating play world package: /Game/Map/UEDPIE_0_GenieStart
[2016.05.11-04.50.17:650][687]LogPlayLevel: PIE: StaticDuplicateObject took: (0.003235s)
[2016.05.11-04.50.17:726][687]LogAIModule: Creating AISystem for world GenieStart
[2016.05.11-04.50.17:727][687]LogPlayLevel: PIE: World Init took: (0.075951s)
[2016.05.11-04.50.17:727][687]LogPlayLevel: PIE: Created PIE world by copying editor world from /Game/Map/GenieStart.GenieStart to /Game/Map/UEDPIE_0_GenieStart.GenieStart (0.079427s)
[2016.05.11-04.50.17:797][687]LogInit: XAudio2 using '스피커/헤드폰(Realtek High Definition Audio)' : 2 channels at 48 kHz using 32 bits per sample (channel mask 0x3)
[2016.05.11-04.50.17:845][687]LogInit: FAudioDevice initialized.
[2016.05.11-04.50.17:883][687]LogWorld: Game class is 'GameMode'
[2016.05.11-04.50.18:039][687]LogWorld: Bringing World /Game/Map/UEDPIE_0_GenieStart.GenieStart up for play (max tick rate 0) at 2016.05.11-13.50.18
[2016.05.11-04.50.18:039][687]LogActor:Warning: GameSession /Game/Map/UEDPIE_0_GenieStart.GenieStart:PersistentLevel.GameSession_6 has natively added scene component(s), but none of them were set as the actor's RootComponent - picking one arbitrarily
[2016.05.11-04.50.18:040][687]LogActor:Warning: GameNetworkManager /Game/Map/UEDPIE_0_GenieStart.GenieStart:PersistentLevel.GameNetworkManager_6 has natively added scene component(s), but none of them were set as the actor's RootComponent - picking one arbitrarily
[2016.05.11-04.50.18:168][687]LogWorld: Bringing up level for play took: 0.283765
[2016.05.11-04.50.18:170][687]PIE: 정보 /Game/Map/UEDPIE_0_GenieStart 에 대한 에디터에서 플레이 시작 시간: -0.21
[2016.05.11-04.50.20:455][793]LogParticles: Destroying 0 GPU particle simulations for FXSystem 0x00000265BF2C2F20
[2016.05.11-04.50.24:377][982]LogD3D11RHI: InitD3DDevice
[2016.05.11-04.50.24:495][982]Cmd: OBJ SAVEPACKAGE PACKAGE="/Game/Map/GenieStart" FILE="../../../../../../Users/jjudy/Desktop/Genie/src/unrealEngineProject/Content/Map/GenieStart.umap" SILENT=true AUTOSAVING=false KEEPDIRTY=false
[2016.05.11-04.50.25:674][982]LogSavePackage: Save=1018.353088ms
[2016.05.11-04.50.25:676][982]LogSavePackage: Moving '../../../../../../Users/jjudy/Desktop/Genie/src/unrealEngineProject/Saved/GenieStartDFCD61D447156144AAFEB386C52DF59E.tmp' to '../../../../../../Users/jjudy/Desktop/Genie/src/unrealEngineProject/Content/Map/GenieStart.umap'
[2016.05.11-04.50.32:117][374]LogD3D11RHI: InitD3DDevice
[2016.05.11-04.50.32:175][374]Cmd: MAP LOAD FILE="../../../../../../Users/jjudy/Desktop/Genie/src/unrealEngineProject/Content/Map/GenieStart.umap" TEMPLATE=0 SHOWPROGRESS=1 FEATURELEVEL=3
[2016.05.11-04.50.32:175][374]LightingResults: New page: 라이팅 빌드
[2016.05.11-04.50.32:196][374]LoadErrors: New page: 맵 로드중: GenieStart.umap
[2016.05.11-04.50.32:221][374]MapCheck: New page: 맵 체크
[2016.05.11-04.50.32:221][374]LightingResults: New page: 라이팅 빌드
[2016.05.11-04.50.32:240][374]LogParticles: Destroying 0 GPU particle simulations for FXSystem 0x00000265CDFD9120
[2016.05.11-04.50.32:277][374]LogAIModule: Creating AISystem for world GenieStart
[2016.05.11-04.50.32:281][374]LogEditorServer: Finished looking for orphan Actors (0.000 secs)
[2016.05.11-04.50.36:568][374]Cmd: MAP CHECKDEP NOCLEARLOG
[2016.05.11-04.50.36:640][374]MapCheck: 정보 맵 체크 완료: 오류 0 회, 경고 0 회, 소요 시간 72.452ms.
[2016.05.11-04.50.36:642][374]LogFileHelpers: Loading map 'GenieStart' took 4.469
[2016.05.11-04.50.38:088][474]LogPlayLevel: PIE:  No blueprints needed recompiling
[2016.05.11-04.50.38:089][474]PIE: New page: PIE 세션: GenieStart (2016. 5. 11. 오후 10:50:38)
[2016.05.11-04.50.38:090][474]LogPlayLevel: Creating play world package: /Game/Map/UEDPIE_0_GenieStart
[2016.05.11-04.50.38:106][474]LogPlayLevel: PIE: StaticDuplicateObject took: (0.015812s)
[2016.05.11-04.50.38:122][474]LogAIModule: Creating AISystem for world GenieStart
[2016.05.11-04.50.38:123][474]LogPlayLevel: PIE: World Init took: (0.016918s)
[2016.05.11-04.50.38:123][474]LogPlayLevel: PIE: Created PIE world by copying editor world from /Game/Map/GenieStart.GenieStart to /Game/Map/UEDPIE_0_GenieStart.GenieStart (0.032952s)
[2016.05.11-04.50.38:168][474]LogInit: XAudio2 using '스피커/헤드폰(Realtek High Definition Audio)' : 2 channels at 48 kHz using 32 bits per sample (channel mask 0x3)
[2016.05.11-04.50.38:205][474]LogInit: FAudioDevice initialized.
[2016.05.11-04.50.38:253][474]LogWorld: Game class is 'GameMode'
[2016.05.11-04.50.38:257][474]LogWorld: Bringing World /Game/Map/UEDPIE_0_GenieStart.GenieStart up for play (max tick rate 0) at 2016.05.11-13.50.38
[2016.05.11-04.50.38:258][474]LogActor:Warning: GameSession /Game/Map/UEDPIE_0_GenieStart.GenieStart:PersistentLevel.GameSession_7 has natively added scene component(s), but none of them were set as the actor's RootComponent - picking one arbitrarily
[2016.05.11-04.50.38:258][474]LogActor:Warning: GameNetworkManager /Game/Map/UEDPIE_0_GenieStart.GenieStart:PersistentLevel.GameNetworkManager_7 has natively added scene component(s), but none of them were set as the actor's RootComponent - picking one arbitrarily
[2016.05.11-04.50.38:259][474]LogWorld: Bringing up level for play took: 0.004425
[2016.05.11-04.50.38:262][474]PIE: 정보 /Game/Map/UEDPIE_0_GenieStart 에 대한 에디터에서 플레이 시작 시간: -0.118
[2016.05.11-04.50.40:781][620]LogParticles: Destroying 0 GPU particle simulations for FXSystem 0x00000265C6F5C540
[2016.05.11-04.50.44:087][853]LogD3D11RHI: InitD3DDevice
[2016.05.11-04.50.44:809][885]LogD3D11RHI: InitD3DDevice
[2016.05.11-04.50.44:996][893]LogD3D11RHI: InitD3DDevice
[2016.05.11-04.50.45:090][896]LogD3D11RHI: InitD3DDevice
[2016.05.11-04.50.45:180][899]LogD3D11RHI: InitD3DDevice
[2016.05.11-04.50.45:275][902]LogD3D11RHI: InitD3DDevice
[2016.05.11-04.50.45:564][915]LogD3D11RHI: InitD3DDevice
[2016.05.11-04.50.47:562][ 22]Cmd: DELETE
[2016.05.11-04.50.47:572][ 22]Cmd: ACTOR DELETE
[2016.05.11-04.50.47:684][ 22]LogEditorActor: Deleted Actor: GenieCharacter
[2016.05.11-04.50.47:766][ 22]LogEditorActor: Deleted 1 Actors (0.084 secs)
[2016.05.11-04.50.49:178][120]LogPlayLevel: PIE:  No blueprints needed recompiling
[2016.05.11-04.50.49:178][120]PIE: New page: PIE 세션: GenieStart (2016. 5. 11. 오후 10:50:49)
[2016.05.11-04.50.49:179][120]LogPlayLevel: Creating play world package: /Game/Map/UEDPIE_0_GenieStart
[2016.05.11-04.50.49:181][120]LogPlayLevel: PIE: StaticDuplicateObject took: (0.002172s)
[2016.05.11-04.50.49:182][120]LogAIModule: Creating AISystem for world GenieStart
[2016.05.11-04.50.49:183][120]LogPlayLevel: PIE: World Init took: (0.001907s)
[2016.05.11-04.50.49:183][120]LogPlayLevel: PIE: Created PIE world by copying editor world from /Game/Map/GenieStart.GenieStart to /Game/Map/UEDPIE_0_GenieStart.GenieStart (0.004340s)
[2016.05.11-04.50.49:235][120]LogInit: XAudio2 using '스피커/헤드폰(Realtek High Definition Audio)' : 2 channels at 48 kHz using 32 bits per sample (channel mask 0x3)
[2016.05.11-04.50.49:298][120]LogInit: FAudioDevice initialized.
[2016.05.11-04.50.49:340][120]LogWorld: Game class is 'GameMode'
[2016.05.11-04.50.49:343][120]LogWorld: Bringing World /Game/Map/UEDPIE_0_GenieStart.GenieStart up for play (max tick rate 0) at 2016.05.11-13.50.49
[2016.05.11-04.50.49:343][120]LogActor:Warning: GameSession /Game/Map/UEDPIE_0_GenieStart.GenieStart:PersistentLevel.GameSession_8 has natively added scene component(s), but none of them were set as the actor's RootComponent - picking one arbitrarily
[2016.05.11-04.50.49:344][120]LogActor:Warning: GameNetworkManager /Game/Map/UEDPIE_0_GenieStart.GenieStart:PersistentLevel.GameNetworkManager_8 has natively added scene component(s), but none of them were set as the actor's RootComponent - picking one arbitrarily
[2016.05.11-04.50.49:344][120]LogWorld: Bringing up level for play took: 0.003406
[2016.05.11-04.50.49:348][120]PIE: 정보 /Game/Map/UEDPIE_0_GenieStart 에 대한 에디터에서 플레이 시작 시간: 0.967
[2016.05.11-04.50.52:092][312]LogParticles: Destroying 0 GPU particle simulations for FXSystem 0x00000265D9FA5940
[2016.05.11-05.00.28:725][537]LogD3D11RHI: InitD3DDevice
[2016.05.11-05.00.37:645][330]LogD3D11RHI: InitD3DDevice
[2016.05.11-05.00.38:216][330]LogSavePackage: Save=32.959549ms
[2016.05.11-05.00.38:216][330]LogSavePackage: Moving '../../../../../../Users/jjudy/Desktop/Genie/src/unrealEngineProject/Saved/GenieStart_Auto12F5A66D34395785AE8CF12BCE58E435E.tmp' to '../../../../../../Users/jjudy/Desktop/Genie/src/unrealEngineProject/Saved/Autosaves/Game/Map/GenieStart_Auto1.umap'
[2016.05.11-05.00.38:230][330]LogFileHelpers: Editor autosave (incl. sublevels) for '/Game/Map/GenieStart' took 0.111
[2016.05.11-05.00.38:230][330]LogFileHelpers: Editor autosave (incl. sublevels) for all levels took 0.111
[2016.05.11-05.09.01:783][608]LogPlayLevel: PIE:  No blueprints needed recompiling
[2016.05.11-05.09.01:783][608]PIE: New page: PIE 세션: GenieStart (2016. 5. 11. 오후 11:09:01)
[2016.05.11-05.09.01:784][608]LogPlayLevel: Creating play world package: /Game/Map/UEDPIE_0_GenieStart
[2016.05.11-05.09.01:788][608]LogPlayLevel: PIE: StaticDuplicateObject took: (0.004152s)
[2016.05.11-05.09.01:790][608]LogAIModule: Creating AISystem for world GenieStart
[2016.05.11-05.09.01:791][608]LogPlayLevel: PIE: World Init took: (0.002179s)
[2016.05.11-05.09.01:791][608]LogPlayLevel: PIE: Created PIE world by copying editor world from /Game/Map/GenieStart.GenieStart to /Game/Map/UEDPIE_0_GenieStart.GenieStart (0.006641s)
[2016.05.11-05.09.01:847][608]LogInit: XAudio2 using '스피커/헤드폰(Realtek High Definition Audio)' : 2 channels at 48 kHz using 32 bits per sample (channel mask 0x3)
[2016.05.11-05.09.01:886][608]LogInit: FAudioDevice initialized.
[2016.05.11-05.09.01:926][608]LogWorld: Game class is 'GameMode'
[2016.05.11-05.09.01:931][608]LogWorld: Bringing World /Game/Map/UEDPIE_0_GenieStart.GenieStart up for play (max tick rate 0) at 2016.05.11-14.09.01
[2016.05.11-05.09.01:931][608]LogActor:Warning: GameSession /Game/Map/UEDPIE_0_GenieStart.GenieStart:PersistentLevel.GameSession_9 has natively added scene component(s), but none of them were set as the actor's RootComponent - picking one arbitrarily
[2016.05.11-05.09.01:931][608]LogActor:Warning: GameNetworkManager /Game/Map/UEDPIE_0_GenieStart.GenieStart:PersistentLevel.GameNetworkManager_9 has natively added scene component(s), but none of them were set as the actor's RootComponent - picking one arbitrarily
[2016.05.11-05.09.01:932][608]LogWorld: Bringing up level for play took: 0.003732
[2016.05.11-05.09.01:934][608]PIE: 정보 /Game/Map/UEDPIE_0_GenieStart 에 대한 에디터에서 플레이 시작 시간: -0.446
[2016.05.11-05.09.03:181][683]LogParticles: Destroying 0 GPU particle simulations for FXSystem 0x00000265D9FA71A0
[2016.05.11-05.09.40:432][857]LogD3D11RHI: InitD3DDevice
[2016.05.11-05.09.40:462][857]Cmd: OBJ SAVEPACKAGE PACKAGE="/Game/Map/GenieStart" FILE="../../../../../../Users/jjudy/Desktop/Genie/src/unrealEngineProject/Content/Map/GenieStart.umap" SILENT=true AUTOSAVING=false KEEPDIRTY=false
[2016.05.11-05.09.40:540][857]LogSavePackage: Save=32.954021ms
[2016.05.11-05.09.40:540][857]LogSavePackage: Moving '../../../../../../Users/jjudy/Desktop/Genie/src/unrealEngineProject/Saved/GenieStart0E4C84714465C6103C36ECBA94524A33.tmp' to '../../../../../../Users/jjudy/Desktop/Genie/src/unrealEngineProject/Content/Map/GenieStart.umap'
[2016.05.11-05.10.04:868][391]LogD3D11RHI: InitD3DDevice
[2016.05.11-05.10.05:088][391]LogD3D11RHI: InitD3DDevice
[2016.05.11-05.10.05:374][391]LogLinker:Warning: Asset '../../../Engine/Content/ArtTools/RenderToTexture/Macros/RenderToTextureMacros.uasset' has been saved with empty engine version. The asset will be loaded but may be incompatible.
[2016.05.11-05.10.05:937][391]LogLinker:Warning: Asset '../../../Engine/Content/ArtTools/RenderToTexture/Enums/RenderToTexture_Enum.uasset' has been saved with empty engine version. The asset will be loaded but may be incompatible.
[2016.05.11-05.10.08:714][391]LogActor:Warning: GameNetworkManager /Engine/Transient.World_5:PersistentLevel.GameNetworkManager_10 has natively added scene component(s), but none of them were set as the actor's RootComponent - picking one arbitrarily
[2016.05.11-05.10.12:577][522]LogD3D11RHI: InitD3DDevice
[2016.05.11-05.10.12:643][522]LogD3D11RHI: InitD3DDevice
[2016.05.11-05.10.13:256][522]LogActor:Warning: GameNetworkManager /Engine/Transient.World_6:PersistentLevel.GameNetworkManager_11 has natively added scene component(s), but none of them were set as the actor's RootComponent - picking one arbitrarily
[2016.05.11-05.10.23:378][925]LogD3D11RHI: InitD3DDevice
[2016.05.11-05.10.24:817][955]LogD3D11RHI: InitD3DDevice
[2016.05.11-05.11.08:208][653]LogD3D11RHI: InitD3DDevice
[2016.05.11-05.11.09:172][699]LogD3D11RHI: InitD3DDevice
[2016.05.11-05.11.09:635][721]LogActorComponent: UnregisterComponent: (/Engine/Transient.CharMoveComp) Not registered. Aborting.
[2016.05.11-05.11.09:669][721]LogParticles: Destroying 0 GPU particle simulations for FXSystem 0x00000265F37A5B20
[2016.05.11-05.11.09:670][721]LogParticles: Destroying 0 GPU particle simulations for FXSystem 0x00000265C6FBB740
[2016.05.11-05.11.09:751][721]LogD3D11RHI: InitD3DDevice
[2016.05.11-05.11.10:761][721]LogD3D11RHI: InitD3DDevice
[2016.05.11-05.11.10:968][721]LogD3D11RHI: InitD3DDevice
[2016.05.11-05.11.11:019][721]LogD3D11RHI: InitD3DDevice
[2016.05.11-05.11.12:544][782]LogPlayLevel: PIE:  No blueprints needed recompiling
[2016.05.11-05.11.12:544][782]PIE: New page: PIE 세션: GenieStart (2016. 5. 11. 오후 11:11:12)
[2016.05.11-05.11.12:544][782]LogPlayLevel: Creating play world package: /Game/Map/UEDPIE_0_GenieStart
[2016.05.11-05.11.12:547][782]LogPlayLevel: PIE: StaticDuplicateObject took: (0.002229s)
[2016.05.11-05.11.12:547][782]LogAIModule: Creating AISystem for world GenieStart
[2016.05.11-05.11.12:548][782]LogPlayLevel: PIE: World Init took: (0.001649s)
[2016.05.11-05.11.12:549][782]LogPlayLevel: PIE: Created PIE world by copying editor world from /Game/Map/GenieStart.GenieStart to /Game/Map/UEDPIE_0_GenieStart.GenieStart (0.004145s)
[2016.05.11-05.11.12:549][782]LogActorComponent: UnregisterComponent: (/Engine/Transient.CharMoveComp) Not registered. Aborting.
[2016.05.11-05.11.12:610][782]LogInit: XAudio2 using '스피커/헤드폰(Realtek High Definition Audio)' : 2 channels at 48 kHz using 32 bits per sample (channel mask 0x3)
[2016.05.11-05.11.12:650][782]LogInit: FAudioDevice initialized.
[2016.05.11-05.11.12:685][782]LogWorld: Game class is 'GameMode'
[2016.05.11-05.11.12:689][782]LogWorld: Bringing World /Game/Map/UEDPIE_0_GenieStart.GenieStart up for play (max tick rate 0) at 2016.05.11-14.11.12
[2016.05.11-05.11.12:689][782]LogActor:Warning: GameSession /Game/Map/UEDPIE_0_GenieStart.GenieStart:PersistentLevel.GameSession_10 has natively added scene component(s), but none of them were set as the actor's RootComponent - picking one arbitrarily
[2016.05.11-05.11.12:689][782]LogActor:Warning: GameNetworkManager /Game/Map/UEDPIE_0_GenieStart.GenieStart:PersistentLevel.GameNetworkManager_12 has natively added scene component(s), but none of them were set as the actor's RootComponent - picking one arbitrarily
[2016.05.11-05.11.12:689][782]LogWorld: Bringing up level for play took: 0.002652
[2016.05.11-05.11.12:692][782]PIE: 정보 /Game/Map/UEDPIE_0_GenieStart 에 대한 에디터에서 플레이 시작 시간: 0.312
[2016.05.11-05.11.13:934][850]LogParticles: Destroying 0 GPU particle simulations for FXSystem 0x000002658AA78860
[2016.05.11-05.17.56:524][460]LogActorComponent: UnregisterComponent: (/Engine/Transient.CharMoveComp) Not registered. Aborting.
[2016.05.11-05.17.57:326][460]LogWindowsTextInputMethodSystem:Display: IME system now activated using TSF (Microsoft 입력기).
[2016.05.11-05.17.58:493][461]Cmd: QUIT_EDITOR
[2016.05.11-05.18.00:230][461]LogExit: Preparing to exit.
[2016.05.11-05.18.03:000][461]LogExit: Editor shut down
[2016.05.11-05.18.03:034][461]LogExit: Transaction tracking system shut down
[2016.05.11-05.18.03:043][461]LogParticles: Destroying 0 GPU particle simulations for FXSystem 0x00000265DAF5DBC0
[2016.05.11-05.18.13:161][461]LogParticles: Destroying 0 GPU particle simulations for FXSystem 0x00000265BF2C0360
[2016.05.11-05.18.13:161][461]LogParticles: Destroying 0 GPU particle simulations for FXSystem 0x00000265DAF5C720
[2016.05.11-05.18.13:161][461]LogParticles: Destroying 0 GPU particle simulations for FXSystem 0x00000265E227B2E0
[2016.05.11-05.18.13:161][461]LogParticles: Destroying 0 GPU particle simulations for FXSystem 0x00000265CDFDACA0
[2016.05.11-05.18.13:161][461]LogParticles: Destroying 0 GPU particle simulations for FXSystem 0x00000265CAAE8900
[2016.05.11-05.18.13:161][461]LogExit: Object subsystem successfully closed.
[2016.05.11-05.18.15:531][461]LogD3D11RHI: Shutdown
[2016.05.11-05.18.15:531][461]LogD3D11RHI: CleanupD3DDevice
[2016.05.11-05.18.15:647][461]LogD3D11RHI: ~FD3D11DynamicRHI
[2016.05.11-05.18.15:769][461]LogModuleManager: Shutting down and abandoning module ExternalImagePicker (190)
[2016.05.11-05.18.15:769][461]LogModuleManager: Shutting down and abandoning module CrashTracker (189)
[2016.05.11-05.18.15:769][461]LogModuleManager: Shutting down and abandoning module SceneOutliner (188)
[2016.05.11-05.18.15:769][461]LogModuleManager: Shutting down and abandoning module SuperSearch (187)
[2016.05.11-05.18.15:769][461]LogModuleManager: Shutting down and abandoning module WidgetCarousel (186)
[2016.05.11-05.18.15:832][461]LogModuleManager: Shutting down and abandoning module AddContentDialog (185)
[2016.05.11-05.18.15:939][461]LogModuleManager: Shutting down and abandoning module EditorWidgets (184)
[2016.05.11-05.18.15:940][461]LogModuleManager: Shutting down and abandoning module CollectionManager (183)
[2016.05.11-05.18.15:952][461]LogModuleManager: Shutting down and abandoning module StatsViewer (182)
[2016.05.11-05.18.15:961][461]LogModuleManager: Shutting down and abandoning module FoliageEdit (181)
[2016.05.11-05.18.15:997][461]LogModuleManager: Shutting down and abandoning module LandscapeEditor (180)
[2016.05.11-05.18.16:044][461]LogModuleManager: Shutting down and abandoning module ActorPickerMode (179)
[2016.05.11-05.18.16:045][461]LogModuleManager: Shutting down and abandoning module GeometryMode (178)
[2016.05.11-05.18.16:045][461]LogModuleManager: Shutting down and abandoning module TextureAlignMode (177)
[2016.05.11-05.18.16:045][461]LogModuleManager: Shutting down and abandoning module BspMode (176)
[2016.05.11-05.18.16:045][461]LogModuleManager: Shutting down and abandoning module PlacementMode (175)
[2016.05.11-05.18.16:055][461]LogModuleManager: Shutting down and abandoning module AutomationWorker (174)
[2016.05.11-05.18.16:056][461]LogModuleManager: Shutting down and abandoning module CharacterAI (173)
[2016.05.11-05.18.16:056][461]LogModuleManager: Shutting down and abandoning module SmartSnapping (172)
[2016.05.11-05.18.16:056][461]LogModuleManager: Shutting down and abandoning module ViewportSnapping (171)
[2016.05.11-05.18.16:056][461]LogModuleManager: Shutting down and abandoning module LogVisualizer (170)
[2016.05.11-05.18.16:105][461]LogModuleManager: Shutting down and abandoning module GameProjectGeneration (169)
[2016.05.11-05.18.16:179][461]LogModuleManager: Shutting down and abandoning module IntroTutorials (168)
[2016.05.11-05.18.16:212][461]LogModuleManager: Shutting down and abandoning module EditorLiveStreaming (167)
[2016.05.11-05.18.16:212][461]LogModuleManager: Shutting down and abandoning module IOSPlatformEditor (166)
[2016.05.11-05.18.16:217][461]LogModuleManager: Shutting down and abandoning module HTML5PlatformEditor (165)
[2016.05.11-05.18.16:217][461]LogModuleManager: Shutting down and abandoning module AndroidDeviceDetection (164)
[2016.05.11-05.18.16:567][461]LogModuleManager: Shutting down and abandoning module AndroidPlatformEditor (163)
[2016.05.11-05.18.16:567][461]LogModuleManager: Shutting down and abandoning module IOSRuntimeSettings (162)
[2016.05.11-05.18.16:567][461]LogModuleManager: Shutting down and abandoning module AndroidRuntimeSettings (161)
[2016.05.11-05.18.16:567][461]LogModuleManager: Shutting down and abandoning module MergeActors (160)
[2016.05.11-05.18.16:592][461]LogModuleManager: Shutting down and abandoning module SizeMap (159)
[2016.05.11-05.18.16:592][461]LogModuleManager: Shutting down and abandoning module TreeMap (158)
[2016.05.11-05.18.16:605][461]LogModuleManager: Shutting down and abandoning module ReferenceViewer (157)
[2016.05.11-05.18.16:605][461]LogModuleManager: Shutting down and abandoning module LocalizationDashboard (156)
[2016.05.11-05.18.16:623][461]LogModuleManager: Shutting down and abandoning module HardwareTargeting (155)
[2016.05.11-05.18.16:623][461]LogModuleManager: Shutting down and abandoning module DeviceProfileEditor (154)
[2016.05.11-05.18.16:632][461]LogModuleManager: Shutting down and abandoning module UndoHistory (153)
[2016.05.11-05.18.16:639][461]LogModuleManager: Shutting down and abandoning module GameplayTagsEditor (152)
[2016.05.11-05.18.16:648][461]LogModuleManager: Shutting down and abandoning module UserFeedback (151)
[2016.05.11-05.18.16:648][461]LogModuleManager: Shutting down and abandoning module XmlParser (150)
[2016.05.11-05.18.16:654][461]LogModuleManager: Shutting down and abandoning module Blutility (149)
[2016.05.11-05.18.16:654][461]LogModuleManager: Shutting down and abandoning module ProjectTargetPlatformEditor (148)
[2016.05.11-05.18.16:654][461]LogModuleManager: Shutting down and abandoning module ProjectSettingsViewer (147)
[2016.05.11-05.18.16:654][461]LogModuleManager: Shutting down and abandoning module InputBindingEditor (146)
[2016.05.11-05.18.16:706][461]LogModuleManager: Shutting down and abandoning module EditorSettingsViewer (145)
[2016.05.11-05.18.16:707][461]LogModuleManager: Shutting down and abandoning module SettingsEditor (144)
[2016.05.11-05.18.16:728][461]LogModuleManager: Shutting down and abandoning module ProjectLauncher (143)
[2016.05.11-05.18.16:752][461]LogModuleManager: Shutting down and abandoning module SessionFrontend (142)
[2016.05.11-05.18.16:765][461]LogModuleManager: Shutting down and abandoning module ProfilerClient (141)
[2016.05.11-05.18.16:771][461]LogModuleManager: Shutting down and abandoning module TargetDeviceServices (140)
[2016.05.11-05.18.16:771][461]LogModuleManager: Shutting down and abandoning module DeviceManager (139)
[2016.05.11-05.18.16:825][461]LogModuleManager: Shutting down and abandoning module AutomationController (138)
[2016.05.11-05.18.16:849][461]LogModuleManager: Shutting down and abandoning module AutomationWindow (137)
[2016.05.11-05.18.16:883][461]LogModuleManager: Shutting down and abandoning module Layers (136)
[2016.05.11-05.18.16:936][461]LogModuleManager: Shutting down and abandoning module ComponentVisualizers (135)
[2016.05.11-05.18.16:936][461]LogModuleManager: Shutting down and abandoning module DetailCustomizations (134)
[2016.05.11-05.18.16:936][461]LogModuleManager: Shutting down and abandoning module PackagesDialog (133)
[2016.05.11-05.18.16:936][461]LogModuleManager: Shutting down and abandoning module AssetRegistry (132)
[2016.05.11-05.18.17:416][461]LogModuleManager: Shutting down and abandoning module Persona (131)
[2016.05.11-05.18.17:517][461]LogModuleManager: Shutting down and abandoning module Kismet (130)
[2016.05.11-05.18.17:525][461]LogModuleManager: Shutting down and abandoning module GraphEditor (129)
[2016.05.11-05.18.17:526][461]LogModuleManager: Shutting down and abandoning module ClassViewer (128)
[2016.05.11-05.18.17:532][461]LogModuleManager: Shutting down and abandoning module Toolbox (127)
[2016.05.11-05.18.17:533][461]LogModuleManager: Shutting down and abandoning module ModuleUI (126)
[2016.05.11-05.18.17:542][461]LogModuleManager: Shutting down and abandoning module MovieSceneTools (125)
[2016.05.11-05.18.17:575][461]LogModuleManager: Shutting down and abandoning module OutputLog (124)
[2016.05.11-05.18.17:575][461]LogModuleManager: Shutting down and abandoning module GammaUI (123)
[2016.05.11-05.18.17:581][461]LogModuleManager: Shutting down and abandoning module Documentation (122)
[2016.05.11-05.18.17:581][461]LogModuleManager: Shutting down and abandoning module GameLiveStreaming (121)
[2016.05.11-05.18.17:590][461]LogModuleManager: Shutting down and abandoning module StreamingPauseRendering (120)
[2016.05.11-05.18.17:590][461]LogModuleManager: Shutting down and abandoning module AnalyticsET (119)
[2016.05.11-05.18.17:590][461]LogModuleManager: Shutting down and abandoning module Analytics (118)
[2016.05.11-05.18.17:590][461]LogModuleManager: Shutting down and abandoning module AITestSuite (117)
[2016.05.11-05.18.17:612][461]LogModuleManager: Shutting down and abandoning module GameplayDebugger (116)
[2016.05.11-05.18.17:612][461]LogModuleManager: Shutting down and abandoning module AIModule (115)
[2016.05.11-05.18.17:612][461]LogModuleManager: Shutting down and abandoning module ProfilerService (114)
[2016.05.11-05.18.17:800][461]LogModuleManager: Shutting down and abandoning module TaskGraph (113)
[2016.05.11-05.18.17:824][461]LogModuleManager: Shutting down and abandoning module SlateRemote (112)
[2016.05.11-05.18.17:824][461]LogModuleManager: Shutting down and abandoning module SteamVRController (111)
[2016.05.11-05.18.17:825][461]LogModuleManager: Shutting down and abandoning module SteamVR (110)
[2016.05.11-05.18.17:825][461]LogModuleManager: Shutting down and abandoning module ProceduralMeshComponent (109)
[2016.05.11-05.18.17:825][461]LogModuleManager: Shutting down and abandoning module OculusRift (108)
[2016.05.11-05.18.17:825][461]LogModuleManager: Shutting down and abandoning module LeapMotionController (107)
[2016.05.11-05.18.17:898][461]LogModuleManager: Shutting down and abandoning module CustomMeshComponent (106)
[2016.05.11-05.18.17:898][461]LogModuleManager: Shutting down and abandoning module CableComponent (105)
[2016.05.11-05.18.17:905][461]LogModuleManager: Shutting down and abandoning module MessagingDebugger (104)
[2016.05.11-05.18.17:987][461]LogModuleManager: Shutting down and abandoning module MediaPlayerEditor (103)
[2016.05.11-05.18.18:024][461]LogModuleManager: Shutting down and abandoning module SpeedTreeImporter (102)
[2016.05.11-05.18.18:024][461]LogModuleManager: Shutting down and abandoning module PluginBrowser (101)
[2016.05.11-05.18.18:028][461]LogModuleManager: Shutting down and abandoning module EpicSurvey (100)
[2016.05.11-05.18.18:034][461]LogModuleManager: Shutting down and abandoning module DesktopPlatform (99)
[2016.05.11-05.18.18:054][461]LogModuleManager: Shutting down and abandoning module VisualStudioSourceCodeAccess (98)
[2016.05.11-05.18.18:054][461]LogModuleManager: Shutting down and abandoning module UObjectPlugin (97)
[2016.05.11-05.18.18:054][461]LogModuleManager: Shutting down and abandoning module SubversionSourceControl (96)
[2016.05.11-05.18.18:065][461]LogModuleManager: Shutting down and abandoning module PerforceSourceControl (95)
[2016.05.11-05.18.18:098][461]LogModuleManager: Shutting down and abandoning module SourceControl (94)
[2016.05.11-05.18.18:133][461]LogModuleManager: Shutting down and abandoning module GitSourceControl (93)
[2016.05.11-05.18.18:140][461]LogModuleManager: Shutting down and abandoning module BlankPlugin (92)
[2016.05.11-05.18.18:140][461]LogModuleManager: Shutting down and abandoning module PaperTiledImporter (91)
[2016.05.11-05.18.18:140][461]LogModuleManager: Shutting down and abandoning module PaperSpriteSheetImporter (90)
[2016.05.11-05.18.18:140][461]LogModuleManager: Shutting down and abandoning module MeshPaint (89)
[2016.05.11-05.18.18:146][461]LogModuleManager: Shutting down and abandoning module SlateReflector (88)
[2016.05.11-05.18.18:169][461]LogModuleManager: Shutting down and abandoning module DirectoryWatcher (87)
[2016.05.11-05.18.18:174][461]LogModuleManager: Shutting down and abandoning module HotReload (86)
[2016.05.11-05.18.18:174][461]LogModuleManager: Shutting down and abandoning module MainFrame (85)
[2016.05.11-05.18.18:196][461]LogModuleManager: Shutting down and abandoning module LevelEditor (84)
[2016.05.11-05.18.18:218][461]LogModuleManager: Shutting down and abandoning module ContentBrowser (83)
[2016.05.11-05.18.18:227][461]LogModuleManager: Shutting down and abandoning module Paper2DEditor (82)
[2016.05.11-05.18.18:300][461]LogModuleManager: Shutting down and abandoning module unrealEngineProject (81)
[2016.05.11-05.18.18:300][461]LogModuleManager: Shutting down and abandoning module UdpMessaging (80)
[2016.05.11-05.18.18:402][461]LogModuleManager: Shutting down and abandoning module Paper2D (79)
[2016.05.11-05.18.18:417][461]LogModuleManager: Shutting down and abandoning module WindowsMoviePlayer (78)
[2016.05.11-05.18.18:421][461]LogModuleManager: Shutting down and abandoning module Media (77)
[2016.05.11-05.18.18:421][461]LogModuleManager: Shutting down and abandoning module WmfMedia (76)
[2016.05.11-05.18.18:429][461]LogModuleManager: Shutting down and abandoning module OnlineBlueprintSupport (75)
[2016.05.11-05.18.18:429][461]LogModuleManager: Shutting down and abandoning module PropertyEditor (74)
[2016.05.11-05.18.18:438][461]LogModuleManager: Shutting down and abandoning module BehaviorTreeEditor (73)
[2016.05.11-05.18.18:453][461]LogModuleManager: Shutting down and abandoning module FunctionalTesting (72)
[2016.05.11-05.18.18:459][461]LogModuleManager: Shutting down and abandoning module CollisionAnalyzer (71)
[2016.05.11-05.18.18:489][461]LogModuleManager: Shutting down and abandoning module WorkspaceMenuStructure (70)
[2016.05.11-05.18.18:489][461]LogModuleManager: Shutting down and abandoning module MessageLog (69)
[2016.05.11-05.18.18:489][461]LogModuleManager: Shutting down and abandoning module Sequencer (68)
[2016.05.11-05.18.18:521][461]LogModuleManager: Shutting down and abandoning module AssetTools (67)
[2016.05.11-05.18.18:523][461]LogModuleManager: Shutting down and abandoning module UMGEditor (66)
[2016.05.11-05.18.18:571][461]LogModuleManager: Shutting down and abandoning module UMG (65)
[2016.05.11-05.18.18:586][461]LogModuleManager: Shutting down and abandoning module Slate (64)
[2016.05.11-05.18.18:586][461]LogModuleManager: Shutting down and abandoning module EditorStyle (63)
[2016.05.11-05.18.18:607][461]LogModuleManager: Shutting down and abandoning module SessionServices (62)
[2016.05.11-05.18.18:607][461]LogModuleManager: Shutting down and abandoning module SourceCodeAccess (61)
[2016.05.11-05.18.18:607][461]LogModuleManager: Shutting down and abandoning module HeadMountedDisplay (60)
[2016.05.11-05.18.18:607][461]LogModuleManager: Shutting down and abandoning module XAudio2 (59)
[2016.05.11-05.18.18:607][461]LogModuleManager: Shutting down and abandoning module Networking (57)
[2016.05.11-05.18.18:607][461]LogModuleManager: Shutting down and abandoning module Core (56)
[2016.05.11-05.18.18:608][461]LogModuleManager: Shutting down and abandoning module KismetCompiler (55)
[2016.05.11-05.18.18:616][461]LogModuleManager: Shutting down and abandoning module PhysXFormats (54)
[2016.05.11-05.18.18:619][461]LogModuleManager: Shutting down and abandoning module MeshUtilities (53)
[2016.05.11-05.18.18:629][461]LogModuleManager: Shutting down and abandoning module DerivedDataCache (52)
[2016.05.11-05.18.18:660][461]LogDerivedDataCache: Shutdown
[2016.05.11-05.18.18:660][461]LogModuleManager: Shutting down and abandoning module ShaderFormatOpenGL (51)
[2016.05.11-05.18.18:669][461]LogModuleManager: Shutting down and abandoning module ShaderFormatD3D (50)
[2016.05.11-05.18.18:680][461]LogModuleManager: Shutting down and abandoning module MetalShaderFormat (49)
[2016.05.11-05.18.18:691][461]LogModuleManager: Shutting down and abandoning module TextureFormatUncompressed (48)
[2016.05.11-05.18.18:691][461]LogModuleManager: Shutting down and abandoning module TextureFormatPVR (47)
[2016.05.11-05.18.18:700][461]LogModuleManager: Shutting down and abandoning module TextureFormatIntelISPCTexComp (46)
[2016.05.11-05.18.18:701][461]LogModuleManager: Shutting down and abandoning module TextureFormatDXT (45)
[2016.05.11-05.18.18:704][461]LogModuleManager: Shutting down and abandoning module ImageWrapper (44)
[2016.05.11-05.18.18:704][461]LogModuleManager: Shutting down and abandoning module TextureFormatASTC (43)
[2016.05.11-05.18.18:704][461]LogModuleManager: Shutting down and abandoning module TextureFormatAndroid (42)
[2016.05.11-05.18.18:704][461]LogModuleManager: Shutting down and abandoning module AudioFormatOpus (41)
[2016.05.11-05.18.18:708][461]LogModuleManager: Shutting down and abandoning module AudioFormatOgg (40)
[2016.05.11-05.18.18:715][461]LogModuleManager: Shutting down and abandoning module AudioFormatADPCM (39)
[2016.05.11-05.18.18:715][461]LogModuleManager: Shutting down and abandoning module LinuxTargetPlatform (38)
[2016.05.11-05.18.18:715][461]LogModuleManager: Shutting down and abandoning module LinuxServerTargetPlatform (37)
[2016.05.11-05.18.18:724][461]LogModuleManager: Shutting down and abandoning module LinuxNoEditorTargetPlatform (36)
[2016.05.11-05.18.18:730][461]LogModuleManager: Shutting down and abandoning module Messaging (35)
[2016.05.11-05.18.18:731][461]LogModuleManager: Shutting down and abandoning module IOSTargetPlatform (34)
[2016.05.11-05.18.18:731][461]LogModuleManager: Shutting down and abandoning module HTML5TargetPlatform (33)
[2016.05.11-05.18.18:731][461]LogModuleManager: Shutting down and abandoning module Android_PVRTCTargetPlatform (32)
[2016.05.11-05.18.18:731][461]LogModuleManager: Shutting down and abandoning module Android_ETC2TargetPlatform (31)
[2016.05.11-05.18.18:731][461]LogModuleManager: Shutting down and abandoning module Android_ETC1TargetPlatform (30)
[2016.05.11-05.18.18:731][461]LogModuleManager: Shutting down and abandoning module Android_DXTTargetPlatform (29)
[2016.05.11-05.18.18:731][461]LogModuleManager: Shutting down and abandoning module Android_ATCTargetPlatform (28)
[2016.05.11-05.18.18:731][461]LogModuleManager: Shutting down and abandoning module Android_ASTCTargetPlatform (27)
[2016.05.11-05.18.18:731][461]LogModuleManager: Shutting down and abandoning module AndroidTargetPlatform (26)
[2016.05.11-05.18.18:731][461]LogModuleManager: Shutting down and abandoning module WindowsTargetPlatform (25)
[2016.05.11-05.18.18:731][461]LogModuleManager: Shutting down and abandoning module WindowsServerTargetPlatform (24)
[2016.05.11-05.18.18:731][461]LogModuleManager: Shutting down and abandoning module WindowsNoEditorTargetPlatform (23)
[2016.05.11-05.18.18:732][461]LogModuleManager: Shutting down and abandoning module WindowsClientTargetPlatform (22)
[2016.05.11-05.18.18:732][461]LogModuleManager: Shutting down and abandoning module DesktopTargetPlatform (21)
[2016.05.11-05.18.18:732][461]LogModuleManager: Shutting down and abandoning module TargetPlatform (20)
[2016.05.11-05.18.18:732][461]LogModuleManager: Shutting down and abandoning module InputCore (19)
[2016.05.11-05.18.18:732][461]LogModuleManager: Shutting down and abandoning module Settings (18)
[2016.05.11-05.18.18:732][461]LogModuleManager: Shutting down and abandoning module OnlineSubsystem (16)
[2016.05.11-05.18.18:732][461]LogModuleManager: Shutting down and abandoning module HTTP (15)
[2016.05.11-05.18.18:734][461]LogModuleManager: Shutting down and abandoning module ExampleDeviceProfileSelector (14)
[2016.05.11-05.18.18:734][461]LogModuleManager: Shutting down and abandoning module TextureCompressor (13)
[2016.05.11-05.18.18:734][461]LogModuleManager: Shutting down and abandoning module ShaderCore (12)
[2016.05.11-05.18.18:734][461]LogModuleManager: Shutting down and abandoning module Landscape (11)
[2016.05.11-05.18.18:734][461]LogModuleManager: Shutting down and abandoning module SlateRHIRenderer (10)
[2016.05.11-05.18.18:784][461]LogModuleManager: Shutting down and abandoning module OpenGLDrv (9)
[2016.05.11-05.18.18:789][461]LogModuleManager: Shutting down and abandoning module D3D11RHI (8)
[2016.05.11-05.18.18:789][461]LogModuleManager: Shutting down and abandoning module Renderer (7)
[2016.05.11-05.18.18:789][461]LogModuleManager: Shutting down and abandoning module Engine (6)
[2016.05.11-05.18.18:789][461]LogModuleManager: Shutting down and abandoning module CoreUObject (5)
[2016.05.11-05.18.18:790][461]LogModuleManager: Shutting down and abandoning module NetworkFile (4)
[2016.05.11-05.18.18:799][461]LogModuleManager: Shutting down and abandoning module StreamingFile (3)
[2016.05.11-05.18.18:799][461]LogModuleManager: Shutting down and abandoning module SandboxFile (2)
[2016.05.11-05.18.18:802][461]LogModuleManager: Shutting down and abandoning module PakFile (1)
[2016.05.11-05.18.18:803][461]LogExit: Exiting.
[2016.05.11-05.18.18:837][461]Log file closed, 05/11/16 14:18:18
