[2016.05.10-17.25.02:466][  0]Log file open, 05/11/16 02:25:02
[2016.05.10-17.25.02:466][  0]LogInit:Display: Running engine for game: unrealEngineProject
[2016.05.10-17.25.02:466][  0]LogInit:Display: RandInit(-638452351) SRandInit(-638452351).
[2016.05.10-17.25.02:466][  0]LogTaskGraph: Started task graph with 4 named threads and 5 total threads.
[2016.05.10-17.25.02:466][  0]LogStats: Stats thread started
[2016.05.10-17.25.02:466][  0]LogInit: Version: 4.8.3-2634408+++depot+UE4-Releases+4.8
[2016.05.10-17.25.02:466][  0]LogInit: API Version: 2579680
[2016.05.10-17.25.02:466][  0]LogInit: Compiled (64-bit): Jul 27 2015 16:24:33
[2016.05.10-17.25.02:466][  0]LogInit: Compiled with Visual C++: 18.00.21005.01
[2016.05.10-17.25.02:466][  0]LogInit: Build Configuration: Development
[2016.05.10-17.25.02:466][  0]LogInit: Branch Name: ++depot+UE4-Releases+4.8
[2016.05.10-17.25.02:466][  0]LogInit: Command line: 
[2016.05.10-17.25.02:466][  0]LogInit: Base directory: C:/Program Files (x86)/Epic Games/4.8/Engine/Binaries/Win64/
[2016.05.10-17.25.02:466][  0]LogInit: Rocket: 1
[2016.05.10-17.25.02:492][  0]LogInit: Using libcurl 7.41.0
[2016.05.10-17.25.02:492][  0]LogInit:  - built for x86_64-pc-win32
[2016.05.10-17.25.02:492][  0]LogInit:  - supports SSL with WinSSL
[2016.05.10-17.25.02:492][  0]LogInit:  - other features:
[2016.05.10-17.25.02:492][  0]LogInit:      CURL_VERSION_SSL
[2016.05.10-17.25.02:492][  0]LogInit:      CURL_VERSION_IPV6
[2016.05.10-17.25.02:492][  0]LogInit:      CURL_VERSION_ASYNCHDNS
[2016.05.10-17.25.02:492][  0]LogInit:      CURL_VERSION_LARGEFILE
[2016.05.10-17.25.02:492][  0]LogInit:      CURL_VERSION_IDN
[2016.05.10-17.25.02:492][  0]LogInit:  CurlRequestOptions (configurable via config and command line):
[2016.05.10-17.25.02:492][  0]LogInit:  - bVerifyPeer = true  - Libcurl will verify peer certificate
[2016.05.10-17.25.02:492][  0]LogInit:  - bUseHttpProxy = false  - Libcurl will NOT use HTTP proxy
[2016.05.10-17.25.02:492][  0]LogInit:  - bDontReuseConnections = false  - Libcurl will reuse connections
[2016.05.10-17.25.02:492][  0]LogInit:  - CertBundlePath = nullptr  - Libcurl will use whatever was configured at build time.
[2016.05.10-17.25.02:513][  0]LogOnline:Warning: No default platform service specified for OnlineSubsystem
[2016.05.10-17.25.02:594][  0]LogInit: Presizing for 0 objects not considered by GC, pre-allocating 0 bytes.
[2016.05.10-17.25.02:647][  0]LogInit: Object subsystem initialized
[2016.05.10-17.25.02:721][  0]LogConsoleResponse:Warning: Skipping Unknown console variable: 'TranslucentSortAxis = (X=0.000000,Y=-1.000000,Z=0.000000)'
[2016.05.10-17.25.02:721][  0]LogConsoleResponse:Warning:   Found in ini file 'C:/Users/jjudy/Desktop/Genie/src/unrealEngineProject/Saved/Config/Windows/Engine.ini', in section '[/Script/Engine.RendererSettings]'
[2016.05.10-17.25.02:721][  0]LogConsoleResponse:Warning: Skipping Unknown console variable: 'UIScaleRule = ShortestSide'
[2016.05.10-17.25.02:721][  0]LogConsoleResponse:Warning:   Found in ini file 'C:/Users/jjudy/Desktop/Genie/src/unrealEngineProject/Saved/Config/Windows/Engine.ini', in section '[/Script/Engine.RendererSettings]'
[2016.05.10-17.25.02:721][  0]LogConsoleResponse:Warning: Skipping Unknown console variable: 'UIScaleCurve = (EditorCurveData=(Keys=),ExternalCurve=None)'
[2016.05.10-17.25.02:721][  0]LogConsoleResponse:Warning:   Found in ini file 'C:/Users/jjudy/Desktop/Genie/src/unrealEngineProject/Saved/Config/Windows/Engine.ini', in section '[/Script/Engine.RendererSettings]'
[2016.05.10-17.25.02:799][  0]LogInit: Selected Device Profile: [Windows]
[2016.05.10-17.25.02:799][  0]LogInit: Applying CVar settings loaded from the selected device profile: [Windows]
[2016.05.10-17.25.02:909][  0]LogInit: Computer: JUDY
[2016.05.10-17.25.02:909][  0]LogInit: User: jjudy
[2016.05.10-17.25.02:909][  0]LogInit: CPU Page size=4096, Cores=2
[2016.05.10-17.25.02:909][  0]LogInit: High frequency timer resolution =2.533196 MHz
[2016.05.10-17.25.02:909][  0]LogMemory: Memory total: Physical=3.7GB (4GB approx)
[2016.05.10-17.25.02:910][  0]LogMemory: Platform Memory Stats for Windows
[2016.05.10-17.25.02:910][  0]LogMemory: Process Physical Memory: 50.24 MB used, 50.24 MB peak
[2016.05.10-17.25.02:910][  0]LogMemory: Process Virtual Memory: 22.64 MB used, 22.64 MB peak
[2016.05.10-17.25.02:910][  0]LogMemory: Physical Memory: 1977.47 MB used, 3799.78 MB total
[2016.05.10-17.25.02:910][  0]LogMemory: Virtual Memory: 315.31 MB used, 134217728.00 MB total
[2016.05.10-17.25.03:701][  0]LogTextLocalizationManager: The requested culture ('ko_KR') has no localization data; parent culture's ('ko') localization data will be used.
[2016.05.10-17.25.03:841][  0]LogTextLocalizationManager:Warning: Loaded localization resources contain conflicting entries for (Namespace:ContentBrowser, Key:ImportAssetToolTip):
Localization Resource: (C:/Program Files (x86)/Epic Games/4.8/Engine/Content/Localization/Editor/ko/Editor.locres) Source String Hash: (-630476809) Localized String: ({0} 에 임포트...)
Localization Resource: (C:/Program Files (x86)/Epic Games/4.8/Engine/Content/Localization/Editor/ko/Editor.locres) Source String Hash: (1271782899) Localized String: (파일에서 이 폴더로 애셋을 임포트합니다.)
[2016.05.10-17.25.04:761][  0]LogD3D11RHI: Found D3D11 adapter 0: NVIDIA GeForce GT 720M  (Feature Level 11_0)
[2016.05.10-17.25.04:761][  0]LogD3D11RHI: Adapter has 973MB of dedicated video memory, 0MB of dedicated system memory, and 1899MB of shared system memory, 2 output[s]
[2016.05.10-17.25.04:772][  0]LogD3D11RHI: Found D3D11 adapter 1: Intel(R) HD Graphics Family (Feature Level 11_0)
[2016.05.10-17.25.04:772][  0]LogD3D11RHI: Adapter has 112MB of dedicated video memory, 0MB of dedicated system memory, and 1899MB of shared system memory, 0 output[s]
[2016.05.10-17.25.04:774][  0]LogD3D11RHI: Found D3D11 adapter 2: Microsoft Basic Render Driver (Feature Level 11_0)
[2016.05.10-17.25.04:774][  0]LogD3D11RHI: Adapter has 0MB of dedicated video memory, 0MB of dedicated system memory, and 1899MB of shared system memory, 0 output[s]
[2016.05.10-17.25.04:774][  0]LogD3D11RHI: Chosen D3D11 Adapter Id = 0
[2016.05.10-17.25.04:780][  0]LogD3D11RHI: InitD3DDevice
[2016.05.10-17.25.04:780][  0]LogD3D11RHI: !Direct3DDevice
[2016.05.10-17.25.04:780][  0]LogRHI: Texture pool is 681 MB (70% of 973 MB)
[2016.05.10-17.25.04:806][  0]LogD3D11RHI: Async texture creation enabled
[2016.05.10-17.25.05:044][  0]LogShaderCompilers:Display: Using Local Shader Compiler.
[2016.05.10-17.25.07:275][  0]LogTemp:Display: Loaded TP DesktopTargetPlatform
[2016.05.10-17.25.07:296][  0]LogTemp:Display: Loaded TP WindowsClientTargetPlatform
[2016.05.10-17.25.07:319][  0]LogTemp:Display: Loaded TP WindowsNoEditorTargetPlatform
[2016.05.10-17.25.07:340][  0]LogTemp:Display: Loaded TP WindowsServerTargetPlatform
[2016.05.10-17.25.07:363][  0]LogTemp:Display: Loaded TP WindowsTargetPlatform
[2016.05.10-17.25.07:383][  0]LogTemp:Display: Loaded TP AndroidTargetPlatform
[2016.05.10-17.25.07:403][  0]LogTemp:Display: Loaded TP Android_ASTCTargetPlatform
[2016.05.10-17.25.07:424][  0]LogTemp:Display: Loaded TP Android_ATCTargetPlatform
[2016.05.10-17.25.07:443][  0]LogTemp:Display: Loaded TP Android_DXTTargetPlatform
[2016.05.10-17.25.07:462][  0]LogTemp:Display: Loaded TP Android_ETC1TargetPlatform
[2016.05.10-17.25.07:486][  0]LogTemp:Display: Loaded TP Android_ETC2TargetPlatform
[2016.05.10-17.25.07:504][  0]LogTemp:Display: Loaded TP Android_PVRTCTargetPlatform
[2016.05.10-17.25.07:595][  0]LogTemp:Display: Loaded TP IOSTargetPlatform
[2016.05.10-17.25.07:614][  0]LogTemp:Display: Loaded TP LinuxNoEditorTargetPlatform
[2016.05.10-17.25.07:636][  0]LogTemp:Display: Loaded TP LinuxServerTargetPlatform
[2016.05.10-17.25.07:672][  0]LogTemp:Display: Loaded TP LinuxTargetPlatform
[2016.05.10-17.25.07:672][  0]LogTargetPlatformManager:Display: Building Assets For Windows
[2016.05.10-17.25.08:081][  0]LogDerivedDataCache:Display: Max Cache Size: 512 MB
[2016.05.10-17.25.08:549][  0]LogDerivedDataCache: Loaded boot cache 0.46s 53MB C:/Users/jjudy/AppData/Local/UnrealEngine/4.8/DerivedDataCache/Boot.ddc.
[2016.05.10-17.25.08:549][  0]LogDerivedDataCache:Display: Loaded Boot cache: C:/Users/jjudy/AppData/Local/UnrealEngine/4.8/DerivedDataCache/Boot.ddc
[2016.05.10-17.25.08:550][  0]LogDerivedDataCache: FDerivedDataBackendGraph:  Pak pak cache file ../../../../../../Users/jjudy/Desktop/Genie/src/unrealEngineProject/DerivedDataCache/DDC.ddp not found, will not use a pak cache.
[2016.05.10-17.25.08:550][  0]LogDerivedDataCache: Unable to find inner node Pak for hierarchical cache Hierarchy.
[2016.05.10-17.25.08:550][  0]LogDerivedDataCache: FDerivedDataBackendGraph:  CompressedPak pak cache file ../../../../../../Users/jjudy/Desktop/Genie/src/unrealEngineProject/DerivedDataCache/Compressed.ddp not found, will not use a pak cache.
[2016.05.10-17.25.08:550][  0]LogDerivedDataCache: Unable to find inner node CompressedPak for hierarchical cache Hierarchy.
[2016.05.10-17.25.08:773][  0]LogDerivedDataCache:Display: Pak cache opened for reading ../../../Engine/DerivedDataCache/Compressed.ddp.
[2016.05.10-17.25.08:812][  0]LogDerivedDataCache: Using Local data cache path C:/Users/jjudy/AppData/Local/UnrealEngine/Common/DerivedDataCache: Writable
[2016.05.10-17.25.14:081][  0]LogInit: Selected Device Profile: [Windows]
[2016.05.10-17.25.14:957][  0]ImportText (ComponentSweepMultiTests): Missing closing parenthesis: (RootShapeAsset="/Engine/BasicShapes/Cube.Cube",ShapeType="TriggerCapsule",HitResult=(Time=0.50,Location=(X=-100.000015,Y=0.0,Z=100.000015),ImpactPoint=(X=-50.0,Y=0.0,Z=50.0),Normal=(X=-1.0,Y=-0.0,Z=0.0),ImpactNormal=(X=0.0,Y=0.0,Z=1.0),TraceStart=(X=-200.0,Y=0.0,Z=200.0),TraceEnd=(X=0.0,Y=0.0,Z=0.0))
[2016.05.10-17.25.14:958][  0]ImportText (LineTraceSingleByChannelTests): Missing closing parenthesis: (RootShapeAsset="/Engine/BasicShapes/Cube.Cube",HitResult=(Time=0.50,Location=(X=-100.000015,Y=0.0,Z=100.000015),ImpactPoint=(X=-50.0,Y=0.0,Z=50.0),Normal=(X=-1.0,Y=-0.0,Z=0.0),ImpactNormal=(X=0.0,Y=0.0,Z=1.0),TraceStart=(X=-200.0,Y=0.0,Z=200.0),TraceEnd=(X=0.0,Y=0.0,Z=0.0))
[2016.05.10-17.25.15:380][  0]LogMeshUtilities: No automatic mesh reduction module available
[2016.05.10-17.25.15:380][  0]LogMeshUtilities: No automatic mesh merging module available
[2016.05.10-17.25.18:116][  0]LogInit: WinSock: version 1.1 (2.2), MaxSocks=32767, MaxUdp=65467
[2016.05.10-17.25.27:701][  0]UdpMessaging: Initializing bridge on interface 0.0.0.0:0 to multicast group 230.0.0.1:6666.
[2016.05.10-17.25.28:871][  0]SourceControl: 정보 소스 콘트롤이 꺼졌습니다.
[2016.05.10-17.25.28:886][  0]SourceControl: 정보 소스 콘트롤이 꺼졌습니다.
[2016.05.10-17.25.28:900][  0]SourceControl: 정보 소스 콘트롤이 꺼졌습니다.
[2016.05.10-17.25.28:921][  0]SourceControl: 정보 소스 콘트롤이 꺼졌습니다.
[2016.05.10-17.25.29:893][  0]LogObj: 26299 objects as part of root set at end of initial load.
[2016.05.10-17.25.29:893][  0]LogUObjectAllocator: 5426944 out of 0 bytes used by permanent object pool.
[2016.05.10-17.25.30:301][  0]LogEngine: Initializing Engine...
[2016.05.10-17.25.30:337][  0]LogHMD: Can't find Oculus library dev build: is proper Runtime installed? Version: 0.6.0.0
[2016.05.10-17.25.30:446][  0]LogHMD:Warning: SteamVR failed to initialize.  Error: 110
[2016.05.10-17.25.31:137][  0]LogAIModule: Creating AISystem for world NewWorld
[2016.05.10-17.25.31:296][  0]LogInit: XAudio2 using '스피커/헤드폰(Realtek High Definition Audio)' : 2 channels at 48 kHz using 32 bits per sample (channel mask 0x3)
[2016.05.10-17.25.32:130][  0]LogInit: FAudioDevice initialized.
[2016.05.10-17.25.32:200][  0]LogDerivedDataCache: Saved boot cache 0.07s 53MB C:/Users/jjudy/AppData/Local/UnrealEngine/4.8/DerivedDataCache/Boot.ddc.
[2016.05.10-17.25.32:243][  0]LogInit: Texture streaming: Disabled
[2016.05.10-17.25.32:311][  0]LogAnalytics: Creating configured Analytics provider AnalyticsET
[2016.05.10-17.25.32:311][  0]LogAnalytics: [UEEditor.Rocket.Release] APIServer = http://et2.epicgames.com/ET2/. AppVersion = 4.8.3-2634408+++depot+UE4-Releases+4.8
[2016.05.10-17.25.32:311][  0]LogAnalytics: [UEEditor.Rocket.Release] SetUserId f1732f304bfe0c511e505491d9dc7863|42e094618d374ae48b60eaacf8489ca6|5a9a5a05-d2f7-4f14-8a0b-a00ba482fbc2
[2016.05.10-17.25.32:311][  0]LogAnalytics: [UEEditor.Rocket.Release] AnalyticsET::StartSession
[2016.05.10-17.25.32:641][  0]LogInit: Transaction tracking system initialized
[2016.05.10-17.25.33:030][  0]BlueprintLog: New page: 에디터 로드
[2016.05.10-17.25.33:087][  0]LogAssetRegistry: FAssetRegistry took 0.0106 seconds to start up
[2016.05.10-17.25.33:087][  0]LogDirectoryWatcher:Warning: Failed to begin reading directory changes for ../../../Engine/Plugins/Experimental/CharacterAI/Content/. Error: 0
[2016.05.10-17.25.39:396][  0]LogConsoleManager:Warning: Console variable 'r.VSync' wasn't set ('GameSetting' has a lower priority than 'SystemSettingsIni')
[2016.05.10-17.25.39:396][  0]LogConsoleResponse:Display: 
[2016.05.10-17.25.43:353][  0]LogCook:Display: Done creating registry. It took  0.00s.
[2016.05.10-17.25.45:202][  0]SourceControl: 정보 소스 콘트롤이 꺼졌습니다.
[2016.05.10-17.25.45:399][  0]Cmd: MAP LOAD FILE="../../../Engine/Content/Maps/Templates/Template_Default.umap" TEMPLATE=1 SHOWPROGRESS=1 FEATURELEVEL=3
[2016.05.10-17.25.45:489][  0]LightingResults: New page: 라이팅 빌드
[2016.05.10-17.25.45:741][  0]MapCheck: New page: 맵 체크
[2016.05.10-17.25.45:741][  0]LightingResults: New page: 라이팅 빌드
[2016.05.10-17.25.46:404][  0]LogParticles: Destroying 0 GPU particle simulations for FXSystem 0x0000020128119940
[2016.05.10-17.25.51:281][  0]LogAIModule: Creating AISystem for world Untitled_1
[2016.05.10-17.25.52:254][  0]LogEditorServer: Finished looking for orphan Actors (0.000 secs)
[2016.05.10-17.25.52:373][  0]Cmd: MAP CHECKDEP NOCLEARLOG
[2016.05.10-17.25.52:463][  0]MapCheck: 정보 맵 체크 완료: 오류 0 회, 경고 0 회, 소요 시간 89.089ms.
[2016.05.10-17.25.52:463][  0]LogFileHelpers: Loading map 'Template_Default' took 7.224
[2016.05.10-17.25.53:688][  0]LogCollectionManager: Loaded 0 collections in 0.004602 seconds
[2016.05.10-17.25.53:721][  0]LogContentBrowser: Native class hierarchy populated in 0.0320 seconds. Added 1796 classes and 303 folders.
[2016.05.10-17.25.53:912][  0]LogContentBrowser: Native class hierarchy updated for 'WidgetCarousel' in 0.0015 seconds. Added 0 classes and 0 folders.
[2016.05.10-17.25.54:324][  0]LogContentBrowser: Native class hierarchy updated for 'AddContentDialog' in 0.0026 seconds. Added 0 classes and 0 folders.
[2016.05.10-17.25.54:365][  0]LogContentBrowser: Native class hierarchy updated for 'SceneOutliner' in 0.0017 seconds. Added 1 classes and 2 folders.
[2016.05.10-17.25.54:631][  0]LogCrashTracker: Crashtracker disabled due to settings.
[2016.05.10-17.25.54:649][  0]LogD3D11RHI: InitD3DDevice
[2016.05.10-17.25.54:851][  0]LogD3D11RHI: InitD3DDevice
[2016.05.10-17.25.55:081][  0]LogLoad: Full Startup: 55.56 seconds (BP compile: 0.92 seconds)
[2016.05.10-17.25.56:048][  0]LogContentStreaming: Texture pool size is 0.000000MB
[2016.05.10-17.25.56:133][  0]LogContentStreaming: Texture pool size now 400 MB
[2016.05.10-17.25.56:827][  0]LogRenderer: Reallocating scene render targets to support 1208x576 (Frame:2).
[2016.05.10-17.25.57:972][  7]LogAssetRegistry: Asset discovery search completed in 24.8958 seconds
[2016.05.10-17.40.24:115][770]LogD3D11RHI: InitD3DDevice
[2016.05.10-17.40.28:704][935]LogD3D11RHI: InitD3DDevice
[2016.05.10-17.40.31:326][ 21]LogD3D11RHI: InitD3DDevice
[2016.05.10-17.40.42:110][ 21]LogD3D11RHI: InitD3DDevice
[2016.05.10-17.40.42:693][ 21]Cmd: OBJ SAVEPACKAGE PACKAGE="/Game/Map/GenieStart" FILE="../../../../../../Users/jjudy/Desktop/Genie/src/unrealEngineProject/Content/Map/GenieStart.umap" SILENT=true AUTOSAVING=false KEEPDIRTY=false
[2016.05.10-17.40.43:192][ 21]LogSavePackage: Save=112.585052ms
[2016.05.10-17.40.43:192][ 21]LogSavePackage: Moving '../../../../../../Users/jjudy/Desktop/Genie/src/unrealEngineProject/Saved/GenieStart7A9DD4BA4125193DC6345CA249A9591A.tmp' to '../../../../../../Users/jjudy/Desktop/Genie/src/unrealEngineProject/Content/Map/GenieStart.umap'
[2016.05.10-17.40.43:313][ 21]LogFileHelpers: Saving map 'GenieStart' took 1.391
[2016.05.10-17.40.46:642][140]LogD3D11RHI: InitD3DDevice
[2016.05.10-17.40.46:725][140]Cmd: MAP LOAD FILE="../../../../../../Users/jjudy/Desktop/Genie/src/unrealEngineProject/Content/Map/GenieStart.umap" TEMPLATE=0 SHOWPROGRESS=1 FEATURELEVEL=3
[2016.05.10-17.40.46:725][140]LightingResults: New page: 라이팅 빌드
[2016.05.10-17.40.46:758][140]LoadErrors: New page: 맵 로드중: GenieStart.umap
[2016.05.10-17.40.46:773][140]MapCheck: New page: 맵 체크
[2016.05.10-17.40.46:773][140]LightingResults: New page: 라이팅 빌드
[2016.05.10-17.40.46:869][140]LogParticles: Destroying 0 GPU particle simulations for FXSystem 0x000002011F6A3560
[2016.05.10-17.40.46:972][140]LogAIModule: Creating AISystem for world GenieStart
[2016.05.10-17.40.47:029][140]LogEditorServer: Finished looking for orphan Actors (0.000 secs)
[2016.05.10-17.40.47:089][140]Cmd: MAP CHECKDEP NOCLEARLOG
[2016.05.10-17.40.47:177][140]MapCheck: 정보 맵 체크 완료: 오류 0 회, 경고 0 회, 소요 시간 86.785ms.
[2016.05.10-17.40.47:179][140]LogFileHelpers: Loading map 'GenieStart' took 0.467
[2016.05.10-17.40.49:481][213]LogPlayLevel: PIE:  No blueprints needed recompiling
[2016.05.10-17.40.49:623][213]PIE: New page: PIE 세션: GenieStart (2016. 5. 11. 오전 11:40:49)
[2016.05.10-17.40.49:623][213]LogPlayLevel: Creating play world package: /Game/Map/UEDPIE_0_GenieStart
[2016.05.10-17.40.49:666][213]LogPlayLevel: PIE: StaticDuplicateObject took: (0.042747s)
[2016.05.10-17.40.49:667][213]LogAIModule: Creating AISystem for world GenieStart
[2016.05.10-17.40.49:668][213]LogPlayLevel: PIE: World Init took: (0.001945s)
[2016.05.10-17.40.49:686][213]LogPlayLevel: PIE: Created PIE world by copying editor world from /Game/Map/GenieStart.GenieStart to /Game/Map/UEDPIE_0_GenieStart.GenieStart (0.062607s)
[2016.05.10-17.40.49:768][213]LogInit: XAudio2 using '스피커/헤드폰(Realtek High Definition Audio)' : 2 channels at 48 kHz using 32 bits per sample (channel mask 0x3)
[2016.05.10-17.40.49:809][213]LogInit: FAudioDevice initialized.
[2016.05.10-17.40.50:513][213]LogWorld: Game class is 'GenieMode_BP_C'
[2016.05.10-17.40.50:704][213]LogWorld: Bringing World /Game/Map/UEDPIE_0_GenieStart.GenieStart up for play (max tick rate 60) at 2016.05.11-02.40.50
[2016.05.10-17.40.50:704][213]LogActor:Warning: GameSession /Game/Map/UEDPIE_0_GenieStart.GenieStart:PersistentLevel.GameSession_0 has natively added scene component(s), but none of them were set as the actor's RootComponent - picking one arbitrarily
[2016.05.10-17.40.50:708][213]LogActor:Warning: GameNetworkManager /Game/Map/UEDPIE_0_GenieStart.GenieStart:PersistentLevel.GameNetworkManager_0 has natively added scene component(s), but none of them were set as the actor's RootComponent - picking one arbitrarily
[2016.05.10-17.40.50:725][213]LogWorld: Bringing up level for play took: 0.023454
[2016.05.10-17.40.50:892][213]LogActor:Warning: Natively added component (GenieCharacter_BP_C_0.RootComponent) was left unattached from the actor's root.
[2016.05.10-17.40.51:074][213]PIE: 정보 /Game/Map/UEDPIE_0_GenieStart 에 대한 에디터에서 플레이 시작 시간: 1.236
[2016.05.10-17.40.59:202][422]LogParticles: Destroying 0 GPU particle simulations for FXSystem 0x000002011D6DDF80
[2016.05.10-17.41.02:591][520]LogD3D11RHI: InitD3DDevice
[2016.05.10-17.41.02:743][520]LogD3D11RHI: InitD3DDevice
[2016.05.10-17.41.02:867][520]LogLinker:Warning: Asset '../../../Engine/Content/ArtTools/RenderToTexture/Macros/RenderToTextureMacros.uasset' has been saved with empty engine version. The asset will be loaded but may be incompatible.
[2016.05.10-17.41.03:161][520]LogLinker:Warning: Asset '../../../Engine/Content/ArtTools/RenderToTexture/Enums/RenderToTexture_Enum.uasset' has been saved with empty engine version. The asset will be loaded but may be incompatible.
[2016.05.10-17.41.05:871][520]LogActor:Warning: Natively added component (GenieCharacter_BP_C_1.RootComponent) was left unattached from the actor's root.
[2016.05.10-17.41.08:335][554]LogD3D11RHI: InitD3DDevice
[2016.05.10-17.41.08:393][554]LogD3D11RHI: InitD3DDevice
[2016.05.10-17.41.09:061][554]LogActor:Warning: Natively added component (GenieCharacter_BP_C_2.RootComponent) was left unattached from the actor's root.
[2016.05.10-17.41.19:569][765]LogRenderer: Reallocating scene render targets to support 1208x712 (Frame:352).
[2016.05.10-17.41.23:154][821]LogActorComponent: UnregisterComponent: (/Engine/Transient.CharMoveComp) Not registered. Aborting.
[2016.05.10-17.41.36:185][ 35]BlueprintLog: New page: GenieCharacter_BP 컴파일
[2016.05.10-17.41.36:319][ 35]LogActor:Warning: Natively added component (GenieCharacter_BP_C_0.RootComponent) was left unattached from the actor's root.
[2016.05.10-17.41.36:501][ 35]LogActorComponent: UnregisterComponent: (/Engine/Transient.CharacterMovementComponent_0) Not registered. Aborting.
[2016.05.10-17.41.36:571][ 35]LogParticles: Destroying 0 GPU particle simulations for FXSystem 0x00000201210AE340
[2016.05.10-17.41.36:628][ 35]BlueprintEditorCompileResults: 정보 [0997.11] GenieCharacter_BP 컴파일에 성공했습니다! [소요시간 442 ms]
[2016.05.10-17.41.37:292][ 46]LogD3D11RHI: InitD3DDevice
[2016.05.10-17.41.37:417][ 46]Cmd: OBJ SAVEPACKAGE PACKAGE="/Game/BP/GenieCharacter_BP" FILE="../../../../../../Users/jjudy/Desktop/Genie/src/unrealEngineProject/Content/BP/GenieCharacter_BP.uasset" SILENT=true
[2016.05.10-17.41.37:491][ 46]LogSavePackage: Save=66.650589ms
[2016.05.10-17.41.37:491][ 46]LogSavePackage: Moving '../../../../../../Users/jjudy/Desktop/Genie/src/unrealEngineProject/Saved/GenieCharacter_BP2A06BA6F4E7EEB7E15AE799D0A2E8B64.tmp' to '../../../../../../Users/jjudy/Desktop/Genie/src/unrealEngineProject/Content/BP/GenieCharacter_BP.uasset'
[2016.05.10-17.41.40:943][134]LogPlayLevel: PIE:  No blueprints needed recompiling
[2016.05.10-17.41.40:943][134]PIE: New page: PIE 세션: GenieStart (2016. 5. 11. 오전 11:41:40)
[2016.05.10-17.41.40:944][134]LogPlayLevel: Creating play world package: /Game/Map/UEDPIE_0_GenieStart
[2016.05.10-17.41.40:952][134]LogPlayLevel: PIE: StaticDuplicateObject took: (0.007294s)
[2016.05.10-17.41.40:955][134]LogAIModule: Creating AISystem for world GenieStart
[2016.05.10-17.41.40:957][134]LogPlayLevel: PIE: World Init took: (0.004994s)
[2016.05.10-17.41.40:957][134]LogPlayLevel: PIE: Created PIE world by copying editor world from /Game/Map/GenieStart.GenieStart to /Game/Map/UEDPIE_0_GenieStart.GenieStart (0.012646s)
[2016.05.10-17.41.40:957][134]LogActorComponent: UnregisterComponent: (/Engine/Transient.CharMoveComp) Not registered. Aborting.
[2016.05.10-17.41.41:058][134]LogInit: XAudio2 using '스피커/헤드폰(Realtek High Definition Audio)' : 2 channels at 48 kHz using 32 bits per sample (channel mask 0x3)
[2016.05.10-17.41.41:108][134]LogInit: FAudioDevice initialized.
[2016.05.10-17.41.41:149][134]LogWorld: Game class is 'GenieMode_BP_C'
[2016.05.10-17.41.41:153][134]LogWorld: Bringing World /Game/Map/UEDPIE_0_GenieStart.GenieStart up for play (max tick rate 0) at 2016.05.11-02.41.41
[2016.05.10-17.41.41:153][134]LogActor:Warning: GameSession /Game/Map/UEDPIE_0_GenieStart.GenieStart:PersistentLevel.GameSession_1 has natively added scene component(s), but none of them were set as the actor's RootComponent - picking one arbitrarily
[2016.05.10-17.41.41:154][134]LogActor:Warning: GameNetworkManager /Game/Map/UEDPIE_0_GenieStart.GenieStart:PersistentLevel.GameNetworkManager_1 has natively added scene component(s), but none of them were set as the actor's RootComponent - picking one arbitrarily
[2016.05.10-17.41.41:155][134]LogWorld: Bringing up level for play took: 0.003637
[2016.05.10-17.41.41:191][134]LogActor:Warning: Natively added component (GenieCharacter_BP_C_1.RootComponent) was left unattached from the actor's root.
[2016.05.10-17.41.41:194][134]PIE: 정보 /Game/Map/UEDPIE_0_GenieStart 에 대한 에디터에서 플레이 시작 시간: -0.644
[2016.05.10-17.41.47:448][300]LogSelection:Warning: PIE object was selected: "StaticMeshActor /Game/Map/UEDPIE_0_GenieStart.GenieStart:PersistentLevel.Floor"
[2016.05.10-17.41.48:972][335]LogSelection:Warning: PIE object was selected: "StaticMeshActor /Game/Map/UEDPIE_0_GenieStart.GenieStart:PersistentLevel.Floor"
[2016.05.10-17.41.49:000][335]LogEditorActor: Deleted Actor: StaticMeshActor
[2016.05.10-17.41.49:068][335]LogEditorActor: Deleted 1 Actors (0.069 secs)
[2016.05.10-17.41.52:660][441]LogSelection:Warning: PIE object was selected: "AtmosphericFog /Game/Map/UEDPIE_0_GenieStart.GenieStart:PersistentLevel.AtmosphericFog_1"
[2016.05.10-17.41.53:150][452]LogSelection:Warning: PIE object was selected: "AtmosphericFog /Game/Map/UEDPIE_0_GenieStart.GenieStart:PersistentLevel.AtmosphericFog_1"
[2016.05.10-17.41.53:151][452]LogEditorActor: Deleted Actor: AtmosphericFog
[2016.05.10-17.41.53:220][452]LogEditorActor: Deleted 1 Actors (0.070 secs)
[2016.05.10-17.42.01:789][730]Cmd: TRANSACTION UNDO
[2016.05.10-17.42.01:801][730]LogEditorTransaction: Undo 선택 삭제
[2016.05.10-17.42.01:819][730]LogD3D11RHI: InitD3DDevice
[2016.05.10-17.42.06:885][896]LogSelection:Warning: PIE object was selected: "DirectionalLight /Game/Map/UEDPIE_0_GenieStart.GenieStart:PersistentLevel.LightSource"
[2016.05.10-17.42.12:214][ 59]LogSelection:Warning: PIE object was selected: "BP_Sky_Sphere_C /Game/Map/UEDPIE_0_GenieStart.GenieStart:PersistentLevel.SkySphere"
[2016.05.10-17.42.12:501][ 66]LogSelection:Warning: PIE object was selected: "BP_Sky_Sphere_C /Game/Map/UEDPIE_0_GenieStart.GenieStart:PersistentLevel.SkySphere"
[2016.05.10-17.42.12:502][ 66]LogEditorActor: Deleted Actor: BP_Sky_Sphere_C
[2016.05.10-17.42.12:592][ 66]LogEditorActor: Deleted 1 Actors (0.091 secs)
[2016.05.10-17.42.17:637][232]LogParticles: Destroying 0 GPU particle simulations for FXSystem 0x000002013C4FDEE0
[2016.05.10-17.42.28:572][624]LogPlayLevel: PIE:  No blueprints needed recompiling
[2016.05.10-17.42.28:572][624]PIE: New page: PIE 세션: GenieStart (2016. 5. 11. 오전 11:42:28)
[2016.05.10-17.42.28:572][624]LogPlayLevel: Creating play world package: /Game/Map/UEDPIE_0_GenieStart
[2016.05.10-17.42.28:575][624]LogPlayLevel: PIE: StaticDuplicateObject took: (0.002585s)
[2016.05.10-17.42.28:576][624]LogAIModule: Creating AISystem for world GenieStart
[2016.05.10-17.42.28:577][624]LogPlayLevel: PIE: World Init took: (0.002095s)
[2016.05.10-17.42.28:578][624]LogPlayLevel: PIE: Created PIE world by copying editor world from /Game/Map/GenieStart.GenieStart to /Game/Map/UEDPIE_0_GenieStart.GenieStart (0.005089s)
[2016.05.10-17.42.28:663][624]LogInit: XAudio2 using '스피커/헤드폰(Realtek High Definition Audio)' : 2 channels at 48 kHz using 32 bits per sample (channel mask 0x3)
[2016.05.10-17.42.28:709][624]LogInit: FAudioDevice initialized.
[2016.05.10-17.42.28:751][624]LogWorld: Game class is 'GenieMode_BP_C'
[2016.05.10-17.42.28:757][624]LogWorld: Bringing World /Game/Map/UEDPIE_0_GenieStart.GenieStart up for play (max tick rate 0) at 2016.05.11-02.42.28
[2016.05.10-17.42.28:757][624]LogActor:Warning: GameSession /Game/Map/UEDPIE_0_GenieStart.GenieStart:PersistentLevel.GameSession_2 has natively added scene component(s), but none of them were set as the actor's RootComponent - picking one arbitrarily
[2016.05.10-17.42.28:758][624]LogActor:Warning: GameNetworkManager /Game/Map/UEDPIE_0_GenieStart.GenieStart:PersistentLevel.GameNetworkManager_2 has natively added scene component(s), but none of them were set as the actor's RootComponent - picking one arbitrarily
[2016.05.10-17.42.28:758][624]LogWorld: Bringing up level for play took: 0.004052
[2016.05.10-17.42.28:760][624]LogActor:Warning: Natively added component (GenieCharacter_BP_C_2.RootComponent) was left unattached from the actor's root.
[2016.05.10-17.42.28:763][624]PIE: 정보 /Game/Map/UEDPIE_0_GenieStart 에 대한 에디터에서 플레이 시작 시간: 0.925
[2016.05.10-17.42.40:183][931]LogD3D11RHI: InitD3DDevice
[2016.05.10-17.42.41:874][987]LogD3D11RHI: InitD3DDevice
[2016.05.10-17.43.14:712][717]LogSelection:Warning: PIE object was selected: "StaticMeshActor /Game/Map/UEDPIE_0_GenieStart.GenieStart:PersistentLevel.Floor"
[2016.05.10-17.43.16:415][763]LogSelection:Warning: PIE object was selected: "StaticMeshActor /Game/Map/UEDPIE_0_GenieStart.GenieStart:PersistentLevel.Floor"
[2016.05.10-17.43.16:416][763]LogEditorActor: Deleted Actor: StaticMeshActor
[2016.05.10-17.43.16:511][763]LogEditorActor: Deleted 1 Actors (0.096 secs)
[2016.05.10-17.43.25:119][  1]LogParticles: Destroying 0 GPU particle simulations for FXSystem 0x00000201494654E0
[2016.05.10-17.43.26:341][ 42]LogPlayLevel: PIE:  No blueprints needed recompiling
[2016.05.10-17.43.26:342][ 42]PIE: New page: PIE 세션: GenieStart (2016. 5. 11. 오전 11:43:26)
[2016.05.10-17.43.26:343][ 42]LogPlayLevel: Creating play world package: /Game/Map/UEDPIE_0_GenieStart
[2016.05.10-17.43.26:349][ 42]LogPlayLevel: PIE: StaticDuplicateObject took: (0.005348s)
[2016.05.10-17.43.26:350][ 42]LogAIModule: Creating AISystem for world GenieStart
[2016.05.10-17.43.26:352][ 42]LogPlayLevel: PIE: World Init took: (0.002888s)
[2016.05.10-17.43.26:352][ 42]LogPlayLevel: PIE: Created PIE world by copying editor world from /Game/Map/GenieStart.GenieStart to /Game/Map/UEDPIE_0_GenieStart.GenieStart (0.008582s)
[2016.05.10-17.43.26:442][ 42]LogInit: XAudio2 using '스피커/헤드폰(Realtek High Definition Audio)' : 2 channels at 48 kHz using 32 bits per sample (channel mask 0x3)
[2016.05.10-17.43.26:498][ 42]LogInit: FAudioDevice initialized.
[2016.05.10-17.43.26:543][ 42]LogWorld: Game class is 'GenieMode_BP_C'
[2016.05.10-17.43.26:548][ 42]LogWorld: Bringing World /Game/Map/UEDPIE_0_GenieStart.GenieStart up for play (max tick rate 0) at 2016.05.11-02.43.26
[2016.05.10-17.43.26:548][ 42]LogActor:Warning: GameSession /Game/Map/UEDPIE_0_GenieStart.GenieStart:PersistentLevel.GameSession_3 has natively added scene component(s), but none of them were set as the actor's RootComponent - picking one arbitrarily
[2016.05.10-17.43.26:548][ 42]LogActor:Warning: GameNetworkManager /Game/Map/UEDPIE_0_GenieStart.GenieStart:PersistentLevel.GameNetworkManager_3 has natively added scene component(s), but none of them were set as the actor's RootComponent - picking one arbitrarily
[2016.05.10-17.43.26:549][ 42]LogWorld: Bringing up level for play took: 0.003899
[2016.05.10-17.43.26:551][ 42]LogActor:Warning: Natively added component (GenieCharacter_BP_C_3.RootComponent) was left unattached from the actor's root.
[2016.05.10-17.43.26:554][ 42]PIE: 정보 /Game/Map/UEDPIE_0_GenieStart 에 대한 에디터에서 플레이 시작 시간: 0.716
[2016.05.10-17.43.28:959][101]LogParticles: Destroying 0 GPU particle simulations for FXSystem 0x000002013716FB00
[2016.05.10-17.45.22:570][202]LogD3D11RHI: InitD3DDevice
[2016.05.10-17.45.22:664][202]LogD3D11RHI: InitD3DDevice
[2016.05.10-17.45.23:213][202]LogActor:Warning: Natively added component (GenieCharacter_BP_C_4.RootComponent) was left unattached from the actor's root.
[2016.05.10-17.45.28:608][311]LogD3D11RHI: InitD3DDevice
[2016.05.10-17.45.40:487][520]LogActorComponent: UnregisterComponent: (/Engine/Transient.CharMoveComp) Not registered. Aborting.
[2016.05.10-17.45.42:224][553]LogD3D11RHI: InitD3DDevice
[2016.05.10-17.45.44:075][580]LogD3D11RHI: InitD3DDevice
[2016.05.10-17.45.48:951][672]LogD3D11RHI: InitD3DDevice
[2016.05.10-17.45.50:396][700]LogD3D11RHI: InitD3DDevice
[2016.05.10-17.45.57:716][836]BlueprintLog: New page: GenieCharacter_BP 컴파일
[2016.05.10-17.45.57:774][836]LogActor:Warning: Natively added component (GenieCharacter_BP_C_0.RootComponent) was left unattached from the actor's root.
[2016.05.10-17.45.57:849][836]LogActorComponent: UnregisterComponent: (/Engine/Transient.CharacterMovementComponent_1) Not registered. Aborting.
[2016.05.10-17.45.57:940][836]BlueprintEditorCompileResults: 정보 [1258.42] GenieCharacter_BP 컴파일에 성공했습니다! [소요시간 223 ms]
[2016.05.10-17.45.59:085][859]LogD3D11RHI: InitD3DDevice
[2016.05.10-17.45.59:176][859]Cmd: OBJ SAVEPACKAGE PACKAGE="/Game/BP/GenieCharacter_BP" FILE="../../../../../../Users/jjudy/Desktop/Genie/src/unrealEngineProject/Content/BP/GenieCharacter_BP.uasset" SILENT=true
[2016.05.10-17.45.59:206][859]LogSavePackage: Save=24.455667ms
[2016.05.10-17.45.59:206][859]LogSavePackage: Moving '../../../../../../Users/jjudy/Desktop/Genie/src/unrealEngineProject/Saved/GenieCharacter_BP6FE60DB74169272A04E482A591447807.tmp' to '../../../../../../Users/jjudy/Desktop/Genie/src/unrealEngineProject/Content/BP/GenieCharacter_BP.uasset'
[2016.05.10-17.46.01:978][900]LogD3D11RHI: InitD3DDevice
[2016.05.10-17.46.03:474][900]LogD3D11RHI: InitD3DDevice
[2016.05.10-17.46.07:801][900]LogSkeletalMesh: InitArticulated: Bodies already created (/Engine/Transient.DebugSkelMeshComponent_0) - call TermArticulated first.
[2016.05.10-17.46.08:435][900]LogLinker:Warning: Asset '../../../Engine/Content/Tutorial/SubEditors/PersonaAnimEditorTutorial.uasset' has been saved with empty engine version. The asset will be loaded but may be incompatible.
[2016.05.10-17.46.09:047][900]LogContentBrowser:Verbose: The majority of assets in the view are of type: AnimSequence
[2016.05.10-17.46.17:548][ 40]LogD3D11RHI: InitD3DDevice
[2016.05.10-17.46.18:537][ 56]LogD3D11RHI: InitD3DDevice
[2016.05.10-17.46.40:180][385]LogD3D11RHI: InitD3DDevice
[2016.05.10-17.47.54:748][726]LogD3D11RHI: InitD3DDevice
[2016.05.10-17.47.55:898][745]LogD3D11RHI: InitD3DDevice
[2016.05.10-17.48.47:903][184]LogD3D11RHI: InitD3DDevice
[2016.05.10-17.48.50:813][229]LogD3D11RHI: InitD3DDevice
[2016.05.10-17.49.02:538][414]LogD3D11RHI: InitD3DDevice
[2016.05.10-17.49.04:568][447]LogD3D11RHI: InitD3DDevice
[2016.05.10-17.49.06:471][478]LogD3D11RHI: InitD3DDevice
[2016.05.10-17.49.10:835][550]LogD3D11RHI: InitD3DDevice
[2016.05.10-17.49.34:097][925]LogD3D11RHI: InitD3DDevice
[2016.05.10-17.49.39:244][  7]LogD3D11RHI: InitD3DDevice
[2016.05.10-17.49.40:183][ 22]LogD3D11RHI: InitD3DDevice
[2016.05.10-17.49.53:005][226]LogD3D11RHI: InitD3DDevice
[2016.05.10-17.49.53:684][237]LogD3D11RHI: InitD3DDevice
[2016.05.10-17.50.00:599][350]LogD3D11RHI: InitD3DDevice
[2016.05.10-17.50.02:920][387]LogD3D11RHI: InitD3DDevice
[2016.05.10-17.50.03:689][399]LogD3D11RHI: InitD3DDevice
[2016.05.10-17.50.39:683][993]LogD3D11RHI: InitD3DDevice
[2016.05.10-17.50.42:732][ 42]LogD3D11RHI: InitD3DDevice
[2016.05.10-17.50.45:533][109]LogD3D11RHI: InitD3DDevice
[2016.05.10-17.50.54:549][266]LogD3D11RHI: InitD3DDevice
[2016.05.10-17.51.01:712][379]LogD3D11RHI: InitD3DDevice
[2016.05.10-17.51.05:049][432]LogD3D11RHI: InitD3DDevice
[2016.05.10-17.51.06:985][464]LogD3D11RHI: InitD3DDevice
[2016.05.10-17.51.43:054][808]LogD3D11RHI: InitD3DDevice
[2016.05.10-17.51.44:754][836]LogD3D11RHI: InitD3DDevice
[2016.05.10-17.51.50:653][931]LogD3D11RHI: InitD3DDevice
[2016.05.10-17.51.52:492][961]LogD3D11RHI: InitD3DDevice
[2016.05.10-17.51.53:335][975]LogD3D11RHI: InitD3DDevice
[2016.05.10-17.52.01:358][104]LogD3D11RHI: InitD3DDevice
[2016.05.10-17.52.02:586][124]LogD3D11RHI: InitD3DDevice
[2016.05.10-17.52.07:949][205]LogD3D11RHI: InitD3DDevice
[2016.05.10-17.52.18:592][374]LogD3D11RHI: InitD3DDevice
[2016.05.10-17.52.23:624][456]LogD3D11RHI: InitD3DDevice
[2016.05.10-17.52.29:381][548]LogD3D11RHI: InitD3DDevice
[2016.05.10-17.52.31:934][590]LogD3D11RHI: InitD3DDevice
[2016.05.10-17.52.39:015][706]LogD3D11RHI: InitD3DDevice
[2016.05.10-17.52.41:439][746]LogD3D11RHI: InitD3DDevice
[2016.05.10-17.53.00:884][ 71]LogD3D11RHI: InitD3DDevice
[2016.05.10-17.53.02:984][106]LogD3D11RHI: InitD3DDevice
[2016.05.10-17.53.03:546][115]LogD3D11RHI: InitD3DDevice
[2016.05.10-17.53.10:074][220]LogD3D11RHI: InitD3DDevice
[2016.05.10-17.53.15:836][317]BlueprintLog: New page: GenieAnim_BP 컴파일
[2016.05.10-17.53.16:366][317]LogActorComponent: UnregisterComponent: (/Engine/Transient.CharMoveComp) Not registered. Aborting.
[2016.05.10-17.53.16:462][317]BlueprintEditorCompileResults: 정보 [1696.94] GenieAnim_BP 컴파일에 성공했습니다! [소요시간 625 ms]
[2016.05.10-17.53.17:313][331]LogD3D11RHI: InitD3DDevice
[2016.05.10-17.53.17:447][331]Cmd: OBJ SAVEPACKAGE PACKAGE="/Game/BP/GenieAnim_BP" FILE="../../../../../../Users/jjudy/Desktop/Genie/src/unrealEngineProject/Content/BP/GenieAnim_BP.uasset" SILENT=true
[2016.05.10-17.53.17:602][331]LogSavePackage: Save=120.276917ms
[2016.05.10-17.53.17:602][331]LogSavePackage: Moving '../../../../../../Users/jjudy/Desktop/Genie/src/unrealEngineProject/Saved/GenieAnim_BP037580EA4B02E65524928FA1802DF76E.tmp' to '../../../../../../Users/jjudy/Desktop/Genie/src/unrealEngineProject/Content/BP/GenieAnim_BP.uasset'
[2016.05.10-17.53.24:573][441]LogPlayLevel: PIE:  No blueprints needed recompiling
[2016.05.10-17.53.24:573][441]PIE: New page: PIE 세션: GenieStart (2016. 5. 11. 오전 11:53:24)
[2016.05.10-17.53.24:574][441]LogPlayLevel: Creating play world package: /Game/Map/UEDPIE_0_GenieStart
[2016.05.10-17.53.24:578][441]LogPlayLevel: PIE: StaticDuplicateObject took: (0.003603s)
[2016.05.10-17.53.24:580][441]LogAIModule: Creating AISystem for world GenieStart
[2016.05.10-17.53.24:581][441]LogPlayLevel: PIE: World Init took: (0.003439s)
[2016.05.10-17.53.24:581][441]LogPlayLevel: PIE: Created PIE world by copying editor world from /Game/Map/GenieStart.GenieStart to /Game/Map/UEDPIE_0_GenieStart.GenieStart (0.007401s)
[2016.05.10-17.53.24:581][441]LogActorComponent: UnregisterComponent: (/Engine/Transient.CharMoveComp) Not registered. Aborting.
[2016.05.10-17.53.24:620][441]LogParticles: Destroying 0 GPU particle simulations for FXSystem 0x0000020114369EE0
[2016.05.10-17.53.24:621][441]LogParticles: Destroying 0 GPU particle simulations for FXSystem 0x000002011436AD40
[2016.05.10-17.53.24:622][441]LogParticles: Destroying 0 GPU particle simulations for FXSystem 0x00000201555E34C0
[2016.05.10-17.53.24:680][441]LogInit: XAudio2 using '스피커/헤드폰(Realtek High Definition Audio)' : 2 channels at 48 kHz using 32 bits per sample (channel mask 0x3)
[2016.05.10-17.53.24:741][441]LogInit: FAudioDevice initialized.
[2016.05.10-17.53.24:778][441]LogWorld: Game class is 'GenieMode_BP_C'
[2016.05.10-17.53.24:782][441]LogWorld: Bringing World /Game/Map/UEDPIE_0_GenieStart.GenieStart up for play (max tick rate 0) at 2016.05.11-02.53.24
[2016.05.10-17.53.24:782][441]LogActor:Warning: GameSession /Game/Map/UEDPIE_0_GenieStart.GenieStart:PersistentLevel.GameSession_4 has natively added scene component(s), but none of them were set as the actor's RootComponent - picking one arbitrarily
[2016.05.10-17.53.24:783][441]LogActor:Warning: GameNetworkManager /Game/Map/UEDPIE_0_GenieStart.GenieStart:PersistentLevel.GameNetworkManager_4 has natively added scene component(s), but none of them were set as the actor's RootComponent - picking one arbitrarily
[2016.05.10-17.53.24:783][441]LogWorld: Bringing up level for play took: 0.002947
[2016.05.10-17.53.24:784][441]LogActor:Warning: Natively added component (GenieCharacter_BP_C_1.RootComponent) was left unattached from the actor's root.
[2016.05.10-17.53.24:809][441]PIE: 정보 /Game/Map/UEDPIE_0_GenieStart 에 대한 에디터에서 플레이 시작 시간: 0.97
[2016.05.10-17.53.33:206][658]LogParticles: Destroying 0 GPU particle simulations for FXSystem 0x000002011436A2A0
[2016.05.10-17.53.35:701][745]LogD3D11RHI: InitD3DDevice
[2016.05.10-17.53.35:754][745]Cmd: OBJ SAVEPACKAGE PACKAGE="/Game/Map/GenieStart" FILE="../../../../../../Users/jjudy/Desktop/Genie/src/unrealEngineProject/Content/Map/GenieStart.umap" SILENT=true AUTOSAVING=false KEEPDIRTY=false
[2016.05.10-17.53.35:865][745]LogSavePackage: Save=37.531639ms
[2016.05.10-17.53.35:865][745]LogSavePackage: Moving '../../../../../../Users/jjudy/Desktop/Genie/src/unrealEngineProject/Saved/GenieStartE093E3F44ACC15170CB8E68DC5C44295.tmp' to '../../../../../../Users/jjudy/Desktop/Genie/src/unrealEngineProject/Content/Map/GenieStart.umap'
[2016.05.10-17.53.43:489][995]LogD3D11RHI: InitD3DDevice
[2016.05.10-17.53.43:550][995]LogUObjectGlobals:Warning: Guid is in use by ArrowComponent /Game/Map/GenieStart.GenieStart:PersistentLevel.LightSource.ArrowComponent0 and ArrowComponent /Game/Map/Loading.Loading:PersistentLevel.LightSource.ArrowComponent0, which should never happen in the editor but could happen at runtime with duplicate level loading or PIE
[2016.05.10-17.53.43:550][995]LogUObjectGlobals:Warning: Guid is in use by ArrowComponent /Game/Map/GenieStart.GenieStart:PersistentLevel.PlayerStart.Arrow and ArrowComponent /Game/Map/Loading.Loading:PersistentLevel.PlayerStart.Arrow, which should never happen in the editor but could happen at runtime with duplicate level loading or PIE
[2016.05.10-17.53.43:550][995]LogUObjectGlobals:Warning: Guid is in use by BillboardComponent /Game/Map/GenieStart.GenieStart:PersistentLevel.PlayerStart.Sprite and BillboardComponent /Game/Map/Loading.Loading:PersistentLevel.PlayerStart.Sprite, which should never happen in the editor but could happen at runtime with duplicate level loading or PIE
[2016.05.10-17.53.43:550][995]LogUObjectGlobals:Warning: Guid is in use by BillboardComponent /Game/Map/GenieStart.GenieStart:PersistentLevel.PlayerStart.Sprite2 and BillboardComponent /Game/Map/Loading.Loading:PersistentLevel.PlayerStart.Sprite2, which should never happen in the editor but could happen at runtime with duplicate level loading or PIE
[2016.05.10-17.53.43:550][995]LogUObjectGlobals:Warning: Guid is in use by BillboardComponent /Game/Map/GenieStart.GenieStart:PersistentLevel.SkyLight_1.Sprite and BillboardComponent /Game/Map/Loading.Loading:PersistentLevel.SkyLight_1.Sprite, which should never happen in the editor but could happen at runtime with duplicate level loading or PIE
[2016.05.10-17.53.43:550][995]LogUObjectGlobals:Warning: Guid is in use by CapsuleComponent /Game/Map/GenieStart.GenieStart:PersistentLevel.PlayerStart.CollisionCapsule and CapsuleComponent /Game/Map/Loading.Loading:PersistentLevel.PlayerStart.CollisionCapsule, which should never happen in the editor but could happen at runtime with duplicate level loading or PIE
[2016.05.10-17.53.43:550][995]LogUObjectGlobals:Warning: Guid is in use by DirectionalLightComponent /Game/Map/GenieStart.GenieStart:PersistentLevel.LightSource.LightComponent0 and DirectionalLightComponent /Game/Map/Loading.Loading:PersistentLevel.LightSource.LightComponent0, which should never happen in the editor but could happen at runtime with duplicate level loading or PIE
[2016.05.10-17.53.43:550][995]LogUObjectGlobals:Warning: Guid is in use by SkyLightComponent /Game/Map/GenieStart.GenieStart:PersistentLevel.SkyLight_1.SkyLightComponent0 and SkyLightComponent /Game/Map/Loading.Loading:PersistentLevel.SkyLight_1.SkyLightComponent0, which should never happen in the editor but could happen at runtime with duplicate level loading or PIE
[2016.05.10-17.53.43:563][995]LogAIModule: Creating AISystem for world Loading
[2016.05.10-17.53.43:596][995]LogActorComponent: UnregisterComponent: (/Engine/Transient.CharMoveComp) Not registered. Aborting.
[2016.05.10-17.53.43:642][995]LogParticles: Destroying 0 GPU particle simulations for FXSystem 0x000002014D827F60
[2016.05.10-17.53.43:644][995]LogParticles: Destroying 0 GPU particle simulations for FXSystem 0x000002013D8D8A40
[2016.05.10-17.53.43:666][995]Cmd: MAP LOAD FILE="../../../../../../Users/jjudy/Desktop/Genie/src/unrealEngineProject/Content/Map/Loading.umap" TEMPLATE=0 SHOWPROGRESS=1 FEATURELEVEL=3
[2016.05.10-17.53.43:666][995]LightingResults: New page: 라이팅 빌드
[2016.05.10-17.53.43:829][995]LoadErrors: New page: 맵 로드중: Loading.umap
[2016.05.10-17.53.43:830][995]MapCheck: New page: 맵 체크
[2016.05.10-17.53.43:830][995]LightingResults: New page: 라이팅 빌드
[2016.05.10-17.53.43:877][995]LogParticles: Destroying 0 GPU particle simulations for FXSystem 0x000002011F5BC720
[2016.05.10-17.53.44:003][995]LogAIModule: Creating AISystem for world Loading
[2016.05.10-17.53.44:019][995]LogEditorServer: Finished looking for orphan Actors (0.000 secs)
[2016.05.10-17.53.44:124][995]Cmd: MAP CHECKDEP NOCLEARLOG
[2016.05.10-17.53.45:443][995]MapCheck: 정보 맵 체크 완료: 오류 0 회, 경고 0 회, 소요 시간 1,318.499ms.
[2016.05.10-17.53.45:444][995]LogFileHelpers: Loading map 'Loading' took 1.781
[2016.05.10-17.53.47:850][ 73]LogPlayLevel: PIE:  No blueprints needed recompiling
[2016.05.10-17.53.47:851][ 73]PIE: New page: PIE 세션: Loading (2016. 5. 11. 오전 11:53:47)
[2016.05.10-17.53.47:851][ 73]LogPlayLevel: Creating play world package: /Game/Map/UEDPIE_0_Loading
[2016.05.10-17.53.47:852][ 73]LogPlayLevel: PIE: StaticDuplicateObject took: (0.001182s)
[2016.05.10-17.53.47:853][ 73]LogAIModule: Creating AISystem for world Loading
[2016.05.10-17.53.47:854][ 73]LogPlayLevel: PIE: World Init took: (0.001934s)
[2016.05.10-17.53.47:855][ 73]LogPlayLevel: PIE: Created PIE world by copying editor world from /Game/Map/Loading.Loading to /Game/Map/UEDPIE_0_Loading.Loading (0.003351s)
[2016.05.10-17.53.47:933][ 73]LogInit: XAudio2 using '스피커/헤드폰(Realtek High Definition Audio)' : 2 channels at 48 kHz using 32 bits per sample (channel mask 0x3)
[2016.05.10-17.53.47:966][ 73]LogInit: FAudioDevice initialized.
[2016.05.10-17.53.48:002][ 73]LogWorld: Game class is 'GenieMode_BP_C'
[2016.05.10-17.53.48:005][ 73]LogWorld: Bringing World /Game/Map/UEDPIE_0_Loading.Loading up for play (max tick rate 0) at 2016.05.11-02.53.48
[2016.05.10-17.53.48:005][ 73]LogActor:Warning: GameSession /Game/Map/UEDPIE_0_Loading.Loading:PersistentLevel.GameSession_5 has natively added scene component(s), but none of them were set as the actor's RootComponent - picking one arbitrarily
[2016.05.10-17.53.48:006][ 73]LogActor:Warning: GameNetworkManager /Game/Map/UEDPIE_0_Loading.Loading:PersistentLevel.GameNetworkManager_5 has natively added scene component(s), but none of them were set as the actor's RootComponent - picking one arbitrarily
[2016.05.10-17.53.48:006][ 73]LogWorld: Bringing up level for play took: 0.002125
[2016.05.10-17.53.48:007][ 73]LogActor:Warning: Natively added component (GenieCharacter_BP_C_2.RootComponent) was left unattached from the actor's root.
[2016.05.10-17.53.48:010][ 73]PIE: 정보 /Game/Map/UEDPIE_0_Loading 에 대한 에디터에서 플레이 시작 시간: 0.172
[2016.05.10-17.54.04:841][558]LogD3D11RHI: InitD3DDevice
[2016.05.10-17.54.06:250][602]LogD3D11RHI: InitD3DDevice
[2016.05.10-17.54.06:735][619]LogD3D11RHI: InitD3DDevice
[2016.05.10-17.54.07:112][630]LogD3D11RHI: InitD3DDevice
[2016.05.10-17.54.08:691][683]LogD3D11RHI: InitD3DDevice
[2016.05.10-17.54.31:443][264]LogParticles: Destroying 0 GPU particle simulations for FXSystem 0x0000020172CB60C0
[2016.05.10-17.54.33:956][317]LogWindowsTextInputMethodSystem:Display: IME system now activated using TSF (Microsoft 입력기).
[2016.05.10-17.54.34:861][318]Cmd: QUIT_EDITOR
[2016.05.10-17.54.36:525][318]LogExit: Preparing to exit.
[2016.05.10-17.54.37:704][318]LogExit: Editor shut down
[2016.05.10-17.54.37:707][318]LogExit: Transaction tracking system shut down
[2016.05.10-17.54.37:711][318]LogParticles: Destroying 0 GPU particle simulations for FXSystem 0x00000201214FB9C0
[2016.05.10-17.54.37:713][318]LogParticles: Destroying 0 GPU particle simulations for FXSystem 0x000002012D8A6A20
[2016.05.10-17.54.37:713][318]LogParticles: Destroying 0 GPU particle simulations for FXSystem 0x00000201210B5BC0
[2016.05.10-17.54.37:713][318]LogParticles: Destroying 0 GPU particle simulations for FXSystem 0x000002013716E340
[2016.05.10-17.54.39:881][318]LogParticles: Destroying 0 GPU particle simulations for FXSystem 0x000002013EDC0E00
[2016.05.10-17.54.39:881][318]LogParticles: Destroying 0 GPU particle simulations for FXSystem 0x000002013D8DB060
[2016.05.10-17.54.39:881][318]LogParticles: Destroying 0 GPU particle simulations for FXSystem 0x0000020114572CA0
[2016.05.10-17.54.39:881][318]LogParticles: Destroying 0 GPU particle simulations for FXSystem 0x000002014D827380
[2016.05.10-17.54.39:881][318]LogExit: Object subsystem successfully closed.
[2016.05.10-17.54.40:893][318]LogD3D11RHI: Shutdown
[2016.05.10-17.54.40:893][318]LogD3D11RHI: CleanupD3DDevice
[2016.05.10-17.54.41:370][318]LogD3D11RHI: ~FD3D11DynamicRHI
[2016.05.10-17.54.41:623][318]LogModuleManager: Shutting down and abandoning module ExternalImagePicker (190)
[2016.05.10-17.54.41:623][318]LogModuleManager: Shutting down and abandoning module CrashTracker (189)
[2016.05.10-17.54.41:624][318]LogModuleManager: Shutting down and abandoning module SceneOutliner (188)
[2016.05.10-17.54.41:624][318]LogModuleManager: Shutting down and abandoning module SuperSearch (187)
[2016.05.10-17.54.41:624][318]LogModuleManager: Shutting down and abandoning module WidgetCarousel (186)
[2016.05.10-17.54.41:647][318]LogModuleManager: Shutting down and abandoning module AddContentDialog (185)
[2016.05.10-17.54.41:728][318]LogModuleManager: Shutting down and abandoning module EditorWidgets (184)
[2016.05.10-17.54.41:729][318]LogModuleManager: Shutting down and abandoning module CollectionManager (183)
[2016.05.10-17.54.41:788][318]LogModuleManager: Shutting down and abandoning module StatsViewer (182)
[2016.05.10-17.54.41:802][318]LogModuleManager: Shutting down and abandoning module FoliageEdit (181)
[2016.05.10-17.54.41:862][318]LogModuleManager: Shutting down and abandoning module LandscapeEditor (180)
[2016.05.10-17.54.41:901][318]LogModuleManager: Shutting down and abandoning module ActorPickerMode (179)
[2016.05.10-17.54.41:902][318]LogModuleManager: Shutting down and abandoning module GeometryMode (178)
[2016.05.10-17.54.41:902][318]LogModuleManager: Shutting down and abandoning module TextureAlignMode (177)
[2016.05.10-17.54.41:902][318]LogModuleManager: Shutting down and abandoning module BspMode (176)
[2016.05.10-17.54.41:902][318]LogModuleManager: Shutting down and abandoning module PlacementMode (175)
[2016.05.10-17.54.41:945][318]LogModuleManager: Shutting down and abandoning module AutomationWorker (174)
[2016.05.10-17.54.41:945][318]LogModuleManager: Shutting down and abandoning module CharacterAI (173)
[2016.05.10-17.54.41:946][318]LogModuleManager: Shutting down and abandoning module SmartSnapping (172)
[2016.05.10-17.54.41:946][318]LogModuleManager: Shutting down and abandoning module ViewportSnapping (171)
[2016.05.10-17.54.41:946][318]LogModuleManager: Shutting down and abandoning module LogVisualizer (170)
[2016.05.10-17.54.41:967][318]LogModuleManager: Shutting down and abandoning module GameProjectGeneration (169)
[2016.05.10-17.54.41:981][318]LogModuleManager: Shutting down and abandoning module IntroTutorials (168)
[2016.05.10-17.54.42:003][318]LogModuleManager: Shutting down and abandoning module EditorLiveStreaming (167)
[2016.05.10-17.54.42:003][318]LogModuleManager: Shutting down and abandoning module IOSPlatformEditor (166)
[2016.05.10-17.54.42:007][318]LogModuleManager: Shutting down and abandoning module HTML5PlatformEditor (165)
[2016.05.10-17.54.42:007][318]LogModuleManager: Shutting down and abandoning module AndroidDeviceDetection (164)
[2016.05.10-17.54.42:358][318]LogModuleManager: Shutting down and abandoning module AndroidPlatformEditor (163)
[2016.05.10-17.54.42:358][318]LogModuleManager: Shutting down and abandoning module IOSRuntimeSettings (162)
[2016.05.10-17.54.42:358][318]LogModuleManager: Shutting down and abandoning module AndroidRuntimeSettings (161)
[2016.05.10-17.54.42:358][318]LogModuleManager: Shutting down and abandoning module MergeActors (160)
[2016.05.10-17.54.42:382][318]LogModuleManager: Shutting down and abandoning module SizeMap (159)
[2016.05.10-17.54.42:382][318]LogModuleManager: Shutting down and abandoning module TreeMap (158)
[2016.05.10-17.54.42:394][318]LogModuleManager: Shutting down and abandoning module ReferenceViewer (157)
[2016.05.10-17.54.42:394][318]LogModuleManager: Shutting down and abandoning module LocalizationDashboard (156)
[2016.05.10-17.54.42:405][318]LogModuleManager: Shutting down and abandoning module HardwareTargeting (155)
[2016.05.10-17.54.42:405][318]LogModuleManager: Shutting down and abandoning module DeviceProfileEditor (154)
[2016.05.10-17.54.42:414][318]LogModuleManager: Shutting down and abandoning module UndoHistory (153)
[2016.05.10-17.54.42:420][318]LogModuleManager: Shutting down and abandoning module GameplayTagsEditor (152)
[2016.05.10-17.54.42:430][318]LogModuleManager: Shutting down and abandoning module UserFeedback (151)
[2016.05.10-17.54.42:430][318]LogModuleManager: Shutting down and abandoning module XmlParser (150)
[2016.05.10-17.54.42:436][318]LogModuleManager: Shutting down and abandoning module Blutility (149)
[2016.05.10-17.54.42:436][318]LogModuleManager: Shutting down and abandoning module ProjectTargetPlatformEditor (148)
[2016.05.10-17.54.42:436][318]LogModuleManager: Shutting down and abandoning module ProjectSettingsViewer (147)
[2016.05.10-17.54.42:436][318]LogModuleManager: Shutting down and abandoning module InputBindingEditor (146)
[2016.05.10-17.54.42:455][318]LogModuleManager: Shutting down and abandoning module EditorSettingsViewer (145)
[2016.05.10-17.54.42:455][318]LogModuleManager: Shutting down and abandoning module SettingsEditor (144)
[2016.05.10-17.54.42:460][318]LogModuleManager: Shutting down and abandoning module ProjectLauncher (143)
[2016.05.10-17.54.42:467][318]LogModuleManager: Shutting down and abandoning module SessionFrontend (142)
[2016.05.10-17.54.42:472][318]LogModuleManager: Shutting down and abandoning module ProfilerClient (141)
[2016.05.10-17.54.42:477][318]LogModuleManager: Shutting down and abandoning module TargetDeviceServices (140)
[2016.05.10-17.54.42:477][318]LogModuleManager: Shutting down and abandoning module DeviceManager (139)
[2016.05.10-17.54.42:482][318]LogModuleManager: Shutting down and abandoning module AutomationController (138)
[2016.05.10-17.54.42:489][318]LogModuleManager: Shutting down and abandoning module AutomationWindow (137)
[2016.05.10-17.54.42:499][318]LogModuleManager: Shutting down and abandoning module Layers (136)
[2016.05.10-17.54.42:524][318]LogModuleManager: Shutting down and abandoning module ComponentVisualizers (135)
[2016.05.10-17.54.42:524][318]LogModuleManager: Shutting down and abandoning module DetailCustomizations (134)
[2016.05.10-17.54.42:524][318]LogModuleManager: Shutting down and abandoning module PackagesDialog (133)
[2016.05.10-17.54.42:524][318]LogModuleManager: Shutting down and abandoning module AssetRegistry (132)
[2016.05.10-17.54.44:928][318]LogModuleManager: Shutting down and abandoning module Persona (131)
[2016.05.10-17.54.44:932][318]LogModuleManager: Shutting down and abandoning module Kismet (130)
[2016.05.10-17.54.44:944][318]LogModuleManager: Shutting down and abandoning module GraphEditor (129)
[2016.05.10-17.54.44:944][318]LogModuleManager: Shutting down and abandoning module ClassViewer (128)
[2016.05.10-17.54.44:952][318]LogModuleManager: Shutting down and abandoning module Toolbox (127)
[2016.05.10-17.54.44:952][318]LogModuleManager: Shutting down and abandoning module ModuleUI (126)
[2016.05.10-17.54.44:968][318]LogModuleManager: Shutting down and abandoning module MovieSceneTools (125)
[2016.05.10-17.54.44:997][318]LogModuleManager: Shutting down and abandoning module OutputLog (124)
[2016.05.10-17.54.44:998][318]LogModuleManager: Shutting down and abandoning module GammaUI (123)
[2016.05.10-17.54.45:015][318]LogModuleManager: Shutting down and abandoning module Documentation (122)
[2016.05.10-17.54.45:016][318]LogModuleManager: Shutting down and abandoning module GameLiveStreaming (121)
[2016.05.10-17.54.45:025][318]LogModuleManager: Shutting down and abandoning module StreamingPauseRendering (120)
[2016.05.10-17.54.45:025][318]LogModuleManager: Shutting down and abandoning module AnalyticsET (119)
[2016.05.10-17.54.45:025][318]LogModuleManager: Shutting down and abandoning module Analytics (118)
[2016.05.10-17.54.45:025][318]LogModuleManager: Shutting down and abandoning module AITestSuite (117)
[2016.05.10-17.54.45:040][318]LogModuleManager: Shutting down and abandoning module GameplayDebugger (116)
[2016.05.10-17.54.45:040][318]LogModuleManager: Shutting down and abandoning module AIModule (115)
[2016.05.10-17.54.45:041][318]LogModuleManager: Shutting down and abandoning module ProfilerService (114)
[2016.05.10-17.54.45:256][318]LogModuleManager: Shutting down and abandoning module TaskGraph (113)
[2016.05.10-17.54.45:268][318]LogModuleManager: Shutting down and abandoning module SlateRemote (112)
[2016.05.10-17.54.45:268][318]LogModuleManager: Shutting down and abandoning module SteamVRController (111)
[2016.05.10-17.54.45:268][318]LogModuleManager: Shutting down and abandoning module SteamVR (110)
[2016.05.10-17.54.45:268][318]LogModuleManager: Shutting down and abandoning module ProceduralMeshComponent (109)
[2016.05.10-17.54.45:268][318]LogModuleManager: Shutting down and abandoning module OculusRift (108)
[2016.05.10-17.54.45:268][318]LogModuleManager: Shutting down and abandoning module LeapMotionController (107)
[2016.05.10-17.54.45:493][318]LogModuleManager: Shutting down and abandoning module CustomMeshComponent (106)
[2016.05.10-17.54.45:493][318]LogModuleManager: Shutting down and abandoning module CableComponent (105)
[2016.05.10-17.54.45:523][318]LogModuleManager: Shutting down and abandoning module MessagingDebugger (104)
[2016.05.10-17.54.45:567][318]LogModuleManager: Shutting down and abandoning module MediaPlayerEditor (103)
[2016.05.10-17.54.45:601][318]LogModuleManager: Shutting down and abandoning module SpeedTreeImporter (102)
[2016.05.10-17.54.45:601][318]LogModuleManager: Shutting down and abandoning module PluginBrowser (101)
[2016.05.10-17.54.45:621][318]LogModuleManager: Shutting down and abandoning module EpicSurvey (100)
[2016.05.10-17.54.45:627][318]LogModuleManager: Shutting down and abandoning module DesktopPlatform (99)
[2016.05.10-17.54.45:678][318]LogModuleManager: Shutting down and abandoning module VisualStudioSourceCodeAccess (98)
[2016.05.10-17.54.45:703][318]LogModuleManager: Shutting down and abandoning module UObjectPlugin (97)
[2016.05.10-17.54.45:703][318]LogModuleManager: Shutting down and abandoning module SubversionSourceControl (96)
[2016.05.10-17.54.45:805][318]LogModuleManager: Shutting down and abandoning module PerforceSourceControl (95)
[2016.05.10-17.54.45:898][318]LogModuleManager: Shutting down and abandoning module SourceControl (94)
[2016.05.10-17.54.45:938][318]LogModuleManager: Shutting down and abandoning module GitSourceControl (93)
[2016.05.10-17.54.45:957][318]LogModuleManager: Shutting down and abandoning module BlankPlugin (92)
[2016.05.10-17.54.45:957][318]LogModuleManager: Shutting down and abandoning module PaperTiledImporter (91)
[2016.05.10-17.54.45:957][318]LogModuleManager: Shutting down and abandoning module PaperSpriteSheetImporter (90)
[2016.05.10-17.54.45:957][318]LogModuleManager: Shutting down and abandoning module MeshPaint (89)
[2016.05.10-17.54.45:962][318]LogModuleManager: Shutting down and abandoning module SlateReflector (88)
[2016.05.10-17.54.45:994][318]LogModuleManager: Shutting down and abandoning module DirectoryWatcher (87)
[2016.05.10-17.54.46:001][318]LogModuleManager: Shutting down and abandoning module HotReload (86)
[2016.05.10-17.54.46:072][318]LogModuleManager: Shutting down and abandoning module MainFrame (85)
[2016.05.10-17.54.46:072][318]LogModuleManager: Shutting down and abandoning module LevelEditor (84)
[2016.05.10-17.54.46:147][318]LogModuleManager: Shutting down and abandoning module ContentBrowser (83)
[2016.05.10-17.54.46:151][318]LogModuleManager: Shutting down and abandoning module Paper2DEditor (82)
[2016.05.10-17.54.46:317][318]LogModuleManager: Shutting down and abandoning module unrealEngineProject (81)
[2016.05.10-17.54.46:317][318]LogModuleManager: Shutting down and abandoning module UdpMessaging (80)
[2016.05.10-17.54.46:427][318]LogModuleManager: Shutting down and abandoning module Paper2D (79)
[2016.05.10-17.54.46:471][318]LogModuleManager: Shutting down and abandoning module WindowsMoviePlayer (78)
[2016.05.10-17.54.46:521][318]LogModuleManager: Shutting down and abandoning module Media (77)
[2016.05.10-17.54.46:521][318]LogModuleManager: Shutting down and abandoning module WmfMedia (76)
[2016.05.10-17.54.46:545][318]LogModuleManager: Shutting down and abandoning module OnlineBlueprintSupport (75)
[2016.05.10-17.54.46:545][318]LogModuleManager: Shutting down and abandoning module PropertyEditor (74)
[2016.05.10-17.54.46:545][318]LogModuleManager: Shutting down and abandoning module BehaviorTreeEditor (73)
[2016.05.10-17.54.46:617][318]LogModuleManager: Shutting down and abandoning module FunctionalTesting (72)
[2016.05.10-17.54.46:625][318]LogModuleManager: Shutting down and abandoning module CollisionAnalyzer (71)
[2016.05.10-17.54.46:640][318]LogModuleManager: Shutting down and abandoning module WorkspaceMenuStructure (70)
[2016.05.10-17.54.46:640][318]LogModuleManager: Shutting down and abandoning module MessageLog (69)
[2016.05.10-17.54.46:640][318]LogModuleManager: Shutting down and abandoning module Sequencer (68)
[2016.05.10-17.54.46:705][318]LogModuleManager: Shutting down and abandoning module AssetTools (67)
[2016.05.10-17.54.46:725][318]LogModuleManager: Shutting down and abandoning module UMGEditor (66)
[2016.05.10-17.54.46:737][318]LogModuleManager: Shutting down and abandoning module UMG (65)
[2016.05.10-17.54.46:764][318]LogModuleManager: Shutting down and abandoning module Slate (64)
[2016.05.10-17.54.46:764][318]LogModuleManager: Shutting down and abandoning module EditorStyle (63)
[2016.05.10-17.54.46:801][318]LogModuleManager: Shutting down and abandoning module SessionServices (62)
[2016.05.10-17.54.46:801][318]LogModuleManager: Shutting down and abandoning module SourceCodeAccess (61)
[2016.05.10-17.54.46:801][318]LogModuleManager: Shutting down and abandoning module HeadMountedDisplay (60)
[2016.05.10-17.54.46:801][318]LogModuleManager: Shutting down and abandoning module XAudio2 (59)
[2016.05.10-17.54.46:801][318]LogModuleManager: Shutting down and abandoning module Networking (57)
[2016.05.10-17.54.46:801][318]LogModuleManager: Shutting down and abandoning module Core (56)
[2016.05.10-17.54.46:801][318]LogModuleManager: Shutting down and abandoning module KismetCompiler (55)
[2016.05.10-17.54.46:806][318]LogModuleManager: Shutting down and abandoning module PhysXFormats (54)
[2016.05.10-17.54.46:809][318]LogModuleManager: Shutting down and abandoning module MeshUtilities (53)
[2016.05.10-17.54.46:837][318]LogModuleManager: Shutting down and abandoning module DerivedDataCache (52)
[2016.05.10-17.54.46:925][318]LogDerivedDataCache: Shutdown
[2016.05.10-17.54.46:925][318]LogModuleManager: Shutting down and abandoning module ShaderFormatOpenGL (51)
[2016.05.10-17.54.46:935][318]LogModuleManager: Shutting down and abandoning module ShaderFormatD3D (50)
[2016.05.10-17.54.46:971][318]LogModuleManager: Shutting down and abandoning module MetalShaderFormat (49)
[2016.05.10-17.54.46:988][318]LogModuleManager: Shutting down and abandoning module TextureFormatUncompressed (48)
[2016.05.10-17.54.46:988][318]LogModuleManager: Shutting down and abandoning module TextureFormatPVR (47)
[2016.05.10-17.54.47:007][318]LogModuleManager: Shutting down and abandoning module TextureFormatIntelISPCTexComp (46)
[2016.05.10-17.54.47:016][318]LogModuleManager: Shutting down and abandoning module TextureFormatDXT (45)
[2016.05.10-17.54.47:019][318]LogModuleManager: Shutting down and abandoning module ImageWrapper (44)
[2016.05.10-17.54.47:019][318]LogModuleManager: Shutting down and abandoning module TextureFormatASTC (43)
[2016.05.10-17.54.47:019][318]LogModuleManager: Shutting down and abandoning module TextureFormatAndroid (42)
[2016.05.10-17.54.47:019][318]LogModuleManager: Shutting down and abandoning module AudioFormatOpus (41)
[2016.05.10-17.54.47:075][318]LogModuleManager: Shutting down and abandoning module AudioFormatOgg (40)
[2016.05.10-17.54.47:080][318]LogModuleManager: Shutting down and abandoning module AudioFormatADPCM (39)
[2016.05.10-17.54.47:080][318]LogModuleManager: Shutting down and abandoning module LinuxTargetPlatform (38)
[2016.05.10-17.54.47:080][318]LogModuleManager: Shutting down and abandoning module LinuxServerTargetPlatform (37)
[2016.05.10-17.54.47:090][318]LogModuleManager: Shutting down and abandoning module LinuxNoEditorTargetPlatform (36)
[2016.05.10-17.54.47:096][318]LogModuleManager: Shutting down and abandoning module Messaging (35)
[2016.05.10-17.54.47:096][318]LogModuleManager: Shutting down and abandoning module IOSTargetPlatform (34)
[2016.05.10-17.54.47:096][318]LogModuleManager: Shutting down and abandoning module HTML5TargetPlatform (33)
[2016.05.10-17.54.47:096][318]LogModuleManager: Shutting down and abandoning module Android_PVRTCTargetPlatform (32)
[2016.05.10-17.54.47:096][318]LogModuleManager: Shutting down and abandoning module Android_ETC2TargetPlatform (31)
[2016.05.10-17.54.47:096][318]LogModuleManager: Shutting down and abandoning module Android_ETC1TargetPlatform (30)
[2016.05.10-17.54.47:096][318]LogModuleManager: Shutting down and abandoning module Android_DXTTargetPlatform (29)
[2016.05.10-17.54.47:097][318]LogModuleManager: Shutting down and abandoning module Android_ATCTargetPlatform (28)
[2016.05.10-17.54.47:097][318]LogModuleManager: Shutting down and abandoning module Android_ASTCTargetPlatform (27)
[2016.05.10-17.54.47:097][318]LogModuleManager: Shutting down and abandoning module AndroidTargetPlatform (26)
[2016.05.10-17.54.47:097][318]LogModuleManager: Shutting down and abandoning module WindowsTargetPlatform (25)
[2016.05.10-17.54.47:097][318]LogModuleManager: Shutting down and abandoning module WindowsServerTargetPlatform (24)
[2016.05.10-17.54.47:097][318]LogModuleManager: Shutting down and abandoning module WindowsNoEditorTargetPlatform (23)
[2016.05.10-17.54.47:097][318]LogModuleManager: Shutting down and abandoning module WindowsClientTargetPlatform (22)
[2016.05.10-17.54.47:097][318]LogModuleManager: Shutting down and abandoning module DesktopTargetPlatform (21)
[2016.05.10-17.54.47:097][318]LogModuleManager: Shutting down and abandoning module TargetPlatform (20)
[2016.05.10-17.54.47:097][318]LogModuleManager: Shutting down and abandoning module InputCore (19)
[2016.05.10-17.54.47:097][318]LogModuleManager: Shutting down and abandoning module Settings (18)
[2016.05.10-17.54.47:097][318]LogModuleManager: Shutting down and abandoning module OnlineSubsystem (16)
[2016.05.10-17.54.47:117][318]LogModuleManager: Shutting down and abandoning module HTTP (15)
[2016.05.10-17.54.47:120][318]LogModuleManager: Shutting down and abandoning module ExampleDeviceProfileSelector (14)
[2016.05.10-17.54.47:120][318]LogModuleManager: Shutting down and abandoning module TextureCompressor (13)
[2016.05.10-17.54.47:149][318]LogModuleManager: Shutting down and abandoning module ShaderCore (12)
[2016.05.10-17.54.47:149][318]LogModuleManager: Shutting down and abandoning module Landscape (11)
[2016.05.10-17.54.47:149][318]LogModuleManager: Shutting down and abandoning module SlateRHIRenderer (10)
[2016.05.10-17.54.47:203][318]LogModuleManager: Shutting down and abandoning module OpenGLDrv (9)
[2016.05.10-17.54.47:229][318]LogModuleManager: Shutting down and abandoning module D3D11RHI (8)
[2016.05.10-17.54.47:230][318]LogModuleManager: Shutting down and abandoning module Renderer (7)
[2016.05.10-17.54.47:230][318]LogModuleManager: Shutting down and abandoning module Engine (6)
[2016.05.10-17.54.47:230][318]LogModuleManager: Shutting down and abandoning module CoreUObject (5)
[2016.05.10-17.54.47:230][318]LogModuleManager: Shutting down and abandoning module NetworkFile (4)
[2016.05.10-17.54.47:247][318]LogModuleManager: Shutting down and abandoning module StreamingFile (3)
[2016.05.10-17.54.47:272][318]LogModuleManager: Shutting down and abandoning module SandboxFile (2)
[2016.05.10-17.54.47:292][318]LogModuleManager: Shutting down and abandoning module PakFile (1)
[2016.05.10-17.54.47:361][318]LogExit: Exiting.
[2016.05.10-17.54.47:433][318]Log file closed, 05/11/16 02:54:47
