[2016.05.11-10.53.30:902][  0]Log file open, 05/11/16 19:53:30
[2016.05.11-10.53.30:918][  0]LogInit:Display: Running engine for game: unrealEngineProject
[2016.05.11-10.53.30:918][  0]LogInit:Display: RandInit(-179742520) SRandInit(-179742520).
[2016.05.11-10.53.30:918][  0]LogTaskGraph: Started task graph with 4 named threads and 5 total threads.
[2016.05.11-10.53.30:918][  0]LogStats: Stats thread started
[2016.05.11-10.53.30:918][  0]LogInit:Warning: Incompatible or missing module: UE4Editor-unrealEngineProject.dll
[2016.05.11-10.53.33:949][  0]Running C:/Program Files (x86)/Epic Games/4.8/Engine/Binaries/DotNET/UnrealBuildTool.exe unrealEngineProject Development Win64 -project="C:/Users/jjudy/Desktop/Genie/src/unrealEngineProject/unrealEngineProject.uproject" -rocket -editorrecompile -progress -noubtmakefiles
[2016.05.11-10.53.54:106][  0]Parsing headers for unrealEngineProjectEditor
[2016.05.11-10.54.16:004][  0]Reflection code generated for unrealEngineProjectEditor
[2016.05.11-10.54.24:442][  0]Performing 9 actions (2 in parallel)
[2016.05.11-10.54.24:844][  0]PCH.unrealEngineProject.h.cpp
[2016.05.11-10.55.18:363][  0]unrealEngineProject.generated.cpp
[2016.05.11-10.55.18:363][  0]LoadingFile.cpp
[2016.05.11-10.55.18:464][  0]C:\Users\jjudy\Desktop\Genie\src\unrealEngineProject\Source\unrealEngineProject\LoadingFile.cpp(43) : warning C4996: 'UTextRenderComponent::SetText': Passing text as FString is deprecated, please use FText instead (likely via a LOCTEXT). Please update your code to the new API before upgrading to the next release, otherwise your project will no longer compile.
[2016.05.11-10.55.18:464][  0]        C:\Program Files (x86)\Epic Games\4.8\Engine\Source\Runtime\Engine\Classes\Components/TextRenderComponent.h(96) : see declaration of 'UTextRenderComponent::SetText'
[2016.05.11-10.55.18:867][  0]unrealEngineProjectGameMode.cpp
[2016.05.11-10.55.18:968][  0]CameraDirector.cpp
[2016.05.11-10.55.19:169][  0]GenieAnimInstance.cpp
[2016.05.11-10.55.19:270][  0]GenieCharacter.cpp
[2016.05.11-10.55.19:371][  0]unrealEngineProject.cpp
[2016.05.11-10.55.19:571][  0][9/9] Link UE4Editor-unrealEngineProject.dll
[2016.05.11-10.55.21:281][  0]   Creating library C:\Users\jjudy\Desktop\Genie\src\unrealEngineProject\Intermediate/Build/Win64\UE4Editor\Development\UE4Editor-unrealEngineProject.lib and object C:\Users\jjudy\Desktop\Genie\src\unrealEngineProject\Intermediate/Build/Win64\UE4Editor\Development\UE4Editor-unrealEngineProject.exp
[2016.05.11-10.55.22:183][  0]-------- End Detailed Actions Stats -----------------------------------------------------------
[2016.05.11-10.55.22:586][  0]Total build time: 106.23 seconds
[2016.05.11-10.55.23:515][  0]LogInit: Version: 4.8.3-2634408+++depot+UE4-Releases+4.8
[2016.05.11-10.55.23:515][  0]LogInit: API Version: 2579680
[2016.05.11-10.55.23:515][  0]LogInit: Compiled (64-bit): Jul 27 2015 16:24:33
[2016.05.11-10.55.23:515][  0]LogInit: Compiled with Visual C++: 18.00.21005.01
[2016.05.11-10.55.23:515][  0]LogInit: Build Configuration: Development
[2016.05.11-10.55.23:515][  0]LogInit: Branch Name: ++depot+UE4-Releases+4.8
[2016.05.11-10.55.23:515][  0]LogInit: Command line:  
[2016.05.11-10.55.23:515][  0]LogInit: Base directory: C:/Program Files (x86)/Epic Games/4.8/Engine/Binaries/Win64/
[2016.05.11-10.55.23:515][  0]LogInit: Rocket: 1
[2016.05.11-10.55.23:652][  0]LogInit: Using libcurl 7.41.0
[2016.05.11-10.55.23:652][  0]LogInit:  - built for x86_64-pc-win32
[2016.05.11-10.55.23:652][  0]LogInit:  - supports SSL with WinSSL
[2016.05.11-10.55.23:652][  0]LogInit:  - other features:
[2016.05.11-10.55.23:652][  0]LogInit:      CURL_VERSION_SSL
[2016.05.11-10.55.23:652][  0]LogInit:      CURL_VERSION_IPV6
[2016.05.11-10.55.23:652][  0]LogInit:      CURL_VERSION_ASYNCHDNS
[2016.05.11-10.55.23:653][  0]LogInit:      CURL_VERSION_LARGEFILE
[2016.05.11-10.55.23:653][  0]LogInit:      CURL_VERSION_IDN
[2016.05.11-10.55.23:654][  0]LogInit:  CurlRequestOptions (configurable via config and command line):
[2016.05.11-10.55.23:654][  0]LogInit:  - bVerifyPeer = true  - Libcurl will verify peer certificate
[2016.05.11-10.55.23:655][  0]LogInit:  - bUseHttpProxy = false  - Libcurl will NOT use HTTP proxy
[2016.05.11-10.55.23:655][  0]LogInit:  - bDontReuseConnections = false  - Libcurl will reuse connections
[2016.05.11-10.55.23:655][  0]LogInit:  - CertBundlePath = nullptr  - Libcurl will use whatever was configured at build time.
[2016.05.11-10.55.23:751][  0]LogOnline:Warning: No default platform service specified for OnlineSubsystem
[2016.05.11-10.55.24:041][  0]LogInit: Presizing for 0 objects not considered by GC, pre-allocating 0 bytes.
[2016.05.11-10.55.24:481][  0]LogInit: Object subsystem initialized
[2016.05.11-10.55.24:506][  0]LogConsoleResponse:Warning: Skipping Unknown console variable: 'TranslucentSortAxis = (X=0.000000,Y=-1.000000,Z=0.000000)'
[2016.05.11-10.55.24:506][  0]LogConsoleResponse:Warning:   Found in ini file 'C:/Users/jjudy/Desktop/Genie/src/unrealEngineProject/Saved/Config/Windows/Engine.ini', in section '[/Script/Engine.RendererSettings]'
[2016.05.11-10.55.24:506][  0]LogConsoleResponse:Warning: Skipping Unknown console variable: 'UIScaleRule = ShortestSide'
[2016.05.11-10.55.24:506][  0]LogConsoleResponse:Warning:   Found in ini file 'C:/Users/jjudy/Desktop/Genie/src/unrealEngineProject/Saved/Config/Windows/Engine.ini', in section '[/Script/Engine.RendererSettings]'
[2016.05.11-10.55.24:506][  0]LogConsoleResponse:Warning: Skipping Unknown console variable: 'UIScaleCurve = (EditorCurveData=(Keys=),ExternalCurve=None)'
[2016.05.11-10.55.24:506][  0]LogConsoleResponse:Warning:   Found in ini file 'C:/Users/jjudy/Desktop/Genie/src/unrealEngineProject/Saved/Config/Windows/Engine.ini', in section '[/Script/Engine.RendererSettings]'
[2016.05.11-10.55.24:508][  0]LogInit: Selected Device Profile: [Windows]
[2016.05.11-10.55.24:508][  0]LogInit: Applying CVar settings loaded from the selected device profile: [Windows]
[2016.05.11-10.55.24:749][  0]LogInit: Computer: JUDY
[2016.05.11-10.55.24:749][  0]LogInit: User: jjudy
[2016.05.11-10.55.24:749][  0]LogInit: CPU Page size=4096, Cores=2
[2016.05.11-10.55.24:749][  0]LogInit: High frequency timer resolution =2.533196 MHz
[2016.05.11-10.55.24:750][  0]LogMemory: Memory total: Physical=3.7GB (4GB approx)
[2016.05.11-10.55.24:751][  0]LogMemory: Platform Memory Stats for Windows
[2016.05.11-10.55.24:751][  0]LogMemory: Process Physical Memory: 54.78 MB used, 54.78 MB peak
[2016.05.11-10.55.24:751][  0]LogMemory: Process Virtual Memory: 22.07 MB used, 22.20 MB peak
[2016.05.11-10.55.24:751][  0]LogMemory: Physical Memory: 2055.17 MB used, 3799.78 MB total
[2016.05.11-10.55.24:751][  0]LogMemory: Virtual Memory: 363.88 MB used, 134217728.00 MB total
[2016.05.11-10.55.25:871][  0]LogTextLocalizationManager: The requested culture ('ko_KR') has no localization data; parent culture's ('ko') localization data will be used.
[2016.05.11-10.55.26:349][  0]LogTextLocalizationManager:Warning: Loaded localization resources contain conflicting entries for (Namespace:ContentBrowser, Key:ImportAssetToolTip):
Localization Resource: (C:/Program Files (x86)/Epic Games/4.8/Engine/Content/Localization/Editor/ko/Editor.locres) Source String Hash: (-630476809) Localized String: ({0} 에 임포트...)
Localization Resource: (C:/Program Files (x86)/Epic Games/4.8/Engine/Content/Localization/Editor/ko/Editor.locres) Source String Hash: (1271782899) Localized String: (파일에서 이 폴더로 애셋을 임포트합니다.)
[2016.05.11-10.55.28:931][  0]LogD3D11RHI: Found D3D11 adapter 0: NVIDIA GeForce GT 720M  (Feature Level 11_0)
[2016.05.11-10.55.28:931][  0]LogD3D11RHI: Adapter has 973MB of dedicated video memory, 0MB of dedicated system memory, and 1899MB of shared system memory, 2 output[s]
[2016.05.11-10.55.29:102][  0]LogD3D11RHI: Found D3D11 adapter 1: Intel(R) HD Graphics Family (Feature Level 11_0)
[2016.05.11-10.55.29:102][  0]LogD3D11RHI: Adapter has 112MB of dedicated video memory, 0MB of dedicated system memory, and 1899MB of shared system memory, 0 output[s]
[2016.05.11-10.55.29:115][  0]LogD3D11RHI: Found D3D11 adapter 2: Microsoft Basic Render Driver (Feature Level 11_0)
[2016.05.11-10.55.29:115][  0]LogD3D11RHI: Adapter has 0MB of dedicated video memory, 0MB of dedicated system memory, and 1899MB of shared system memory, 0 output[s]
[2016.05.11-10.55.29:115][  0]LogD3D11RHI: Chosen D3D11 Adapter Id = 0
[2016.05.11-10.55.29:134][  0]LogD3D11RHI: InitD3DDevice
[2016.05.11-10.55.29:134][  0]LogD3D11RHI: !Direct3DDevice
[2016.05.11-10.55.29:135][  0]LogRHI: Texture pool is 681 MB (70% of 973 MB)
[2016.05.11-10.55.29:192][  0]LogD3D11RHI: Async texture creation enabled
[2016.05.11-10.55.29:386][  0]LogShaderCompilers:Display: Using Local Shader Compiler.
[2016.05.11-10.55.32:651][  0]LogTemp:Display: Loaded TP DesktopTargetPlatform
[2016.05.11-10.55.32:703][  0]LogTemp:Display: Loaded TP WindowsClientTargetPlatform
[2016.05.11-10.55.32:759][  0]LogTemp:Display: Loaded TP WindowsNoEditorTargetPlatform
[2016.05.11-10.55.32:807][  0]LogTemp:Display: Loaded TP WindowsServerTargetPlatform
[2016.05.11-10.55.32:837][  0]LogTemp:Display: Loaded TP WindowsTargetPlatform
[2016.05.11-10.55.32:858][  0]LogTemp:Display: Loaded TP AndroidTargetPlatform
[2016.05.11-10.55.32:880][  0]LogTemp:Display: Loaded TP Android_ASTCTargetPlatform
[2016.05.11-10.55.32:904][  0]LogTemp:Display: Loaded TP Android_ATCTargetPlatform
[2016.05.11-10.55.32:925][  0]LogTemp:Display: Loaded TP Android_DXTTargetPlatform
[2016.05.11-10.55.32:968][  0]LogTemp:Display: Loaded TP Android_ETC1TargetPlatform
[2016.05.11-10.55.33:031][  0]LogTemp:Display: Loaded TP Android_ETC2TargetPlatform
[2016.05.11-10.55.33:069][  0]LogTemp:Display: Loaded TP Android_PVRTCTargetPlatform
[2016.05.11-10.55.33:297][  0]LogTemp:Display: Loaded TP IOSTargetPlatform
[2016.05.11-10.55.33:369][  0]LogTemp:Display: Loaded TP LinuxNoEditorTargetPlatform
[2016.05.11-10.55.33:413][  0]LogTemp:Display: Loaded TP LinuxServerTargetPlatform
[2016.05.11-10.55.33:463][  0]LogTemp:Display: Loaded TP LinuxTargetPlatform
[2016.05.11-10.55.33:463][  0]LogTargetPlatformManager:Display: Building Assets For Windows
[2016.05.11-10.55.36:167][  0]LogDerivedDataCache:Display: Max Cache Size: 512 MB
[2016.05.11-10.55.37:560][  0]LogDerivedDataCache: Loaded boot cache 1.37s 53MB C:/Users/jjudy/AppData/Local/UnrealEngine/4.8/DerivedDataCache/Boot.ddc.
[2016.05.11-10.55.37:560][  0]LogDerivedDataCache:Display: Loaded Boot cache: C:/Users/jjudy/AppData/Local/UnrealEngine/4.8/DerivedDataCache/Boot.ddc
[2016.05.11-10.55.37:560][  0]LogDerivedDataCache: FDerivedDataBackendGraph:  Pak pak cache file ../../../../../../Users/jjudy/Desktop/Genie/src/unrealEngineProject/DerivedDataCache/DDC.ddp not found, will not use a pak cache.
[2016.05.11-10.55.37:560][  0]LogDerivedDataCache: Unable to find inner node Pak for hierarchical cache Hierarchy.
[2016.05.11-10.55.37:560][  0]LogDerivedDataCache: FDerivedDataBackendGraph:  CompressedPak pak cache file ../../../../../../Users/jjudy/Desktop/Genie/src/unrealEngineProject/DerivedDataCache/Compressed.ddp not found, will not use a pak cache.
[2016.05.11-10.55.37:560][  0]LogDerivedDataCache: Unable to find inner node CompressedPak for hierarchical cache Hierarchy.
[2016.05.11-10.55.37:920][  0]LogDerivedDataCache:Display: Pak cache opened for reading ../../../Engine/DerivedDataCache/Compressed.ddp.
[2016.05.11-10.55.37:949][  0]LogDerivedDataCache: Using Local data cache path C:/Users/jjudy/AppData/Local/UnrealEngine/Common/DerivedDataCache: Writable
[2016.05.11-10.55.46:336][  0]LogInit: Selected Device Profile: [Windows]
[2016.05.11-10.55.46:823][  0]ImportText (ComponentSweepMultiTests): Missing closing parenthesis: (RootShapeAsset="/Engine/BasicShapes/Cube.Cube",ShapeType="TriggerCapsule",HitResult=(Time=0.50,Location=(X=-100.000015,Y=0.0,Z=100.000015),ImpactPoint=(X=-50.0,Y=0.0,Z=50.0),Normal=(X=-1.0,Y=-0.0,Z=0.0),ImpactNormal=(X=0.0,Y=0.0,Z=1.0),TraceStart=(X=-200.0,Y=0.0,Z=200.0),TraceEnd=(X=0.0,Y=0.0,Z=0.0))
[2016.05.11-10.55.46:824][  0]ImportText (LineTraceSingleByChannelTests): Missing closing parenthesis: (RootShapeAsset="/Engine/BasicShapes/Cube.Cube",HitResult=(Time=0.50,Location=(X=-100.000015,Y=0.0,Z=100.000015),ImpactPoint=(X=-50.0,Y=0.0,Z=50.0),Normal=(X=-1.0,Y=-0.0,Z=0.0),ImpactNormal=(X=0.0,Y=0.0,Z=1.0),TraceStart=(X=-200.0,Y=0.0,Z=200.0),TraceEnd=(X=0.0,Y=0.0,Z=0.0))
[2016.05.11-10.55.46:995][  0]LogMeshUtilities: No automatic mesh reduction module available
[2016.05.11-10.55.46:995][  0]LogMeshUtilities: No automatic mesh merging module available
[2016.05.11-10.55.49:099][  0]LogInit: WinSock: version 1.1 (2.2), MaxSocks=32767, MaxUdp=65467
[2016.05.11-10.56.00:026][  0]UdpMessaging: Initializing bridge on interface 0.0.0.0:0 to multicast group 230.0.0.1:6666.
[2016.05.11-10.56.01:884][  0]SourceControl: 정보 소스 콘트롤이 꺼졌습니다.
[2016.05.11-10.56.01:887][  0]SourceControl: 정보 소스 콘트롤이 꺼졌습니다.
[2016.05.11-10.56.01:960][  0]SourceControl: 정보 소스 콘트롤이 꺼졌습니다.
[2016.05.11-10.56.01:992][  0]SourceControl: 정보 소스 콘트롤이 꺼졌습니다.
[2016.05.11-10.56.03:551][  0]LogObj: 26300 objects as part of root set at end of initial load.
[2016.05.11-10.56.03:551][  0]LogUObjectAllocator: 5426784 out of 0 bytes used by permanent object pool.
[2016.05.11-10.56.04:157][  0]LogEngine: Initializing Engine...
[2016.05.11-10.56.04:210][  0]LogHMD: Can't find Oculus library dev build: is proper Runtime installed? Version: 0.6.0.0
[2016.05.11-10.56.04:322][  0]LogHMD:Warning: SteamVR failed to initialize.  Error: 110
[2016.05.11-10.56.05:337][  0]LogAIModule: Creating AISystem for world NewWorld
[2016.05.11-10.56.05:475][  0]LogInit: XAudio2 using '스피커/헤드폰(Realtek High Definition Audio)' : 2 channels at 48 kHz using 32 bits per sample (channel mask 0x3)
[2016.05.11-10.56.06:648][  0]LogInit: FAudioDevice initialized.
[2016.05.11-10.56.06:692][  0]LogDerivedDataCache: Saved boot cache 0.04s 53MB C:/Users/jjudy/AppData/Local/UnrealEngine/4.8/DerivedDataCache/Boot.ddc.
[2016.05.11-10.56.06:699][  0]LogInit: Texture streaming: Disabled
[2016.05.11-10.56.06:729][  0]LogAnalytics: Creating configured Analytics provider AnalyticsET
[2016.05.11-10.56.06:730][  0]LogAnalytics: [UEEditor.Rocket.Release] APIServer = http://et2.epicgames.com/ET2/. AppVersion = 4.8.3-2634408+++depot+UE4-Releases+4.8
[2016.05.11-10.56.06:730][  0]LogAnalytics: [UEEditor.Rocket.Release] SetUserId f1732f304bfe0c511e505491d9dc7863|42e094618d374ae48b60eaacf8489ca6|5a9a5a05-d2f7-4f14-8a0b-a00ba482fbc2
[2016.05.11-10.56.06:730][  0]LogAnalytics: [UEEditor.Rocket.Release] AnalyticsET::StartSession
[2016.05.11-10.56.06:955][  0]LogInit: Transaction tracking system initialized
[2016.05.11-10.56.07:942][  0]BlueprintLog: New page: 에디터 로드
[2016.05.11-10.56.08:885][  0]LogAssetRegistry: FAssetRegistry took 0.0525 seconds to start up
[2016.05.11-10.56.08:887][  0]LogDirectoryWatcher:Warning: Failed to begin reading directory changes for ../../../Engine/Plugins/Experimental/CharacterAI/Content/. Error: 0
[2016.05.11-10.56.15:822][  0]LogConsoleManager:Warning: Console variable 'r.VSync' wasn't set ('GameSetting' has a lower priority than 'SystemSettingsIni')
[2016.05.11-10.56.15:823][  0]LogConsoleResponse:Display: 
[2016.05.11-10.56.18:234][  0]LogCook:Display: Done creating registry. It took  0.00s.
[2016.05.11-10.56.19:691][  0]SourceControl: 정보 소스 콘트롤이 꺼졌습니다.
[2016.05.11-10.56.19:692][  0]Cmd: MAP LOAD FILE="../../../Engine/Content/Maps/Templates/Template_Default.umap" TEMPLATE=1 SHOWPROGRESS=1 FEATURELEVEL=3
[2016.05.11-10.56.19:751][  0]LightingResults: New page: 라이팅 빌드
[2016.05.11-10.56.20:043][  0]MapCheck: New page: 맵 체크
[2016.05.11-10.56.20:043][  0]LightingResults: New page: 라이팅 빌드
[2016.05.11-10.56.20:840][  0]LogParticles: Destroying 0 GPU particle simulations for FXSystem 0x0000024EFA37D940
[2016.05.11-10.56.24:203][  0]LogAIModule: Creating AISystem for world Untitled_1
[2016.05.11-10.56.24:834][  0]LogEditorServer: Finished looking for orphan Actors (0.000 secs)
[2016.05.11-10.56.24:984][  0]Cmd: MAP CHECKDEP NOCLEARLOG
[2016.05.11-10.56.25:180][  0]MapCheck: 정보 맵 체크 완료: 오류 0 회, 경고 0 회, 소요 시간 194.385ms.
[2016.05.11-10.56.25:180][  0]LogFileHelpers: Loading map 'Template_Default' took 5.489
[2016.05.11-10.56.27:525][  0]LogCollectionManager: Loaded 0 collections in 0.009236 seconds
[2016.05.11-10.56.27:631][  0]LogContentBrowser: Native class hierarchy populated in 0.1048 seconds. Added 1797 classes and 303 folders.
[2016.05.11-10.56.28:790][  0]LogContentBrowser: Native class hierarchy updated for 'WidgetCarousel' in 0.0031 seconds. Added 0 classes and 0 folders.
[2016.05.11-10.56.30:386][  0]LogContentBrowser: Native class hierarchy updated for 'AddContentDialog' in 0.0058 seconds. Added 0 classes and 0 folders.
[2016.05.11-10.56.30:870][  0]LogContentBrowser: Native class hierarchy updated for 'SceneOutliner' in 0.0021 seconds. Added 1 classes and 2 folders.
[2016.05.11-10.56.32:334][  0]LogCrashTracker: Crashtracker disabled due to settings.
[2016.05.11-10.56.32:727][  0]LogD3D11RHI: InitD3DDevice
[2016.05.11-10.56.33:021][  0]LogUObjectGlobals:Warning: 'Class 없음.' 오브젝트를 찾는 데 실패했습니다.
[2016.05.11-10.56.33:260][  0]LogLoad: Full Startup: 187.58 seconds (BP compile: 0.72 seconds)
[2016.05.11-10.56.33:415][  0]LogWindowsTextInputMethodSystem:Display: IME system now activated using TSF (Microsoft 입력기).
[2016.05.11-10.56.35:212][  0]LogContentStreaming: Texture pool size is 0.000000MB
[2016.05.11-10.56.35:579][  0]LogContentStreaming: Texture pool size now 400 MB
[2016.05.11-10.56.39:296][  0]LogRenderer: Reallocating scene render targets to support 1056x560 (Frame:2).
[2016.05.11-10.56.42:522][ 10]LogAssetRegistry: Asset discovery search completed in 33.6735 seconds
[2016.05.11-10.56.44:033][ 91]LogD3D11RHI: InitD3DDevice
[2016.05.11-10.56.50:585][469]LogD3D11RHI: InitD3DDevice
[2016.05.11-10.56.50:789][469]LogD3D11RHI: InitD3DDevice
[2016.05.11-10.57.04:735][182]LogVSAccessor:Warning: Couldn't set focus on Visual Studio.
[2016.05.11-10.57.04:735][182]LogVSAccessor:Warning: Couldn't access Visual Studio
[2016.05.11-10.57.04:740][182]LogVSAccessor:Warning: Couldn't access module table
[2016.05.11-10.57.04:740][182]LogVSAccessor:Warning: Couldn't access module table
[2016.05.11-10.57.04:740][182]LogVSAccessor:Warning: Couldn't access module table
[2016.05.11-10.57.04:740][182]LogVSAccessor:Warning: Couldn't access module table
[2016.05.11-10.57.04:740][182]LogVSAccessor:Warning: Couldn't access module table
[2016.05.11-10.57.04:741][182]LogVSAccessor:Warning: Couldn't access module table
[2016.05.11-10.57.04:741][182]LogVSAccessor:Warning: Couldn't access module table
[2016.05.11-10.57.04:741][182]LogVSAccessor:Warning: Couldn't access module table
[2016.05.11-10.57.04:741][182]LogVSAccessor:Warning: Couldn't access module table
[2016.05.11-10.57.04:741][182]LogVSAccessor:Warning: Couldn't access module table
[2016.05.11-10.57.04:741][182]LogVSAccessor:Warning: Couldn't access module table
[2016.05.11-10.57.04:741][182]LogVSAccessor:Warning: Couldn't access module table
[2016.05.11-10.57.04:741][182]LogVSAccessor:Warning: Couldn't access module table
[2016.05.11-10.57.04:741][182]LogVSAccessor:Warning: Couldn't access module table
[2016.05.11-10.57.04:742][182]LogVSAccessor:Warning: Couldn't access module table
[2016.05.11-10.57.04:742][182]LogVSAccessor:Warning: Couldn't access module table
[2016.05.11-10.57.04:742][182]LogVSAccessor:Warning: Couldn't access module table
[2016.05.11-10.57.04:742][182]LogVSAccessor:Warning: Couldn't access module table
[2016.05.11-10.57.04:742][182]LogVSAccessor:Warning: Couldn't access module table
[2016.05.11-10.57.04:742][182]LogVSAccessor:Warning: Couldn't access module table
[2016.05.11-10.57.04:742][182]LogVSAccessor:Warning: Couldn't access module table
[2016.05.11-10.57.04:742][182]LogVSAccessor:Warning: Couldn't access module table
[2016.05.11-10.57.04:742][182]LogVSAccessor:Warning: Couldn't access module table
[2016.05.11-10.57.04:742][182]LogVSAccessor:Warning: Couldn't access module table
[2016.05.11-10.57.04:742][182]LogVSAccessor:Warning: Couldn't access module table
[2016.05.11-10.57.04:743][182]LogVSAccessor:Warning: Couldn't access module table
[2016.05.11-10.57.04:743][182]LogVSAccessor:Warning: Couldn't access module table
[2016.05.11-10.57.04:743][182]LogVSAccessor:Warning: Couldn't access module table
[2016.05.11-10.57.04:743][182]LogVSAccessor:Warning: Couldn't access module table
[2016.05.11-10.57.04:743][182]LogVSAccessor:Warning: Couldn't access module table
[2016.05.11-10.57.04:743][182]LogVSAccessor:Warning: Couldn't access module table
[2016.05.11-10.57.04:743][182]LogVSAccessor:Warning: Couldn't access module table
[2016.05.11-10.57.04:743][182]LogVSAccessor:Warning: Couldn't access module table
[2016.05.11-10.57.04:743][182]LogVSAccessor:Warning: Couldn't access module table
[2016.05.11-10.57.04:743][182]LogVSAccessor:Warning: Couldn't access module table
[2016.05.11-10.57.04:743][182]LogVSAccessor:Warning: Couldn't access module table
[2016.05.11-10.57.04:743][182]LogVSAccessor:Warning: Couldn't access module table
[2016.05.11-10.57.04:744][182]LogVSAccessor:Warning: Couldn't access module table
[2016.05.11-10.57.04:744][182]LogVSAccessor:Warning: Couldn't access module table
[2016.05.11-10.57.04:744][182]LogVSAccessor:Warning: Couldn't access module table
[2016.05.11-10.57.04:744][182]LogVSAccessor:Warning: Couldn't access module table
[2016.05.11-10.57.04:744][182]LogVSAccessor:Warning: Couldn't access module table
[2016.05.11-10.57.04:744][182]LogVSAccessor:Warning: Couldn't access module table
[2016.05.11-10.57.04:744][182]LogVSAccessor:Warning: Couldn't access module table
[2016.05.11-10.57.04:744][182]LogVSAccessor:Warning: Couldn't access module table
[2016.05.11-10.57.04:744][182]LogVSAccessor:Warning: Couldn't access module table
[2016.05.11-10.57.04:747][182]LogVSAccessor:Warning: Couldn't access module table
[2016.05.11-10.57.04:748][182]LogVSAccessor:Warning: Couldn't access module table
[2016.05.11-10.57.04:899][182]LogVSAccessor:Warning: Couldn't access module table
[2016.05.11-10.57.04:900][182]LogVSAccessor:Warning: Couldn't access module table
[2016.05.11-10.57.05:411][182]LogVSAccessor:Warning: Couldn't access module table
[2016.05.11-10.57.05:983][182]LogVSAccessor:Warning: Couldn't access module table
[2016.05.11-10.57.05:983][182]LogVSAccessor:Warning: Couldn't access module table
[2016.05.11-10.57.05:984][182]LogVSAccessor:Warning: Couldn't access module table
[2016.05.11-10.57.06:225][182]LogVSAccessor:Warning: Couldn't access module table
[2016.05.11-10.57.06:232][182]LogVSAccessor:Warning: Couldn't access module table
[2016.05.11-11.03.45:660][ 34]LogD3D11RHI: InitD3DDevice
[2016.05.11-11.03.46:561][ 78]LogD3D11RHI: InitD3DDevice
[2016.05.11-11.03.47:619][134]LogD3D11RHI: InitD3DDevice
[2016.05.11-11.03.47:724][134]Running C:/Program Files (x86)/Epic Games/4.8/Engine/Binaries/DotNET/UnrealBuildTool.exe  -projectfiles -project="C:/Users/jjudy/Desktop/Genie/src/unrealEngineProject/unrealEngineProject.uproject" -game -rocket -progress
[2016.05.11-11.03.51:581][134]Discovering modules, targets and source code for game...
[2016.05.11-11.04.17:246][485]LogD3D11RHI: InitD3DDevice
[2016.05.11-11.04.18:562][557]LogVSAccessor:Warning: Couldn't access module table
[2016.05.11-11.04.18:562][557]LogVSAccessor:Warning: Couldn't access module table
[2016.05.11-11.04.18:562][557]LogVSAccessor:Warning: Couldn't access module table
[2016.05.11-11.04.18:562][557]LogVSAccessor:Warning: Couldn't access module table
[2016.05.11-11.04.18:563][557]LogVSAccessor:Warning: Couldn't access module table
[2016.05.11-11.04.18:563][557]LogVSAccessor:Warning: Couldn't access module table
[2016.05.11-11.04.18:563][557]LogVSAccessor:Warning: Couldn't access module table
[2016.05.11-11.04.18:563][557]LogVSAccessor:Warning: Couldn't access module table
[2016.05.11-11.04.18:563][557]LogVSAccessor:Warning: Couldn't access module table
[2016.05.11-11.04.18:563][557]LogVSAccessor:Warning: Couldn't access module table
[2016.05.11-11.04.18:563][557]LogVSAccessor:Warning: Couldn't access module table
[2016.05.11-11.04.18:563][557]LogVSAccessor:Warning: Couldn't access module table
[2016.05.11-11.04.18:563][557]LogVSAccessor:Warning: Couldn't access module table
[2016.05.11-11.04.18:563][557]LogVSAccessor:Warning: Couldn't access module table
[2016.05.11-11.04.18:564][557]LogVSAccessor:Warning: Couldn't access module table
[2016.05.11-11.04.18:564][557]LogVSAccessor:Warning: Couldn't access module table
[2016.05.11-11.04.18:564][557]LogVSAccessor:Warning: Couldn't access module table
[2016.05.11-11.04.18:564][557]LogVSAccessor:Warning: Couldn't access module table
[2016.05.11-11.04.18:564][557]LogVSAccessor:Warning: Couldn't access module table
[2016.05.11-11.04.18:564][557]LogVSAccessor:Warning: Couldn't access module table
[2016.05.11-11.04.18:564][557]LogVSAccessor:Warning: Couldn't access module table
[2016.05.11-11.04.18:564][557]LogVSAccessor:Warning: Couldn't access module table
[2016.05.11-11.04.18:564][557]LogVSAccessor:Warning: Couldn't access module table
[2016.05.11-11.04.18:564][557]LogVSAccessor:Warning: Couldn't access module table
[2016.05.11-11.04.18:564][557]LogVSAccessor:Warning: Couldn't access module table
[2016.05.11-11.04.18:564][557]LogVSAccessor:Warning: Couldn't access module table
[2016.05.11-11.04.18:565][557]LogVSAccessor:Warning: Couldn't access module table
[2016.05.11-11.04.18:565][557]LogVSAccessor:Warning: Couldn't access module table
[2016.05.11-11.04.18:565][557]LogVSAccessor:Warning: Couldn't access module table
[2016.05.11-11.04.18:565][557]LogVSAccessor:Warning: Couldn't access module table
[2016.05.11-11.04.18:565][557]LogVSAccessor:Warning: Couldn't access module table
[2016.05.11-11.04.18:565][557]LogVSAccessor:Warning: Couldn't access module table
[2016.05.11-11.04.18:566][557]LogVSAccessor:Warning: Couldn't access module table
[2016.05.11-11.04.18:566][557]LogVSAccessor:Warning: Couldn't access module table
[2016.05.11-11.04.18:566][557]LogVSAccessor:Warning: Couldn't access module table
[2016.05.11-11.04.18:566][557]LogVSAccessor:Warning: Couldn't access module table
[2016.05.11-11.04.18:566][557]LogVSAccessor:Warning: Couldn't access module table
[2016.05.11-11.04.18:566][557]LogVSAccessor:Warning: Couldn't access module table
[2016.05.11-11.04.18:566][557]LogVSAccessor:Warning: Couldn't access module table
[2016.05.11-11.04.18:566][557]LogVSAccessor:Warning: Couldn't access module table
[2016.05.11-11.04.18:566][557]LogVSAccessor:Warning: Couldn't access module table
[2016.05.11-11.04.18:566][557]LogVSAccessor:Warning: Couldn't access module table
[2016.05.11-11.04.18:566][557]LogVSAccessor:Warning: Couldn't access module table
[2016.05.11-11.04.18:566][557]LogVSAccessor:Warning: Couldn't access module table
[2016.05.11-11.04.18:566][557]LogVSAccessor:Warning: Couldn't access module table
[2016.05.11-11.04.18:567][557]LogVSAccessor:Warning: Couldn't access module table
[2016.05.11-11.04.18:568][557]LogVSAccessor:Warning: Couldn't access module table
[2016.05.11-11.04.18:568][557]LogVSAccessor:Warning: Couldn't access module table
[2016.05.11-11.04.18:573][557]LogVSAccessor:Warning: Couldn't access module table
[2016.05.11-11.04.18:573][557]LogVSAccessor:Warning: Couldn't access module table
[2016.05.11-11.04.18:585][557]LogVSAccessor:Warning: Couldn't access module table
[2016.05.11-11.04.18:587][557]LogVSAccessor:Warning: Couldn't access module table
[2016.05.11-11.04.18:587][557]LogVSAccessor:Warning: Couldn't access module table
[2016.05.11-11.04.18:587][557]LogVSAccessor:Warning: Couldn't access module table
[2016.05.11-11.04.18:594][557]LogVSAccessor:Warning: Couldn't access module table
[2016.05.11-11.04.18:596][557]LogVSAccessor:Warning: Couldn't access module table
[2016.05.11-11.04.18:597][557]LogVSAccessor:Warning: Couldn't access module table
[2016.05.11-11.04.18:663][557]LogD3D11RHI: InitD3DDevice
[2016.05.11-11.05.46:388][ 61]LogD3D11RHI: InitD3DDevice
[2016.05.11-11.05.46:398][ 61]Recompiling unrealEngineProject...
[2016.05.11-11.05.46:403][ 61]Launching UnrealBuildTool... [C:/Program Files (x86)/Epic Games/4.8/Engine/Binaries/DotNET/UnrealBuildTool.exe unrealEngineProject -ModuleWithSuffix unrealEngineProject 9783 Win64 Development -editorrecompile -canskiplink "C:/Users/jjudy/Desktop/Genie/src/unrealEngineProject/unrealEngineProject.uproject" -rocket  -rocket]
[2016.05.11-11.05.46:444][ 61]Warning: Starting HotReload took  6.7s.
[2016.05.11-11.10.02:772][822]CompilerResultsLog: New page: 컴파일 - 2016. 5. 12. 오전 5:10:02
[2016.05.11-11.10.02:888][822]CompilerResultsLog: 정보 Compiling game modules for hot reload
[2016.05.11-11.10.02:934][822]CompilerResultsLog: 정보 Parsing headers for unrealEngineProjectEditor
[2016.05.11-11.10.02:934][822]CompilerResultsLog: 정보 Reflection code generated for unrealEngineProjectEditor
[2016.05.11-11.10.02:934][822]CompilerResultsLog: 정보 Performing 3 actions (2 in parallel)
[2016.05.11-11.10.02:934][822]CompilerResultsLog: 정보 unrealEngineProject.generated.cpp
[2016.05.11-11.10.02:934][822]CompilerResultsLog: 정보 GenieCharacter.cpp
[2016.05.11-11.10.02:934][822]CompilerResultsLog: 정보 [3/3] Link UE4Editor-unrealEngineProject-9783.dll
[2016.05.11-11.10.02:934][822]CompilerResultsLog: 정보    Creating library C:\Users\jjudy\Desktop\Genie\src\unrealEngineProject\Intermediate/Build/Win64\UE4Editor\Development\UE4Editor-unrealEngineProject-9783.lib and object C:\Users\jjudy\Desktop\Genie\src\unrealEngineProject\Intermediate/Build/Win64\UE4Editor\Development\UE4Editor-unrealEngineProject-9783.exp
[2016.05.11-11.10.02:934][822]CompilerResultsLog: 정보 -------- End Detailed Actions Stats -----------------------------------------------------------
[2016.05.11-11.10.02:934][822]CompilerResultsLog: 정보 Total build time: 252.95 seconds
[2016.05.11-11.10.02:934][822]LogMainFrame: MainFrame: Module compiling took 256.617 seconds
[2016.05.11-11.10.20:443][822]LogContentBrowser: Native class hierarchy updated for 'unrealEngineProject' in 0.3741 seconds. Added 5 classes and 2 folders.
[2016.05.11-11.10.20:445][822]Warning: HotReload successful (1 functions remapped  0 scriptstructs remapped)
[2016.05.11-11.10.21:841][822]LogContentBrowser: Native class hierarchy populated in 0.2662 seconds. Added 1798 classes and 305 folders.
[2016.05.11-11.17.16:253][144]LogWindowsTextInputMethodSystem:Display: IME system now activated using TSF (Microsoft 입력기).
[2016.05.11-11.17.19:705][145]Cmd: QUIT_EDITOR
[2016.05.11-11.17.21:234][145]LogExit: Preparing to exit.
[2016.05.11-11.17.23:195][145]LogExit: Editor shut down
[2016.05.11-11.17.23:196][145]LogExit: Transaction tracking system shut down
[2016.05.11-11.17.23:229][145]LogParticles: Destroying 0 GPU particle simulations for FXSystem 0x0000024EF0D0DF80
[2016.05.11-11.17.24:969][145]LogParticles: Destroying 0 GPU particle simulations for FXSystem 0x0000024EFF8EFCE0
[2016.05.11-11.17.24:969][145]LogExit: Object subsystem successfully closed.
[2016.05.11-11.17.25:682][145]LogD3D11RHI: Shutdown
[2016.05.11-11.17.25:683][145]LogD3D11RHI: CleanupD3DDevice
[2016.05.11-11.17.25:873][145]LogD3D11RHI: ~FD3D11DynamicRHI
[2016.05.11-11.17.26:121][145]LogModuleManager: Shutting down and abandoning module CrashTracker (189)
[2016.05.11-11.17.26:121][145]LogModuleManager: Shutting down and abandoning module SceneOutliner (188)
[2016.05.11-11.17.26:130][145]LogModuleManager: Shutting down and abandoning module SuperSearch (187)
[2016.05.11-11.17.26:130][145]LogModuleManager: Shutting down and abandoning module WidgetCarousel (186)
[2016.05.11-11.17.26:145][145]LogModuleManager: Shutting down and abandoning module AddContentDialog (185)
[2016.05.11-11.17.26:162][145]LogModuleManager: Shutting down and abandoning module EditorWidgets (184)
[2016.05.11-11.17.26:162][145]LogModuleManager: Shutting down and abandoning module CollectionManager (183)
[2016.05.11-11.17.26:174][145]LogModuleManager: Shutting down and abandoning module StatsViewer (182)
[2016.05.11-11.17.26:183][145]LogModuleManager: Shutting down and abandoning module FoliageEdit (181)
[2016.05.11-11.17.26:204][145]LogModuleManager: Shutting down and abandoning module LandscapeEditor (180)
[2016.05.11-11.17.26:216][145]LogModuleManager: Shutting down and abandoning module ActorPickerMode (179)
[2016.05.11-11.17.26:216][145]LogModuleManager: Shutting down and abandoning module GeometryMode (178)
[2016.05.11-11.17.26:217][145]LogModuleManager: Shutting down and abandoning module TextureAlignMode (177)
[2016.05.11-11.17.26:217][145]LogModuleManager: Shutting down and abandoning module BspMode (176)
[2016.05.11-11.17.26:217][145]LogModuleManager: Shutting down and abandoning module PlacementMode (175)
[2016.05.11-11.17.26:219][145]LogModuleManager: Shutting down and abandoning module AutomationWorker (174)
[2016.05.11-11.17.26:219][145]LogModuleManager: Shutting down and abandoning module CharacterAI (173)
[2016.05.11-11.17.26:219][145]LogModuleManager: Shutting down and abandoning module SmartSnapping (172)
[2016.05.11-11.17.26:220][145]LogModuleManager: Shutting down and abandoning module ViewportSnapping (171)
[2016.05.11-11.17.26:220][145]LogModuleManager: Shutting down and abandoning module LogVisualizer (170)
[2016.05.11-11.17.26:244][145]LogModuleManager: Shutting down and abandoning module GameProjectGeneration (169)
[2016.05.11-11.17.26:264][145]LogModuleManager: Shutting down and abandoning module IntroTutorials (168)
[2016.05.11-11.17.26:295][145]LogModuleManager: Shutting down and abandoning module EditorLiveStreaming (167)
[2016.05.11-11.17.26:295][145]LogModuleManager: Shutting down and abandoning module IOSPlatformEditor (166)
[2016.05.11-11.17.26:305][145]LogModuleManager: Shutting down and abandoning module HTML5PlatformEditor (165)
[2016.05.11-11.17.26:305][145]LogModuleManager: Shutting down and abandoning module AndroidDeviceDetection (164)
[2016.05.11-11.17.27:130][145]LogModuleManager: Shutting down and abandoning module AndroidPlatformEditor (163)
[2016.05.11-11.17.27:146][145]LogModuleManager: Shutting down and abandoning module IOSRuntimeSettings (162)
[2016.05.11-11.17.27:146][145]LogModuleManager: Shutting down and abandoning module AndroidRuntimeSettings (161)
[2016.05.11-11.17.27:146][145]LogModuleManager: Shutting down and abandoning module MergeActors (160)
[2016.05.11-11.17.27:155][145]LogModuleManager: Shutting down and abandoning module SizeMap (159)
[2016.05.11-11.17.27:155][145]LogModuleManager: Shutting down and abandoning module TreeMap (158)
[2016.05.11-11.17.27:166][145]LogModuleManager: Shutting down and abandoning module ReferenceViewer (157)
[2016.05.11-11.17.27:166][145]LogModuleManager: Shutting down and abandoning module LocalizationDashboard (156)
[2016.05.11-11.17.27:177][145]LogModuleManager: Shutting down and abandoning module HardwareTargeting (155)
[2016.05.11-11.17.27:177][145]LogModuleManager: Shutting down and abandoning module DeviceProfileEditor (154)
[2016.05.11-11.17.27:185][145]LogModuleManager: Shutting down and abandoning module UndoHistory (153)
[2016.05.11-11.17.27:193][145]LogModuleManager: Shutting down and abandoning module GameplayTagsEditor (152)
[2016.05.11-11.17.27:202][145]LogModuleManager: Shutting down and abandoning module UserFeedback (151)
[2016.05.11-11.17.27:202][145]LogModuleManager: Shutting down and abandoning module XmlParser (150)
[2016.05.11-11.17.27:208][145]LogModuleManager: Shutting down and abandoning module Blutility (149)
[2016.05.11-11.17.27:208][145]LogModuleManager: Shutting down and abandoning module ProjectTargetPlatformEditor (148)
[2016.05.11-11.17.27:208][145]LogModuleManager: Shutting down and abandoning module ProjectSettingsViewer (147)
[2016.05.11-11.17.27:209][145]LogModuleManager: Shutting down and abandoning module InputBindingEditor (146)
[2016.05.11-11.17.27:222][145]LogModuleManager: Shutting down and abandoning module EditorSettingsViewer (145)
[2016.05.11-11.17.27:232][145]LogModuleManager: Shutting down and abandoning module SettingsEditor (144)
[2016.05.11-11.17.27:241][145]LogModuleManager: Shutting down and abandoning module ProjectLauncher (143)
[2016.05.11-11.17.27:248][145]LogModuleManager: Shutting down and abandoning module SessionFrontend (142)
[2016.05.11-11.17.27:252][145]LogModuleManager: Shutting down and abandoning module ProfilerClient (141)
[2016.05.11-11.17.27:258][145]LogModuleManager: Shutting down and abandoning module TargetDeviceServices (140)
[2016.05.11-11.17.27:258][145]LogModuleManager: Shutting down and abandoning module DeviceManager (139)
[2016.05.11-11.17.27:275][145]LogModuleManager: Shutting down and abandoning module AutomationController (138)
[2016.05.11-11.17.27:287][145]LogModuleManager: Shutting down and abandoning module AutomationWindow (137)
[2016.05.11-11.17.27:296][145]LogModuleManager: Shutting down and abandoning module Layers (136)
[2016.05.11-11.17.27:313][145]LogModuleManager: Shutting down and abandoning module ComponentVisualizers (135)
[2016.05.11-11.17.27:314][145]LogModuleManager: Shutting down and abandoning module DetailCustomizations (134)
[2016.05.11-11.17.27:338][145]LogModuleManager: Shutting down and abandoning module PackagesDialog (133)
[2016.05.11-11.17.27:340][145]LogModuleManager: Shutting down and abandoning module AssetRegistry (132)
[2016.05.11-11.17.28:084][145]LogModuleManager: Shutting down and abandoning module Persona (131)
[2016.05.11-11.17.28:123][145]LogModuleManager: Shutting down and abandoning module Kismet (130)
[2016.05.11-11.17.28:156][145]LogModuleManager: Shutting down and abandoning module GraphEditor (129)
[2016.05.11-11.17.28:233][145]LogModuleManager: Shutting down and abandoning module ClassViewer (128)
[2016.05.11-11.17.28:237][145]LogModuleManager: Shutting down and abandoning module Toolbox (127)
[2016.05.11-11.17.28:237][145]LogModuleManager: Shutting down and abandoning module ModuleUI (126)
[2016.05.11-11.17.28:245][145]LogModuleManager: Shutting down and abandoning module MovieSceneTools (125)
[2016.05.11-11.17.28:292][145]LogModuleManager: Shutting down and abandoning module OutputLog (124)
[2016.05.11-11.17.28:292][145]LogModuleManager: Shutting down and abandoning module GammaUI (123)
[2016.05.11-11.17.28:301][145]LogModuleManager: Shutting down and abandoning module Documentation (122)
[2016.05.11-11.17.28:301][145]LogModuleManager: Shutting down and abandoning module GameLiveStreaming (121)
[2016.05.11-11.17.28:302][145]LogModuleManager: Shutting down and abandoning module StreamingPauseRendering (120)
[2016.05.11-11.17.28:303][145]LogModuleManager: Shutting down and abandoning module AnalyticsET (119)
[2016.05.11-11.17.28:303][145]LogModuleManager: Shutting down and abandoning module Analytics (118)
[2016.05.11-11.17.28:303][145]LogModuleManager: Shutting down and abandoning module AITestSuite (117)
[2016.05.11-11.17.28:324][145]LogModuleManager: Shutting down and abandoning module GameplayDebugger (116)
[2016.05.11-11.17.28:335][145]LogModuleManager: Shutting down and abandoning module AIModule (115)
[2016.05.11-11.17.28:339][145]LogModuleManager: Shutting down and abandoning module ProfilerService (114)
[2016.05.11-11.17.28:450][145]LogModuleManager: Shutting down and abandoning module TaskGraph (113)
[2016.05.11-11.17.28:467][145]LogModuleManager: Shutting down and abandoning module SlateRemote (112)
[2016.05.11-11.17.28:467][145]LogModuleManager: Shutting down and abandoning module SteamVRController (111)
[2016.05.11-11.17.28:467][145]LogModuleManager: Shutting down and abandoning module SteamVR (110)
[2016.05.11-11.17.28:467][145]LogModuleManager: Shutting down and abandoning module ProceduralMeshComponent (109)
[2016.05.11-11.17.28:467][145]LogModuleManager: Shutting down and abandoning module OculusRift (108)
[2016.05.11-11.17.28:467][145]LogModuleManager: Shutting down and abandoning module LeapMotionController (107)
[2016.05.11-11.17.28:536][145]LogModuleManager: Shutting down and abandoning module CustomMeshComponent (106)
[2016.05.11-11.17.28:536][145]LogModuleManager: Shutting down and abandoning module CableComponent (105)
[2016.05.11-11.17.28:543][145]LogModuleManager: Shutting down and abandoning module MessagingDebugger (104)
[2016.05.11-11.17.28:567][145]LogModuleManager: Shutting down and abandoning module MediaPlayerEditor (103)
[2016.05.11-11.17.28:578][145]LogModuleManager: Shutting down and abandoning module SpeedTreeImporter (102)
[2016.05.11-11.17.28:578][145]LogModuleManager: Shutting down and abandoning module PluginBrowser (101)
[2016.05.11-11.17.28:582][145]LogModuleManager: Shutting down and abandoning module EpicSurvey (100)
[2016.05.11-11.17.28:588][145]LogModuleManager: Shutting down and abandoning module VisualStudioSourceCodeAccess (99)
[2016.05.11-11.17.28:588][145]LogModuleManager: Shutting down and abandoning module UObjectPlugin (98)
[2016.05.11-11.17.28:588][145]LogModuleManager: Shutting down and abandoning module SubversionSourceControl (97)
[2016.05.11-11.17.28:599][145]LogModuleManager: Shutting down and abandoning module PerforceSourceControl (96)
[2016.05.11-11.17.28:619][145]LogModuleManager: Shutting down and abandoning module SourceControl (95)
[2016.05.11-11.17.28:629][145]LogModuleManager: Shutting down and abandoning module GitSourceControl (94)
[2016.05.11-11.17.28:636][145]LogModuleManager: Shutting down and abandoning module BlankPlugin (93)
[2016.05.11-11.17.28:636][145]LogModuleManager: Shutting down and abandoning module PaperTiledImporter (92)
[2016.05.11-11.17.28:636][145]LogModuleManager: Shutting down and abandoning module PaperSpriteSheetImporter (91)
[2016.05.11-11.17.28:636][145]LogModuleManager: Shutting down and abandoning module MeshPaint (90)
[2016.05.11-11.17.28:642][145]LogModuleManager: Shutting down and abandoning module SlateReflector (89)
[2016.05.11-11.17.28:651][145]LogModuleManager: Shutting down and abandoning module DirectoryWatcher (88)
[2016.05.11-11.17.28:657][145]LogModuleManager: Shutting down and abandoning module HotReload (87)
[2016.05.11-11.17.28:657][145]LogModuleManager: Shutting down and abandoning module MainFrame (86)
[2016.05.11-11.17.28:666][145]LogModuleManager: Shutting down and abandoning module LevelEditor (85)
[2016.05.11-11.17.28:693][145]LogModuleManager: Shutting down and abandoning module ContentBrowser (84)
[2016.05.11-11.17.28:694][145]LogModuleManager: Shutting down and abandoning module Paper2DEditor (83)
[2016.05.11-11.17.28:714][145]LogModuleManager: Shutting down and abandoning module unrealEngineProject (82)
[2016.05.11-11.17.28:714][145]LogModuleManager: Shutting down and abandoning module UdpMessaging (81)
[2016.05.11-11.17.28:814][145]LogModuleManager: Shutting down and abandoning module Paper2D (80)
[2016.05.11-11.17.28:829][145]LogModuleManager: Shutting down and abandoning module WindowsMoviePlayer (79)
[2016.05.11-11.17.28:859][145]LogModuleManager: Shutting down and abandoning module Media (78)
[2016.05.11-11.17.28:859][145]LogModuleManager: Shutting down and abandoning module WmfMedia (77)
[2016.05.11-11.17.28:892][145]LogModuleManager: Shutting down and abandoning module OnlineBlueprintSupport (76)
[2016.05.11-11.17.28:892][145]LogModuleManager: Shutting down and abandoning module PropertyEditor (75)
[2016.05.11-11.17.28:933][145]LogModuleManager: Shutting down and abandoning module BehaviorTreeEditor (74)
[2016.05.11-11.17.28:967][145]LogModuleManager: Shutting down and abandoning module FunctionalTesting (73)
[2016.05.11-11.17.28:997][145]LogModuleManager: Shutting down and abandoning module CollisionAnalyzer (72)
[2016.05.11-11.17.29:011][145]LogModuleManager: Shutting down and abandoning module WorkspaceMenuStructure (71)
[2016.05.11-11.17.29:011][145]LogModuleManager: Shutting down and abandoning module MessageLog (70)
[2016.05.11-11.17.29:011][145]LogModuleManager: Shutting down and abandoning module Sequencer (69)
[2016.05.11-11.17.29:033][145]LogModuleManager: Shutting down and abandoning module AssetTools (68)
[2016.05.11-11.17.29:068][145]LogModuleManager: Shutting down and abandoning module UMGEditor (67)
[2016.05.11-11.17.29:109][145]LogModuleManager: Shutting down and abandoning module UMG (66)
[2016.05.11-11.17.29:132][145]LogModuleManager: Shutting down and abandoning module Slate (65)
[2016.05.11-11.17.29:132][145]LogModuleManager: Shutting down and abandoning module EditorStyle (64)
[2016.05.11-11.17.29:263][145]LogModuleManager: Shutting down and abandoning module SessionServices (63)
[2016.05.11-11.17.29:263][145]LogModuleManager: Shutting down and abandoning module SourceCodeAccess (62)
[2016.05.11-11.17.29:263][145]LogModuleManager: Shutting down and abandoning module HeadMountedDisplay (61)
[2016.05.11-11.17.29:263][145]LogModuleManager: Shutting down and abandoning module XAudio2 (60)
[2016.05.11-11.17.29:263][145]LogModuleManager: Shutting down and abandoning module Networking (58)
[2016.05.11-11.17.29:263][145]LogModuleManager: Shutting down and abandoning module Core (57)
[2016.05.11-11.17.29:263][145]LogModuleManager: Shutting down and abandoning module KismetCompiler (56)
[2016.05.11-11.17.29:294][145]LogModuleManager: Shutting down and abandoning module PhysXFormats (55)
[2016.05.11-11.17.29:305][145]LogModuleManager: Shutting down and abandoning module MeshUtilities (54)
[2016.05.11-11.17.29:325][145]LogModuleManager: Shutting down and abandoning module DerivedDataCache (53)
[2016.05.11-11.17.29:400][145]LogDerivedDataCache: Shutdown
[2016.05.11-11.17.29:400][145]LogModuleManager: Shutting down and abandoning module ShaderFormatOpenGL (52)
[2016.05.11-11.17.29:406][145]LogModuleManager: Shutting down and abandoning module ShaderFormatD3D (51)
[2016.05.11-11.17.29:417][145]LogModuleManager: Shutting down and abandoning module MetalShaderFormat (50)
[2016.05.11-11.17.29:429][145]LogModuleManager: Shutting down and abandoning module TextureFormatUncompressed (49)
[2016.05.11-11.17.29:439][145]LogModuleManager: Shutting down and abandoning module TextureFormatPVR (48)
[2016.05.11-11.17.29:439][145]LogModuleManager: Shutting down and abandoning module TextureFormatIntelISPCTexComp (47)
[2016.05.11-11.17.29:439][145]LogModuleManager: Shutting down and abandoning module TextureFormatDXT (46)
[2016.05.11-11.17.29:449][145]LogModuleManager: Shutting down and abandoning module ImageWrapper (45)
[2016.05.11-11.17.29:449][145]LogModuleManager: Shutting down and abandoning module TextureFormatASTC (44)
[2016.05.11-11.17.29:449][145]LogModuleManager: Shutting down and abandoning module TextureFormatAndroid (43)
[2016.05.11-11.17.29:449][145]LogModuleManager: Shutting down and abandoning module AudioFormatOpus (42)
[2016.05.11-11.17.29:454][145]LogModuleManager: Shutting down and abandoning module AudioFormatOgg (41)
[2016.05.11-11.17.29:459][145]LogModuleManager: Shutting down and abandoning module AudioFormatADPCM (40)
[2016.05.11-11.17.29:459][145]LogModuleManager: Shutting down and abandoning module LinuxTargetPlatform (39)
[2016.05.11-11.17.29:460][145]LogModuleManager: Shutting down and abandoning module LinuxServerTargetPlatform (38)
[2016.05.11-11.17.29:470][145]LogModuleManager: Shutting down and abandoning module LinuxNoEditorTargetPlatform (37)
[2016.05.11-11.17.29:476][145]LogModuleManager: Shutting down and abandoning module Messaging (36)
[2016.05.11-11.17.29:476][145]LogModuleManager: Shutting down and abandoning module IOSTargetPlatform (35)
[2016.05.11-11.17.29:476][145]LogModuleManager: Shutting down and abandoning module HTML5TargetPlatform (34)
[2016.05.11-11.17.29:497][145]LogModuleManager: Shutting down and abandoning module Android_PVRTCTargetPlatform (33)
[2016.05.11-11.17.29:501][145]LogModuleManager: Shutting down and abandoning module Android_ETC2TargetPlatform (32)
[2016.05.11-11.17.29:501][145]LogModuleManager: Shutting down and abandoning module Android_ETC1TargetPlatform (31)
[2016.05.11-11.17.29:501][145]LogModuleManager: Shutting down and abandoning module Android_DXTTargetPlatform (30)
[2016.05.11-11.17.29:519][145]LogModuleManager: Shutting down and abandoning module Android_ATCTargetPlatform (29)
[2016.05.11-11.17.29:519][145]LogModuleManager: Shutting down and abandoning module Android_ASTCTargetPlatform (28)
[2016.05.11-11.17.29:519][145]LogModuleManager: Shutting down and abandoning module AndroidTargetPlatform (27)
[2016.05.11-11.17.29:519][145]LogModuleManager: Shutting down and abandoning module WindowsTargetPlatform (26)
[2016.05.11-11.17.29:525][145]LogModuleManager: Shutting down and abandoning module WindowsServerTargetPlatform (25)
[2016.05.11-11.17.29:525][145]LogModuleManager: Shutting down and abandoning module WindowsNoEditorTargetPlatform (24)
[2016.05.11-11.17.29:525][145]LogModuleManager: Shutting down and abandoning module WindowsClientTargetPlatform (23)
[2016.05.11-11.17.29:525][145]LogModuleManager: Shutting down and abandoning module DesktopTargetPlatform (22)
[2016.05.11-11.17.29:525][145]LogModuleManager: Shutting down and abandoning module TargetPlatform (21)
[2016.05.11-11.17.29:527][145]LogModuleManager: Shutting down and abandoning module InputCore (20)
[2016.05.11-11.17.29:533][145]LogModuleManager: Shutting down and abandoning module Settings (19)
[2016.05.11-11.17.29:533][145]LogModuleManager: Shutting down and abandoning module OnlineSubsystem (17)
[2016.05.11-11.17.29:538][145]LogModuleManager: Shutting down and abandoning module HTTP (16)
[2016.05.11-11.17.29:539][145]LogModuleManager: Shutting down and abandoning module ExampleDeviceProfileSelector (15)
[2016.05.11-11.17.29:539][145]LogModuleManager: Shutting down and abandoning module DesktopPlatform (14)
[2016.05.11-11.17.29:556][145]LogModuleManager: Shutting down and abandoning module TextureCompressor (13)
[2016.05.11-11.17.29:562][145]LogModuleManager: Shutting down and abandoning module ShaderCore (12)
[2016.05.11-11.17.29:562][145]LogModuleManager: Shutting down and abandoning module Landscape (11)
[2016.05.11-11.17.29:562][145]LogModuleManager: Shutting down and abandoning module SlateRHIRenderer (10)
[2016.05.11-11.17.29:632][145]LogModuleManager: Shutting down and abandoning module OpenGLDrv (9)
[2016.05.11-11.17.29:642][145]LogModuleManager: Shutting down and abandoning module D3D11RHI (8)
[2016.05.11-11.17.29:642][145]LogModuleManager: Shutting down and abandoning module Renderer (7)
[2016.05.11-11.17.29:646][145]LogModuleManager: Shutting down and abandoning module Engine (6)
[2016.05.11-11.17.29:646][145]LogModuleManager: Shutting down and abandoning module CoreUObject (5)
[2016.05.11-11.17.29:646][145]LogModuleManager: Shutting down and abandoning module NetworkFile (4)
[2016.05.11-11.17.29:652][145]LogModuleManager: Shutting down and abandoning module StreamingFile (3)
[2016.05.11-11.17.29:660][145]LogModuleManager: Shutting down and abandoning module SandboxFile (2)
[2016.05.11-11.17.29:663][145]LogModuleManager: Shutting down and abandoning module PakFile (1)
[2016.05.11-11.17.29:679][145]LogExit: Exiting.
[2016.05.11-11.17.29:716][145]Log file closed, 05/11/16 20:17:29
