[2016.05.10-12.22.58:443][  0]Log file open, 05/10/16 21:22:58
[2016.05.10-12.22.58:443][  0]LogInit:Display: Running engine for game: unrealEngineProject
[2016.05.10-12.22.58:443][  0]LogInit:Display: RandInit(695841212) SRandInit(695841212).
[2016.05.10-12.22.58:443][  0]LogTaskGraph: Started task graph with 4 named threads and 5 total threads.
[2016.05.10-12.22.58:443][  0]LogStats: Stats thread started
[2016.05.10-12.22.58:443][  0]LogInit: Version: 4.8.3-2634408+++depot+UE4-Releases+4.8
[2016.05.10-12.22.58:443][  0]LogInit: API Version: 2579680
[2016.05.10-12.22.58:443][  0]LogInit: Compiled (64-bit): Jul 27 2015 16:24:33
[2016.05.10-12.22.58:443][  0]LogInit: Compiled with Visual C++: 18.00.21005.01
[2016.05.10-12.22.58:443][  0]LogInit: Build Configuration: Development
[2016.05.10-12.22.58:443][  0]LogInit: Branch Name: ++depot+UE4-Releases+4.8
[2016.05.10-12.22.58:443][  0]LogInit: Command line:  
[2016.05.10-12.22.58:443][  0]LogInit: Base directory: C:/Program Files (x86)/Epic Games/4.8/Engine/Binaries/Win64/
[2016.05.10-12.22.58:443][  0]LogInit: Rocket: 1
[2016.05.10-12.22.58:462][  0]LogInit: Using libcurl 7.41.0
[2016.05.10-12.22.58:462][  0]LogInit:  - built for x86_64-pc-win32
[2016.05.10-12.22.58:462][  0]LogInit:  - supports SSL with WinSSL
[2016.05.10-12.22.58:462][  0]LogInit:  - other features:
[2016.05.10-12.22.58:462][  0]LogInit:      CURL_VERSION_SSL
[2016.05.10-12.22.58:462][  0]LogInit:      CURL_VERSION_IPV6
[2016.05.10-12.22.58:462][  0]LogInit:      CURL_VERSION_ASYNCHDNS
[2016.05.10-12.22.58:462][  0]LogInit:      CURL_VERSION_LARGEFILE
[2016.05.10-12.22.58:462][  0]LogInit:      CURL_VERSION_IDN
[2016.05.10-12.22.58:462][  0]LogInit:  CurlRequestOptions (configurable via config and command line):
[2016.05.10-12.22.58:462][  0]LogInit:  - bVerifyPeer = true  - Libcurl will verify peer certificate
[2016.05.10-12.22.58:462][  0]LogInit:  - bUseHttpProxy = false  - Libcurl will NOT use HTTP proxy
[2016.05.10-12.22.58:462][  0]LogInit:  - bDontReuseConnections = false  - Libcurl will reuse connections
[2016.05.10-12.22.58:462][  0]LogInit:  - CertBundlePath = nullptr  - Libcurl will use whatever was configured at build time.
[2016.05.10-12.22.58:475][  0]LogOnline:Warning: No default platform service specified for OnlineSubsystem
[2016.05.10-12.22.58:491][  0]LogInit: Presizing for 0 objects not considered by GC, pre-allocating 0 bytes.
[2016.05.10-12.22.58:497][  0]LogInit: Object subsystem initialized
[2016.05.10-12.22.58:498][  0]LogConsoleResponse:Warning: Skipping Unknown console variable: 'TranslucentSortAxis = (X=0.000000,Y=-1.000000,Z=0.000000)'
[2016.05.10-12.22.58:498][  0]LogConsoleResponse:Warning:   Found in ini file 'C:/Users/jjudy/Desktop/Genie/src/unrealEngineProject/Saved/Config/Windows/Engine.ini', in section '[/Script/Engine.RendererSettings]'
[2016.05.10-12.22.58:498][  0]LogConsoleResponse:Warning: Skipping Unknown console variable: 'UIScaleRule = ShortestSide'
[2016.05.10-12.22.58:498][  0]LogConsoleResponse:Warning:   Found in ini file 'C:/Users/jjudy/Desktop/Genie/src/unrealEngineProject/Saved/Config/Windows/Engine.ini', in section '[/Script/Engine.RendererSettings]'
[2016.05.10-12.22.58:498][  0]LogConsoleResponse:Warning: Skipping Unknown console variable: 'UIScaleCurve = (EditorCurveData=(Keys=),ExternalCurve=None)'
[2016.05.10-12.22.58:498][  0]LogConsoleResponse:Warning:   Found in ini file 'C:/Users/jjudy/Desktop/Genie/src/unrealEngineProject/Saved/Config/Windows/Engine.ini', in section '[/Script/Engine.RendererSettings]'
[2016.05.10-12.22.58:499][  0]LogInit: Selected Device Profile: [Windows]
[2016.05.10-12.22.58:499][  0]LogInit: Applying CVar settings loaded from the selected device profile: [Windows]
[2016.05.10-12.22.58:511][  0]LogInit: Computer: JUDY
[2016.05.10-12.22.58:511][  0]LogInit: User: jjudy
[2016.05.10-12.22.58:511][  0]LogInit: CPU Page size=4096, Cores=2
[2016.05.10-12.22.58:511][  0]LogInit: High frequency timer resolution =2.533196 MHz
[2016.05.10-12.22.58:511][  0]LogMemory: Memory total: Physical=3.7GB (4GB approx)
[2016.05.10-12.22.58:511][  0]LogMemory: Platform Memory Stats for Windows
[2016.05.10-12.22.58:511][  0]LogMemory: Process Physical Memory: 49.78 MB used, 49.78 MB peak
[2016.05.10-12.22.58:511][  0]LogMemory: Process Virtual Memory: 22.40 MB used, 22.40 MB peak
[2016.05.10-12.22.58:511][  0]LogMemory: Physical Memory: 1628.79 MB used, 3799.78 MB total
[2016.05.10-12.22.58:511][  0]LogMemory: Virtual Memory: 313.18 MB used, 134217728.00 MB total
[2016.05.10-12.22.58:566][  0]LogTextLocalizationManager: The requested culture ('ko_KR') has no localization data; parent culture's ('ko') localization data will be used.
[2016.05.10-12.22.58:621][  0]LogTextLocalizationManager:Warning: Loaded localization resources contain conflicting entries for (Namespace:ContentBrowser, Key:ImportAssetToolTip):
Localization Resource: (C:/Program Files (x86)/Epic Games/4.8/Engine/Content/Localization/Editor/ko/Editor.locres) Source String Hash: (-630476809) Localized String: ({0} 에 임포트...)
Localization Resource: (C:/Program Files (x86)/Epic Games/4.8/Engine/Content/Localization/Editor/ko/Editor.locres) Source String Hash: (1271782899) Localized String: (파일에서 이 폴더로 애셋을 임포트합니다.)
[2016.05.10-12.22.59:376][  0]LogD3D11RHI: Found D3D11 adapter 0: NVIDIA GeForce GT 720M  (Feature Level 11_0)
[2016.05.10-12.22.59:376][  0]LogD3D11RHI: Adapter has 973MB of dedicated video memory, 0MB of dedicated system memory, and 1899MB of shared system memory, 2 output[s]
[2016.05.10-12.22.59:385][  0]LogD3D11RHI: Found D3D11 adapter 1: Intel(R) HD Graphics Family (Feature Level 11_0)
[2016.05.10-12.22.59:385][  0]LogD3D11RHI: Adapter has 112MB of dedicated video memory, 0MB of dedicated system memory, and 1899MB of shared system memory, 0 output[s]
[2016.05.10-12.22.59:387][  0]LogD3D11RHI: Found D3D11 adapter 2: Microsoft Basic Render Driver (Feature Level 11_0)
[2016.05.10-12.22.59:387][  0]LogD3D11RHI: Adapter has 0MB of dedicated video memory, 0MB of dedicated system memory, and 1899MB of shared system memory, 0 output[s]
[2016.05.10-12.22.59:387][  0]LogD3D11RHI: Chosen D3D11 Adapter Id = 0
[2016.05.10-12.22.59:391][  0]LogD3D11RHI: InitD3DDevice
[2016.05.10-12.22.59:391][  0]LogD3D11RHI: !Direct3DDevice
[2016.05.10-12.22.59:391][  0]LogRHI: Texture pool is 681 MB (70% of 973 MB)
[2016.05.10-12.22.59:402][  0]LogD3D11RHI: Async texture creation enabled
[2016.05.10-12.22.59:420][  0]LogShaderCompilers:Display: Using Local Shader Compiler.
[2016.05.10-12.23.00:677][  0]LogTemp:Display: Loaded TP DesktopTargetPlatform
[2016.05.10-12.23.00:695][  0]LogTemp:Display: Loaded TP WindowsClientTargetPlatform
[2016.05.10-12.23.00:712][  0]LogTemp:Display: Loaded TP WindowsNoEditorTargetPlatform
[2016.05.10-12.23.00:730][  0]LogTemp:Display: Loaded TP WindowsServerTargetPlatform
[2016.05.10-12.23.00:748][  0]LogTemp:Display: Loaded TP WindowsTargetPlatform
[2016.05.10-12.23.00:763][  0]LogTemp:Display: Loaded TP AndroidTargetPlatform
[2016.05.10-12.23.00:779][  0]LogTemp:Display: Loaded TP Android_ASTCTargetPlatform
[2016.05.10-12.23.00:794][  0]LogTemp:Display: Loaded TP Android_ATCTargetPlatform
[2016.05.10-12.23.00:809][  0]LogTemp:Display: Loaded TP Android_DXTTargetPlatform
[2016.05.10-12.23.00:824][  0]LogTemp:Display: Loaded TP Android_ETC1TargetPlatform
[2016.05.10-12.23.00:839][  0]LogTemp:Display: Loaded TP Android_ETC2TargetPlatform
[2016.05.10-12.23.00:854][  0]LogTemp:Display: Loaded TP Android_PVRTCTargetPlatform
[2016.05.10-12.23.00:910][  0]LogTemp:Display: Loaded TP IOSTargetPlatform
[2016.05.10-12.23.00:925][  0]LogTemp:Display: Loaded TP LinuxNoEditorTargetPlatform
[2016.05.10-12.23.00:939][  0]LogTemp:Display: Loaded TP LinuxServerTargetPlatform
[2016.05.10-12.23.00:955][  0]LogTemp:Display: Loaded TP LinuxTargetPlatform
[2016.05.10-12.23.00:955][  0]LogTargetPlatformManager:Display: Building Assets For Windows
[2016.05.10-12.23.01:195][  0]LogDerivedDataCache:Display: Max Cache Size: 512 MB
[2016.05.10-12.23.01:260][  0]LogDerivedDataCache: Loaded boot cache 0.07s 53MB C:/Users/jjudy/AppData/Local/UnrealEngine/4.8/DerivedDataCache/Boot.ddc.
[2016.05.10-12.23.01:260][  0]LogDerivedDataCache:Display: Loaded Boot cache: C:/Users/jjudy/AppData/Local/UnrealEngine/4.8/DerivedDataCache/Boot.ddc
[2016.05.10-12.23.01:260][  0]LogDerivedDataCache: FDerivedDataBackendGraph:  Pak pak cache file ../../../../../../Users/jjudy/Desktop/Genie/src/unrealEngineProject/DerivedDataCache/DDC.ddp not found, will not use a pak cache.
[2016.05.10-12.23.01:260][  0]LogDerivedDataCache: Unable to find inner node Pak for hierarchical cache Hierarchy.
[2016.05.10-12.23.01:260][  0]LogDerivedDataCache: FDerivedDataBackendGraph:  CompressedPak pak cache file ../../../../../../Users/jjudy/Desktop/Genie/src/unrealEngineProject/DerivedDataCache/Compressed.ddp not found, will not use a pak cache.
[2016.05.10-12.23.01:260][  0]LogDerivedDataCache: Unable to find inner node CompressedPak for hierarchical cache Hierarchy.
[2016.05.10-12.23.01:423][  0]LogDerivedDataCache:Display: Pak cache opened for reading ../../../Engine/DerivedDataCache/Compressed.ddp.
[2016.05.10-12.23.01:435][  0]LogDerivedDataCache: Using Local data cache path C:/Users/jjudy/AppData/Local/UnrealEngine/Common/DerivedDataCache: Writable
[2016.05.10-12.23.01:665][  0]LogInit: Selected Device Profile: [Windows]
[2016.05.10-12.23.01:759][  0]ImportText (ComponentSweepMultiTests): Missing closing parenthesis: (RootShapeAsset="/Engine/BasicShapes/Cube.Cube",ShapeType="TriggerCapsule",HitResult=(Time=0.50,Location=(X=-100.000015,Y=0.0,Z=100.000015),ImpactPoint=(X=-50.0,Y=0.0,Z=50.0),Normal=(X=-1.0,Y=-0.0,Z=0.0),ImpactNormal=(X=0.0,Y=0.0,Z=1.0),TraceStart=(X=-200.0,Y=0.0,Z=200.0),TraceEnd=(X=0.0,Y=0.0,Z=0.0))
[2016.05.10-12.23.01:760][  0]ImportText (LineTraceSingleByChannelTests): Missing closing parenthesis: (RootShapeAsset="/Engine/BasicShapes/Cube.Cube",HitResult=(Time=0.50,Location=(X=-100.000015,Y=0.0,Z=100.000015),ImpactPoint=(X=-50.0,Y=0.0,Z=50.0),Normal=(X=-1.0,Y=-0.0,Z=0.0),ImpactNormal=(X=0.0,Y=0.0,Z=1.0),TraceStart=(X=-200.0,Y=0.0,Z=200.0),TraceEnd=(X=0.0,Y=0.0,Z=0.0))
[2016.05.10-12.23.01:797][  0]LogMeshUtilities: No automatic mesh reduction module available
[2016.05.10-12.23.01:797][  0]LogMeshUtilities: No automatic mesh merging module available
[2016.05.10-12.23.02:148][  0]LogInit: WinSock: version 1.1 (2.2), MaxSocks=32767, MaxUdp=65467
[2016.05.10-12.23.03:223][  0]UdpMessaging: Initializing bridge on interface 0.0.0.0:0 to multicast group 230.0.0.1:6666.
[2016.05.10-12.23.03:224][  0]FUdpSocketBuilder: Failed to create the socket UdpMessageMulticastSocket as configured
[2016.05.10-12.23.03:224][  0]UdpMessageTransport.StartTransport: Failed to create multicast socket on 0.0.0.0:0, joined to 230.0.0.1:6666 with TTL 1
[2016.05.10-12.23.03:609][  0]SourceControl: 정보 소스 콘트롤이 꺼졌습니다.
[2016.05.10-12.23.03:610][  0]SourceControl: 정보 소스 콘트롤이 꺼졌습니다.
[2016.05.10-12.23.03:622][  0]SourceControl: 정보 소스 콘트롤이 꺼졌습니다.
[2016.05.10-12.23.03:633][  0]SourceControl: 정보 소스 콘트롤이 꺼졌습니다.
[2016.05.10-12.23.03:901][  0]LogObj: 26295 objects as part of root set at end of initial load.
[2016.05.10-12.23.03:901][  0]LogUObjectAllocator: 5424160 out of 0 bytes used by permanent object pool.
[2016.05.10-12.23.03:986][  0]LogEngine: Initializing Engine...
[2016.05.10-12.23.03:998][  0]LogHMD: Can't find Oculus library dev build: is proper Runtime installed? Version: 0.6.0.0
[2016.05.10-12.23.04:002][  0]LogHMD:Warning: SteamVR failed to initialize.  Error: 110
[2016.05.10-12.23.04:165][  0]LogAIModule: Creating AISystem for world NewWorld
[2016.05.10-12.23.04:177][  0]LogInit: XAudio2 using '스피커/헤드폰(Realtek High Definition Audio)' : 2 channels at 48 kHz using 32 bits per sample (channel mask 0x3)
[2016.05.10-12.23.04:717][  0]LogInit: FAudioDevice initialized.
[2016.05.10-12.23.04:751][  0]LogDerivedDataCache: Saved boot cache 0.03s 53MB C:/Users/jjudy/AppData/Local/UnrealEngine/4.8/DerivedDataCache/Boot.ddc.
[2016.05.10-12.23.04:758][  0]LogInit: Texture streaming: Disabled
[2016.05.10-12.23.04:786][  0]LogAnalytics: Creating configured Analytics provider AnalyticsET
[2016.05.10-12.23.04:786][  0]LogAnalytics: [UEEditor.Rocket.Release] APIServer = http://et2.epicgames.com/ET2/. AppVersion = 4.8.3-2634408+++depot+UE4-Releases+4.8
[2016.05.10-12.23.04:786][  0]LogAnalytics: [UEEditor.Rocket.Release] SetUserId f1732f304bfe0c511e505491d9dc7863|42e094618d374ae48b60eaacf8489ca6|5a9a5a05-d2f7-4f14-8a0b-a00ba482fbc2
[2016.05.10-12.23.04:786][  0]LogAnalytics: [UEEditor.Rocket.Release] AnalyticsET::StartSession
[2016.05.10-12.23.04:822][  0]LogInit: Transaction tracking system initialized
[2016.05.10-12.23.04:983][  0]BlueprintLog: New page: 에디터 로드
[2016.05.10-12.23.05:022][  0]LogAssetRegistry: FAssetRegistry took 0.0108 seconds to start up
[2016.05.10-12.23.05:024][  0]LogDirectoryWatcher:Warning: Failed to begin reading directory changes for ../../../Engine/Plugins/Experimental/CharacterAI/Content/. Error: 0
[2016.05.10-12.23.05:898][  0]LogConsoleManager:Warning: Console variable 'r.VSync' wasn't set ('GameSetting' has a lower priority than 'SystemSettingsIni')
[2016.05.10-12.23.05:898][  0]LogConsoleResponse:Display: 
[2016.05.10-12.23.06:060][  0]LogCook:Display: Done creating registry. It took  0.00s.
[2016.05.10-12.23.06:373][  0]SourceControl: 정보 소스 콘트롤이 꺼졌습니다.
[2016.05.10-12.23.06:373][  0]Cmd: MAP LOAD FILE="../../../Engine/Content/Maps/Templates/Template_Default.umap" TEMPLATE=1 SHOWPROGRESS=1 FEATURELEVEL=3
[2016.05.10-12.23.06:374][  0]LightingResults: New page: 라이팅 빌드
[2016.05.10-12.23.06:395][  0]MapCheck: New page: 맵 체크
[2016.05.10-12.23.06:395][  0]LightingResults: New page: 라이팅 빌드
[2016.05.10-12.23.06:418][  0]LogParticles: Destroying 0 GPU particle simulations for FXSystem 0x0000019F38BEE200
[2016.05.10-12.23.07:398][  0]LogAIModule: Creating AISystem for world Untitled_1
[2016.05.10-12.23.07:406][  0]LogEditorServer: Finished looking for orphan Actors (0.000 secs)
[2016.05.10-12.23.07:416][  0]Cmd: MAP CHECKDEP NOCLEARLOG
[2016.05.10-12.23.07:479][  0]MapCheck: 정보 맵 체크 완료: 오류 0 회, 경고 0 회, 소요 시간 63.532ms.
[2016.05.10-12.23.07:479][  0]LogFileHelpers: Loading map 'Template_Default' took 1.106
[2016.05.10-12.23.07:644][  0]LogCollectionManager: Loaded 0 collections in 0.002800 seconds
[2016.05.10-12.23.07:658][  0]LogContentBrowser: Native class hierarchy populated in 0.0138 seconds. Added 1795 classes and 302 folders.
[2016.05.10-12.23.07:737][  0]LogContentBrowser: Native class hierarchy updated for 'WidgetCarousel' in 0.0016 seconds. Added 0 classes and 0 folders.
[2016.05.10-12.23.07:778][  0]LogContentBrowser: Native class hierarchy updated for 'AddContentDialog' in 0.0015 seconds. Added 0 classes and 0 folders.
[2016.05.10-12.23.07:801][  0]LogContentBrowser: Native class hierarchy updated for 'SceneOutliner' in 0.0016 seconds. Added 1 classes and 2 folders.
[2016.05.10-12.23.07:854][  0]LogCrashTracker: Crashtracker disabled due to settings.
[2016.05.10-12.23.07:855][  0]LogD3D11RHI: InitD3DDevice
[2016.05.10-12.23.07:900][  0]LogWindowsTextInputMethodSystem:Display: IME system now activated using TSF (Microsoft 입력기).
[2016.05.10-12.23.07:903][  0]LogD3D11RHI: InitD3DDevice
[2016.05.10-12.23.07:969][  0]LogLoad: Full Startup: 11.39 seconds (BP compile: 0.16 seconds)
[2016.05.10-12.23.08:134][  0]LogContentStreaming: Texture pool size is 0.000000MB
[2016.05.10-12.23.08:183][  0]LogContentStreaming: Texture pool size now 400 MB
[2016.05.10-12.23.08:397][  0]LogRenderer: Reallocating scene render targets to support 1056x560 (Frame:2).
[2016.05.10-12.23.10:627][127]LogAssetRegistry: Asset discovery search completed in 5.6163 seconds
[2016.05.10-12.24.39:337][487]LogD3D11RHI: InitD3DDevice
[2016.05.10-12.24.40:545][577]LogD3D11RHI: InitD3DDevice
[2016.05.10-12.24.40:587][577]LogLinker:Warning: '/Script/unrealEngineProject' 파일을 찾을 수 없습니다.
[2016.05.10-12.24.40:587][577]LogLinker:Warning: ../../../../../../Users/jjudy/Desktop/Genie/src/unrealEngineProject/Content/Map/Loading.umap 로드중 '/Script/unrealEngineProject' 애셋에 대한 파일을 찾을 수 없습니다.
[2016.05.10-12.24.40:587][577]LoadErrors:Error: 오류 /Game/Map/Loading : 애셋에 대한 파일을 찾을 수 없습니다. /Script/unrealEngineProject
[2016.05.10-12.24.40:588][577]LogLinker:Warning: '/Script/unrealEngineProject' 파일을 찾을 수 없습니다.
[2016.05.10-12.24.40:588][577]LogLinker:Warning: ../../../../../../Users/jjudy/Desktop/Genie/src/unrealEngineProject/Content/Map/Loading.umap 로드중 '/Script/unrealEngineProject' 애셋에 대한 파일을 찾을 수 없습니다.
[2016.05.10-12.24.40:588][577]LogLinker:Warning: '/Script/unrealEngineProject' 파일을 찾을 수 없습니다.
[2016.05.10-12.24.40:588][577]LogLinker:Warning: ../../../../../../Users/jjudy/Desktop/Genie/src/unrealEngineProject/Content/Map/Loading.umap 로드중 '/Script/unrealEngineProject' 애셋에 대한 파일을 찾을 수 없습니다.
[2016.05.10-12.24.40:588][577]LogLinker:Warning: '/Script/unrealEngineProject' 파일을 찾을 수 없습니다.
[2016.05.10-12.24.40:588][577]LogLinker:Warning: ../../../../../../Users/jjudy/Desktop/Genie/src/unrealEngineProject/Content/Map/Loading.umap 로드중 '/Script/unrealEngineProject' 애셋에 대한 파일을 찾을 수 없습니다.
[2016.05.10-12.24.40:589][577]LogLinker:Warning: '/Script/unrealEngineProject' 파일을 찾을 수 없습니다.
[2016.05.10-12.24.40:589][577]LogLinker:Warning: NULL 로드중 '/Script/unrealEngineProject' 애셋에 대한 파일을 찾을 수 없습니다.
[2016.05.10-12.24.40:589][577]LogLinker:Warning: '/Script/unrealEngineProject' 파일을 찾을 수 없습니다.
[2016.05.10-12.24.40:589][577]LogLinker:Warning: NULL 로드중 '/Script/unrealEngineProject' 애셋에 대한 파일을 찾을 수 없습니다.
[2016.05.10-12.24.40:590][577]LogLinker:Warning: '/Script/unrealEngineProject' 파일을 찾을 수 없습니다.
[2016.05.10-12.24.40:590][577]LogLinker:Warning: NULL 로드중 '/Script/unrealEngineProject' 애셋에 대한 파일을 찾을 수 없습니다.
[2016.05.10-12.24.40:590][577]LogLinker:Warning: '/Script/unrealEngineProject' 파일을 찾을 수 없습니다.
[2016.05.10-12.24.40:590][577]LogLinker:Warning: NULL 로드중 '/Script/unrealEngineProject' 애셋에 대한 파일을 찾을 수 없습니다.
[2016.05.10-12.24.40:590][577]LogLinker:Warning: CreateExport: Failed to load Outer for resource 'Genie': LoadingFile /Game/Map/Loading.Loading:PersistentLevel.LoadingFile_0
[2016.05.10-12.24.40:590][577]LogUObjectGlobals:Warning: Guid is in use by ArrowComponent /Temp/Untitled_1.Untitled_1:PersistentLevel.LightSource.ArrowComponent0 and ArrowComponent /Game/Map/Loading.Loading:PersistentLevel.LightSource.ArrowComponent0, which should never happen in the editor but could happen at runtime with duplicate level loading or PIE
[2016.05.10-12.24.40:590][577]LogUObjectGlobals:Warning: Guid is in use by ArrowComponent /Temp/Untitled_1.Untitled_1:PersistentLevel.PlayerStart.Arrow and ArrowComponent /Game/Map/Loading.Loading:PersistentLevel.PlayerStart.Arrow, which should never happen in the editor but could happen at runtime with duplicate level loading or PIE
[2016.05.10-12.24.40:590][577]LogUObjectGlobals:Warning: Guid is in use by BillboardComponent /Temp/Untitled_1.Untitled_1:PersistentLevel.PlayerStart.Sprite and BillboardComponent /Game/Map/Loading.Loading:PersistentLevel.PlayerStart.Sprite, which should never happen in the editor but could happen at runtime with duplicate level loading or PIE
[2016.05.10-12.24.40:590][577]LogUObjectGlobals:Warning: Guid is in use by BillboardComponent /Temp/Untitled_1.Untitled_1:PersistentLevel.PlayerStart.Sprite2 and BillboardComponent /Game/Map/Loading.Loading:PersistentLevel.PlayerStart.Sprite2, which should never happen in the editor but could happen at runtime with duplicate level loading or PIE
[2016.05.10-12.24.40:590][577]LogUObjectGlobals:Warning: Guid is in use by BillboardComponent /Temp/Untitled_1.Untitled_1:PersistentLevel.SkyLight_1.Sprite and BillboardComponent /Game/Map/Loading.Loading:PersistentLevel.SkyLight_1.Sprite, which should never happen in the editor but could happen at runtime with duplicate level loading or PIE
[2016.05.10-12.24.40:590][577]LogUObjectGlobals:Warning: Guid is in use by CapsuleComponent /Temp/Untitled_1.Untitled_1:PersistentLevel.PlayerStart.CollisionCapsule and CapsuleComponent /Game/Map/Loading.Loading:PersistentLevel.PlayerStart.CollisionCapsule, which should never happen in the editor but could happen at runtime with duplicate level loading or PIE
[2016.05.10-12.24.40:590][577]LogUObjectGlobals:Warning: Guid is in use by DirectionalLightComponent /Temp/Untitled_1.Untitled_1:PersistentLevel.LightSource.LightComponent0 and DirectionalLightComponent /Game/Map/Loading.Loading:PersistentLevel.LightSource.LightComponent0, which should never happen in the editor but could happen at runtime with duplicate level loading or PIE
[2016.05.10-12.24.40:590][577]LogLinker:Warning: '/Script/unrealEngineProject' 파일을 찾을 수 없습니다.
[2016.05.10-12.24.40:590][577]LogLinker:Warning: NULL 로드중 '/Script/unrealEngineProject' 애셋에 대한 파일을 찾을 수 없습니다.
[2016.05.10-12.24.40:590][577]LogLinker:Warning: '/Script/unrealEngineProject' 파일을 찾을 수 없습니다.
[2016.05.10-12.24.40:590][577]LoadErrors: 정보 로드에 실패했습니다. /Script/unrealEngineProject.LoadingFile 레퍼런싱한 것: PersistentLevel
[2016.05.10-12.24.40:591][577]LogLinker:Warning: NULL 로드중 '/Script/unrealEngineProject' 애셋에 대한 파일을 찾을 수 없습니다.
[2016.05.10-12.24.40:591][577]LogUObjectGlobals:Warning: Guid is in use by SkyLightComponent /Temp/Untitled_1.Untitled_1:PersistentLevel.SkyLight_1.SkyLightComponent0 and SkyLightComponent /Game/Map/Loading.Loading:PersistentLevel.SkyLight_1.SkyLightComponent0, which should never happen in the editor but could happen at runtime with duplicate level loading or PIE
[2016.05.10-12.24.40:591][577]LogAIModule: Creating AISystem for world Loading
[2016.05.10-12.24.40:653][577]Cmd: MAP LOAD FILE="../../../../../../Users/jjudy/Desktop/Genie/src/unrealEngineProject/Content/Map/Loading.umap" TEMPLATE=0 SHOWPROGRESS=1 FEATURELEVEL=3
[2016.05.10-12.24.40:654][577]LightingResults: New page: 라이팅 빌드
[2016.05.10-12.24.40:672][577]LoadErrors: New page: 맵 로드중: Loading.umap
[2016.05.10-12.24.40:672][577]MapCheck: New page: 맵 체크
[2016.05.10-12.24.40:672][577]LightingResults: New page: 라이팅 빌드
[2016.05.10-12.24.40:689][577]LogParticles: Destroying 0 GPU particle simulations for FXSystem 0x0000019F2C9BF920
[2016.05.10-12.24.40:753][577]LogLinker:Warning: '/Script/unrealEngineProject' 파일을 찾을 수 없습니다.
[2016.05.10-12.24.40:753][577]LogLinker:Warning: ../../../../../../Users/jjudy/Desktop/Genie/src/unrealEngineProject/Content/Map/Loading.umap 로드중 '/Script/unrealEngineProject' 애셋에 대한 파일을 찾을 수 없습니다.
[2016.05.10-12.24.40:753][577]LoadErrors:Error: 오류 /Game/Map/Loading : 애셋에 대한 파일을 찾을 수 없습니다. /Script/unrealEngineProject
[2016.05.10-12.24.40:753][577]LogLinker:Warning: '/Script/unrealEngineProject' 파일을 찾을 수 없습니다.
[2016.05.10-12.24.40:753][577]LogLinker:Warning: ../../../../../../Users/jjudy/Desktop/Genie/src/unrealEngineProject/Content/Map/Loading.umap 로드중 '/Script/unrealEngineProject' 애셋에 대한 파일을 찾을 수 없습니다.
[2016.05.10-12.24.40:754][577]LogLinker:Warning: '/Script/unrealEngineProject' 파일을 찾을 수 없습니다.
[2016.05.10-12.24.40:754][577]LogLinker:Warning: ../../../../../../Users/jjudy/Desktop/Genie/src/unrealEngineProject/Content/Map/Loading.umap 로드중 '/Script/unrealEngineProject' 애셋에 대한 파일을 찾을 수 없습니다.
[2016.05.10-12.24.40:754][577]LogLinker:Warning: '/Script/unrealEngineProject' 파일을 찾을 수 없습니다.
[2016.05.10-12.24.40:754][577]LogLinker:Warning: ../../../../../../Users/jjudy/Desktop/Genie/src/unrealEngineProject/Content/Map/Loading.umap 로드중 '/Script/unrealEngineProject' 애셋에 대한 파일을 찾을 수 없습니다.
[2016.05.10-12.24.40:755][577]LogLinker:Warning: '/Script/unrealEngineProject' 파일을 찾을 수 없습니다.
[2016.05.10-12.24.40:755][577]LogLinker:Warning: NULL 로드중 '/Script/unrealEngineProject' 애셋에 대한 파일을 찾을 수 없습니다.
[2016.05.10-12.24.40:755][577]LogLinker:Warning: '/Script/unrealEngineProject' 파일을 찾을 수 없습니다.
[2016.05.10-12.24.40:755][577]LogLinker:Warning: NULL 로드중 '/Script/unrealEngineProject' 애셋에 대한 파일을 찾을 수 없습니다.
[2016.05.10-12.24.40:755][577]LogLinker:Warning: '/Script/unrealEngineProject' 파일을 찾을 수 없습니다.
[2016.05.10-12.24.40:755][577]LogLinker:Warning: NULL 로드중 '/Script/unrealEngineProject' 애셋에 대한 파일을 찾을 수 없습니다.
[2016.05.10-12.24.40:755][577]LogLinker:Warning: '/Script/unrealEngineProject' 파일을 찾을 수 없습니다.
[2016.05.10-12.24.40:755][577]LogLinker:Warning: NULL 로드중 '/Script/unrealEngineProject' 애셋에 대한 파일을 찾을 수 없습니다.
[2016.05.10-12.24.40:756][577]LogLinker:Warning: CreateExport: Failed to load Outer for resource 'Genie': LoadingFile /Game/Map/Loading.Loading:PersistentLevel.LoadingFile_0
[2016.05.10-12.24.40:756][577]LogLinker:Warning: '/Script/unrealEngineProject' 파일을 찾을 수 없습니다.
[2016.05.10-12.24.40:756][577]LogLinker:Warning: NULL 로드중 '/Script/unrealEngineProject' 애셋에 대한 파일을 찾을 수 없습니다.
[2016.05.10-12.24.40:756][577]LogLinker:Warning: '/Script/unrealEngineProject' 파일을 찾을 수 없습니다.
[2016.05.10-12.24.40:756][577]LoadErrors: 정보 로드에 실패했습니다. /Script/unrealEngineProject.LoadingFile 레퍼런싱한 것: PersistentLevel
[2016.05.10-12.24.40:756][577]LogLinker:Warning: NULL 로드중 '/Script/unrealEngineProject' 애셋에 대한 파일을 찾을 수 없습니다.
[2016.05.10-12.24.40:757][577]LogAIModule: Creating AISystem for world Loading
[2016.05.10-12.24.40:759][577]LogEditorServer: Finished looking for orphan Actors (0.000 secs)
[2016.05.10-12.24.40:769][577]LogD3D11RHI: InitD3DDevice
[2016.05.10-12.24.40:871][577]Cmd: MAP CHECKDEP NOCLEARLOG
[2016.05.10-12.24.40:973][577]MapCheck: 정보 맵 체크 완료: 오류 0 회, 경고 0 회, 소요 시간 101.147ms.
[2016.05.10-12.24.40:973][577]LogFileHelpers: Loading map 'Loading' took 0.321
[2016.05.10-12.24.56:461][493]LogD3D11RHI: InitD3DDevice
[2016.05.10-12.24.56:519][493]LogLinker:Warning: '/Script/unrealEngineProject' 파일을 찾을 수 없습니다.
[2016.05.10-12.24.56:519][493]LogLinker:Warning: ../../../../../../Users/jjudy/Desktop/Genie/src/unrealEngineProject/Content/Map/GenieStart.umap 로드중 '/Script/unrealEngineProject' 애셋에 대한 파일을 찾을 수 없습니다.
[2016.05.10-12.24.56:519][493]LoadErrors:Error: 오류 /Game/Map/GenieStart : 애셋에 대한 파일을 찾을 수 없습니다. /Script/unrealEngineProject
[2016.05.10-12.24.56:520][493]LogLinker:Warning: '/Script/unrealEngineProject' 파일을 찾을 수 없습니다.
[2016.05.10-12.24.56:520][493]LogLinker:Warning: ../../../../../../Users/jjudy/Desktop/Genie/src/unrealEngineProject/Content/Map/GenieStart.umap 로드중 '/Script/unrealEngineProject' 애셋에 대한 파일을 찾을 수 없습니다.
[2016.05.10-12.24.56:520][493]LogLinker:Warning: '/Script/unrealEngineProject' 파일을 찾을 수 없습니다.
[2016.05.10-12.24.56:520][493]LogLinker:Warning: ../../../../../../Users/jjudy/Desktop/Genie/src/unrealEngineProject/Content/Map/GenieStart.umap 로드중 '/Script/unrealEngineProject' 애셋에 대한 파일을 찾을 수 없습니다.
[2016.05.10-12.24.56:529][493]LogLinker:Warning: '/Script/unrealEngineProject' 파일을 찾을 수 없습니다.
[2016.05.10-12.24.56:529][493]LogLinker:Warning: ../../../../../../Users/jjudy/Desktop/Genie/src/unrealEngineProject/Content/Map/GenieStart.umap 로드중 '/Script/unrealEngineProject' 애셋에 대한 파일을 찾을 수 없습니다.
[2016.05.10-12.24.56:529][493]LogLinker:Warning: '/Script/unrealEngineProject' 파일을 찾을 수 없습니다.
[2016.05.10-12.24.56:529][493]LogLinker:Warning: ../../../../../../Users/jjudy/Desktop/Genie/src/unrealEngineProject/Content/Map/GenieStart.umap 로드중 '/Script/unrealEngineProject' 애셋에 대한 파일을 찾을 수 없습니다.
[2016.05.10-12.24.56:530][493]LogLinker:Warning: '/Script/unrealEngineProject' 파일을 찾을 수 없습니다.
[2016.05.10-12.24.56:530][493]LogLinker:Warning: ../../../../../../Users/jjudy/Desktop/Genie/src/unrealEngineProject/Content/Map/GenieStart.umap 로드중 '/Script/unrealEngineProject' 애셋에 대한 파일을 찾을 수 없습니다.
[2016.05.10-12.24.56:531][493]LogLinker:Warning: '/Script/unrealEngineProject' 파일을 찾을 수 없습니다.
[2016.05.10-12.24.56:531][493]LogLinker:Warning: NULL 로드중 '/Script/unrealEngineProject' 애셋에 대한 파일을 찾을 수 없습니다.
[2016.05.10-12.24.56:531][493]LogLinker:Warning: '/Script/unrealEngineProject' 파일을 찾을 수 없습니다.
[2016.05.10-12.24.56:531][493]LogLinker:Warning: NULL 로드중 '/Script/unrealEngineProject' 애셋에 대한 파일을 찾을 수 없습니다.
[2016.05.10-12.24.56:531][493]LogLinker:Warning: CreateExport: Failed to load Outer for resource 'OurCamera': GenieCharacter /Game/Map/GenieStart.GenieStart:PersistentLevel.GenieCharacter_0
[2016.05.10-12.24.56:531][493]LogLinker:Warning: '/Script/unrealEngineProject' 파일을 찾을 수 없습니다.
[2016.05.10-12.24.56:531][493]LogLinker:Warning: NULL 로드중 '/Script/unrealEngineProject' 애셋에 대한 파일을 찾을 수 없습니다.
[2016.05.10-12.24.56:531][493]LogLinker:Warning: '/Script/unrealEngineProject' 파일을 찾을 수 없습니다.
[2016.05.10-12.24.56:531][493]LogLinker:Warning: NULL 로드중 '/Script/unrealEngineProject' 애셋에 대한 파일을 찾을 수 없습니다.
[2016.05.10-12.24.56:532][493]LogLinker:Warning: '/Script/unrealEngineProject' 파일을 찾을 수 없습니다.
[2016.05.10-12.24.56:532][493]LogLinker:Warning: NULL 로드중 '/Script/unrealEngineProject' 애셋에 대한 파일을 찾을 수 없습니다.
[2016.05.10-12.24.56:532][493]LogLinker:Warning: '/Script/unrealEngineProject' 파일을 찾을 수 없습니다.
[2016.05.10-12.24.56:532][493]LogLinker:Warning: NULL 로드중 '/Script/unrealEngineProject' 애셋에 대한 파일을 찾을 수 없습니다.
[2016.05.10-12.24.56:532][493]LogLinker:Warning: CreateExport: Failed to load Outer for resource 'RootComponent': GenieCharacter /Game/Map/GenieStart.GenieStart:PersistentLevel.GenieCharacter_0
[2016.05.10-12.24.56:532][493]LogLinker:Warning: '/Script/unrealEngineProject' 파일을 찾을 수 없습니다.
[2016.05.10-12.24.56:532][493]LogLinker:Warning: NULL 로드중 '/Script/unrealEngineProject' 애셋에 대한 파일을 찾을 수 없습니다.
[2016.05.10-12.24.56:532][493]LogLinker:Warning: '/Script/unrealEngineProject' 파일을 찾을 수 없습니다.
[2016.05.10-12.24.56:532][493]LogLinker:Warning: NULL 로드중 '/Script/unrealEngineProject' 애셋에 대한 파일을 찾을 수 없습니다.
[2016.05.10-12.24.56:532][493]LogLinker:Warning: CreateExport: Failed to load Outer for resource 'OurVisibleComponent': GenieCharacter /Game/Map/GenieStart.GenieStart:PersistentLevel.GenieCharacter_0
[2016.05.10-12.24.56:532][493]LogUObjectGlobals:Warning: Guid is in use by ArrowComponent /Game/Map/Loading.Loading:PersistentLevel.LightSource.ArrowComponent0 and ArrowComponent /Game/Map/GenieStart.GenieStart:PersistentLevel.LightSource.ArrowComponent0, which should never happen in the editor but could happen at runtime with duplicate level loading or PIE
[2016.05.10-12.24.56:532][493]LogUObjectGlobals:Warning: Guid is in use by ArrowComponent /Game/Map/Loading.Loading:PersistentLevel.PlayerStart.Arrow and ArrowComponent /Game/Map/GenieStart.GenieStart:PersistentLevel.PlayerStart.Arrow, which should never happen in the editor but could happen at runtime with duplicate level loading or PIE
[2016.05.10-12.24.56:532][493]LogUObjectGlobals:Warning: Guid is in use by BillboardComponent /Game/Map/Loading.Loading:PersistentLevel.PlayerStart.Sprite and BillboardComponent /Game/Map/GenieStart.GenieStart:PersistentLevel.PlayerStart.Sprite, which should never happen in the editor but could happen at runtime with duplicate level loading or PIE
[2016.05.10-12.24.56:532][493]LogUObjectGlobals:Warning: Guid is in use by BillboardComponent /Game/Map/Loading.Loading:PersistentLevel.PlayerStart.Sprite2 and BillboardComponent /Game/Map/GenieStart.GenieStart:PersistentLevel.PlayerStart.Sprite2, which should never happen in the editor but could happen at runtime with duplicate level loading or PIE
[2016.05.10-12.24.56:533][493]LogUObjectGlobals:Warning: Guid is in use by BillboardComponent /Game/Map/Loading.Loading:PersistentLevel.SkyLight_1.Sprite and BillboardComponent /Game/Map/GenieStart.GenieStart:PersistentLevel.SkyLight_1.Sprite, which should never happen in the editor but could happen at runtime with duplicate level loading or PIE
[2016.05.10-12.24.56:533][493]LogUObjectGlobals:Warning: Guid is in use by CapsuleComponent /Game/Map/Loading.Loading:PersistentLevel.PlayerStart.CollisionCapsule and CapsuleComponent /Game/Map/GenieStart.GenieStart:PersistentLevel.PlayerStart.CollisionCapsule, which should never happen in the editor but could happen at runtime with duplicate level loading or PIE
[2016.05.10-12.24.56:533][493]LogUObjectGlobals:Warning: Guid is in use by DirectionalLightComponent /Game/Map/Loading.Loading:PersistentLevel.LightSource.LightComponent0 and DirectionalLightComponent /Game/Map/GenieStart.GenieStart:PersistentLevel.LightSource.LightComponent0, which should never happen in the editor but could happen at runtime with duplicate level loading or PIE
[2016.05.10-12.24.56:533][493]LogLinker:Warning: '/Script/unrealEngineProject' 파일을 찾을 수 없습니다.
[2016.05.10-12.24.56:533][493]LogLinker:Warning: NULL 로드중 '/Script/unrealEngineProject' 애셋에 대한 파일을 찾을 수 없습니다.
[2016.05.10-12.24.56:533][493]LogLinker:Warning: '/Script/unrealEngineProject' 파일을 찾을 수 없습니다.
[2016.05.10-12.24.56:533][493]LoadErrors: 정보 로드에 실패했습니다. /Script/unrealEngineProject.GenieCharacter 레퍼런싱한 것: PersistentLevel
[2016.05.10-12.24.56:533][493]LogLinker:Warning: NULL 로드중 '/Script/unrealEngineProject' 애셋에 대한 파일을 찾을 수 없습니다.
[2016.05.10-12.24.56:647][493]LogUObjectGlobals:Warning: Guid is in use by SkyLightComponent /Game/Map/Loading.Loading:PersistentLevel.SkyLight_1.SkyLightComponent0 and SkyLightComponent /Game/Map/GenieStart.GenieStart:PersistentLevel.SkyLight_1.SkyLightComponent0, which should never happen in the editor but could happen at runtime with duplicate level loading or PIE
[2016.05.10-12.24.56:779][493]LogMaterial: Missing cached shader map for material darksilver, compiling. 
[2016.05.10-12.24.56:965][493]LogMaterial: Missing cached shader map for material black, compiling. 
[2016.05.10-12.24.57:000][493]LogMaterial: Missing cached shader map for material lambert1, compiling. 
[2016.05.10-12.24.57:050][493]LogMaterial: Missing cached shader map for material gold, compiling. 
[2016.05.10-12.24.57:138][493]LogMaterial: Missing cached shader map for material red, compiling. 
[2016.05.10-12.24.57:194][493]LogMaterial: Missing cached shader map for material red2, compiling. 
[2016.05.10-12.24.57:250][493]LogMaterial: Missing cached shader map for material yellow, compiling. 
[2016.05.10-12.24.57:269][493]LogMaterial: Missing cached shader map for material silver, compiling. 
[2016.05.10-12.24.57:287][493]LogAIModule: Creating AISystem for world GenieStart
[2016.05.10-12.24.57:324][493]Cmd: MAP LOAD FILE="../../../../../../Users/jjudy/Desktop/Genie/src/unrealEngineProject/Content/Map/GenieStart.umap" TEMPLATE=0 SHOWPROGRESS=1 FEATURELEVEL=3
[2016.05.10-12.24.57:324][493]LightingResults: New page: 라이팅 빌드
[2016.05.10-12.24.57:342][493]LoadErrors: New page: 맵 로드중: GenieStart.umap
[2016.05.10-12.24.57:343][493]MapCheck: New page: 맵 체크
[2016.05.10-12.24.57:343][493]LightingResults: New page: 라이팅 빌드
[2016.05.10-12.24.57:370][493]LogParticles: Destroying 0 GPU particle simulations for FXSystem 0x0000019F2A44F420
[2016.05.10-12.24.57:441][493]LogLinker:Warning: '/Script/unrealEngineProject' 파일을 찾을 수 없습니다.
[2016.05.10-12.24.57:441][493]LogLinker:Warning: ../../../../../../Users/jjudy/Desktop/Genie/src/unrealEngineProject/Content/Map/GenieStart.umap 로드중 '/Script/unrealEngineProject' 애셋에 대한 파일을 찾을 수 없습니다.
[2016.05.10-12.24.57:442][493]LoadErrors:Error: 오류 /Game/Map/GenieStart : 애셋에 대한 파일을 찾을 수 없습니다. /Script/unrealEngineProject
[2016.05.10-12.24.57:443][493]LogLinker:Warning: '/Script/unrealEngineProject' 파일을 찾을 수 없습니다.
[2016.05.10-12.24.57:443][493]LogLinker:Warning: ../../../../../../Users/jjudy/Desktop/Genie/src/unrealEngineProject/Content/Map/GenieStart.umap 로드중 '/Script/unrealEngineProject' 애셋에 대한 파일을 찾을 수 없습니다.
[2016.05.10-12.24.57:443][493]LogLinker:Warning: '/Script/unrealEngineProject' 파일을 찾을 수 없습니다.
[2016.05.10-12.24.57:443][493]LogLinker:Warning: ../../../../../../Users/jjudy/Desktop/Genie/src/unrealEngineProject/Content/Map/GenieStart.umap 로드중 '/Script/unrealEngineProject' 애셋에 대한 파일을 찾을 수 없습니다.
[2016.05.10-12.24.57:444][493]LogLinker:Warning: '/Script/unrealEngineProject' 파일을 찾을 수 없습니다.
[2016.05.10-12.24.57:444][493]LogLinker:Warning: ../../../../../../Users/jjudy/Desktop/Genie/src/unrealEngineProject/Content/Map/GenieStart.umap 로드중 '/Script/unrealEngineProject' 애셋에 대한 파일을 찾을 수 없습니다.
[2016.05.10-12.24.57:444][493]LogLinker:Warning: '/Script/unrealEngineProject' 파일을 찾을 수 없습니다.
[2016.05.10-12.24.57:444][493]LogLinker:Warning: ../../../../../../Users/jjudy/Desktop/Genie/src/unrealEngineProject/Content/Map/GenieStart.umap 로드중 '/Script/unrealEngineProject' 애셋에 대한 파일을 찾을 수 없습니다.
[2016.05.10-12.24.57:444][493]LogLinker:Warning: '/Script/unrealEngineProject' 파일을 찾을 수 없습니다.
[2016.05.10-12.24.57:444][493]LogLinker:Warning: ../../../../../../Users/jjudy/Desktop/Genie/src/unrealEngineProject/Content/Map/GenieStart.umap 로드중 '/Script/unrealEngineProject' 애셋에 대한 파일을 찾을 수 없습니다.
[2016.05.10-12.24.57:445][493]LogLinker:Warning: '/Script/unrealEngineProject' 파일을 찾을 수 없습니다.
[2016.05.10-12.24.57:445][493]LogLinker:Warning: NULL 로드중 '/Script/unrealEngineProject' 애셋에 대한 파일을 찾을 수 없습니다.
[2016.05.10-12.24.57:445][493]LogLinker:Warning: '/Script/unrealEngineProject' 파일을 찾을 수 없습니다.
[2016.05.10-12.24.57:445][493]LogLinker:Warning: NULL 로드중 '/Script/unrealEngineProject' 애셋에 대한 파일을 찾을 수 없습니다.
[2016.05.10-12.24.57:445][493]LogLinker:Warning: CreateExport: Failed to load Outer for resource 'OurCamera': GenieCharacter /Game/Map/GenieStart.GenieStart:PersistentLevel.GenieCharacter_0
[2016.05.10-12.24.57:445][493]LogLinker:Warning: '/Script/unrealEngineProject' 파일을 찾을 수 없습니다.
[2016.05.10-12.24.57:445][493]LogLinker:Warning: NULL 로드중 '/Script/unrealEngineProject' 애셋에 대한 파일을 찾을 수 없습니다.
[2016.05.10-12.24.57:445][493]LogLinker:Warning: '/Script/unrealEngineProject' 파일을 찾을 수 없습니다.
[2016.05.10-12.24.57:445][493]LogLinker:Warning: NULL 로드중 '/Script/unrealEngineProject' 애셋에 대한 파일을 찾을 수 없습니다.
[2016.05.10-12.24.57:446][493]LogLinker:Warning: '/Script/unrealEngineProject' 파일을 찾을 수 없습니다.
[2016.05.10-12.24.57:446][493]LogLinker:Warning: NULL 로드중 '/Script/unrealEngineProject' 애셋에 대한 파일을 찾을 수 없습니다.
[2016.05.10-12.24.57:446][493]LogLinker:Warning: '/Script/unrealEngineProject' 파일을 찾을 수 없습니다.
[2016.05.10-12.24.57:446][493]LogLinker:Warning: NULL 로드중 '/Script/unrealEngineProject' 애셋에 대한 파일을 찾을 수 없습니다.
[2016.05.10-12.24.57:446][493]LogLinker:Warning: CreateExport: Failed to load Outer for resource 'RootComponent': GenieCharacter /Game/Map/GenieStart.GenieStart:PersistentLevel.GenieCharacter_0
[2016.05.10-12.24.57:446][493]LogLinker:Warning: '/Script/unrealEngineProject' 파일을 찾을 수 없습니다.
[2016.05.10-12.24.57:446][493]LogLinker:Warning: NULL 로드중 '/Script/unrealEngineProject' 애셋에 대한 파일을 찾을 수 없습니다.
[2016.05.10-12.24.57:446][493]LogLinker:Warning: '/Script/unrealEngineProject' 파일을 찾을 수 없습니다.
[2016.05.10-12.24.57:446][493]LogLinker:Warning: NULL 로드중 '/Script/unrealEngineProject' 애셋에 대한 파일을 찾을 수 없습니다.
[2016.05.10-12.24.57:446][493]LogLinker:Warning: CreateExport: Failed to load Outer for resource 'OurVisibleComponent': GenieCharacter /Game/Map/GenieStart.GenieStart:PersistentLevel.GenieCharacter_0
[2016.05.10-12.24.57:447][493]LogLinker:Warning: '/Script/unrealEngineProject' 파일을 찾을 수 없습니다.
[2016.05.10-12.24.57:447][493]LogLinker:Warning: NULL 로드중 '/Script/unrealEngineProject' 애셋에 대한 파일을 찾을 수 없습니다.
[2016.05.10-12.24.57:447][493]LogLinker:Warning: '/Script/unrealEngineProject' 파일을 찾을 수 없습니다.
[2016.05.10-12.24.57:447][493]LoadErrors: 정보 로드에 실패했습니다. /Script/unrealEngineProject.GenieCharacter 레퍼런싱한 것: PersistentLevel
[2016.05.10-12.24.57:447][493]LogLinker:Warning: NULL 로드중 '/Script/unrealEngineProject' 애셋에 대한 파일을 찾을 수 없습니다.
[2016.05.10-12.24.57:448][493]LogAIModule: Creating AISystem for world GenieStart
[2016.05.10-12.24.57:451][493]LogEditorServer: Finished looking for orphan Actors (0.000 secs)
[2016.05.10-12.24.57:462][493]LogD3D11RHI: InitD3DDevice
[2016.05.10-12.24.57:551][493]Cmd: MAP CHECKDEP NOCLEARLOG
[2016.05.10-12.24.57:662][493]MapCheck: 정보 맵 체크 완료: 오류 0 회, 경고 0 회, 소요 시간 110.757ms.
[2016.05.10-12.24.57:662][493]LogFileHelpers: Loading map 'GenieStart' took 0.340
[2016.05.10-12.24.58:687][546]LogD3D11RHI: InitD3DDevice
[2016.05.10-12.28.17:645][581]LogD3D11RHI: InitD3DDevice
[2016.05.10-12.28.17:695][581]LogLinker:Warning: '/Script/unrealEngineProject' 파일을 찾을 수 없습니다.
[2016.05.10-12.28.17:695][581]LogLinker:Warning: ../../../../../../Users/jjudy/Desktop/Genie/src/unrealEngineProject/Content/Map/Loading.umap 로드중 '/Script/unrealEngineProject' 애셋에 대한 파일을 찾을 수 없습니다.
[2016.05.10-12.28.17:695][581]LoadErrors:Error: 오류 /Game/Map/Loading : 애셋에 대한 파일을 찾을 수 없습니다. /Script/unrealEngineProject
[2016.05.10-12.28.17:695][581]LogLinker:Warning: '/Script/unrealEngineProject' 파일을 찾을 수 없습니다.
[2016.05.10-12.28.17:695][581]LogLinker:Warning: ../../../../../../Users/jjudy/Desktop/Genie/src/unrealEngineProject/Content/Map/Loading.umap 로드중 '/Script/unrealEngineProject' 애셋에 대한 파일을 찾을 수 없습니다.
[2016.05.10-12.28.17:696][581]LogLinker:Warning: '/Script/unrealEngineProject' 파일을 찾을 수 없습니다.
[2016.05.10-12.28.17:696][581]LogLinker:Warning: ../../../../../../Users/jjudy/Desktop/Genie/src/unrealEngineProject/Content/Map/Loading.umap 로드중 '/Script/unrealEngineProject' 애셋에 대한 파일을 찾을 수 없습니다.
[2016.05.10-12.28.17:696][581]LogLinker:Warning: '/Script/unrealEngineProject' 파일을 찾을 수 없습니다.
[2016.05.10-12.28.17:696][581]LogLinker:Warning: ../../../../../../Users/jjudy/Desktop/Genie/src/unrealEngineProject/Content/Map/Loading.umap 로드중 '/Script/unrealEngineProject' 애셋에 대한 파일을 찾을 수 없습니다.
[2016.05.10-12.28.17:697][581]LogLinker:Warning: '/Script/unrealEngineProject' 파일을 찾을 수 없습니다.
[2016.05.10-12.28.17:697][581]LogLinker:Warning: NULL 로드중 '/Script/unrealEngineProject' 애셋에 대한 파일을 찾을 수 없습니다.
[2016.05.10-12.28.17:697][581]LogLinker:Warning: '/Script/unrealEngineProject' 파일을 찾을 수 없습니다.
[2016.05.10-12.28.17:697][581]LogLinker:Warning: NULL 로드중 '/Script/unrealEngineProject' 애셋에 대한 파일을 찾을 수 없습니다.
[2016.05.10-12.28.17:697][581]LogLinker:Warning: '/Script/unrealEngineProject' 파일을 찾을 수 없습니다.
[2016.05.10-12.28.17:697][581]LogLinker:Warning: NULL 로드중 '/Script/unrealEngineProject' 애셋에 대한 파일을 찾을 수 없습니다.
[2016.05.10-12.28.17:697][581]LogLinker:Warning: '/Script/unrealEngineProject' 파일을 찾을 수 없습니다.
[2016.05.10-12.28.17:697][581]LogLinker:Warning: NULL 로드중 '/Script/unrealEngineProject' 애셋에 대한 파일을 찾을 수 없습니다.
[2016.05.10-12.28.17:697][581]LogLinker:Warning: CreateExport: Failed to load Outer for resource 'Genie': LoadingFile /Game/Map/Loading.Loading:PersistentLevel.LoadingFile_0
[2016.05.10-12.28.17:698][581]LogUObjectGlobals:Warning: Guid is in use by ArrowComponent /Game/Map/GenieStart.GenieStart:PersistentLevel.LightSource.ArrowComponent0 and ArrowComponent /Game/Map/Loading.Loading:PersistentLevel.LightSource.ArrowComponent0, which should never happen in the editor but could happen at runtime with duplicate level loading or PIE
[2016.05.10-12.28.17:698][581]LogUObjectGlobals:Warning: Guid is in use by ArrowComponent /Game/Map/GenieStart.GenieStart:PersistentLevel.PlayerStart.Arrow and ArrowComponent /Game/Map/Loading.Loading:PersistentLevel.PlayerStart.Arrow, which should never happen in the editor but could happen at runtime with duplicate level loading or PIE
[2016.05.10-12.28.17:698][581]LogUObjectGlobals:Warning: Guid is in use by BillboardComponent /Game/Map/GenieStart.GenieStart:PersistentLevel.PlayerStart.Sprite and BillboardComponent /Game/Map/Loading.Loading:PersistentLevel.PlayerStart.Sprite, which should never happen in the editor but could happen at runtime with duplicate level loading or PIE
[2016.05.10-12.28.17:698][581]LogUObjectGlobals:Warning: Guid is in use by BillboardComponent /Game/Map/GenieStart.GenieStart:PersistentLevel.PlayerStart.Sprite2 and BillboardComponent /Game/Map/Loading.Loading:PersistentLevel.PlayerStart.Sprite2, which should never happen in the editor but could happen at runtime with duplicate level loading or PIE
[2016.05.10-12.28.17:698][581]LogUObjectGlobals:Warning: Guid is in use by BillboardComponent /Game/Map/GenieStart.GenieStart:PersistentLevel.SkyLight_1.Sprite and BillboardComponent /Game/Map/Loading.Loading:PersistentLevel.SkyLight_1.Sprite, which should never happen in the editor but could happen at runtime with duplicate level loading or PIE
[2016.05.10-12.28.17:698][581]LogUObjectGlobals:Warning: Guid is in use by CapsuleComponent /Game/Map/GenieStart.GenieStart:PersistentLevel.PlayerStart.CollisionCapsule and CapsuleComponent /Game/Map/Loading.Loading:PersistentLevel.PlayerStart.CollisionCapsule, which should never happen in the editor but could happen at runtime with duplicate level loading or PIE
[2016.05.10-12.28.17:698][581]LogUObjectGlobals:Warning: Guid is in use by DirectionalLightComponent /Game/Map/GenieStart.GenieStart:PersistentLevel.LightSource.LightComponent0 and DirectionalLightComponent /Game/Map/Loading.Loading:PersistentLevel.LightSource.LightComponent0, which should never happen in the editor but could happen at runtime with duplicate level loading or PIE
[2016.05.10-12.28.17:698][581]LogLinker:Warning: '/Script/unrealEngineProject' 파일을 찾을 수 없습니다.
[2016.05.10-12.28.17:698][581]LogLinker:Warning: NULL 로드중 '/Script/unrealEngineProject' 애셋에 대한 파일을 찾을 수 없습니다.
[2016.05.10-12.28.17:698][581]LogLinker:Warning: '/Script/unrealEngineProject' 파일을 찾을 수 없습니다.
[2016.05.10-12.28.17:698][581]LoadErrors: 정보 로드에 실패했습니다. /Script/unrealEngineProject.LoadingFile 레퍼런싱한 것: PersistentLevel
[2016.05.10-12.28.17:698][581]LogLinker:Warning: NULL 로드중 '/Script/unrealEngineProject' 애셋에 대한 파일을 찾을 수 없습니다.
[2016.05.10-12.28.17:698][581]LogUObjectGlobals:Warning: Guid is in use by SkyLightComponent /Game/Map/GenieStart.GenieStart:PersistentLevel.SkyLight_1.SkyLightComponent0 and SkyLightComponent /Game/Map/Loading.Loading:PersistentLevel.SkyLight_1.SkyLightComponent0, which should never happen in the editor but could happen at runtime with duplicate level loading or PIE
[2016.05.10-12.28.17:699][581]LogAIModule: Creating AISystem for world Loading
[2016.05.10-12.28.17:734][581]Cmd: MAP LOAD FILE="../../../../../../Users/jjudy/Desktop/Genie/src/unrealEngineProject/Content/Map/Loading.umap" TEMPLATE=0 SHOWPROGRESS=1 FEATURELEVEL=3
[2016.05.10-12.28.17:734][581]LightingResults: New page: 라이팅 빌드
[2016.05.10-12.28.17:752][581]LoadErrors: New page: 맵 로드중: Loading.umap
[2016.05.10-12.28.17:753][581]MapCheck: New page: 맵 체크
[2016.05.10-12.28.17:753][581]LightingResults: New page: 라이팅 빌드
[2016.05.10-12.28.17:769][581]LogParticles: Destroying 0 GPU particle simulations for FXSystem 0x0000019F23A4C4A0
[2016.05.10-12.28.17:834][581]LogLinker:Warning: '/Script/unrealEngineProject' 파일을 찾을 수 없습니다.
[2016.05.10-12.28.17:834][581]LogLinker:Warning: ../../../../../../Users/jjudy/Desktop/Genie/src/unrealEngineProject/Content/Map/Loading.umap 로드중 '/Script/unrealEngineProject' 애셋에 대한 파일을 찾을 수 없습니다.
[2016.05.10-12.28.17:835][581]LoadErrors:Error: 오류 /Game/Map/Loading : 애셋에 대한 파일을 찾을 수 없습니다. /Script/unrealEngineProject
[2016.05.10-12.28.17:835][581]LogLinker:Warning: '/Script/unrealEngineProject' 파일을 찾을 수 없습니다.
[2016.05.10-12.28.17:835][581]LogLinker:Warning: ../../../../../../Users/jjudy/Desktop/Genie/src/unrealEngineProject/Content/Map/Loading.umap 로드중 '/Script/unrealEngineProject' 애셋에 대한 파일을 찾을 수 없습니다.
[2016.05.10-12.28.17:835][581]LogLinker:Warning: '/Script/unrealEngineProject' 파일을 찾을 수 없습니다.
[2016.05.10-12.28.17:835][581]LogLinker:Warning: ../../../../../../Users/jjudy/Desktop/Genie/src/unrealEngineProject/Content/Map/Loading.umap 로드중 '/Script/unrealEngineProject' 애셋에 대한 파일을 찾을 수 없습니다.
[2016.05.10-12.28.17:835][581]LogLinker:Warning: '/Script/unrealEngineProject' 파일을 찾을 수 없습니다.
[2016.05.10-12.28.17:835][581]LogLinker:Warning: ../../../../../../Users/jjudy/Desktop/Genie/src/unrealEngineProject/Content/Map/Loading.umap 로드중 '/Script/unrealEngineProject' 애셋에 대한 파일을 찾을 수 없습니다.
[2016.05.10-12.28.17:836][581]LogLinker:Warning: '/Script/unrealEngineProject' 파일을 찾을 수 없습니다.
[2016.05.10-12.28.17:837][581]LogLinker:Warning: NULL 로드중 '/Script/unrealEngineProject' 애셋에 대한 파일을 찾을 수 없습니다.
[2016.05.10-12.28.17:837][581]LogLinker:Warning: '/Script/unrealEngineProject' 파일을 찾을 수 없습니다.
[2016.05.10-12.28.17:837][581]LogLinker:Warning: NULL 로드중 '/Script/unrealEngineProject' 애셋에 대한 파일을 찾을 수 없습니다.
[2016.05.10-12.28.17:837][581]LogLinker:Warning: '/Script/unrealEngineProject' 파일을 찾을 수 없습니다.
[2016.05.10-12.28.17:837][581]LogLinker:Warning: NULL 로드중 '/Script/unrealEngineProject' 애셋에 대한 파일을 찾을 수 없습니다.
[2016.05.10-12.28.17:837][581]LogLinker:Warning: '/Script/unrealEngineProject' 파일을 찾을 수 없습니다.
[2016.05.10-12.28.17:837][581]LogLinker:Warning: NULL 로드중 '/Script/unrealEngineProject' 애셋에 대한 파일을 찾을 수 없습니다.
[2016.05.10-12.28.17:837][581]LogLinker:Warning: CreateExport: Failed to load Outer for resource 'Genie': LoadingFile /Game/Map/Loading.Loading:PersistentLevel.LoadingFile_0
[2016.05.10-12.28.17:837][581]LogLinker:Warning: '/Script/unrealEngineProject' 파일을 찾을 수 없습니다.
[2016.05.10-12.28.17:837][581]LogLinker:Warning: NULL 로드중 '/Script/unrealEngineProject' 애셋에 대한 파일을 찾을 수 없습니다.
[2016.05.10-12.28.17:837][581]LogLinker:Warning: '/Script/unrealEngineProject' 파일을 찾을 수 없습니다.
[2016.05.10-12.28.17:837][581]LoadErrors: 정보 로드에 실패했습니다. /Script/unrealEngineProject.LoadingFile 레퍼런싱한 것: PersistentLevel
[2016.05.10-12.28.17:838][581]LogLinker:Warning: NULL 로드중 '/Script/unrealEngineProject' 애셋에 대한 파일을 찾을 수 없습니다.
[2016.05.10-12.28.17:839][581]LogAIModule: Creating AISystem for world Loading
[2016.05.10-12.28.17:841][581]LogEditorServer: Finished looking for orphan Actors (0.000 secs)
[2016.05.10-12.28.17:851][581]LogD3D11RHI: InitD3DDevice
[2016.05.10-12.28.18:034][581]Cmd: MAP CHECKDEP NOCLEARLOG
[2016.05.10-12.28.18:151][581]MapCheck: 정보 맵 체크 완료: 오류 0 회, 경고 0 회, 소요 시간 116.818ms.
[2016.05.10-12.28.18:151][581]LogFileHelpers: Loading map 'Loading' took 0.419
[2016.05.10-12.28.28:720][202]LogD3D11RHI: InitD3DDevice
[2016.05.10-12.28.29:581][258]LogD3D11RHI: InitD3DDevice
[2016.05.10-12.28.30:755][340]LogD3D11RHI: InitD3DDevice
[2016.05.10-12.28.30:802][340]Running C:/Program Files (x86)/Epic Games/4.8/Engine/Binaries/DotNET/UnrealBuildTool.exe  -projectfiles -project="C:/Users/jjudy/Desktop/Genie/src/unrealEngineProject/unrealEngineProject.uproject" -game -rocket -progress
[2016.05.10-12.28.32:114][340]Discovering modules, targets and source code for game...
[2016.05.10-12.29.11:150][314]LogD3D11RHI: InitD3DDevice
[2016.05.10-12.29.37:577][182]LogD3D11RHI: InitD3DDevice
[2016.05.10-12.29.37:639][182]Cmd: MAP LOAD FILE="../../../../../../Users/jjudy/Desktop/Genie/src/unrealEngineProject/Content/Map/Loading.umap" TEMPLATE=0 SHOWPROGRESS=1 FEATURELEVEL=3
[2016.05.10-12.29.37:639][182]LightingResults: New page: 라이팅 빌드
[2016.05.10-12.29.37:661][182]LoadErrors: New page: 맵 로드중: Loading.umap
[2016.05.10-12.29.37:661][182]MapCheck: New page: 맵 체크
[2016.05.10-12.29.37:661][182]LightingResults: New page: 라이팅 빌드
[2016.05.10-12.29.37:679][182]LogParticles: Destroying 0 GPU particle simulations for FXSystem 0x0000019F42EF5760
[2016.05.10-12.29.37:692][182]LogLinker:Warning: '/Script/unrealEngineProject' 파일을 찾을 수 없습니다.
[2016.05.10-12.29.37:692][182]LogLinker:Warning: ../../../../../../Users/jjudy/Desktop/Genie/src/unrealEngineProject/Content/Map/Loading.umap 로드중 '/Script/unrealEngineProject' 애셋에 대한 파일을 찾을 수 없습니다.
[2016.05.10-12.29.37:692][182]LoadErrors:Error: 오류 /Game/Map/Loading : 애셋에 대한 파일을 찾을 수 없습니다. /Script/unrealEngineProject
[2016.05.10-12.29.37:692][182]LogLinker:Warning: '/Script/unrealEngineProject' 파일을 찾을 수 없습니다.
[2016.05.10-12.29.37:692][182]LogLinker:Warning: ../../../../../../Users/jjudy/Desktop/Genie/src/unrealEngineProject/Content/Map/Loading.umap 로드중 '/Script/unrealEngineProject' 애셋에 대한 파일을 찾을 수 없습니다.
[2016.05.10-12.29.37:693][182]LogLinker:Warning: '/Script/unrealEngineProject' 파일을 찾을 수 없습니다.
[2016.05.10-12.29.37:693][182]LogLinker:Warning: ../../../../../../Users/jjudy/Desktop/Genie/src/unrealEngineProject/Content/Map/Loading.umap 로드중 '/Script/unrealEngineProject' 애셋에 대한 파일을 찾을 수 없습니다.
[2016.05.10-12.29.37:694][182]LogLinker:Warning: '/Script/unrealEngineProject' 파일을 찾을 수 없습니다.
[2016.05.10-12.29.37:694][182]LogLinker:Warning: ../../../../../../Users/jjudy/Desktop/Genie/src/unrealEngineProject/Content/Map/Loading.umap 로드중 '/Script/unrealEngineProject' 애셋에 대한 파일을 찾을 수 없습니다.
[2016.05.10-12.29.37:695][182]LogLinker:Warning: '/Script/unrealEngineProject' 파일을 찾을 수 없습니다.
[2016.05.10-12.29.37:696][182]LogLinker:Warning: NULL 로드중 '/Script/unrealEngineProject' 애셋에 대한 파일을 찾을 수 없습니다.
[2016.05.10-12.29.37:696][182]LogLinker:Warning: '/Script/unrealEngineProject' 파일을 찾을 수 없습니다.
[2016.05.10-12.29.37:696][182]LogLinker:Warning: NULL 로드중 '/Script/unrealEngineProject' 애셋에 대한 파일을 찾을 수 없습니다.
[2016.05.10-12.29.37:696][182]LogLinker:Warning: '/Script/unrealEngineProject' 파일을 찾을 수 없습니다.
[2016.05.10-12.29.37:696][182]LogLinker:Warning: NULL 로드중 '/Script/unrealEngineProject' 애셋에 대한 파일을 찾을 수 없습니다.
[2016.05.10-12.29.37:697][182]LogLinker:Warning: '/Script/unrealEngineProject' 파일을 찾을 수 없습니다.
[2016.05.10-12.29.37:697][182]LogLinker:Warning: NULL 로드중 '/Script/unrealEngineProject' 애셋에 대한 파일을 찾을 수 없습니다.
[2016.05.10-12.29.37:697][182]LogLinker:Warning: CreateExport: Failed to load Outer for resource 'Genie': LoadingFile /Game/Map/Loading.Loading:PersistentLevel.LoadingFile_0
[2016.05.10-12.29.37:697][182]LogLinker:Warning: '/Script/unrealEngineProject' 파일을 찾을 수 없습니다.
[2016.05.10-12.29.37:697][182]LogLinker:Warning: NULL 로드중 '/Script/unrealEngineProject' 애셋에 대한 파일을 찾을 수 없습니다.
[2016.05.10-12.29.37:697][182]LogLinker:Warning: '/Script/unrealEngineProject' 파일을 찾을 수 없습니다.
[2016.05.10-12.29.37:697][182]LoadErrors: 정보 로드에 실패했습니다. /Script/unrealEngineProject.LoadingFile 레퍼런싱한 것: PersistentLevel
[2016.05.10-12.29.37:697][182]LogLinker:Warning: NULL 로드중 '/Script/unrealEngineProject' 애셋에 대한 파일을 찾을 수 없습니다.
[2016.05.10-12.29.37:699][182]LogAIModule: Creating AISystem for world Loading
[2016.05.10-12.29.37:701][182]LogEditorServer: Finished looking for orphan Actors (0.000 secs)
[2016.05.10-12.29.37:712][182]LogD3D11RHI: InitD3DDevice
[2016.05.10-12.29.37:777][182]Cmd: MAP CHECKDEP NOCLEARLOG
[2016.05.10-12.29.37:917][182]MapCheck: 정보 맵 체크 완료: 오류 0 회, 경고 0 회, 소요 시간 140.045ms.
[2016.05.10-12.29.37:921][182]LogFileHelpers: Loading map 'Loading' took 0.284
[2016.05.10-12.30.39:927][962]LogD3D11RHI: InitD3DDevice
[2016.05.10-12.30.39:986][962]LogLinker:Warning: '/Script/unrealEngineProject' 파일을 찾을 수 없습니다.
[2016.05.10-12.30.39:986][962]LogLinker:Warning: ../../../../../../Users/jjudy/Desktop/Genie/src/unrealEngineProject/Content/Map/GenieStart.umap 로드중 '/Script/unrealEngineProject' 애셋에 대한 파일을 찾을 수 없습니다.
[2016.05.10-12.30.39:986][962]LoadErrors:Error: 오류 /Game/Map/GenieStart : 애셋에 대한 파일을 찾을 수 없습니다. /Script/unrealEngineProject
[2016.05.10-12.30.39:988][962]LogLinker:Warning: '/Script/unrealEngineProject' 파일을 찾을 수 없습니다.
[2016.05.10-12.30.39:988][962]LogLinker:Warning: ../../../../../../Users/jjudy/Desktop/Genie/src/unrealEngineProject/Content/Map/GenieStart.umap 로드중 '/Script/unrealEngineProject' 애셋에 대한 파일을 찾을 수 없습니다.
[2016.05.10-12.30.39:988][962]LogLinker:Warning: '/Script/unrealEngineProject' 파일을 찾을 수 없습니다.
[2016.05.10-12.30.39:988][962]LogLinker:Warning: ../../../../../../Users/jjudy/Desktop/Genie/src/unrealEngineProject/Content/Map/GenieStart.umap 로드중 '/Script/unrealEngineProject' 애셋에 대한 파일을 찾을 수 없습니다.
[2016.05.10-12.30.39:989][962]LogLinker:Warning: '/Script/unrealEngineProject' 파일을 찾을 수 없습니다.
[2016.05.10-12.30.39:989][962]LogLinker:Warning: ../../../../../../Users/jjudy/Desktop/Genie/src/unrealEngineProject/Content/Map/GenieStart.umap 로드중 '/Script/unrealEngineProject' 애셋에 대한 파일을 찾을 수 없습니다.
[2016.05.10-12.30.39:990][962]LogLinker:Warning: '/Script/unrealEngineProject' 파일을 찾을 수 없습니다.
[2016.05.10-12.30.39:990][962]LogLinker:Warning: ../../../../../../Users/jjudy/Desktop/Genie/src/unrealEngineProject/Content/Map/GenieStart.umap 로드중 '/Script/unrealEngineProject' 애셋에 대한 파일을 찾을 수 없습니다.
[2016.05.10-12.30.39:990][962]LogLinker:Warning: '/Script/unrealEngineProject' 파일을 찾을 수 없습니다.
[2016.05.10-12.30.39:990][962]LogLinker:Warning: ../../../../../../Users/jjudy/Desktop/Genie/src/unrealEngineProject/Content/Map/GenieStart.umap 로드중 '/Script/unrealEngineProject' 애셋에 대한 파일을 찾을 수 없습니다.
[2016.05.10-12.30.39:993][962]LogLinker:Warning: '/Script/unrealEngineProject' 파일을 찾을 수 없습니다.
[2016.05.10-12.30.39:993][962]LogLinker:Warning: NULL 로드중 '/Script/unrealEngineProject' 애셋에 대한 파일을 찾을 수 없습니다.
[2016.05.10-12.30.39:993][962]LogLinker:Warning: '/Script/unrealEngineProject' 파일을 찾을 수 없습니다.
[2016.05.10-12.30.39:993][962]LogLinker:Warning: NULL 로드중 '/Script/unrealEngineProject' 애셋에 대한 파일을 찾을 수 없습니다.
[2016.05.10-12.30.39:993][962]LogLinker:Warning: CreateExport: Failed to load Outer for resource 'OurCamera': GenieCharacter /Game/Map/GenieStart.GenieStart:PersistentLevel.GenieCharacter_0
[2016.05.10-12.30.39:993][962]LogLinker:Warning: '/Script/unrealEngineProject' 파일을 찾을 수 없습니다.
[2016.05.10-12.30.39:993][962]LogLinker:Warning: NULL 로드중 '/Script/unrealEngineProject' 애셋에 대한 파일을 찾을 수 없습니다.
[2016.05.10-12.30.39:994][962]LogLinker:Warning: '/Script/unrealEngineProject' 파일을 찾을 수 없습니다.
[2016.05.10-12.30.39:994][962]LogLinker:Warning: NULL 로드중 '/Script/unrealEngineProject' 애셋에 대한 파일을 찾을 수 없습니다.
[2016.05.10-12.30.39:994][962]LogLinker:Warning: '/Script/unrealEngineProject' 파일을 찾을 수 없습니다.
[2016.05.10-12.30.39:994][962]LogLinker:Warning: NULL 로드중 '/Script/unrealEngineProject' 애셋에 대한 파일을 찾을 수 없습니다.
[2016.05.10-12.30.39:994][962]LogLinker:Warning: '/Script/unrealEngineProject' 파일을 찾을 수 없습니다.
[2016.05.10-12.30.39:994][962]LogLinker:Warning: NULL 로드중 '/Script/unrealEngineProject' 애셋에 대한 파일을 찾을 수 없습니다.
[2016.05.10-12.30.39:994][962]LogLinker:Warning: CreateExport: Failed to load Outer for resource 'RootComponent': GenieCharacter /Game/Map/GenieStart.GenieStart:PersistentLevel.GenieCharacter_0
[2016.05.10-12.30.39:994][962]LogLinker:Warning: '/Script/unrealEngineProject' 파일을 찾을 수 없습니다.
[2016.05.10-12.30.39:995][962]LogLinker:Warning: NULL 로드중 '/Script/unrealEngineProject' 애셋에 대한 파일을 찾을 수 없습니다.
[2016.05.10-12.30.39:995][962]LogLinker:Warning: '/Script/unrealEngineProject' 파일을 찾을 수 없습니다.
[2016.05.10-12.30.39:995][962]LogLinker:Warning: NULL 로드중 '/Script/unrealEngineProject' 애셋에 대한 파일을 찾을 수 없습니다.
[2016.05.10-12.30.39:995][962]LogLinker:Warning: CreateExport: Failed to load Outer for resource 'OurVisibleComponent': GenieCharacter /Game/Map/GenieStart.GenieStart:PersistentLevel.GenieCharacter_0
[2016.05.10-12.30.39:995][962]LogUObjectGlobals:Warning: Guid is in use by ArrowComponent /Game/Map/Loading.Loading:PersistentLevel.LightSource.ArrowComponent0 and ArrowComponent /Game/Map/GenieStart.GenieStart:PersistentLevel.LightSource.ArrowComponent0, which should never happen in the editor but could happen at runtime with duplicate level loading or PIE
[2016.05.10-12.30.39:995][962]LogUObjectGlobals:Warning: Guid is in use by ArrowComponent /Game/Map/Loading.Loading:PersistentLevel.PlayerStart.Arrow and ArrowComponent /Game/Map/GenieStart.GenieStart:PersistentLevel.PlayerStart.Arrow, which should never happen in the editor but could happen at runtime with duplicate level loading or PIE
[2016.05.10-12.30.39:995][962]LogUObjectGlobals:Warning: Guid is in use by BillboardComponent /Game/Map/Loading.Loading:PersistentLevel.PlayerStart.Sprite and BillboardComponent /Game/Map/GenieStart.GenieStart:PersistentLevel.PlayerStart.Sprite, which should never happen in the editor but could happen at runtime with duplicate level loading or PIE
[2016.05.10-12.30.39:995][962]LogUObjectGlobals:Warning: Guid is in use by BillboardComponent /Game/Map/Loading.Loading:PersistentLevel.PlayerStart.Sprite2 and BillboardComponent /Game/Map/GenieStart.GenieStart:PersistentLevel.PlayerStart.Sprite2, which should never happen in the editor but could happen at runtime with duplicate level loading or PIE
[2016.05.10-12.30.39:995][962]LogUObjectGlobals:Warning: Guid is in use by BillboardComponent /Game/Map/Loading.Loading:PersistentLevel.SkyLight_1.Sprite and BillboardComponent /Game/Map/GenieStart.GenieStart:PersistentLevel.SkyLight_1.Sprite, which should never happen in the editor but could happen at runtime with duplicate level loading or PIE
[2016.05.10-12.30.39:995][962]LogUObjectGlobals:Warning: Guid is in use by CapsuleComponent /Game/Map/Loading.Loading:PersistentLevel.PlayerStart.CollisionCapsule and CapsuleComponent /Game/Map/GenieStart.GenieStart:PersistentLevel.PlayerStart.CollisionCapsule, which should never happen in the editor but could happen at runtime with duplicate level loading or PIE
[2016.05.10-12.30.39:995][962]LogUObjectGlobals:Warning: Guid is in use by DirectionalLightComponent /Game/Map/Loading.Loading:PersistentLevel.LightSource.LightComponent0 and DirectionalLightComponent /Game/Map/GenieStart.GenieStart:PersistentLevel.LightSource.LightComponent0, which should never happen in the editor but could happen at runtime with duplicate level loading or PIE
[2016.05.10-12.30.39:996][962]LogLinker:Warning: '/Script/unrealEngineProject' 파일을 찾을 수 없습니다.
[2016.05.10-12.30.39:996][962]LogLinker:Warning: NULL 로드중 '/Script/unrealEngineProject' 애셋에 대한 파일을 찾을 수 없습니다.
[2016.05.10-12.30.39:996][962]LogLinker:Warning: '/Script/unrealEngineProject' 파일을 찾을 수 없습니다.
[2016.05.10-12.30.39:996][962]LoadErrors: 정보 로드에 실패했습니다. /Script/unrealEngineProject.GenieCharacter 레퍼런싱한 것: PersistentLevel
[2016.05.10-12.30.39:996][962]LogLinker:Warning: NULL 로드중 '/Script/unrealEngineProject' 애셋에 대한 파일을 찾을 수 없습니다.
[2016.05.10-12.30.39:996][962]LogUObjectGlobals:Warning: Guid is in use by SkyLightComponent /Game/Map/Loading.Loading:PersistentLevel.SkyLight_1.SkyLightComponent0 and SkyLightComponent /Game/Map/GenieStart.GenieStart:PersistentLevel.SkyLight_1.SkyLightComponent0, which should never happen in the editor but could happen at runtime with duplicate level loading or PIE
[2016.05.10-12.30.39:997][962]LogAIModule: Creating AISystem for world GenieStart
[2016.05.10-12.30.40:054][962]Cmd: MAP LOAD FILE="../../../../../../Users/jjudy/Desktop/Genie/src/unrealEngineProject/Content/Map/GenieStart.umap" TEMPLATE=0 SHOWPROGRESS=1 FEATURELEVEL=3
[2016.05.10-12.30.40:054][962]LightingResults: New page: 라이팅 빌드
[2016.05.10-12.30.40:087][962]LoadErrors: New page: 맵 로드중: GenieStart.umap
[2016.05.10-12.30.40:088][962]MapCheck: New page: 맵 체크
[2016.05.10-12.30.40:088][962]LightingResults: New page: 라이팅 빌드
[2016.05.10-12.30.40:132][962]LogParticles: Destroying 0 GPU particle simulations for FXSystem 0x0000019F42EF6480
[2016.05.10-12.30.40:221][962]LogLinker:Warning: '/Script/unrealEngineProject' 파일을 찾을 수 없습니다.
[2016.05.10-12.30.40:221][962]LogLinker:Warning: ../../../../../../Users/jjudy/Desktop/Genie/src/unrealEngineProject/Content/Map/GenieStart.umap 로드중 '/Script/unrealEngineProject' 애셋에 대한 파일을 찾을 수 없습니다.
[2016.05.10-12.30.40:221][962]LoadErrors:Error: 오류 /Game/Map/GenieStart : 애셋에 대한 파일을 찾을 수 없습니다. /Script/unrealEngineProject
[2016.05.10-12.30.40:223][962]LogLinker:Warning: '/Script/unrealEngineProject' 파일을 찾을 수 없습니다.
[2016.05.10-12.30.40:223][962]LogLinker:Warning: ../../../../../../Users/jjudy/Desktop/Genie/src/unrealEngineProject/Content/Map/GenieStart.umap 로드중 '/Script/unrealEngineProject' 애셋에 대한 파일을 찾을 수 없습니다.
[2016.05.10-12.30.40:224][962]LogLinker:Warning: '/Script/unrealEngineProject' 파일을 찾을 수 없습니다.
[2016.05.10-12.30.40:224][962]LogLinker:Warning: ../../../../../../Users/jjudy/Desktop/Genie/src/unrealEngineProject/Content/Map/GenieStart.umap 로드중 '/Script/unrealEngineProject' 애셋에 대한 파일을 찾을 수 없습니다.
[2016.05.10-12.30.40:225][962]LogLinker:Warning: '/Script/unrealEngineProject' 파일을 찾을 수 없습니다.
[2016.05.10-12.30.40:225][962]LogLinker:Warning: ../../../../../../Users/jjudy/Desktop/Genie/src/unrealEngineProject/Content/Map/GenieStart.umap 로드중 '/Script/unrealEngineProject' 애셋에 대한 파일을 찾을 수 없습니다.
[2016.05.10-12.30.40:225][962]LogLinker:Warning: '/Script/unrealEngineProject' 파일을 찾을 수 없습니다.
[2016.05.10-12.30.40:225][962]LogLinker:Warning: ../../../../../../Users/jjudy/Desktop/Genie/src/unrealEngineProject/Content/Map/GenieStart.umap 로드중 '/Script/unrealEngineProject' 애셋에 대한 파일을 찾을 수 없습니다.
[2016.05.10-12.30.40:225][962]LogLinker:Warning: '/Script/unrealEngineProject' 파일을 찾을 수 없습니다.
[2016.05.10-12.30.40:225][962]LogLinker:Warning: ../../../../../../Users/jjudy/Desktop/Genie/src/unrealEngineProject/Content/Map/GenieStart.umap 로드중 '/Script/unrealEngineProject' 애셋에 대한 파일을 찾을 수 없습니다.
[2016.05.10-12.30.40:227][962]LogLinker:Warning: '/Script/unrealEngineProject' 파일을 찾을 수 없습니다.
[2016.05.10-12.30.40:227][962]LogLinker:Warning: NULL 로드중 '/Script/unrealEngineProject' 애셋에 대한 파일을 찾을 수 없습니다.
[2016.05.10-12.30.40:227][962]LogLinker:Warning: '/Script/unrealEngineProject' 파일을 찾을 수 없습니다.
[2016.05.10-12.30.40:227][962]LogLinker:Warning: NULL 로드중 '/Script/unrealEngineProject' 애셋에 대한 파일을 찾을 수 없습니다.
[2016.05.10-12.30.40:227][962]LogLinker:Warning: CreateExport: Failed to load Outer for resource 'OurCamera': GenieCharacter /Game/Map/GenieStart.GenieStart:PersistentLevel.GenieCharacter_0
[2016.05.10-12.30.40:228][962]LogLinker:Warning: '/Script/unrealEngineProject' 파일을 찾을 수 없습니다.
[2016.05.10-12.30.40:228][962]LogLinker:Warning: NULL 로드중 '/Script/unrealEngineProject' 애셋에 대한 파일을 찾을 수 없습니다.
[2016.05.10-12.30.40:228][962]LogLinker:Warning: '/Script/unrealEngineProject' 파일을 찾을 수 없습니다.
[2016.05.10-12.30.40:228][962]LogLinker:Warning: NULL 로드중 '/Script/unrealEngineProject' 애셋에 대한 파일을 찾을 수 없습니다.
[2016.05.10-12.30.40:228][962]LogLinker:Warning: '/Script/unrealEngineProject' 파일을 찾을 수 없습니다.
[2016.05.10-12.30.40:228][962]LogLinker:Warning: NULL 로드중 '/Script/unrealEngineProject' 애셋에 대한 파일을 찾을 수 없습니다.
[2016.05.10-12.30.40:229][962]LogLinker:Warning: '/Script/unrealEngineProject' 파일을 찾을 수 없습니다.
[2016.05.10-12.30.40:229][962]LogLinker:Warning: NULL 로드중 '/Script/unrealEngineProject' 애셋에 대한 파일을 찾을 수 없습니다.
[2016.05.10-12.30.40:229][962]LogLinker:Warning: CreateExport: Failed to load Outer for resource 'RootComponent': GenieCharacter /Game/Map/GenieStart.GenieStart:PersistentLevel.GenieCharacter_0
[2016.05.10-12.30.40:229][962]LogLinker:Warning: '/Script/unrealEngineProject' 파일을 찾을 수 없습니다.
[2016.05.10-12.30.40:229][962]LogLinker:Warning: NULL 로드중 '/Script/unrealEngineProject' 애셋에 대한 파일을 찾을 수 없습니다.
[2016.05.10-12.30.40:229][962]LogLinker:Warning: '/Script/unrealEngineProject' 파일을 찾을 수 없습니다.
[2016.05.10-12.30.40:229][962]LogLinker:Warning: NULL 로드중 '/Script/unrealEngineProject' 애셋에 대한 파일을 찾을 수 없습니다.
[2016.05.10-12.30.40:229][962]LogLinker:Warning: CreateExport: Failed to load Outer for resource 'OurVisibleComponent': GenieCharacter /Game/Map/GenieStart.GenieStart:PersistentLevel.GenieCharacter_0
[2016.05.10-12.30.40:230][962]LogLinker:Warning: '/Script/unrealEngineProject' 파일을 찾을 수 없습니다.
[2016.05.10-12.30.40:230][962]LogLinker:Warning: NULL 로드중 '/Script/unrealEngineProject' 애셋에 대한 파일을 찾을 수 없습니다.
[2016.05.10-12.30.40:230][962]LogLinker:Warning: '/Script/unrealEngineProject' 파일을 찾을 수 없습니다.
[2016.05.10-12.30.40:230][962]LoadErrors: 정보 로드에 실패했습니다. /Script/unrealEngineProject.GenieCharacter 레퍼런싱한 것: PersistentLevel
[2016.05.10-12.30.40:230][962]LogLinker:Warning: NULL 로드중 '/Script/unrealEngineProject' 애셋에 대한 파일을 찾을 수 없습니다.
[2016.05.10-12.30.40:232][962]LogAIModule: Creating AISystem for world GenieStart
[2016.05.10-12.30.40:236][962]LogEditorServer: Finished looking for orphan Actors (0.000 secs)
[2016.05.10-12.30.40:250][962]LogD3D11RHI: InitD3DDevice
[2016.05.10-12.30.40:354][962]Cmd: MAP CHECKDEP NOCLEARLOG
[2016.05.10-12.30.40:561][962]MapCheck: 정보 맵 체크 완료: 오류 0 회, 경고 0 회, 소요 시간 206.722ms.
[2016.05.10-12.30.40:564][962]LogFileHelpers: Loading map 'GenieStart' took 0.512
[2016.05.10-12.36.18:630][986]LogD3D11RHI: InitD3DDevice
[2016.05.10-12.36.18:631][986]Recompiling unrealEngineProject...
[2016.05.10-12.36.18:632][986]Launching UnrealBuildTool... [C:/Program Files (x86)/Epic Games/4.8/Engine/Binaries/DotNET/UnrealBuildTool.exe unrealEngineProject -ModuleWithSuffix unrealEngineProject 7683 Win64 Development -editorrecompile -canskiplink "C:/Users/jjudy/Desktop/Genie/src/unrealEngineProject/unrealEngineProject.uproject" -rocket  -rocket]
[2016.05.10-12.36.18:671][986]Warning: Starting HotReload took  0.2s.
[2016.05.10-12.41.46:314][462]CompilerResultsLog: New page: 컴파일 - 2016. 5. 11. 오전 6:41:45
[2016.05.10-12.41.46:326][462]CompilerResultsLog: 정보 Compiling game modules for hot reload
[2016.05.10-12.41.46:326][462]CompilerResultsLog: 정보 Parsing headers for unrealEngineProjectEditor
[2016.05.10-12.41.46:326][462]CompilerResultsLog: 정보 Reflection code generated for unrealEngineProjectEditor
[2016.05.10-12.41.46:326][462]CompilerResultsLog: 정보 Performing 9 actions (2 in parallel)
[2016.05.10-12.41.46:326][462]CompilerResultsLog: 정보 [2/9] Resource ModuleVersionResource.rc.inl
[2016.05.10-12.41.46:326][462]CompilerResultsLog: 정보 PCH.unrealEngineProject.h.cpp
[2016.05.10-12.41.46:326][462]CompilerResultsLog: 정보 [3/9] Resource PCLaunch.rc
[2016.05.10-12.41.46:326][462]CompilerResultsLog: 정보 unrealEngineProjectGameMode.cpp
[2016.05.10-12.41.46:326][462]CompilerResultsLog: 정보 unrealEngineProject.generated.cpp
[2016.05.10-12.41.46:326][462]CompilerResultsLog: 정보 LoadingFile.cpp
[2016.05.10-12.41.46:326][462]CompilerResultsLog:Error: 오류 C:\Users\jjudy\Desktop\Genie\src\unrealEngineProject\Source\unrealEngineProject\LoadingFile.cpp(43)  : warning C4996: 'UTextRenderComponent::SetText': Passing text as FString is deprecated, please use FText instead (likely via a LOCTEXT). Please update your code to the new API before upgrading to the next release, otherwise your project will no longer compile.
[2016.05.10-12.41.46:327][462]CompilerResultsLog: 정보         C:\Program Files (x86)\Epic Games\4.8\Engine\Source\Runtime\Engine\Classes\Components/TextRenderComponent.h(96) : see declaration of 'UTextRenderComponent::SetText'
[2016.05.10-12.41.46:327][462]CompilerResultsLog: 정보 GenieCharacter.cpp
[2016.05.10-12.41.46:327][462]CompilerResultsLog: 정보 unrealEngineProject.cpp
[2016.05.10-12.41.46:327][462]CompilerResultsLog: 정보 [9/9] Link UE4Editor-unrealEngineProject-7683.dll
[2016.05.10-12.41.46:327][462]CompilerResultsLog: 정보    Creating library C:\Users\jjudy\Desktop\Genie\src\unrealEngineProject\Intermediate/Build/Win64\UE4Editor\Development\UE4Editor-unrealEngineProject-7683.lib and object C:\Users\jjudy\Desktop\Genie\src\unrealEngineProject\Intermediate/Build/Win64\UE4Editor\Development\UE4Editor-unrealEngineProject-7683.exp
[2016.05.10-12.41.46:327][462]CompilerResultsLog: 정보 -------- End Detailed Actions Stats -----------------------------------------------------------
[2016.05.10-12.41.46:327][462]CompilerResultsLog: 정보 Total build time: 325.41 seconds
[2016.05.10-12.41.46:331][462]LogMainFrame: MainFrame: Module compiling took 327.764 seconds
[2016.05.10-12.41.46:476][462]LogWindows:Error: Windows GetLastError: 작업을 완료했습니다. (0)
[2016.05.10-12.41.46:565][462]LogCrashTracker: 


