[2016.05.10-16.40.56:033][  0]Log file open, 05/11/16 01:40:56
[2016.05.10-16.40.56:033][  0]LogInit:Display: Running engine for game: unrealEngineProject
[2016.05.10-16.40.56:033][  0]LogInit:Display: RandInit(1243581521) SRandInit(1243581522).
[2016.05.10-16.40.56:033][  0]LogTaskGraph: Started task graph with 4 named threads and 5 total threads.
[2016.05.10-16.40.56:033][  0]LogStats: Stats thread started
[2016.05.10-16.40.56:033][  0]LogInit: Version: 4.8.3-2634408+++depot+UE4-Releases+4.8
[2016.05.10-16.40.56:033][  0]LogInit: API Version: 2579680
[2016.05.10-16.40.56:051][  0]LogInit: Compiled (64-bit): Jul 27 2015 16:24:33
[2016.05.10-16.40.56:051][  0]LogInit: Compiled with Visual C++: 18.00.21005.01
[2016.05.10-16.40.56:051][  0]LogInit: Build Configuration: Development
[2016.05.10-16.40.56:051][  0]LogInit: Branch Name: ++depot+UE4-Releases+4.8
[2016.05.10-16.40.56:051][  0]LogInit: Command line:  
[2016.05.10-16.40.56:051][  0]LogInit: Base directory: C:/Program Files (x86)/Epic Games/4.8/Engine/Binaries/Win64/
[2016.05.10-16.40.56:051][  0]LogInit: Rocket: 1
[2016.05.10-16.40.56:180][  0]LogInit: Using libcurl 7.41.0
[2016.05.10-16.40.56:181][  0]LogInit:  - built for x86_64-pc-win32
[2016.05.10-16.40.56:181][  0]LogInit:  - supports SSL with WinSSL
[2016.05.10-16.40.56:181][  0]LogInit:  - other features:
[2016.05.10-16.40.56:181][  0]LogInit:      CURL_VERSION_SSL
[2016.05.10-16.40.56:181][  0]LogInit:      CURL_VERSION_IPV6
[2016.05.10-16.40.56:181][  0]LogInit:      CURL_VERSION_ASYNCHDNS
[2016.05.10-16.40.56:181][  0]LogInit:      CURL_VERSION_LARGEFILE
[2016.05.10-16.40.56:181][  0]LogInit:      CURL_VERSION_IDN
[2016.05.10-16.40.56:182][  0]LogInit:  CurlRequestOptions (configurable via config and command line):
[2016.05.10-16.40.56:182][  0]LogInit:  - bVerifyPeer = true  - Libcurl will verify peer certificate
[2016.05.10-16.40.56:182][  0]LogInit:  - bUseHttpProxy = false  - Libcurl will NOT use HTTP proxy
[2016.05.10-16.40.56:182][  0]LogInit:  - bDontReuseConnections = false  - Libcurl will reuse connections
[2016.05.10-16.40.56:182][  0]LogInit:  - CertBundlePath = nullptr  - Libcurl will use whatever was configured at build time.
[2016.05.10-16.40.56:309][  0]LogOnline:Warning: No default platform service specified for OnlineSubsystem
[2016.05.10-16.40.56:574][  0]LogInit: Presizing for 0 objects not considered by GC, pre-allocating 0 bytes.
[2016.05.10-16.40.56:777][  0]LogInit: Object subsystem initialized
[2016.05.10-16.40.56:797][  0]LogConsoleResponse:Warning: Skipping Unknown console variable: 'TranslucentSortAxis = (X=0.000000,Y=-1.000000,Z=0.000000)'
[2016.05.10-16.40.56:797][  0]LogConsoleResponse:Warning:   Found in ini file 'C:/Users/jjudy/Desktop/Genie/src/unrealEngineProject/Saved/Config/Windows/Engine.ini', in section '[/Script/Engine.RendererSettings]'
[2016.05.10-16.40.56:797][  0]LogConsoleResponse:Warning: Skipping Unknown console variable: 'UIScaleRule = ShortestSide'
[2016.05.10-16.40.56:797][  0]LogConsoleResponse:Warning:   Found in ini file 'C:/Users/jjudy/Desktop/Genie/src/unrealEngineProject/Saved/Config/Windows/Engine.ini', in section '[/Script/Engine.RendererSettings]'
[2016.05.10-16.40.56:797][  0]LogConsoleResponse:Warning: Skipping Unknown console variable: 'UIScaleCurve = (EditorCurveData=(Keys=),ExternalCurve=None)'
[2016.05.10-16.40.56:797][  0]LogConsoleResponse:Warning:   Found in ini file 'C:/Users/jjudy/Desktop/Genie/src/unrealEngineProject/Saved/Config/Windows/Engine.ini', in section '[/Script/Engine.RendererSettings]'
[2016.05.10-16.40.56:798][  0]LogInit: Selected Device Profile: [Windows]
[2016.05.10-16.40.56:798][  0]LogInit: Applying CVar settings loaded from the selected device profile: [Windows]
[2016.05.10-16.40.56:933][  0]LogInit: Computer: JUDY
[2016.05.10-16.40.56:933][  0]LogInit: User: jjudy
[2016.05.10-16.40.56:933][  0]LogInit: CPU Page size=4096, Cores=2
[2016.05.10-16.40.56:933][  0]LogInit: High frequency timer resolution =2.533196 MHz
[2016.05.10-16.40.56:939][  0]LogMemory: Memory total: Physical=3.7GB (4GB approx)
[2016.05.10-16.40.56:941][  0]LogMemory: Platform Memory Stats for Windows
[2016.05.10-16.40.56:941][  0]LogMemory: Process Physical Memory: 50.21 MB used, 50.21 MB peak
[2016.05.10-16.40.56:941][  0]LogMemory: Process Virtual Memory: 22.39 MB used, 22.39 MB peak
[2016.05.10-16.40.56:941][  0]LogMemory: Physical Memory: 2423.73 MB used, 3799.78 MB total
[2016.05.10-16.40.56:941][  0]LogMemory: Virtual Memory: 313.18 MB used, 134217728.00 MB total
[2016.05.10-16.40.58:111][  0]LogTextLocalizationManager: The requested culture ('ko_KR') has no localization data; parent culture's ('ko') localization data will be used.
[2016.05.10-16.40.58:285][  0]LogTextLocalizationManager:Warning: Loaded localization resources contain conflicting entries for (Namespace:ContentBrowser, Key:ImportAssetToolTip):
Localization Resource: (C:/Program Files (x86)/Epic Games/4.8/Engine/Content/Localization/Editor/ko/Editor.locres) Source String Hash: (-630476809) Localized String: ({0} 에 임포트...)
Localization Resource: (C:/Program Files (x86)/Epic Games/4.8/Engine/Content/Localization/Editor/ko/Editor.locres) Source String Hash: (1271782899) Localized String: (파일에서 이 폴더로 애셋을 임포트합니다.)
[2016.05.10-16.41.00:231][  0]LogD3D11RHI: Found D3D11 adapter 0: NVIDIA GeForce GT 720M  (Feature Level 11_0)
[2016.05.10-16.41.00:231][  0]LogD3D11RHI: Adapter has 973MB of dedicated video memory, 0MB of dedicated system memory, and 1899MB of shared system memory, 2 output[s]
[2016.05.10-16.41.00:315][  0]LogD3D11RHI: Found D3D11 adapter 1: Intel(R) HD Graphics Family (Feature Level 11_0)
[2016.05.10-16.41.00:315][  0]LogD3D11RHI: Adapter has 112MB of dedicated video memory, 0MB of dedicated system memory, and 1899MB of shared system memory, 0 output[s]
[2016.05.10-16.41.00:318][  0]LogD3D11RHI: Found D3D11 adapter 2: Microsoft Basic Render Driver (Feature Level 11_0)
[2016.05.10-16.41.00:318][  0]LogD3D11RHI: Adapter has 0MB of dedicated video memory, 0MB of dedicated system memory, and 1899MB of shared system memory, 0 output[s]
[2016.05.10-16.41.00:318][  0]LogD3D11RHI: Chosen D3D11 Adapter Id = 0
[2016.05.10-16.41.00:324][  0]LogD3D11RHI: InitD3DDevice
[2016.05.10-16.41.00:324][  0]LogD3D11RHI: !Direct3DDevice
[2016.05.10-16.41.00:325][  0]LogRHI: Texture pool is 681 MB (70% of 973 MB)
[2016.05.10-16.41.00:346][  0]LogD3D11RHI: Async texture creation enabled
[2016.05.10-16.41.00:482][  0]LogShaderCompilers:Display: Using Local Shader Compiler.
[2016.05.10-16.41.05:139][  0]LogTemp:Display: Loaded TP DesktopTargetPlatform
[2016.05.10-16.41.05:160][  0]LogTemp:Display: Loaded TP WindowsClientTargetPlatform
[2016.05.10-16.41.05:180][  0]LogTemp:Display: Loaded TP WindowsNoEditorTargetPlatform
[2016.05.10-16.41.05:227][  0]LogTemp:Display: Loaded TP WindowsServerTargetPlatform
[2016.05.10-16.41.05:248][  0]LogTemp:Display: Loaded TP WindowsTargetPlatform
[2016.05.10-16.41.05:281][  0]LogTemp:Display: Loaded TP AndroidTargetPlatform
[2016.05.10-16.41.05:300][  0]LogTemp:Display: Loaded TP Android_ASTCTargetPlatform
[2016.05.10-16.41.05:320][  0]LogTemp:Display: Loaded TP Android_ATCTargetPlatform
[2016.05.10-16.41.05:340][  0]LogTemp:Display: Loaded TP Android_DXTTargetPlatform
[2016.05.10-16.41.05:360][  0]LogTemp:Display: Loaded TP Android_ETC1TargetPlatform
[2016.05.10-16.41.05:380][  0]LogTemp:Display: Loaded TP Android_ETC2TargetPlatform
[2016.05.10-16.41.05:420][  0]LogTemp:Display: Loaded TP Android_PVRTCTargetPlatform
[2016.05.10-16.41.05:594][  0]LogTemp:Display: Loaded TP IOSTargetPlatform
[2016.05.10-16.41.05:674][  0]LogTemp:Display: Loaded TP LinuxNoEditorTargetPlatform
[2016.05.10-16.41.05:706][  0]LogTemp:Display: Loaded TP LinuxServerTargetPlatform
[2016.05.10-16.41.05:728][  0]LogTemp:Display: Loaded TP LinuxTargetPlatform
[2016.05.10-16.41.05:728][  0]LogTargetPlatformManager:Display: Building Assets For Windows
[2016.05.10-16.41.06:718][  0]LogDerivedDataCache:Display: Max Cache Size: 512 MB
[2016.05.10-16.41.07:483][  0]LogDerivedDataCache: Loaded boot cache 0.77s 53MB C:/Users/jjudy/AppData/Local/UnrealEngine/4.8/DerivedDataCache/Boot.ddc.
[2016.05.10-16.41.07:483][  0]LogDerivedDataCache:Display: Loaded Boot cache: C:/Users/jjudy/AppData/Local/UnrealEngine/4.8/DerivedDataCache/Boot.ddc
[2016.05.10-16.41.07:483][  0]LogDerivedDataCache: FDerivedDataBackendGraph:  Pak pak cache file ../../../../../../Users/jjudy/Desktop/Genie/src/unrealEngineProject/DerivedDataCache/DDC.ddp not found, will not use a pak cache.
[2016.05.10-16.41.07:483][  0]LogDerivedDataCache: Unable to find inner node Pak for hierarchical cache Hierarchy.
[2016.05.10-16.41.07:483][  0]LogDerivedDataCache: FDerivedDataBackendGraph:  CompressedPak pak cache file ../../../../../../Users/jjudy/Desktop/Genie/src/unrealEngineProject/DerivedDataCache/Compressed.ddp not found, will not use a pak cache.
[2016.05.10-16.41.07:483][  0]LogDerivedDataCache: Unable to find inner node CompressedPak for hierarchical cache Hierarchy.
[2016.05.10-16.41.07:718][  0]LogDerivedDataCache:Display: Pak cache opened for reading ../../../Engine/DerivedDataCache/Compressed.ddp.
[2016.05.10-16.41.07:740][  0]LogDerivedDataCache: Using Local data cache path C:/Users/jjudy/AppData/Local/UnrealEngine/Common/DerivedDataCache: Writable
[2016.05.10-16.41.15:294][  0]LogInit: Selected Device Profile: [Windows]
[2016.05.10-16.41.15:879][  0]ImportText (ComponentSweepMultiTests): Missing closing parenthesis: (RootShapeAsset="/Engine/BasicShapes/Cube.Cube",ShapeType="TriggerCapsule",HitResult=(Time=0.50,Location=(X=-100.000015,Y=0.0,Z=100.000015),ImpactPoint=(X=-50.0,Y=0.0,Z=50.0),Normal=(X=-1.0,Y=-0.0,Z=0.0),ImpactNormal=(X=0.0,Y=0.0,Z=1.0),TraceStart=(X=-200.0,Y=0.0,Z=200.0),TraceEnd=(X=0.0,Y=0.0,Z=0.0))
[2016.05.10-16.41.15:879][  0]ImportText (LineTraceSingleByChannelTests): Missing closing parenthesis: (RootShapeAsset="/Engine/BasicShapes/Cube.Cube",HitResult=(Time=0.50,Location=(X=-100.000015,Y=0.0,Z=100.000015),ImpactPoint=(X=-50.0,Y=0.0,Z=50.0),Normal=(X=-1.0,Y=-0.0,Z=0.0),ImpactNormal=(X=0.0,Y=0.0,Z=1.0),TraceStart=(X=-200.0,Y=0.0,Z=200.0),TraceEnd=(X=0.0,Y=0.0,Z=0.0))
[2016.05.10-16.41.16:020][  0]LogMeshUtilities: No automatic mesh reduction module available
[2016.05.10-16.41.16:020][  0]LogMeshUtilities: No automatic mesh merging module available
[2016.05.10-16.41.17:885][  0]LogInit: WinSock: version 1.1 (2.2), MaxSocks=32767, MaxUdp=65467
[2016.05.10-16.41.27:468][  0]UdpMessaging: Initializing bridge on interface 0.0.0.0:0 to multicast group 230.0.0.1:6666.
[2016.05.10-16.41.29:395][  0]SourceControl: 정보 소스 콘트롤이 꺼졌습니다.
[2016.05.10-16.41.29:398][  0]SourceControl: 정보 소스 콘트롤이 꺼졌습니다.
[2016.05.10-16.41.29:450][  0]SourceControl: 정보 소스 콘트롤이 꺼졌습니다.
[2016.05.10-16.41.29:493][  0]SourceControl: 정보 소스 콘트롤이 꺼졌습니다.
[2016.05.10-16.41.30:637][  0]LogObj: 26289 objects as part of root set at end of initial load.
[2016.05.10-16.41.30:637][  0]LogUObjectAllocator: 5423376 out of 0 bytes used by permanent object pool.
[2016.05.10-16.41.31:168][  0]LogEngine: Initializing Engine...
[2016.05.10-16.41.31:214][  0]LogHMD: Can't find Oculus library dev build: is proper Runtime installed? Version: 0.6.0.0
[2016.05.10-16.41.31:322][  0]LogHMD:Warning: SteamVR failed to initialize.  Error: 110
[2016.05.10-16.41.32:152][  0]LogAIModule: Creating AISystem for world NewWorld
[2016.05.10-16.41.32:226][  0]LogInit: XAudio2 using '스피커/헤드폰(Realtek High Definition Audio)' : 2 channels at 48 kHz using 32 bits per sample (channel mask 0x3)
[2016.05.10-16.41.32:283][  0]LogInit: FAudioDevice initialized.
[2016.05.10-16.41.32:343][  0]LogDerivedDataCache: Saved boot cache 0.06s 53MB C:/Users/jjudy/AppData/Local/UnrealEngine/4.8/DerivedDataCache/Boot.ddc.
[2016.05.10-16.41.32:351][  0]LogInit: Texture streaming: Disabled
[2016.05.10-16.41.32:394][  0]LogAnalytics: Creating configured Analytics provider AnalyticsET
[2016.05.10-16.41.32:394][  0]LogAnalytics: [UEEditor.Rocket.Release] APIServer = http://et2.epicgames.com/ET2/. AppVersion = 4.8.3-2634408+++depot+UE4-Releases+4.8
[2016.05.10-16.41.32:394][  0]LogAnalytics: [UEEditor.Rocket.Release] SetUserId f1732f304bfe0c511e505491d9dc7863|42e094618d374ae48b60eaacf8489ca6|5a9a5a05-d2f7-4f14-8a0b-a00ba482fbc2
[2016.05.10-16.41.32:403][  0]LogAnalytics: [UEEditor.Rocket.Release] AnalyticsET::StartSession
[2016.05.10-16.41.32:605][  0]LogInit: Transaction tracking system initialized
[2016.05.10-16.41.34:275][  0]BlueprintLog: New page: 에디터 로드
[2016.05.10-16.41.34:751][  0]LogAssetRegistry: FAssetRegistry took 0.0366 seconds to start up
[2016.05.10-16.41.34:753][  0]LogDirectoryWatcher:Warning: Failed to begin reading directory changes for ../../../Engine/Plugins/Experimental/CharacterAI/Content/. Error: 0
[2016.05.10-16.41.44:155][  0]LogConsoleManager:Warning: Console variable 'r.VSync' wasn't set ('GameSetting' has a lower priority than 'SystemSettingsIni')
[2016.05.10-16.41.44:155][  0]LogConsoleResponse:Display: 
[2016.05.10-16.41.48:735][  0]LogCook:Display: Done creating registry. It took  0.00s.
[2016.05.10-16.41.51:310][  0]SourceControl: 정보 소스 콘트롤이 꺼졌습니다.
[2016.05.10-16.41.51:311][  0]Cmd: MAP LOAD FILE="../../../Engine/Content/Maps/Templates/Template_Default.umap" TEMPLATE=1 SHOWPROGRESS=1 FEATURELEVEL=3
[2016.05.10-16.41.51:370][  0]LightingResults: New page: 라이팅 빌드
[2016.05.10-16.41.51:462][  0]MapCheck: New page: 맵 체크
[2016.05.10-16.41.51:462][  0]LightingResults: New page: 라이팅 빌드
[2016.05.10-16.41.51:702][  0]LogParticles: Destroying 0 GPU particle simulations for FXSystem 0x0000025B061622A0
[2016.05.10-16.41.54:761][  0]LogAIModule: Creating AISystem for world Untitled_1
[2016.05.10-16.41.55:149][  0]LogEditorServer: Finished looking for orphan Actors (0.000 secs)
[2016.05.10-16.41.55:262][  0]Cmd: MAP CHECKDEP NOCLEARLOG
[2016.05.10-16.41.55:338][  0]MapCheck: 정보 맵 체크 완료: 오류 0 회, 경고 0 회, 소요 시간 75.22ms.
[2016.05.10-16.41.55:365][  0]LogFileHelpers: Loading map 'Template_Default' took 4.054
[2016.05.10-16.41.56:478][  0]LogCollectionManager: Loaded 0 collections in 0.002551 seconds
[2016.05.10-16.41.56:498][  0]LogContentBrowser: Native class hierarchy populated in 0.0190 seconds. Added 1796 classes and 303 folders.
[2016.05.10-16.41.56:880][  0]LogContentBrowser: Native class hierarchy updated for 'WidgetCarousel' in 0.0025 seconds. Added 0 classes and 0 folders.
[2016.05.10-16.41.57:440][  0]LogContentBrowser: Native class hierarchy updated for 'AddContentDialog' in 0.0016 seconds. Added 0 classes and 0 folders.
[2016.05.10-16.41.57:628][  0]LogContentBrowser: Native class hierarchy updated for 'SceneOutliner' in 0.0021 seconds. Added 1 classes and 2 folders.
[2016.05.10-16.41.58:957][  0]LogCrashTracker: Crashtracker disabled due to settings.
[2016.05.10-16.41.59:132][  0]LogD3D11RHI: InitD3DDevice
[2016.05.10-16.41.59:303][  0]LogD3D11RHI: InitD3DDevice
[2016.05.10-16.41.59:689][  0]LogLoad: Full Startup: 68.12 seconds (BP compile: 0.53 seconds)
[2016.05.10-16.42.00:833][  0]LogContentStreaming: Texture pool size is 0.000000MB
[2016.05.10-16.42.01:134][  0]LogContentStreaming: Texture pool size now 400 MB
[2016.05.10-16.42.03:178][  0]LogRenderer: Reallocating scene render targets to support 1208x576 (Frame:2).
[2016.05.10-16.42.10:323][ 11]LogAssetRegistry: Asset discovery search completed in 35.5839 seconds
[2016.05.10-16.54.42:031][216]LogHotReload: New module detected: UE4Editor-unrealEngineProject-3787.dll
[2016.05.10-16.54.43:722][222]LogHotReload: Starting Hot-Reload from IDE
[2016.05.10-16.54.47:099][222]LogD3D11RHI: InitD3DDevice
[2016.05.10-16.55.06:617][222]LogClass: Could not find existing class GenieCharacter in package /Script/unrealEngineProject for HotReload, assuming new class
[2016.05.10-16.55.07:526][222]LogHotReload: Re-instancing GenieCharacter after hot-reload.
[2016.05.10-16.55.17:381][222]LogContentBrowser: Native class hierarchy updated for 'unrealEngineProject' in 0.5393 seconds. Added 4 classes and 2 folders.
[2016.05.10-16.55.17:384][222]Warning: HotReload successful (0 functions remapped  0 scriptstructs remapped)
[2016.05.10-16.55.21:824][222]LogContentBrowser: Native class hierarchy populated in 1.0452 seconds. Added 1797 classes and 305 folders.
[2016.05.10-16.55.22:027][222]LogD3D11RHI: InitD3DDevice
[2016.05.10-17.05.52:285][274]LogD3D11RHI: InitD3DDevice
[2016.05.10-17.06.14:150][544]LogWindowsTextInputMethodSystem:Display: IME system now activated using TSF (Microsoft 입력기).
[2016.05.10-17.06.20:089][545]Cmd: QUIT_EDITOR
[2016.05.10-17.06.23:630][545]LogExit: Preparing to exit.
[2016.05.10-17.06.35:198][545]LogExit: Editor shut down
[2016.05.10-17.06.35:568][545]LogExit: Transaction tracking system shut down
[2016.05.10-17.06.36:745][545]LogParticles: Destroying 0 GPU particle simulations for FXSystem 0x0000025B74163A60
[2016.05.10-17.06.36:882][545]LogParticles: Destroying 0 GPU particle simulations for FXSystem 0x0000025B0B6B3EC0
[2016.05.10-17.06.46:457][545]LogExit: Object subsystem successfully closed.
[2016.05.10-17.06.48:291][545]LogD3D11RHI: Shutdown
[2016.05.10-17.06.48:293][545]LogD3D11RHI: CleanupD3DDevice
[2016.05.10-17.06.49:649][545]LogD3D11RHI: ~FD3D11DynamicRHI
[2016.05.10-17.06.50:715][545]LogModuleManager: Shutting down and abandoning module CrashTracker (189)
[2016.05.10-17.06.50:715][545]LogModuleManager: Shutting down and abandoning module SceneOutliner (188)
[2016.05.10-17.06.50:715][545]LogModuleManager: Shutting down and abandoning module SuperSearch (187)
[2016.05.10-17.06.50:715][545]LogModuleManager: Shutting down and abandoning module WidgetCarousel (186)
[2016.05.10-17.06.50:797][545]LogModuleManager: Shutting down and abandoning module AddContentDialog (185)
[2016.05.10-17.06.51:337][545]LogModuleManager: Shutting down and abandoning module EditorWidgets (184)
[2016.05.10-17.06.51:337][545]LogModuleManager: Shutting down and abandoning module CollectionManager (183)
[2016.05.10-17.06.51:363][545]LogModuleManager: Shutting down and abandoning module StatsViewer (182)
[2016.05.10-17.06.51:392][545]LogModuleManager: Shutting down and abandoning module FoliageEdit (181)
[2016.05.10-17.06.51:411][545]LogModuleManager: Shutting down and abandoning module LandscapeEditor (180)
[2016.05.10-17.06.51:475][545]LogModuleManager: Shutting down and abandoning module ActorPickerMode (179)
[2016.05.10-17.06.51:475][545]LogModuleManager: Shutting down and abandoning module GeometryMode (178)
[2016.05.10-17.06.51:475][545]LogModuleManager: Shutting down and abandoning module TextureAlignMode (177)
[2016.05.10-17.06.51:475][545]LogModuleManager: Shutting down and abandoning module BspMode (176)
[2016.05.10-17.06.51:475][545]LogModuleManager: Shutting down and abandoning module PlacementMode (175)
[2016.05.10-17.06.51:486][545]LogModuleManager: Shutting down and abandoning module AutomationWorker (174)
[2016.05.10-17.06.51:486][545]LogModuleManager: Shutting down and abandoning module CharacterAI (173)
[2016.05.10-17.06.51:486][545]LogModuleManager: Shutting down and abandoning module SmartSnapping (172)
[2016.05.10-17.06.51:486][545]LogModuleManager: Shutting down and abandoning module ViewportSnapping (171)
[2016.05.10-17.06.51:486][545]LogModuleManager: Shutting down and abandoning module LogVisualizer (170)
[2016.05.10-17.06.51:629][545]LogModuleManager: Shutting down and abandoning module GameProjectGeneration (169)
[2016.05.10-17.06.51:672][545]LogModuleManager: Shutting down and abandoning module IntroTutorials (168)
[2016.05.10-17.06.51:743][545]LogModuleManager: Shutting down and abandoning module EditorLiveStreaming (167)
[2016.05.10-17.06.51:743][545]LogModuleManager: Shutting down and abandoning module IOSPlatformEditor (166)
[2016.05.10-17.06.51:756][545]LogModuleManager: Shutting down and abandoning module HTML5PlatformEditor (165)
[2016.05.10-17.06.51:807][545]LogModuleManager: Shutting down and abandoning module AndroidDeviceDetection (164)
[2016.05.10-17.06.52:010][545]LogModuleManager: Shutting down and abandoning module AndroidPlatformEditor (163)
[2016.05.10-17.06.52:018][545]LogModuleManager: Shutting down and abandoning module IOSRuntimeSettings (162)
[2016.05.10-17.06.52:018][545]LogModuleManager: Shutting down and abandoning module AndroidRuntimeSettings (161)
[2016.05.10-17.06.52:018][545]LogModuleManager: Shutting down and abandoning module MergeActors (160)
[2016.05.10-17.06.52:063][545]LogModuleManager: Shutting down and abandoning module SizeMap (159)
[2016.05.10-17.06.52:072][545]LogModuleManager: Shutting down and abandoning module TreeMap (158)
[2016.05.10-17.06.52:151][545]LogModuleManager: Shutting down and abandoning module ReferenceViewer (157)
[2016.05.10-17.06.52:164][545]LogModuleManager: Shutting down and abandoning module LocalizationDashboard (156)
[2016.05.10-17.06.52:229][545]LogModuleManager: Shutting down and abandoning module HardwareTargeting (155)
[2016.05.10-17.06.52:229][545]LogModuleManager: Shutting down and abandoning module DeviceProfileEditor (154)
[2016.05.10-17.06.52:245][545]LogModuleManager: Shutting down and abandoning module UndoHistory (153)
[2016.05.10-17.06.52:272][545]LogModuleManager: Shutting down and abandoning module GameplayTagsEditor (152)
[2016.05.10-17.06.52:323][545]LogModuleManager: Shutting down and abandoning module UserFeedback (151)
[2016.05.10-17.06.52:323][545]LogModuleManager: Shutting down and abandoning module XmlParser (150)
[2016.05.10-17.06.52:333][545]LogModuleManager: Shutting down and abandoning module Blutility (149)
[2016.05.10-17.06.52:339][545]LogModuleManager: Shutting down and abandoning module ProjectTargetPlatformEditor (148)
[2016.05.10-17.06.52:356][545]LogModuleManager: Shutting down and abandoning module ProjectSettingsViewer (147)
[2016.05.10-17.06.52:422][545]LogModuleManager: Shutting down and abandoning module InputBindingEditor (146)
[2016.05.10-17.06.52:470][545]LogModuleManager: Shutting down and abandoning module EditorSettingsViewer (145)
[2016.05.10-17.06.52:470][545]LogModuleManager: Shutting down and abandoning module SettingsEditor (144)
[2016.05.10-17.06.52:470][545]LogModuleManager: Shutting down and abandoning module ProjectLauncher (143)
[2016.05.10-17.06.52:497][545]LogModuleManager: Shutting down and abandoning module SessionFrontend (142)
[2016.05.10-17.06.52:502][545]LogModuleManager: Shutting down and abandoning module ProfilerClient (141)
[2016.05.10-17.06.52:508][545]LogModuleManager: Shutting down and abandoning module TargetDeviceServices (140)
[2016.05.10-17.06.52:508][545]LogModuleManager: Shutting down and abandoning module DeviceManager (139)
[2016.05.10-17.06.52:547][545]LogModuleManager: Shutting down and abandoning module AutomationController (138)
[2016.05.10-17.06.52:573][545]LogModuleManager: Shutting down and abandoning module AutomationWindow (137)
[2016.05.10-17.06.52:629][545]LogModuleManager: Shutting down and abandoning module Layers (136)
[2016.05.10-17.06.52:683][545]LogModuleManager: Shutting down and abandoning module ComponentVisualizers (135)
[2016.05.10-17.06.52:683][545]LogModuleManager: Shutting down and abandoning module DetailCustomizations (134)
[2016.05.10-17.06.52:699][545]LogModuleManager: Shutting down and abandoning module PackagesDialog (133)
[2016.05.10-17.06.52:699][545]LogModuleManager: Shutting down and abandoning module AssetRegistry (132)
[2016.05.10-17.06.55:530][545]LogModuleManager: Shutting down and abandoning module Persona (131)
[2016.05.10-17.06.55:632][545]LogModuleManager: Shutting down and abandoning module Kismet (130)
[2016.05.10-17.06.55:706][545]LogModuleManager: Shutting down and abandoning module GraphEditor (129)
[2016.05.10-17.06.55:739][545]LogModuleManager: Shutting down and abandoning module ClassViewer (128)
[2016.05.10-17.06.55:739][545]LogModuleManager: Shutting down and abandoning module Toolbox (127)
[2016.05.10-17.06.55:739][545]LogModuleManager: Shutting down and abandoning module ModuleUI (126)
[2016.05.10-17.06.55:788][545]LogModuleManager: Shutting down and abandoning module MovieSceneTools (125)
[2016.05.10-17.06.55:904][545]LogModuleManager: Shutting down and abandoning module OutputLog (124)
[2016.05.10-17.06.55:904][545]LogModuleManager: Shutting down and abandoning module GammaUI (123)
[2016.05.10-17.06.55:911][545]LogModuleManager: Shutting down and abandoning module Documentation (122)
[2016.05.10-17.06.55:911][545]LogModuleManager: Shutting down and abandoning module GameLiveStreaming (121)
[2016.05.10-17.06.55:912][545]LogModuleManager: Shutting down and abandoning module StreamingPauseRendering (120)
[2016.05.10-17.06.55:912][545]LogModuleManager: Shutting down and abandoning module AnalyticsET (119)
[2016.05.10-17.06.55:912][545]LogModuleManager: Shutting down and abandoning module Analytics (118)
[2016.05.10-17.06.55:912][545]LogModuleManager: Shutting down and abandoning module AITestSuite (117)
[2016.05.10-17.06.55:966][545]LogModuleManager: Shutting down and abandoning module GameplayDebugger (116)
[2016.05.10-17.06.55:966][545]LogModuleManager: Shutting down and abandoning module AIModule (115)
[2016.05.10-17.06.55:966][545]LogModuleManager: Shutting down and abandoning module ProfilerService (114)
[2016.05.10-17.06.56:062][545]LogModuleManager: Shutting down and abandoning module TaskGraph (113)
[2016.05.10-17.06.56:144][545]LogModuleManager: Shutting down and abandoning module SlateRemote (112)
[2016.05.10-17.06.56:180][545]LogModuleManager: Shutting down and abandoning module SteamVRController (111)
[2016.05.10-17.06.56:180][545]LogModuleManager: Shutting down and abandoning module SteamVR (110)
[2016.05.10-17.06.56:180][545]LogModuleManager: Shutting down and abandoning module ProceduralMeshComponent (109)
[2016.05.10-17.06.56:180][545]LogModuleManager: Shutting down and abandoning module OculusRift (108)
[2016.05.10-17.06.56:180][545]LogModuleManager: Shutting down and abandoning module LeapMotionController (107)
[2016.05.10-17.06.56:473][545]LogModuleManager: Shutting down and abandoning module CustomMeshComponent (106)
[2016.05.10-17.06.56:473][545]LogModuleManager: Shutting down and abandoning module CableComponent (105)
[2016.05.10-17.06.56:473][545]LogModuleManager: Shutting down and abandoning module MessagingDebugger (104)
[2016.05.10-17.06.56:568][545]LogModuleManager: Shutting down and abandoning module MediaPlayerEditor (103)
[2016.05.10-17.06.56:587][545]LogModuleManager: Shutting down and abandoning module SpeedTreeImporter (102)
[2016.05.10-17.06.56:588][545]LogModuleManager: Shutting down and abandoning module PluginBrowser (101)
[2016.05.10-17.06.56:675][545]LogModuleManager: Shutting down and abandoning module EpicSurvey (100)
[2016.05.10-17.06.56:775][545]LogModuleManager: Shutting down and abandoning module DesktopPlatform (99)
[2016.05.10-17.06.56:792][545]LogModuleManager: Shutting down and abandoning module VisualStudioSourceCodeAccess (98)
[2016.05.10-17.06.56:855][545]LogModuleManager: Shutting down and abandoning module UObjectPlugin (97)
[2016.05.10-17.06.56:855][545]LogModuleManager: Shutting down and abandoning module SubversionSourceControl (96)
[2016.05.10-17.06.56:877][545]LogModuleManager: Shutting down and abandoning module PerforceSourceControl (95)
[2016.05.10-17.06.57:010][545]LogModuleManager: Shutting down and abandoning module SourceControl (94)
[2016.05.10-17.06.57:022][545]LogModuleManager: Shutting down and abandoning module GitSourceControl (93)
[2016.05.10-17.06.57:118][545]LogModuleManager: Shutting down and abandoning module BlankPlugin (92)
[2016.05.10-17.06.57:118][545]LogModuleManager: Shutting down and abandoning module PaperTiledImporter (91)
[2016.05.10-17.06.57:118][545]LogModuleManager: Shutting down and abandoning module PaperSpriteSheetImporter (90)
[2016.05.10-17.06.57:118][545]LogModuleManager: Shutting down and abandoning module MeshPaint (89)
[2016.05.10-17.06.57:148][545]LogModuleManager: Shutting down and abandoning module SlateReflector (88)
[2016.05.10-17.06.57:160][545]LogModuleManager: Shutting down and abandoning module DirectoryWatcher (87)
[2016.05.10-17.06.57:191][545]LogModuleManager: Shutting down and abandoning module HotReload (86)
[2016.05.10-17.06.57:191][545]LogModuleManager: Shutting down and abandoning module MainFrame (85)
[2016.05.10-17.06.57:257][545]LogModuleManager: Shutting down and abandoning module LevelEditor (84)
[2016.05.10-17.06.57:373][545]LogModuleManager: Shutting down and abandoning module ContentBrowser (83)
[2016.05.10-17.06.57:381][545]LogModuleManager: Shutting down and abandoning module Paper2DEditor (82)
[2016.05.10-17.06.57:519][545]LogModuleManager: Shutting down and abandoning module unrealEngineProject (81)
[2016.05.10-17.06.57:519][545]LogModuleManager: Shutting down and abandoning module UdpMessaging (80)
[2016.05.10-17.06.57:637][545]LogModuleManager: Shutting down and abandoning module Paper2D (79)
[2016.05.10-17.06.57:674][545]LogModuleManager: Shutting down and abandoning module WindowsMoviePlayer (78)
[2016.05.10-17.06.57:688][545]LogModuleManager: Shutting down and abandoning module Media (77)
[2016.05.10-17.06.57:688][545]LogModuleManager: Shutting down and abandoning module WmfMedia (76)
[2016.05.10-17.06.57:730][545]LogModuleManager: Shutting down and abandoning module OnlineBlueprintSupport (75)
[2016.05.10-17.06.57:730][545]LogModuleManager: Shutting down and abandoning module PropertyEditor (74)
[2016.05.10-17.06.57:761][545]LogModuleManager: Shutting down and abandoning module BehaviorTreeEditor (73)
[2016.05.10-17.06.57:777][545]LogModuleManager: Shutting down and abandoning module FunctionalTesting (72)
[2016.05.10-17.06.57:786][545]LogModuleManager: Shutting down and abandoning module CollisionAnalyzer (71)
[2016.05.10-17.06.57:806][545]LogModuleManager: Shutting down and abandoning module WorkspaceMenuStructure (70)
[2016.05.10-17.06.57:877][545]LogModuleManager: Shutting down and abandoning module MessageLog (69)
[2016.05.10-17.06.57:877][545]LogModuleManager: Shutting down and abandoning module Sequencer (68)
[2016.05.10-17.06.57:890][545]LogModuleManager: Shutting down and abandoning module AssetTools (67)
[2016.05.10-17.06.57:921][545]LogModuleManager: Shutting down and abandoning module UMGEditor (66)
[2016.05.10-17.06.57:931][545]LogModuleManager: Shutting down and abandoning module UMG (65)
[2016.05.10-17.06.57:954][545]LogModuleManager: Shutting down and abandoning module Slate (64)
[2016.05.10-17.06.57:954][545]LogModuleManager: Shutting down and abandoning module EditorStyle (63)
[2016.05.10-17.06.58:055][545]LogModuleManager: Shutting down and abandoning module SessionServices (62)
[2016.05.10-17.06.58:055][545]LogModuleManager: Shutting down and abandoning module SourceCodeAccess (61)
[2016.05.10-17.06.58:085][545]LogModuleManager: Shutting down and abandoning module HeadMountedDisplay (60)
[2016.05.10-17.06.58:092][545]LogModuleManager: Shutting down and abandoning module XAudio2 (59)
[2016.05.10-17.06.58:092][545]LogModuleManager: Shutting down and abandoning module Networking (57)
[2016.05.10-17.06.58:092][545]LogModuleManager: Shutting down and abandoning module Core (56)
[2016.05.10-17.06.58:092][545]LogModuleManager: Shutting down and abandoning module KismetCompiler (55)
[2016.05.10-17.06.58:107][545]LogModuleManager: Shutting down and abandoning module PhysXFormats (54)
[2016.05.10-17.06.58:120][545]LogModuleManager: Shutting down and abandoning module MeshUtilities (53)
[2016.05.10-17.06.58:147][545]LogModuleManager: Shutting down and abandoning module DerivedDataCache (52)
[2016.05.10-17.06.58:219][545]LogDerivedDataCache: Shutdown
[2016.05.10-17.06.58:219][545]LogModuleManager: Shutting down and abandoning module ShaderFormatOpenGL (51)
[2016.05.10-17.06.58:237][545]LogModuleManager: Shutting down and abandoning module ShaderFormatD3D (50)
[2016.05.10-17.06.58:248][545]LogModuleManager: Shutting down and abandoning module MetalShaderFormat (49)
[2016.05.10-17.06.58:259][545]LogModuleManager: Shutting down and abandoning module TextureFormatUncompressed (48)
[2016.05.10-17.06.58:269][545]LogModuleManager: Shutting down and abandoning module TextureFormatPVR (47)
[2016.05.10-17.06.58:269][545]LogModuleManager: Shutting down and abandoning module TextureFormatIntelISPCTexComp (46)
[2016.05.10-17.06.58:270][545]LogModuleManager: Shutting down and abandoning module TextureFormatDXT (45)
[2016.05.10-17.06.58:272][545]LogModuleManager: Shutting down and abandoning module ImageWrapper (44)
[2016.05.10-17.06.58:272][545]LogModuleManager: Shutting down and abandoning module TextureFormatASTC (43)
[2016.05.10-17.06.58:272][545]LogModuleManager: Shutting down and abandoning module TextureFormatAndroid (42)
[2016.05.10-17.06.58:272][545]LogModuleManager: Shutting down and abandoning module AudioFormatOpus (41)
[2016.05.10-17.06.58:276][545]LogModuleManager: Shutting down and abandoning module AudioFormatOgg (40)
[2016.05.10-17.06.58:282][545]LogModuleManager: Shutting down and abandoning module AudioFormatADPCM (39)
[2016.05.10-17.06.58:282][545]LogModuleManager: Shutting down and abandoning module LinuxTargetPlatform (38)
[2016.05.10-17.06.58:282][545]LogModuleManager: Shutting down and abandoning module LinuxServerTargetPlatform (37)
[2016.05.10-17.06.58:282][545]LogModuleManager: Shutting down and abandoning module LinuxNoEditorTargetPlatform (36)
[2016.05.10-17.06.58:290][545]LogModuleManager: Shutting down and abandoning module Messaging (35)
[2016.05.10-17.06.58:290][545]LogModuleManager: Shutting down and abandoning module IOSTargetPlatform (34)
[2016.05.10-17.06.58:290][545]LogModuleManager: Shutting down and abandoning module HTML5TargetPlatform (33)
[2016.05.10-17.06.58:290][545]LogModuleManager: Shutting down and abandoning module Android_PVRTCTargetPlatform (32)
[2016.05.10-17.06.58:290][545]LogModuleManager: Shutting down and abandoning module Android_ETC2TargetPlatform (31)
[2016.05.10-17.06.58:301][545]LogModuleManager: Shutting down and abandoning module Android_ETC1TargetPlatform (30)
[2016.05.10-17.06.58:301][545]LogModuleManager: Shutting down and abandoning module Android_DXTTargetPlatform (29)
[2016.05.10-17.06.58:301][545]LogModuleManager: Shutting down and abandoning module Android_ATCTargetPlatform (28)
[2016.05.10-17.06.58:301][545]LogModuleManager: Shutting down and abandoning module Android_ASTCTargetPlatform (27)
[2016.05.10-17.06.58:301][545]LogModuleManager: Shutting down and abandoning module AndroidTargetPlatform (26)
[2016.05.10-17.06.58:301][545]LogModuleManager: Shutting down and abandoning module WindowsTargetPlatform (25)
[2016.05.10-17.06.58:322][545]LogModuleManager: Shutting down and abandoning module WindowsServerTargetPlatform (24)
[2016.05.10-17.06.58:322][545]LogModuleManager: Shutting down and abandoning module WindowsNoEditorTargetPlatform (23)
[2016.05.10-17.06.58:322][545]LogModuleManager: Shutting down and abandoning module WindowsClientTargetPlatform (22)
[2016.05.10-17.06.58:322][545]LogModuleManager: Shutting down and abandoning module DesktopTargetPlatform (21)
[2016.05.10-17.06.58:322][545]LogModuleManager: Shutting down and abandoning module TargetPlatform (20)
[2016.05.10-17.06.58:332][545]LogModuleManager: Shutting down and abandoning module InputCore (19)
[2016.05.10-17.06.58:332][545]LogModuleManager: Shutting down and abandoning module Settings (18)
[2016.05.10-17.06.58:348][545]LogModuleManager: Shutting down and abandoning module OnlineSubsystem (16)
[2016.05.10-17.06.58:348][545]LogModuleManager: Shutting down and abandoning module HTTP (15)
[2016.05.10-17.06.58:348][545]LogModuleManager: Shutting down and abandoning module ExampleDeviceProfileSelector (14)
[2016.05.10-17.06.58:348][545]LogModuleManager: Shutting down and abandoning module TextureCompressor (13)
[2016.05.10-17.06.58:368][545]LogModuleManager: Shutting down and abandoning module ShaderCore (12)
[2016.05.10-17.06.58:368][545]LogModuleManager: Shutting down and abandoning module Landscape (11)
[2016.05.10-17.06.58:368][545]LogModuleManager: Shutting down and abandoning module SlateRHIRenderer (10)
[2016.05.10-17.06.58:541][545]LogModuleManager: Shutting down and abandoning module OpenGLDrv (9)
[2016.05.10-17.06.58:565][545]LogModuleManager: Shutting down and abandoning module D3D11RHI (8)
[2016.05.10-17.06.58:565][545]LogModuleManager: Shutting down and abandoning module Renderer (7)
[2016.05.10-17.06.58:565][545]LogModuleManager: Shutting down and abandoning module Engine (6)
[2016.05.10-17.06.58:565][545]LogModuleManager: Shutting down and abandoning module CoreUObject (5)
[2016.05.10-17.06.58:565][545]LogModuleManager: Shutting down and abandoning module NetworkFile (4)
[2016.05.10-17.06.58:576][545]LogModuleManager: Shutting down and abandoning module StreamingFile (3)
[2016.05.10-17.06.58:599][545]LogModuleManager: Shutting down and abandoning module SandboxFile (2)
[2016.05.10-17.06.58:619][545]LogModuleManager: Shutting down and abandoning module PakFile (1)
[2016.05.10-17.06.58:737][545]LogExit: Exiting.
[2016.05.10-17.06.58:813][545]Log file closed, 05/11/16 02:06:58
