[2016.05.06-09.41.44:056][  0]Log file open, 05/06/16 18:41:44
[2016.05.06-09.41.44:056][  0]LogInit:Display: Running engine for game: unrealEngineProject
[2016.05.06-09.41.44:056][  0]LogInit:Display: RandInit(1449532369) SRandInit(1449532369).
[2016.05.06-09.41.44:056][  0]LogTaskGraph: Started task graph with 4 named threads and 5 total threads.
[2016.05.06-09.41.44:056][  0]LogStats: Stats thread started
[2016.05.06-09.41.44:056][  0]LogInit: Version: 4.8.3-2634408+++depot+UE4-Releases+4.8
[2016.05.06-09.41.44:056][  0]LogInit: API Version: 2579680
[2016.05.06-09.41.44:056][  0]LogInit: Compiled (64-bit): Jul 27 2015 16:24:33
[2016.05.06-09.41.44:056][  0]LogInit: Compiled with Visual C++: 18.00.21005.01
[2016.05.06-09.41.44:056][  0]LogInit: Build Configuration: Development
[2016.05.06-09.41.44:056][  0]LogInit: Branch Name: ++depot+UE4-Releases+4.8
[2016.05.06-09.41.44:056][  0]LogInit: Command line:  
[2016.05.06-09.41.44:056][  0]LogInit: Base directory: C:/Program Files (x86)/Epic Games/4.8/Engine/Binaries/Win64/
[2016.05.06-09.41.44:056][  0]LogInit: Rocket: 1
[2016.05.06-09.41.44:079][  0]LogInit: Using libcurl 7.41.0
[2016.05.06-09.41.44:079][  0]LogInit:  - built for x86_64-pc-win32
[2016.05.06-09.41.44:079][  0]LogInit:  - supports SSL with WinSSL
[2016.05.06-09.41.44:079][  0]LogInit:  - other features:
[2016.05.06-09.41.44:079][  0]LogInit:      CURL_VERSION_SSL
[2016.05.06-09.41.44:079][  0]LogInit:      CURL_VERSION_IPV6
[2016.05.06-09.41.44:079][  0]LogInit:      CURL_VERSION_ASYNCHDNS
[2016.05.06-09.41.44:079][  0]LogInit:      CURL_VERSION_LARGEFILE
[2016.05.06-09.41.44:079][  0]LogInit:      CURL_VERSION_IDN
[2016.05.06-09.41.44:079][  0]LogInit:  CurlRequestOptions (configurable via config and command line):
[2016.05.06-09.41.44:079][  0]LogInit:  - bVerifyPeer = true  - Libcurl will verify peer certificate
[2016.05.06-09.41.44:079][  0]LogInit:  - bUseHttpProxy = false  - Libcurl will NOT use HTTP proxy
[2016.05.06-09.41.44:079][  0]LogInit:  - bDontReuseConnections = false  - Libcurl will reuse connections
[2016.05.06-09.41.44:079][  0]LogInit:  - CertBundlePath = nullptr  - Libcurl will use whatever was configured at build time.
[2016.05.06-09.41.44:098][  0]LogOnline:Warning: No default platform service specified for OnlineSubsystem
[2016.05.06-09.41.44:125][  0]LogInit: Presizing for 0 objects not considered by GC, pre-allocating 0 bytes.
[2016.05.06-09.41.44:133][  0]LogInit: Object subsystem initialized
[2016.05.06-09.41.44:135][  0]LogConsoleResponse:Warning: Skipping Unknown console variable: 'TranslucentSortAxis = (X=0.000000,Y=-1.000000,Z=0.000000)'
[2016.05.06-09.41.44:135][  0]LogConsoleResponse:Warning:   Found in ini file 'C:/Users/gclab/Desktop/Genie/src/unrealEngineProject/Saved/Config/Windows/Engine.ini', in section '[/Script/Engine.RendererSettings]'
[2016.05.06-09.41.44:135][  0]LogConsoleResponse:Warning: Skipping Unknown console variable: 'UIScaleRule = ShortestSide'
[2016.05.06-09.41.44:135][  0]LogConsoleResponse:Warning:   Found in ini file 'C:/Users/gclab/Desktop/Genie/src/unrealEngineProject/Saved/Config/Windows/Engine.ini', in section '[/Script/Engine.RendererSettings]'
[2016.05.06-09.41.44:135][  0]LogConsoleResponse:Warning: Skipping Unknown console variable: 'UIScaleCurve = (EditorCurveData=(Keys=),ExternalCurve=None)'
[2016.05.06-09.41.44:135][  0]LogConsoleResponse:Warning:   Found in ini file 'C:/Users/gclab/Desktop/Genie/src/unrealEngineProject/Saved/Config/Windows/Engine.ini', in section '[/Script/Engine.RendererSettings]'
[2016.05.06-09.41.44:135][  0]LogInit: Selected Device Profile: [Windows]
[2016.05.06-09.41.44:135][  0]LogInit: Applying CVar settings loaded from the selected device profile: [Windows]
[2016.05.06-09.41.44:157][  0]LogInit: Computer: GCLAB-MAIN
[2016.05.06-09.41.44:157][  0]LogInit: User: gclab
[2016.05.06-09.41.44:157][  0]LogInit: CPU Page size=4096, Cores=2
[2016.05.06-09.41.44:157][  0]LogInit: High frequency timer resolution =2.338335 MHz
[2016.05.06-09.41.44:158][  0]LogMemory: Memory total: Physical=3.9GB (4GB approx)
[2016.05.06-09.41.44:158][  0]LogMemory: Platform Memory Stats for Windows
[2016.05.06-09.41.44:158][  0]LogMemory: Process Physical Memory: 50.51 MB used, 50.51 MB peak
[2016.05.06-09.41.44:158][  0]LogMemory: Process Virtual Memory: 22.34 MB used, 23.27 MB peak
[2016.05.06-09.41.44:158][  0]LogMemory: Physical Memory: 2457.20 MB used, 3999.62 MB total
[2016.05.06-09.41.44:158][  0]LogMemory: Virtual Memory: 313.17 MB used, 134217728.00 MB total
[2016.05.06-09.41.44:267][  0]LogTextLocalizationManager: The requested culture ('ko_KR') has no localization data; parent culture's ('ko') localization data will be used.
[2016.05.06-09.41.44:378][  0]LogTextLocalizationManager:Warning: Loaded localization resources contain conflicting entries for (Namespace:ContentBrowser, Key:ImportAssetToolTip):
Localization Resource: (C:/Program Files (x86)/Epic Games/4.8/Engine/Content/Localization/Editor/ko/Editor.locres) Source String Hash: (-630476809) Localized String: ({0} 에 임포트...)
Localization Resource: (C:/Program Files (x86)/Epic Games/4.8/Engine/Content/Localization/Editor/ko/Editor.locres) Source String Hash: (1271782899) Localized String: (파일에서 이 폴더로 애셋을 임포트합니다.)
[2016.05.06-09.41.44:876][  0]LogD3D11RHI: Found D3D11 adapter 0: Intel(R) HD Graphics Family (Feature Level 11_0)
[2016.05.06-09.41.44:876][  0]LogD3D11RHI: Adapter has 112MB of dedicated video memory, 0MB of dedicated system memory, and 1999MB of shared system memory, 1 output[s]
[2016.05.06-09.41.44:895][  0]LogD3D11RHI: Found D3D11 adapter 1: NVIDIA GeForce 820M          (Feature Level 11_0)
[2016.05.06-09.41.44:895][  0]LogD3D11RHI: Adapter has 973MB of dedicated video memory, 0MB of dedicated system memory, and 1999MB of shared system memory, 0 output[s]
[2016.05.06-09.41.44:900][  0]LogD3D11RHI: Found D3D11 adapter 2: Microsoft Basic Render Driver (Feature Level 11_0)
[2016.05.06-09.41.44:900][  0]LogD3D11RHI: Adapter has 0MB of dedicated video memory, 0MB of dedicated system memory, and 1999MB of shared system memory, 0 output[s]
[2016.05.06-09.41.44:900][  0]LogD3D11RHI: Chosen D3D11 Adapter Id = 0
[2016.05.06-09.41.44:908][  0]LogD3D11RHI: InitD3DDevice
[2016.05.06-09.41.44:908][  0]LogD3D11RHI: !Direct3DDevice
[2016.05.06-09.41.44:908][  0]LogRHI: Texture pool is 1361 MB (70% of 1945 MB)
[2016.05.06-09.41.44:925][  0]LogD3D11RHI: Async texture creation enabled
[2016.05.06-09.41.44:951][  0]LogShaderCompilers:Display: Using Local Shader Compiler.
[2016.05.06-09.41.47:641][  0]LogTemp:Display: Loaded TP DesktopTargetPlatform
[2016.05.06-09.41.47:667][  0]LogTemp:Display: Loaded TP WindowsClientTargetPlatform
[2016.05.06-09.41.47:691][  0]LogTemp:Display: Loaded TP WindowsNoEditorTargetPlatform
[2016.05.06-09.41.47:717][  0]LogTemp:Display: Loaded TP WindowsServerTargetPlatform
[2016.05.06-09.41.47:742][  0]LogTemp:Display: Loaded TP WindowsTargetPlatform
[2016.05.06-09.41.47:767][  0]LogTemp:Display: Loaded TP AndroidTargetPlatform
[2016.05.06-09.41.47:793][  0]LogTemp:Display: Loaded TP Android_ASTCTargetPlatform
[2016.05.06-09.41.47:814][  0]LogTemp:Display: Loaded TP Android_ATCTargetPlatform
[2016.05.06-09.41.47:835][  0]LogTemp:Display: Loaded TP Android_DXTTargetPlatform
[2016.05.06-09.41.47:858][  0]LogTemp:Display: Loaded TP Android_ETC1TargetPlatform
[2016.05.06-09.41.47:882][  0]LogTemp:Display: Loaded TP Android_ETC2TargetPlatform
[2016.05.06-09.41.47:903][  0]LogTemp:Display: Loaded TP Android_PVRTCTargetPlatform
[2016.05.06-09.41.48:016][  0]LogTemp:Display: Loaded TP IOSTargetPlatform
[2016.05.06-09.41.48:039][  0]LogTemp:Display: Loaded TP LinuxNoEditorTargetPlatform
[2016.05.06-09.41.48:060][  0]LogTemp:Display: Loaded TP LinuxServerTargetPlatform
[2016.05.06-09.41.48:090][  0]LogTemp:Display: Loaded TP LinuxTargetPlatform
[2016.05.06-09.41.48:090][  0]LogTargetPlatformManager:Display: Building Assets For Windows
[2016.05.06-09.41.48:762][  0]LogDerivedDataCache:Display: Max Cache Size: 512 MB
[2016.05.06-09.41.48:930][  0]LogDerivedDataCache: Loaded boot cache 0.17s 53MB C:/Users/gclab/AppData/Local/UnrealEngine/4.8/DerivedDataCache/Boot.ddc.
[2016.05.06-09.41.48:930][  0]LogDerivedDataCache:Display: Loaded Boot cache: C:/Users/gclab/AppData/Local/UnrealEngine/4.8/DerivedDataCache/Boot.ddc
[2016.05.06-09.41.48:930][  0]LogDerivedDataCache: FDerivedDataBackendGraph:  Pak pak cache file ../../../../../../Users/gclab/Desktop/Genie/src/unrealEngineProject/DerivedDataCache/DDC.ddp not found, will not use a pak cache.
[2016.05.06-09.41.48:930][  0]LogDerivedDataCache: Unable to find inner node Pak for hierarchical cache Hierarchy.
[2016.05.06-09.41.48:930][  0]LogDerivedDataCache: FDerivedDataBackendGraph:  CompressedPak pak cache file ../../../../../../Users/gclab/Desktop/Genie/src/unrealEngineProject/DerivedDataCache/Compressed.ddp not found, will not use a pak cache.
[2016.05.06-09.41.48:930][  0]LogDerivedDataCache: Unable to find inner node CompressedPak for hierarchical cache Hierarchy.
[2016.05.06-09.41.49:144][  0]LogDerivedDataCache:Display: Pak cache opened for reading ../../../Engine/DerivedDataCache/Compressed.ddp.
[2016.05.06-09.41.49:157][  0]LogDerivedDataCache: Using Local data cache path C:/Users/gclab/AppData/Local/UnrealEngine/Common/DerivedDataCache: Writable
[2016.05.06-09.41.53:076][  0]LogInit: Selected Device Profile: [Windows]
[2016.05.06-09.41.53:229][  0]ImportText (ComponentSweepMultiTests): Missing closing parenthesis: (RootShapeAsset="/Engine/BasicShapes/Cube.Cube",ShapeType="TriggerCapsule",HitResult=(Time=0.50,Location=(X=-100.000015,Y=0.0,Z=100.000015),ImpactPoint=(X=-50.0,Y=0.0,Z=50.0),Normal=(X=-1.0,Y=-0.0,Z=0.0),ImpactNormal=(X=0.0,Y=0.0,Z=1.0),TraceStart=(X=-200.0,Y=0.0,Z=200.0),TraceEnd=(X=0.0,Y=0.0,Z=0.0))
[2016.05.06-09.41.53:229][  0]ImportText (LineTraceSingleByChannelTests): Missing closing parenthesis: (RootShapeAsset="/Engine/BasicShapes/Cube.Cube",HitResult=(Time=0.50,Location=(X=-100.000015,Y=0.0,Z=100.000015),ImpactPoint=(X=-50.0,Y=0.0,Z=50.0),Normal=(X=-1.0,Y=-0.0,Z=0.0),ImpactNormal=(X=0.0,Y=0.0,Z=1.0),TraceStart=(X=-200.0,Y=0.0,Z=200.0),TraceEnd=(X=0.0,Y=0.0,Z=0.0))
[2016.05.06-09.41.53:300][  0]LogMeshUtilities: No automatic mesh reduction module available
[2016.05.06-09.41.53:300][  0]LogMeshUtilities: No automatic mesh merging module available
[2016.05.06-09.41.54:268][  0]LogInit: WinSock: version 1.1 (2.2), MaxSocks=32767, MaxUdp=65467
[2016.05.06-09.41.57:527][  0]UdpMessaging: Initializing bridge on interface 0.0.0.0:0 to multicast group 230.0.0.1:6666.
[2016.05.06-09.41.58:366][  0]SourceControl: 정보 소스 콘트롤이 꺼졌습니다.
[2016.05.06-09.41.58:368][  0]SourceControl: 정보 소스 콘트롤이 꺼졌습니다.
[2016.05.06-09.41.58:393][  0]SourceControl: 정보 소스 콘트롤이 꺼졌습니다.
[2016.05.06-09.41.58:419][  0]SourceControl: 정보 소스 콘트롤이 꺼졌습니다.
[2016.05.06-09.41.58:956][  0]LogObj: 26288 objects as part of root set at end of initial load.
[2016.05.06-09.41.58:956][  0]LogUObjectAllocator: 5419888 out of 0 bytes used by permanent object pool.
[2016.05.06-09.41.59:142][  0]LogEngine: Initializing Engine...
[2016.05.06-09.41.59:146][  0]LogHMD: Can't find Oculus library dev build: is proper Runtime installed? Version: 0.6.0.0
[2016.05.06-09.41.59:167][  0]LogHMD:Warning: SteamVR failed to initialize.  Error: 110
[2016.05.06-09.41.59:606][  0]LogAIModule: Creating AISystem for world NewWorld
[2016.05.06-09.41.59:622][  0]LogInit: XAudio2 using 'MON-SIS330(인텔(R) 디스플레이 오디오)' : 2 channels at 48 kHz using 16 bits per sample (channel mask 0x3)
[2016.05.06-09.41.59:730][  0]LogInit: FAudioDevice initialized.
[2016.05.06-09.41.59:776][  0]LogDerivedDataCache: Saved boot cache 0.05s 53MB C:/Users/gclab/AppData/Local/UnrealEngine/4.8/DerivedDataCache/Boot.ddc.
[2016.05.06-09.41.59:786][  0]LogInit: Texture streaming: Disabled
[2016.05.06-09.41.59:836][  0]LogAnalytics: Creating configured Analytics provider AnalyticsET
[2016.05.06-09.41.59:837][  0]LogAnalytics: [UEEditor.Rocket.Release] APIServer = http://et2.epicgames.com/ET2/. AppVersion = 4.8.3-2634408+++depot+UE4-Releases+4.8
[2016.05.06-09.41.59:837][  0]LogAnalytics: [UEEditor.Rocket.Release] SetUserId 49c4b63f418719fe9578b5842cb15dbd|439c2ebe05d94c61af762ab3af66f0bd|c153a27e-d88d-4909-81f2-9bdb1b6290e1
[2016.05.06-09.41.59:837][  0]LogAnalytics: [UEEditor.Rocket.Release] AnalyticsET::StartSession
[2016.05.06-09.41.59:916][  0]LogInit: Transaction tracking system initialized
[2016.05.06-09.42.00:305][  0]BlueprintLog: New page: 에디터 로드
[2016.05.06-09.42.00:379][  0]LogAssetRegistry: FAssetRegistry took 0.0133 seconds to start up
[2016.05.06-09.42.00:380][  0]LogDirectoryWatcher:Warning: Failed to begin reading directory changes for ../../../Engine/Plugins/Experimental/CharacterAI/Content/. Error: 0
[2016.05.06-09.42.02:209][  0]LogConsoleManager:Warning: Console variable 'r.VSync' wasn't set ('GameSetting' has a lower priority than 'SystemSettingsIni')
[2016.05.06-09.42.02:210][  0]LogConsoleResponse:Display: 
[2016.05.06-09.42.02:757][  0]LogCook:Display: Done creating registry. It took  0.00s.
[2016.05.06-09.42.03:276][  0]SourceControl: 정보 소스 콘트롤이 꺼졌습니다.
[2016.05.06-09.42.03:280][  0]Cmd: MAP LOAD FILE="../../../Engine/Content/Maps/Templates/Template_Default.umap" TEMPLATE=1 SHOWPROGRESS=1 FEATURELEVEL=3
[2016.05.06-09.42.03:287][  0]LightingResults: New page: 라이팅 빌드
[2016.05.06-09.42.03:324][  0]MapCheck: New page: 맵 체크
[2016.05.06-09.42.03:324][  0]LightingResults: New page: 라이팅 빌드
[2016.05.06-09.42.03:356][  0]LogParticles: Destroying 0 GPU particle simulations for FXSystem 0x000001E114CFE2A0
[2016.05.06-09.42.05:064][  0]LogAIModule: Creating AISystem for world Untitled_1
[2016.05.06-09.42.05:093][  0]LogEditorServer: Finished looking for orphan Actors (0.001 secs)
[2016.05.06-09.42.05:114][  0]Cmd: MAP CHECKDEP NOCLEARLOG
[2016.05.06-09.42.05:195][  0]MapCheck: 정보 맵 체크 완료: 오류 0 회, 경고 0 회, 소요 시간 80.819ms.
[2016.05.06-09.42.05:196][  0]LogFileHelpers: Loading map 'Template_Default' took 1.918
[2016.05.06-09.42.05:636][  0]LogCollectionManager: Loaded 0 collections in 0.005055 seconds
[2016.05.06-09.42.05:661][  0]LogContentBrowser: Native class hierarchy populated in 0.0238 seconds. Added 1795 classes and 303 folders.
[2016.05.06-09.42.05:810][  0]LogContentBrowser: Native class hierarchy updated for 'WidgetCarousel' in 0.0040 seconds. Added 0 classes and 0 folders.
[2016.05.06-09.42.06:069][  0]LogContentBrowser: Native class hierarchy updated for 'AddContentDialog' in 0.0028 seconds. Added 0 classes and 0 folders.
[2016.05.06-09.42.06:123][  0]LogContentBrowser: Native class hierarchy updated for 'SceneOutliner' in 0.0028 seconds. Added 1 classes and 2 folders.
[2016.05.06-09.42.06:345][  0]LogCrashTracker: Crashtracker disabled due to settings.
[2016.05.06-09.42.06:362][  0]LogD3D11RHI: InitD3DDevice
[2016.05.06-09.42.06:377][  0]LogUObjectGlobals:Warning: 'Class 없음.' 오브젝트를 찾는 데 실패했습니다.
[2016.05.06-09.42.06:406][  0]LogLoad: Full Startup: 25.34 seconds (BP compile: 0.27 seconds)
[2016.05.06-09.42.06:822][  0]LogContentStreaming: Texture pool size is 0.000000MB
[2016.05.06-09.42.06:869][  0]LogContentStreaming: Texture pool size now 400 MB
[2016.05.06-09.42.07:243][  0]LogRenderer: Reallocating scene render targets to support 608x1128 (Frame:2).
[2016.05.06-09.42.08:791][  9]LogAssetRegistry: Asset discovery search completed in 8.4238 seconds
[2016.05.06-09.42.20:314][756]LogD3D11RHI: InitD3DDevice
[2016.05.06-09.42.26:202][ 99]LogD3D11RHI: InitD3DDevice
[2016.05.06-09.42.26:215][ 99]LogD3D11RHI: InitD3DDevice
[2016.05.06-09.42.38:356][823]LogD3D11RHI: InitD3DDevice
[2016.05.06-09.42.38:386][823]LogUObjectGlobals:Warning: Guid is in use by ArrowComponent /Temp/Untitled_1.Untitled_1:PersistentLevel.LightSource.ArrowComponent0 and ArrowComponent /Game/Map/Loading.Loading:PersistentLevel.LightSource.ArrowComponent0, which should never happen in the editor but could happen at runtime with duplicate level loading or PIE
[2016.05.06-09.42.38:386][823]LogUObjectGlobals:Warning: Guid is in use by ArrowComponent /Temp/Untitled_1.Untitled_1:PersistentLevel.PlayerStart.Arrow and ArrowComponent /Game/Map/Loading.Loading:PersistentLevel.PlayerStart.Arrow, which should never happen in the editor but could happen at runtime with duplicate level loading or PIE
[2016.05.06-09.42.38:386][823]LogUObjectGlobals:Warning: Guid is in use by BillboardComponent /Temp/Untitled_1.Untitled_1:PersistentLevel.PlayerStart.Sprite and BillboardComponent /Game/Map/Loading.Loading:PersistentLevel.PlayerStart.Sprite, which should never happen in the editor but could happen at runtime with duplicate level loading or PIE
[2016.05.06-09.42.38:386][823]LogUObjectGlobals:Warning: Guid is in use by BillboardComponent /Temp/Untitled_1.Untitled_1:PersistentLevel.PlayerStart.Sprite2 and BillboardComponent /Game/Map/Loading.Loading:PersistentLevel.PlayerStart.Sprite2, which should never happen in the editor but could happen at runtime with duplicate level loading or PIE
[2016.05.06-09.42.38:386][823]LogUObjectGlobals:Warning: Guid is in use by BillboardComponent /Temp/Untitled_1.Untitled_1:PersistentLevel.SkyLight_1.Sprite and BillboardComponent /Game/Map/Loading.Loading:PersistentLevel.SkyLight_1.Sprite, which should never happen in the editor but could happen at runtime with duplicate level loading or PIE
[2016.05.06-09.42.38:386][823]LogUObjectGlobals:Warning: Guid is in use by CapsuleComponent /Temp/Untitled_1.Untitled_1:PersistentLevel.PlayerStart.CollisionCapsule and CapsuleComponent /Game/Map/Loading.Loading:PersistentLevel.PlayerStart.CollisionCapsule, which should never happen in the editor but could happen at runtime with duplicate level loading or PIE
[2016.05.06-09.42.38:386][823]LogUObjectGlobals:Warning: Guid is in use by DirectionalLightComponent /Temp/Untitled_1.Untitled_1:PersistentLevel.LightSource.LightComponent0 and DirectionalLightComponent /Game/Map/Loading.Loading:PersistentLevel.LightSource.LightComponent0, which should never happen in the editor but could happen at runtime with duplicate level loading or PIE
[2016.05.06-09.42.38:386][823]LogUObjectGlobals:Warning: Guid is in use by SkyLightComponent /Temp/Untitled_1.Untitled_1:PersistentLevel.SkyLight_1.SkyLightComponent0 and SkyLightComponent /Game/Map/Loading.Loading:PersistentLevel.SkyLight_1.SkyLightComponent0, which should never happen in the editor but could happen at runtime with duplicate level loading or PIE
[2016.05.06-09.42.38:387][823]LogAIModule: Creating AISystem for world Loading
[2016.05.06-09.42.38:479][823]Cmd: MAP LOAD FILE="../../../../../../Users/gclab/Desktop/Genie/src/unrealEngineProject/Content/Map/Loading.umap" TEMPLATE=0 SHOWPROGRESS=1 FEATURELEVEL=3
[2016.05.06-09.42.38:479][823]LightingResults: New page: 라이팅 빌드
[2016.05.06-09.42.38:503][823]LoadErrors: New page: 맵 로드중: Loading.umap
[2016.05.06-09.42.38:503][823]MapCheck: New page: 맵 체크
[2016.05.06-09.42.38:503][823]LightingResults: New page: 라이팅 빌드
[2016.05.06-09.42.38:524][823]LogParticles: Destroying 0 GPU particle simulations for FXSystem 0x000001E108A772E0
[2016.05.06-09.42.38:621][823]LogAIModule: Creating AISystem for world Loading
[2016.05.06-09.42.38:663][823]LogEditorServer: Finished looking for orphan Actors (0.000 secs)
[2016.05.06-09.42.38:711][823]Cmd: MAP CHECKDEP NOCLEARLOG
[2016.05.06-09.42.38:770][823]MapCheck: 정보 맵 체크 완료: 오류 0 회, 경고 0 회, 소요 시간 58.964ms.
[2016.05.06-09.42.38:770][823]LogFileHelpers: Loading map 'Loading' took 0.293
[2016.05.06-09.42.40:418][911]LogD3D11RHI: InitD3DDevice
[2016.05.06-09.42.40:772][927]LogD3D11RHI: InitD3DDevice
[2016.05.06-09.42.40:840][929]LogD3D11RHI: InitD3DDevice
[2016.05.06-09.42.41:026][936]LogD3D11RHI: InitD3DDevice
[2016.05.06-09.42.41:619][964]LogPlayLevel: PIE:  No blueprints needed recompiling
[2016.05.06-09.42.41:652][964]PIE: New page: PIE 세션: Loading (2016. 5. 7. 오전 3:42:41)
[2016.05.06-09.42.41:653][964]LogPlayLevel: Creating play world package: /Game/Map/UEDPIE_0_Loading
[2016.05.06-09.42.41:655][964]LogPlayLevel: PIE: StaticDuplicateObject took: (0.001477s)
[2016.05.06-09.42.41:656][964]LogAIModule: Creating AISystem for world Loading
[2016.05.06-09.42.41:657][964]LogPlayLevel: PIE: World Init took: (0.002099s)
[2016.05.06-09.42.41:658][964]LogPlayLevel: PIE: Created PIE world by copying editor world from /Game/Map/Loading.Loading to /Game/Map/UEDPIE_0_Loading.Loading (0.004780s)
[2016.05.06-09.42.41:709][964]LogInit: XAudio2 using 'MON-SIS330(인텔(R) 디스플레이 오디오)' : 2 channels at 48 kHz using 16 bits per sample (channel mask 0x3)
[2016.05.06-09.42.42:059][964]LogInit: FAudioDevice initialized.
[2016.05.06-09.42.42:118][964]LogWorld: Game class is 'GameMode'
[2016.05.06-09.42.42:128][964]LogWorld: Bringing World /Game/Map/UEDPIE_0_Loading.Loading up for play (max tick rate 0) at 2016.05.06-18.42.42
[2016.05.06-09.42.42:128][964]LogActor:Warning: GameSession /Game/Map/UEDPIE_0_Loading.Loading:PersistentLevel.GameSession_0 has natively added scene component(s), but none of them were set as the actor's RootComponent - picking one arbitrarily
[2016.05.06-09.42.42:129][964]LogActor:Warning: GameNetworkManager /Game/Map/UEDPIE_0_Loading.Loading:PersistentLevel.GameNetworkManager_0 has natively added scene component(s), but none of them were set as the actor's RootComponent - picking one arbitrarily
[2016.05.06-09.42.42:129][964]LogWorld: Bringing up level for play took: 0.002787
[2016.05.06-09.42.42:136][964]PIE: 정보 /Game/Map/UEDPIE_0_Loading 에 대한 에디터에서 플레이 시작 시간: 1.182
[2016.05.06-09.42.42:940][991]LogPackageName: SearchForPackageOnDisk took   0.119s to resolve GenieStart.umap
[2016.05.06-09.42.43:051][992]LogPackageName: SearchForPackageOnDisk took   0.105s to resolve GenieStart.umap
[2016.05.06-09.42.43:052][992]LogNet: Browse: /Game/Map/GenieStart
[2016.05.06-09.42.43:052][992]LogLoad: LoadMap: /Game/Map/GenieStart
[2016.05.06-09.42.43:078][992]LogParticles: Destroying 0 GPU particle simulations for FXSystem 0x000001E10B93A660
[2016.05.06-09.42.43:090][992]Cmd: MEM
[2016.05.06-09.42.43:129][992]LogMemory: Platform Memory Stats for Windows
[2016.05.06-09.42.43:129][992]LogMemory: Process Physical Memory: 479.13 MB used, 504.19 MB peak
[2016.05.06-09.42.43:129][992]LogMemory: Process Virtual Memory: 695.70 MB used, 696.84 MB peak
[2016.05.06-09.42.43:129][992]LogMemory: Physical Memory: 2848.30 MB used, 3999.62 MB total
[2016.05.06-09.42.43:129][992]LogMemory: Virtual Memory: 1381.03 MB used, 134217728.00 MB total
[2016.05.06-09.42.43:129][992]LogMemory: 
[2016.05.06-09.42.43:129][992]Allocator Stats for TBB: (not implemented)
[2016.05.06-09.42.43:549][992]LogAIModule: Creating AISystem for world GenieStart
[2016.05.06-09.42.43:550][992]LogWorld: Game class is 'GameMode'
[2016.05.06-09.42.43:554][992]LogWorld: Bringing World /Game/Map/UEDPIE_0_GenieStart.GenieStart up for play (max tick rate 0) at 2016.05.06-18.42.43
[2016.05.06-09.42.43:555][992]LogActor:Warning: GameSession /Game/Map/UEDPIE_0_GenieStart.GenieStart:PersistentLevel.GameSession_1 has natively added scene component(s), but none of them were set as the actor's RootComponent - picking one arbitrarily
[2016.05.06-09.42.43:555][992]LogActor:Warning: GameNetworkManager /Game/Map/UEDPIE_0_GenieStart.GenieStart:PersistentLevel.GameNetworkManager_1 has natively added scene component(s), but none of them were set as the actor's RootComponent - picking one arbitrarily
[2016.05.06-09.42.43:556][992]LogWorld: Bringing up level for play took: 0.004294
[2016.05.06-09.42.47:792][186]LogD3D11RHI: InitD3DDevice
[2016.05.06-09.42.48:349][214]LogD3D11RHI: InitD3DDevice
[2016.05.06-09.42.48:450][218]LogD3D11RHI: InitD3DDevice
[2016.05.06-09.42.49:123][248]LogParticles: Destroying 0 GPU particle simulations for FXSystem 0x000001E10B945620
[2016.05.06-09.42.52:088][422]LogD3D11RHI: InitD3DDevice
[2016.05.06-09.42.53:079][474]LogD3D11RHI: InitD3DDevice
[2016.05.06-09.42.53:717][505]LogD3D11RHI: InitD3DDevice
[2016.05.06-09.42.55:628][604]LogD3D11RHI: InitD3DDevice
[2016.05.06-09.44.10:521][  9]LogWindowsTextInputMethodSystem:Display: IME system now activated using TSF (Microsoft 입력기).
[2016.05.06-09.44.10:951][ 10]Cmd: QUIT_EDITOR
[2016.05.06-09.44.11:360][ 10]LogExit: Preparing to exit.
[2016.05.06-09.44.11:659][ 10]LogExit: Editor shut down
[2016.05.06-09.44.11:660][ 10]LogExit: Transaction tracking system shut down
[2016.05.06-09.44.11:660][ 10]LogParticles: Destroying 0 GPU particle simulations for FXSystem 0x000001E11A91C0E0
[2016.05.06-09.44.11:661][ 10]LogParticles: Destroying 0 GPU particle simulations for FXSystem 0x000001E11AA7E8E0
[2016.05.06-09.44.11:897][ 10]LogExit: Object subsystem successfully closed.
[2016.05.06-09.44.11:946][ 10]LogD3D11RHI: Shutdown
[2016.05.06-09.44.11:946][ 10]LogD3D11RHI: CleanupD3DDevice
[2016.05.06-09.44.12:008][ 10]LogD3D11RHI: ~FD3D11DynamicRHI
[2016.05.06-09.44.12:035][ 10]LogModuleManager: Shutting down and abandoning module CrashTracker (189)
[2016.05.06-09.44.12:035][ 10]LogModuleManager: Shutting down and abandoning module SceneOutliner (188)
[2016.05.06-09.44.12:035][ 10]LogModuleManager: Shutting down and abandoning module SuperSearch (187)
[2016.05.06-09.44.12:035][ 10]LogModuleManager: Shutting down and abandoning module WidgetCarousel (186)
[2016.05.06-09.44.12:035][ 10]LogModuleManager: Shutting down and abandoning module AddContentDialog (185)
[2016.05.06-09.44.12:037][ 10]LogModuleManager: Shutting down and abandoning module EditorWidgets (184)
[2016.05.06-09.44.12:037][ 10]LogModuleManager: Shutting down and abandoning module CollectionManager (183)
[2016.05.06-09.44.12:038][ 10]LogModuleManager: Shutting down and abandoning module StatsViewer (182)
[2016.05.06-09.44.12:039][ 10]LogModuleManager: Shutting down and abandoning module FoliageEdit (181)
[2016.05.06-09.44.12:040][ 10]LogModuleManager: Shutting down and abandoning module LandscapeEditor (180)
[2016.05.06-09.44.12:042][ 10]LogModuleManager: Shutting down and abandoning module ActorPickerMode (179)
[2016.05.06-09.44.12:042][ 10]LogModuleManager: Shutting down and abandoning module GeometryMode (178)
[2016.05.06-09.44.12:042][ 10]LogModuleManager: Shutting down and abandoning module TextureAlignMode (177)
[2016.05.06-09.44.12:042][ 10]LogModuleManager: Shutting down and abandoning module BspMode (176)
[2016.05.06-09.44.12:042][ 10]LogModuleManager: Shutting down and abandoning module PlacementMode (175)
[2016.05.06-09.44.12:042][ 10]LogModuleManager: Shutting down and abandoning module AutomationWorker (174)
[2016.05.06-09.44.12:042][ 10]LogModuleManager: Shutting down and abandoning module CharacterAI (173)
[2016.05.06-09.44.12:042][ 10]LogModuleManager: Shutting down and abandoning module SmartSnapping (172)
[2016.05.06-09.44.12:042][ 10]LogModuleManager: Shutting down and abandoning module ViewportSnapping (171)
[2016.05.06-09.44.12:042][ 10]LogModuleManager: Shutting down and abandoning module LogVisualizer (170)
[2016.05.06-09.44.12:044][ 10]LogModuleManager: Shutting down and abandoning module GameProjectGeneration (169)
[2016.05.06-09.44.12:046][ 10]LogModuleManager: Shutting down and abandoning module IntroTutorials (168)
[2016.05.06-09.44.12:048][ 10]LogModuleManager: Shutting down and abandoning module EditorLiveStreaming (167)
[2016.05.06-09.44.12:048][ 10]LogModuleManager: Shutting down and abandoning module IOSPlatformEditor (166)
[2016.05.06-09.44.12:049][ 10]LogModuleManager: Shutting down and abandoning module HTML5PlatformEditor (165)
[2016.05.06-09.44.12:049][ 10]LogModuleManager: Shutting down and abandoning module AndroidDeviceDetection (164)
[2016.05.06-09.44.12:846][ 10]LogModuleManager: Shutting down and abandoning module AndroidPlatformEditor (163)
[2016.05.06-09.44.12:846][ 10]LogModuleManager: Shutting down and abandoning module IOSRuntimeSettings (162)
[2016.05.06-09.44.12:846][ 10]LogModuleManager: Shutting down and abandoning module AndroidRuntimeSettings (161)
[2016.05.06-09.44.12:846][ 10]LogModuleManager: Shutting down and abandoning module MergeActors (160)
[2016.05.06-09.44.12:847][ 10]LogModuleManager: Shutting down and abandoning module SizeMap (159)
[2016.05.06-09.44.12:847][ 10]LogModuleManager: Shutting down and abandoning module TreeMap (158)
[2016.05.06-09.44.12:848][ 10]LogModuleManager: Shutting down and abandoning module ReferenceViewer (157)
[2016.05.06-09.44.12:848][ 10]LogModuleManager: Shutting down and abandoning module LocalizationDashboard (156)
[2016.05.06-09.44.12:849][ 10]LogModuleManager: Shutting down and abandoning module HardwareTargeting (155)
[2016.05.06-09.44.12:849][ 10]LogModuleManager: Shutting down and abandoning module DeviceProfileEditor (154)
[2016.05.06-09.44.12:850][ 10]LogModuleManager: Shutting down and abandoning module UndoHistory (153)
[2016.05.06-09.44.12:850][ 10]LogModuleManager: Shutting down and abandoning module GameplayTagsEditor (152)
[2016.05.06-09.44.12:851][ 10]LogModuleManager: Shutting down and abandoning module UserFeedback (151)
[2016.05.06-09.44.12:851][ 10]LogModuleManager: Shutting down and abandoning module XmlParser (150)
[2016.05.06-09.44.12:851][ 10]LogModuleManager: Shutting down and abandoning module Blutility (149)
[2016.05.06-09.44.12:852][ 10]LogModuleManager: Shutting down and abandoning module ProjectTargetPlatformEditor (148)
[2016.05.06-09.44.12:852][ 10]LogModuleManager: Shutting down and abandoning module ProjectSettingsViewer (147)
[2016.05.06-09.44.12:852][ 10]LogModuleManager: Shutting down and abandoning module InputBindingEditor (146)
[2016.05.06-09.44.12:853][ 10]LogModuleManager: Shutting down and abandoning module EditorSettingsViewer (145)
[2016.05.06-09.44.12:853][ 10]LogModuleManager: Shutting down and abandoning module SettingsEditor (144)
[2016.05.06-09.44.12:855][ 10]LogModuleManager: Shutting down and abandoning module ProjectLauncher (143)
[2016.05.06-09.44.12:856][ 10]LogModuleManager: Shutting down and abandoning module SessionFrontend (142)
[2016.05.06-09.44.12:856][ 10]LogModuleManager: Shutting down and abandoning module ProfilerClient (141)
[2016.05.06-09.44.12:857][ 10]LogModuleManager: Shutting down and abandoning module TargetDeviceServices (140)
[2016.05.06-09.44.12:857][ 10]LogModuleManager: Shutting down and abandoning module DeviceManager (139)
[2016.05.06-09.44.12:858][ 10]LogModuleManager: Shutting down and abandoning module AutomationController (138)
[2016.05.06-09.44.12:859][ 10]LogModuleManager: Shutting down and abandoning module AutomationWindow (137)
[2016.05.06-09.44.12:859][ 10]LogModuleManager: Shutting down and abandoning module Layers (136)
[2016.05.06-09.44.12:863][ 10]LogModuleManager: Shutting down and abandoning module ComponentVisualizers (135)
[2016.05.06-09.44.12:863][ 10]LogModuleManager: Shutting down and abandoning module DetailCustomizations (134)
[2016.05.06-09.44.12:865][ 10]LogModuleManager: Shutting down and abandoning module PackagesDialog (133)
[2016.05.06-09.44.12:866][ 10]LogModuleManager: Shutting down and abandoning module AssetRegistry (132)
[2016.05.06-09.44.12:979][ 10]LogModuleManager: Shutting down and abandoning module Persona (131)
[2016.05.06-09.44.12:982][ 10]LogModuleManager: Shutting down and abandoning module Kismet (130)
[2016.05.06-09.44.12:983][ 10]LogModuleManager: Shutting down and abandoning module GraphEditor (129)
[2016.05.06-09.44.12:987][ 10]LogModuleManager: Shutting down and abandoning module ClassViewer (128)
[2016.05.06-09.44.12:987][ 10]LogModuleManager: Shutting down and abandoning module Toolbox (127)
[2016.05.06-09.44.12:987][ 10]LogModuleManager: Shutting down and abandoning module ModuleUI (126)
[2016.05.06-09.44.12:988][ 10]LogModuleManager: Shutting down and abandoning module MovieSceneTools (125)
[2016.05.06-09.44.12:989][ 10]LogModuleManager: Shutting down and abandoning module OutputLog (124)
[2016.05.06-09.44.12:989][ 10]LogModuleManager: Shutting down and abandoning module GammaUI (123)
[2016.05.06-09.44.12:990][ 10]LogModuleManager: Shutting down and abandoning module Documentation (122)
[2016.05.06-09.44.12:990][ 10]LogModuleManager: Shutting down and abandoning module GameLiveStreaming (121)
[2016.05.06-09.44.12:990][ 10]LogModuleManager: Shutting down and abandoning module StreamingPauseRendering (120)
[2016.05.06-09.44.12:990][ 10]LogModuleManager: Shutting down and abandoning module AnalyticsET (119)
[2016.05.06-09.44.12:990][ 10]LogModuleManager: Shutting down and abandoning module Analytics (118)
[2016.05.06-09.44.12:990][ 10]LogModuleManager: Shutting down and abandoning module AITestSuite (117)
[2016.05.06-09.44.12:991][ 10]LogModuleManager: Shutting down and abandoning module GameplayDebugger (116)
[2016.05.06-09.44.12:991][ 10]LogModuleManager: Shutting down and abandoning module AIModule (115)
[2016.05.06-09.44.12:991][ 10]LogModuleManager: Shutting down and abandoning module ProfilerService (114)
[2016.05.06-09.44.13:203][ 10]LogModuleManager: Shutting down and abandoning module TaskGraph (113)
[2016.05.06-09.44.13:205][ 10]LogModuleManager: Shutting down and abandoning module SlateRemote (112)
[2016.05.06-09.44.13:205][ 10]LogModuleManager: Shutting down and abandoning module SteamVRController (111)
[2016.05.06-09.44.13:205][ 10]LogModuleManager: Shutting down and abandoning module SteamVR (110)
[2016.05.06-09.44.13:205][ 10]LogModuleManager: Shutting down and abandoning module ProceduralMeshComponent (109)
[2016.05.06-09.44.13:205][ 10]LogModuleManager: Shutting down and abandoning module OculusRift (108)
[2016.05.06-09.44.13:206][ 10]LogModuleManager: Shutting down and abandoning module LeapMotionController (107)
[2016.05.06-09.44.13:225][ 10]LogModuleManager: Shutting down and abandoning module CustomMeshComponent (106)
[2016.05.06-09.44.13:225][ 10]LogModuleManager: Shutting down and abandoning module CableComponent (105)
[2016.05.06-09.44.13:226][ 10]LogModuleManager: Shutting down and abandoning module MessagingDebugger (104)
[2016.05.06-09.44.13:228][ 10]LogModuleManager: Shutting down and abandoning module MediaPlayerEditor (103)
[2016.05.06-09.44.13:230][ 10]LogModuleManager: Shutting down and abandoning module SpeedTreeImporter (102)
[2016.05.06-09.44.13:230][ 10]LogModuleManager: Shutting down and abandoning module PluginBrowser (101)
[2016.05.06-09.44.13:230][ 10]LogModuleManager: Shutting down and abandoning module EpicSurvey (100)
[2016.05.06-09.44.13:231][ 10]LogModuleManager: Shutting down and abandoning module DesktopPlatform (99)
[2016.05.06-09.44.13:233][ 10]LogModuleManager: Shutting down and abandoning module VisualStudioSourceCodeAccess (98)
[2016.05.06-09.44.13:234][ 10]LogModuleManager: Shutting down and abandoning module UObjectPlugin (97)
[2016.05.06-09.44.13:234][ 10]LogModuleManager: Shutting down and abandoning module SubversionSourceControl (96)
[2016.05.06-09.44.13:236][ 10]LogModuleManager: Shutting down and abandoning module PerforceSourceControl (95)
[2016.05.06-09.44.13:237][ 10]LogModuleManager: Shutting down and abandoning module SourceControl (94)
[2016.05.06-09.44.13:240][ 10]LogModuleManager: Shutting down and abandoning module GitSourceControl (93)
[2016.05.06-09.44.13:240][ 10]LogModuleManager: Shutting down and abandoning module BlankPlugin (92)
[2016.05.06-09.44.13:240][ 10]LogModuleManager: Shutting down and abandoning module PaperTiledImporter (91)
[2016.05.06-09.44.13:240][ 10]LogModuleManager: Shutting down and abandoning module PaperSpriteSheetImporter (90)
[2016.05.06-09.44.13:240][ 10]LogModuleManager: Shutting down and abandoning module MeshPaint (89)
[2016.05.06-09.44.13:241][ 10]LogModuleManager: Shutting down and abandoning module SlateReflector (88)
[2016.05.06-09.44.13:242][ 10]LogModuleManager: Shutting down and abandoning module DirectoryWatcher (87)
[2016.05.06-09.44.13:243][ 10]LogModuleManager: Shutting down and abandoning module HotReload (86)
[2016.05.06-09.44.13:244][ 10]LogModuleManager: Shutting down and abandoning module MainFrame (85)
[2016.05.06-09.44.13:244][ 10]LogModuleManager: Shutting down and abandoning module LevelEditor (84)
[2016.05.06-09.44.13:246][ 10]LogModuleManager: Shutting down and abandoning module ContentBrowser (83)
[2016.05.06-09.44.13:247][ 10]LogModuleManager: Shutting down and abandoning module Paper2DEditor (82)
[2016.05.06-09.44.13:249][ 10]LogModuleManager: Shutting down and abandoning module unrealEngineProject (81)
[2016.05.06-09.44.13:249][ 10]LogModuleManager: Shutting down and abandoning module UdpMessaging (80)
[2016.05.06-09.44.13:350][ 10]LogModuleManager: Shutting down and abandoning module Paper2D (79)
[2016.05.06-09.44.13:351][ 10]LogModuleManager: Shutting down and abandoning module WindowsMoviePlayer (78)
[2016.05.06-09.44.13:355][ 10]LogModuleManager: Shutting down and abandoning module Media (77)
[2016.05.06-09.44.13:355][ 10]LogModuleManager: Shutting down and abandoning module WmfMedia (76)
[2016.05.06-09.44.13:356][ 10]LogModuleManager: Shutting down and abandoning module OnlineBlueprintSupport (75)
[2016.05.06-09.44.13:356][ 10]LogModuleManager: Shutting down and abandoning module PropertyEditor (74)
[2016.05.06-09.44.13:356][ 10]LogModuleManager: Shutting down and abandoning module BehaviorTreeEditor (73)
[2016.05.06-09.44.13:359][ 10]LogModuleManager: Shutting down and abandoning module FunctionalTesting (72)
[2016.05.06-09.44.13:359][ 10]LogModuleManager: Shutting down and abandoning module CollisionAnalyzer (71)
[2016.05.06-09.44.13:361][ 10]LogModuleManager: Shutting down and abandoning module WorkspaceMenuStructure (70)
[2016.05.06-09.44.13:361][ 10]LogModuleManager: Shutting down and abandoning module MessageLog (69)
[2016.05.06-09.44.13:361][ 10]LogModuleManager: Shutting down and abandoning module Sequencer (68)
[2016.05.06-09.44.13:365][ 10]LogModuleManager: Shutting down and abandoning module AssetTools (67)
[2016.05.06-09.44.13:368][ 10]LogModuleManager: Shutting down and abandoning module UMGEditor (66)
[2016.05.06-09.44.13:370][ 10]LogModuleManager: Shutting down and abandoning module UMG (65)
[2016.05.06-09.44.13:371][ 10]LogModuleManager: Shutting down and abandoning module Slate (64)
[2016.05.06-09.44.13:371][ 10]LogModuleManager: Shutting down and abandoning module EditorStyle (63)
[2016.05.06-09.44.13:375][ 10]LogModuleManager: Shutting down and abandoning module SessionServices (62)
[2016.05.06-09.44.13:375][ 10]LogModuleManager: Shutting down and abandoning module SourceCodeAccess (61)
[2016.05.06-09.44.13:375][ 10]LogModuleManager: Shutting down and abandoning module HeadMountedDisplay (60)
[2016.05.06-09.44.13:375][ 10]LogModuleManager: Shutting down and abandoning module XAudio2 (59)
[2016.05.06-09.44.13:375][ 10]LogModuleManager: Shutting down and abandoning module Networking (57)
[2016.05.06-09.44.13:375][ 10]LogModuleManager: Shutting down and abandoning module Core (56)
[2016.05.06-09.44.13:375][ 10]LogModuleManager: Shutting down and abandoning module KismetCompiler (55)
[2016.05.06-09.44.13:375][ 10]LogModuleManager: Shutting down and abandoning module PhysXFormats (54)
[2016.05.06-09.44.13:376][ 10]LogModuleManager: Shutting down and abandoning module MeshUtilities (53)
[2016.05.06-09.44.13:378][ 10]LogModuleManager: Shutting down and abandoning module DerivedDataCache (52)
[2016.05.06-09.44.13:462][ 10]LogDerivedDataCache: Shutdown
[2016.05.06-09.44.13:462][ 10]LogModuleManager: Shutting down and abandoning module ShaderFormatOpenGL (51)
[2016.05.06-09.44.13:463][ 10]LogModuleManager: Shutting down and abandoning module ShaderFormatD3D (50)
[2016.05.06-09.44.13:463][ 10]LogModuleManager: Shutting down and abandoning module MetalShaderFormat (49)
[2016.05.06-09.44.13:464][ 10]LogModuleManager: Shutting down and abandoning module TextureFormatUncompressed (48)
[2016.05.06-09.44.13:464][ 10]LogModuleManager: Shutting down and abandoning module TextureFormatPVR (47)
[2016.05.06-09.44.13:465][ 10]LogModuleManager: Shutting down and abandoning module TextureFormatIntelISPCTexComp (46)
[2016.05.06-09.44.13:465][ 10]LogModuleManager: Shutting down and abandoning module TextureFormatDXT (45)
[2016.05.06-09.44.13:466][ 10]LogModuleManager: Shutting down and abandoning module ImageWrapper (44)
[2016.05.06-09.44.13:466][ 10]LogModuleManager: Shutting down and abandoning module TextureFormatASTC (43)
[2016.05.06-09.44.13:466][ 10]LogModuleManager: Shutting down and abandoning module TextureFormatAndroid (42)
[2016.05.06-09.44.13:466][ 10]LogModuleManager: Shutting down and abandoning module AudioFormatOpus (41)
[2016.05.06-09.44.13:466][ 10]LogModuleManager: Shutting down and abandoning module AudioFormatOgg (40)
[2016.05.06-09.44.13:467][ 10]LogModuleManager: Shutting down and abandoning module AudioFormatADPCM (39)
[2016.05.06-09.44.13:467][ 10]LogModuleManager: Shutting down and abandoning module LinuxTargetPlatform (38)
[2016.05.06-09.44.13:467][ 10]LogModuleManager: Shutting down and abandoning module LinuxServerTargetPlatform (37)
[2016.05.06-09.44.13:467][ 10]LogModuleManager: Shutting down and abandoning module LinuxNoEditorTargetPlatform (36)
[2016.05.06-09.44.13:468][ 10]LogModuleManager: Shutting down and abandoning module Messaging (35)
[2016.05.06-09.44.13:468][ 10]LogModuleManager: Shutting down and abandoning module IOSTargetPlatform (34)
[2016.05.06-09.44.13:468][ 10]LogModuleManager: Shutting down and abandoning module HTML5TargetPlatform (33)
[2016.05.06-09.44.13:468][ 10]LogModuleManager: Shutting down and abandoning module Android_PVRTCTargetPlatform (32)
[2016.05.06-09.44.13:468][ 10]LogModuleManager: Shutting down and abandoning module Android_ETC2TargetPlatform (31)
[2016.05.06-09.44.13:468][ 10]LogModuleManager: Shutting down and abandoning module Android_ETC1TargetPlatform (30)
[2016.05.06-09.44.13:468][ 10]LogModuleManager: Shutting down and abandoning module Android_DXTTargetPlatform (29)
[2016.05.06-09.44.13:468][ 10]LogModuleManager: Shutting down and abandoning module Android_ATCTargetPlatform (28)
[2016.05.06-09.44.13:468][ 10]LogModuleManager: Shutting down and abandoning module Android_ASTCTargetPlatform (27)
[2016.05.06-09.44.13:468][ 10]LogModuleManager: Shutting down and abandoning module AndroidTargetPlatform (26)
[2016.05.06-09.44.13:468][ 10]LogModuleManager: Shutting down and abandoning module WindowsTargetPlatform (25)
[2016.05.06-09.44.13:468][ 10]LogModuleManager: Shutting down and abandoning module WindowsServerTargetPlatform (24)
[2016.05.06-09.44.13:468][ 10]LogModuleManager: Shutting down and abandoning module WindowsNoEditorTargetPlatform (23)
[2016.05.06-09.44.13:468][ 10]LogModuleManager: Shutting down and abandoning module WindowsClientTargetPlatform (22)
[2016.05.06-09.44.13:468][ 10]LogModuleManager: Shutting down and abandoning module DesktopTargetPlatform (21)
[2016.05.06-09.44.13:468][ 10]LogModuleManager: Shutting down and abandoning module TargetPlatform (20)
[2016.05.06-09.44.13:468][ 10]LogModuleManager: Shutting down and abandoning module InputCore (19)
[2016.05.06-09.44.13:468][ 10]LogModuleManager: Shutting down and abandoning module Settings (18)
[2016.05.06-09.44.13:468][ 10]LogModuleManager: Shutting down and abandoning module OnlineSubsystem (16)
[2016.05.06-09.44.13:468][ 10]LogModuleManager: Shutting down and abandoning module HTTP (15)
[2016.05.06-09.44.13:469][ 10]LogModuleManager: Shutting down and abandoning module ExampleDeviceProfileSelector (14)
[2016.05.06-09.44.13:469][ 10]LogModuleManager: Shutting down and abandoning module TextureCompressor (13)
[2016.05.06-09.44.13:470][ 10]LogModuleManager: Shutting down and abandoning module ShaderCore (12)
[2016.05.06-09.44.13:470][ 10]LogModuleManager: Shutting down and abandoning module Landscape (11)
[2016.05.06-09.44.13:470][ 10]LogModuleManager: Shutting down and abandoning module SlateRHIRenderer (10)
[2016.05.06-09.44.13:474][ 10]LogModuleManager: Shutting down and abandoning module OpenGLDrv (9)
[2016.05.06-09.44.13:475][ 10]LogModuleManager: Shutting down and abandoning module D3D11RHI (8)
[2016.05.06-09.44.13:475][ 10]LogModuleManager: Shutting down and abandoning module Renderer (7)
[2016.05.06-09.44.13:475][ 10]LogModuleManager: Shutting down and abandoning module Engine (6)
[2016.05.06-09.44.13:475][ 10]LogModuleManager: Shutting down and abandoning module CoreUObject (5)
[2016.05.06-09.44.13:475][ 10]LogModuleManager: Shutting down and abandoning module NetworkFile (4)
[2016.05.06-09.44.13:475][ 10]LogModuleManager: Shutting down and abandoning module StreamingFile (3)
[2016.05.06-09.44.13:476][ 10]LogModuleManager: Shutting down and abandoning module SandboxFile (2)
[2016.05.06-09.44.13:476][ 10]LogModuleManager: Shutting down and abandoning module PakFile (1)
[2016.05.06-09.44.13:478][ 10]LogExit: Exiting.
[2016.05.06-09.44.13:480][ 10]Log file closed, 05/06/16 18:44:13
